[2025-04-14T04:17:19.629+0000] {local_task_job_runner.py:123} INFO - ::group::Pre task execution logs
[2025-04-14T04:17:19.640+0000] {taskinstance.py:2614} INFO - Dependencies all met for dep_context=non-requeueable deps ti=<TaskInstance: data_ingestion_gcs_dag.local_to_gcs_task manual__2025-04-14T04:16:37.356011+00:00 [queued]>
[2025-04-14T04:17:19.645+0000] {taskinstance.py:2614} INFO - Dependencies all met for dep_context=requeueable deps ti=<TaskInstance: data_ingestion_gcs_dag.local_to_gcs_task manual__2025-04-14T04:16:37.356011+00:00 [queued]>
[2025-04-14T04:17:19.646+0000] {taskinstance.py:2867} INFO - Starting attempt 1 of 2
[2025-04-14T04:17:19.652+0000] {taskinstance.py:2890} INFO - Executing <Task(PythonOperator): local_to_gcs_task> on 2025-04-14 04:16:37.356011+00:00
[2025-04-14T04:17:19.656+0000] {warnings.py:112} WARNING - /home/***/.local/lib/python3.12/site-packages/***/task/task_runner/standard_task_runner.py:70: DeprecationWarning: This process (pid=129) is multi-threaded, use of fork() may lead to deadlocks in the child.
  pid = os.fork()

[2025-04-14T04:17:19.657+0000] {standard_task_runner.py:72} INFO - Started process 131 to run task
[2025-04-14T04:17:19.657+0000] {standard_task_runner.py:104} INFO - Running: ['***', 'tasks', 'run', 'data_ingestion_gcs_dag', 'local_to_gcs_task', 'manual__2025-04-14T04:16:37.356011+00:00', '--job-id', '12', '--raw', '--subdir', 'DAGS_FOLDER/data_ingestion_gcs_dag.py', '--cfg-path', '/tmp/tmp94kp90gm']
[2025-04-14T04:17:19.658+0000] {standard_task_runner.py:105} INFO - Job 12: Subtask local_to_gcs_task
[2025-04-14T04:17:19.681+0000] {task_command.py:467} INFO - Running <TaskInstance: data_ingestion_gcs_dag.local_to_gcs_task manual__2025-04-14T04:16:37.356011+00:00 [running]> on host d054e5caec0f
[2025-04-14T04:17:19.721+0000] {taskinstance.py:3134} INFO - Exporting env vars: AIRFLOW_CTX_DAG_OWNER='***' AIRFLOW_CTX_DAG_ID='data_ingestion_gcs_dag' AIRFLOW_CTX_TASK_ID='local_to_gcs_task' AIRFLOW_CTX_EXECUTION_DATE='2025-04-14T04:16:37.356011+00:00' AIRFLOW_CTX_TRY_NUMBER='1' AIRFLOW_CTX_DAG_RUN_ID='manual__2025-04-14T04:16:37.356011+00:00'
[2025-04-14T04:17:19.723+0000] {logging_mixin.py:190} INFO - Task instance is in running state
[2025-04-14T04:17:19.723+0000] {logging_mixin.py:190} INFO -  Previous state of the Task instance: queued
[2025-04-14T04:17:19.723+0000] {logging_mixin.py:190} INFO - Current task name:local_to_gcs_task state:running start_date:2025-04-14 04:17:19.640588+00:00
[2025-04-14T04:17:19.723+0000] {logging_mixin.py:190} INFO - Dag name:data_ingestion_gcs_dag and current dag run status:running
[2025-04-14T04:17:19.723+0000] {taskinstance.py:732} INFO - ::endgroup::
[2025-04-14T04:17:20.156+0000] {python.py:240} INFO - Done. Returned value was: gs://nyc-projects-455321-bucket/raw/building_permits-2025-04-14-041719.parquet
[2025-04-14T04:17:20.199+0000] {taskinstance.py:341} INFO - ::group::Post task execution logs
[2025-04-14T04:17:20.200+0000] {taskinstance.py:353} INFO - Marking task as SUCCESS. dag_id=data_ingestion_gcs_dag, task_id=local_to_gcs_task, run_id=manual__2025-04-14T04:16:37.356011+00:00, execution_date=20250414T041637, start_date=20250414T041719, end_date=20250414T041720
[2025-04-14T04:17:20.233+0000] {logging_mixin.py:190} INFO - Task instance in success state
[2025-04-14T04:17:20.233+0000] {logging_mixin.py:190} INFO -  Previous state of the Task instance: running
[2025-04-14T04:17:20.234+0000] {logging_mixin.py:190} INFO - Dag name:data_ingestion_gcs_dag queued_at:2025-04-14 04:16:37.493939+00:00
[2025-04-14T04:17:20.234+0000] {logging_mixin.py:190} INFO - Task hostname:d054e5caec0f operator:PythonOperator
[2025-04-14T04:17:20.248+0000] {local_task_job_runner.py:266} INFO - Task exited with return code 0
[2025-04-14T04:17:20.265+0000] {taskinstance.py:3901} INFO - 1 downstream tasks scheduled from follow-on schedule check
[2025-04-14T04:17:20.266+0000] {local_task_job_runner.py:245} INFO - ::endgroup::
