[2025-04-16T02:07:18.457+0000] {local_task_job_runner.py:123} INFO - ::group::Pre task execution logs
[2025-04-16T02:07:18.468+0000] {taskinstance.py:2614} INFO - Dependencies all met for dep_context=non-requeueable deps ti=<TaskInstance: data_ingestion_gcs_dag.create_temp_table_task scheduled__2025-04-15T00:00:00+00:00 [queued]>
[2025-04-16T02:07:18.473+0000] {taskinstance.py:2614} INFO - Dependencies all met for dep_context=requeueable deps ti=<TaskInstance: data_ingestion_gcs_dag.create_temp_table_task scheduled__2025-04-15T00:00:00+00:00 [queued]>
[2025-04-16T02:07:18.474+0000] {taskinstance.py:2867} INFO - Starting attempt 1 of 2
[2025-04-16T02:07:18.480+0000] {taskinstance.py:2890} INFO - Executing <Task(BigQueryInsertJobOperator): create_temp_table_task> on 2025-04-15 00:00:00+00:00
[2025-04-16T02:07:18.484+0000] {warnings.py:112} WARNING - /home/***/.local/lib/python3.12/site-packages/***/task/task_runner/standard_task_runner.py:70: DeprecationWarning: This process (pid=314) is multi-threaded, use of fork() may lead to deadlocks in the child.
  pid = os.fork()

[2025-04-16T02:07:18.485+0000] {standard_task_runner.py:72} INFO - Started process 316 to run task
[2025-04-16T02:07:18.485+0000] {standard_task_runner.py:104} INFO - Running: ['***', 'tasks', 'run', 'data_ingestion_gcs_dag', 'create_temp_table_task', 'scheduled__2025-04-15T00:00:00+00:00', '--job-id', '8', '--raw', '--subdir', 'DAGS_FOLDER/data_ingestion_gcs_dag.py', '--cfg-path', '/tmp/tmpgg0bhqr8']
[2025-04-16T02:07:18.486+0000] {standard_task_runner.py:105} INFO - Job 8: Subtask create_temp_table_task
[2025-04-16T02:07:18.511+0000] {task_command.py:467} INFO - Running <TaskInstance: data_ingestion_gcs_dag.create_temp_table_task scheduled__2025-04-15T00:00:00+00:00 [running]> on host ab7d67370b15
[2025-04-16T02:07:18.551+0000] {taskinstance.py:3134} INFO - Exporting env vars: AIRFLOW_CTX_DAG_OWNER='***' AIRFLOW_CTX_DAG_ID='data_ingestion_gcs_dag' AIRFLOW_CTX_TASK_ID='create_temp_table_task' AIRFLOW_CTX_EXECUTION_DATE='2025-04-15T00:00:00+00:00' AIRFLOW_CTX_TRY_NUMBER='1' AIRFLOW_CTX_DAG_RUN_ID='scheduled__2025-04-15T00:00:00+00:00'
[2025-04-16T02:07:18.553+0000] {logging_mixin.py:190} INFO - Task instance is in running state
[2025-04-16T02:07:18.553+0000] {logging_mixin.py:190} INFO -  Previous state of the Task instance: queued
[2025-04-16T02:07:18.553+0000] {logging_mixin.py:190} INFO - Current task name:create_temp_table_task state:running start_date:2025-04-16 02:07:18.468915+00:00
[2025-04-16T02:07:18.553+0000] {logging_mixin.py:190} INFO - Dag name:data_ingestion_gcs_dag and current dag run status:running
[2025-04-16T02:07:18.553+0000] {taskinstance.py:732} INFO - ::endgroup::
[2025-04-16T02:07:18.554+0000] {crypto.py:82} WARNING - empty cryptography key - values will not be stored encrypted.
[2025-04-16T02:07:18.554+0000] {connection.py:277} WARNING - Connection schemes (type: google_cloud_platform) shall not contain '_' according to RFC3986.
[2025-04-16T02:07:18.555+0000] {base.py:84} INFO - Retrieving connection 'google_cloud_default'
[2025-04-16T02:07:18.583+0000] {bigquery.py:2665} INFO - Executing: {'query': {'query': "\n          CREATE OR REPLACE TABLE `nyc-projects-455321.building_permits.temp_table`\n          AS\n          SELECT\n            borough,\n            job_type,\n            block,\n            lot,\n            PARSE_TIMESTAMP('%m/%d/%Y', issuance_date) AS issuance_date,\n            CAST(permit_si_no AS INT64) AS permit_si_no,\n            CONCAT(gis_latitude,',',gis_longitude) AS location_coordinates,\n            gis_nta_name\n          FROM `nyc-projects-455321.building_permits.external_table`;\n        ", 'useLegacySql': False}}'
[2025-04-16T02:07:18.584+0000] {bigquery.py:1241} INFO - Inserting job ***_data_ingestion_gcs_dag_create_temp_table_task_2025_04_15T00_00_00_00_00_dc15a2944248efc9dd48b1c994a5f455
[2025-04-16T02:07:23.299+0000] {bigquery.py:2636} INFO - Job ***_data_ingestion_gcs_dag_create_temp_table_task_2025_04_15T00_00_00_00_00_dc15a2944248efc9dd48b1c994a5f455 is completed. Checking the job status
[2025-04-16T02:07:23.347+0000] {taskinstance.py:341} INFO - ::group::Post task execution logs
[2025-04-16T02:07:23.349+0000] {taskinstance.py:353} INFO - Marking task as SUCCESS. dag_id=data_ingestion_gcs_dag, task_id=create_temp_table_task, run_id=scheduled__2025-04-15T00:00:00+00:00, execution_date=20250415T000000, start_date=20250416T020718, end_date=20250416T020723
[2025-04-16T02:07:23.389+0000] {logging_mixin.py:190} INFO - Task instance in success state
[2025-04-16T02:07:23.390+0000] {logging_mixin.py:190} INFO -  Previous state of the Task instance: running
[2025-04-16T02:07:23.391+0000] {logging_mixin.py:190} INFO - Dag name:data_ingestion_gcs_dag queued_at:2025-04-16 01:52:39.054477+00:00
[2025-04-16T02:07:23.391+0000] {logging_mixin.py:190} INFO - Task hostname:ab7d67370b15 operator:BigQueryInsertJobOperator
[2025-04-16T02:07:23.426+0000] {local_task_job_runner.py:266} INFO - Task exited with return code 0
[2025-04-16T02:07:23.465+0000] {taskinstance.py:3901} INFO - 1 downstream tasks scheduled from follow-on schedule check
[2025-04-16T02:07:23.467+0000] {local_task_job_runner.py:245} INFO - ::endgroup::
[2025-04-16T02:34:30.773+0000] {local_task_job_runner.py:123} INFO - ::group::Pre task execution logs
[2025-04-16T02:34:30.784+0000] {taskinstance.py:2614} INFO - Dependencies all met for dep_context=non-requeueable deps ti=<TaskInstance: data_ingestion_gcs_dag.create_temp_table_task scheduled__2025-04-15T00:00:00+00:00 [queued]>
[2025-04-16T02:34:30.789+0000] {taskinstance.py:2614} INFO - Dependencies all met for dep_context=requeueable deps ti=<TaskInstance: data_ingestion_gcs_dag.create_temp_table_task scheduled__2025-04-15T00:00:00+00:00 [queued]>
[2025-04-16T02:34:30.789+0000] {taskinstance.py:2867} INFO - Starting attempt 1 of 2
[2025-04-16T02:34:30.795+0000] {taskinstance.py:2890} INFO - Executing <Task(BigQueryInsertJobOperator): create_temp_table_task> on 2025-04-15 00:00:00+00:00
[2025-04-16T02:34:30.799+0000] {warnings.py:112} WARNING - /home/***/.local/lib/python3.12/site-packages/***/task/task_runner/standard_task_runner.py:70: DeprecationWarning: This process (pid=345) is multi-threaded, use of fork() may lead to deadlocks in the child.
  pid = os.fork()

[2025-04-16T02:34:30.800+0000] {standard_task_runner.py:72} INFO - Started process 347 to run task
[2025-04-16T02:34:30.801+0000] {standard_task_runner.py:104} INFO - Running: ['***', 'tasks', 'run', 'data_ingestion_gcs_dag', 'create_temp_table_task', 'scheduled__2025-04-15T00:00:00+00:00', '--job-id', '8', '--raw', '--subdir', 'DAGS_FOLDER/data_ingestion_gcs_dag.py', '--cfg-path', '/tmp/tmpu8x6ik03']
[2025-04-16T02:34:30.801+0000] {standard_task_runner.py:105} INFO - Job 8: Subtask create_temp_table_task
[2025-04-16T02:34:30.827+0000] {task_command.py:467} INFO - Running <TaskInstance: data_ingestion_gcs_dag.create_temp_table_task scheduled__2025-04-15T00:00:00+00:00 [running]> on host 56564d8bf902
[2025-04-16T02:34:30.867+0000] {taskinstance.py:3134} INFO - Exporting env vars: AIRFLOW_CTX_DAG_OWNER='***' AIRFLOW_CTX_DAG_ID='data_ingestion_gcs_dag' AIRFLOW_CTX_TASK_ID='create_temp_table_task' AIRFLOW_CTX_EXECUTION_DATE='2025-04-15T00:00:00+00:00' AIRFLOW_CTX_TRY_NUMBER='1' AIRFLOW_CTX_DAG_RUN_ID='scheduled__2025-04-15T00:00:00+00:00'
[2025-04-16T02:34:30.868+0000] {logging_mixin.py:190} INFO - Task instance is in running state
[2025-04-16T02:34:30.868+0000] {logging_mixin.py:190} INFO -  Previous state of the Task instance: queued
[2025-04-16T02:34:30.868+0000] {logging_mixin.py:190} INFO - Current task name:create_temp_table_task state:running start_date:2025-04-16 02:34:30.784662+00:00
[2025-04-16T02:34:30.868+0000] {logging_mixin.py:190} INFO - Dag name:data_ingestion_gcs_dag and current dag run status:running
[2025-04-16T02:34:30.868+0000] {taskinstance.py:732} INFO - ::endgroup::
[2025-04-16T02:34:30.869+0000] {crypto.py:82} WARNING - empty cryptography key - values will not be stored encrypted.
[2025-04-16T02:34:30.869+0000] {connection.py:277} WARNING - Connection schemes (type: google_cloud_platform) shall not contain '_' according to RFC3986.
[2025-04-16T02:34:30.870+0000] {base.py:84} INFO - Retrieving connection 'google_cloud_default'
[2025-04-16T02:34:30.898+0000] {bigquery.py:2665} INFO - Executing: {'query': {'query': "\n          CREATE OR REPLACE TABLE `nyc-projects-455321.building_permits.temp_table`\n          AS\n          SELECT\n            borough,\n            job_type,\n            block,\n            lot,\n            PARSE_TIMESTAMP('%m/%d/%Y', issuance_date) AS issuance_date,\n            CAST(permit_si_no AS INT64) AS permit_si_no,\n            CONCAT(gis_latitude,',',gis_longitude) AS location_coordinates,\n            gis_nta_name\n          FROM `nyc-projects-455321.building_permits.external_table`;\n        ", 'useLegacySql': False}}'
[2025-04-16T02:34:30.899+0000] {bigquery.py:1241} INFO - Inserting job ***_data_ingestion_gcs_dag_create_temp_table_task_2025_04_15T00_00_00_00_00_e690150ce2e0cf709e0f13342020ad87
[2025-04-16T02:34:35.205+0000] {bigquery.py:2636} INFO - Job ***_data_ingestion_gcs_dag_create_temp_table_task_2025_04_15T00_00_00_00_00_e690150ce2e0cf709e0f13342020ad87 is completed. Checking the job status
[2025-04-16T02:34:35.251+0000] {taskinstance.py:341} INFO - ::group::Post task execution logs
[2025-04-16T02:34:35.252+0000] {taskinstance.py:353} INFO - Marking task as SUCCESS. dag_id=data_ingestion_gcs_dag, task_id=create_temp_table_task, run_id=scheduled__2025-04-15T00:00:00+00:00, execution_date=20250415T000000, start_date=20250416T023430, end_date=20250416T023435
[2025-04-16T02:34:35.289+0000] {logging_mixin.py:190} INFO - Task instance in success state
[2025-04-16T02:34:35.290+0000] {logging_mixin.py:190} INFO -  Previous state of the Task instance: running
[2025-04-16T02:34:35.290+0000] {logging_mixin.py:190} INFO - Dag name:data_ingestion_gcs_dag queued_at:2025-04-16 02:20:01.549770+00:00
[2025-04-16T02:34:35.291+0000] {logging_mixin.py:190} INFO - Task hostname:56564d8bf902 operator:BigQueryInsertJobOperator
[2025-04-16T02:34:35.331+0000] {local_task_job_runner.py:266} INFO - Task exited with return code 0
[2025-04-16T02:34:35.366+0000] {taskinstance.py:3901} INFO - 1 downstream tasks scheduled from follow-on schedule check
[2025-04-16T02:34:35.367+0000] {local_task_job_runner.py:245} INFO - ::endgroup::
