[2025-04-06T23:10:20.494+0000] {processor.py:186} INFO - Started process (PID=63792) to work on /opt/airflow/dags/data_ingestion_gcs_dag.py
[2025-04-06T23:10:20.494+0000] {processor.py:914} INFO - Processing file /opt/airflow/dags/data_ingestion_gcs_dag.py for tasks to queue
[2025-04-06T23:10:20.496+0000] {logging_mixin.py:190} INFO - [2025-04-06T23:10:20.496+0000] {dagbag.py:588} INFO - Filling up the DagBag from /opt/airflow/dags/data_ingestion_gcs_dag.py
[2025-04-06T23:10:20.526+0000] {processor.py:925} INFO - DAG(s) 'data_ingestion_gcs_dag' retrieved from /opt/airflow/dags/data_ingestion_gcs_dag.py
[2025-04-06T23:10:20.581+0000] {logging_mixin.py:190} INFO - [2025-04-06T23:10:20.580+0000] {override.py:1912} INFO - Created Permission View: can read on DAG:data_ingestion_gcs_dag
[2025-04-06T23:10:20.585+0000] {logging_mixin.py:190} INFO - [2025-04-06T23:10:20.585+0000] {override.py:1912} INFO - Created Permission View: can delete on DAG:data_ingestion_gcs_dag
[2025-04-06T23:10:20.588+0000] {logging_mixin.py:190} INFO - [2025-04-06T23:10:20.588+0000] {override.py:1912} INFO - Created Permission View: can edit on DAG:data_ingestion_gcs_dag
[2025-04-06T23:10:20.591+0000] {logging_mixin.py:190} INFO - [2025-04-06T23:10:20.591+0000] {override.py:1912} INFO - Created Permission View: can read on DAG Run:data_ingestion_gcs_dag
[2025-04-06T23:10:20.593+0000] {logging_mixin.py:190} INFO - [2025-04-06T23:10:20.593+0000] {override.py:1912} INFO - Created Permission View: can delete on DAG Run:data_ingestion_gcs_dag
[2025-04-06T23:10:20.596+0000] {logging_mixin.py:190} INFO - [2025-04-06T23:10:20.596+0000] {override.py:1912} INFO - Created Permission View: can create on DAG Run:data_ingestion_gcs_dag
[2025-04-06T23:10:20.599+0000] {logging_mixin.py:190} INFO - [2025-04-06T23:10:20.599+0000] {override.py:1912} INFO - Created Permission View: menu access on DAG Run:data_ingestion_gcs_dag
[2025-04-06T23:10:20.599+0000] {logging_mixin.py:190} INFO - [2025-04-06T23:10:20.599+0000] {dag.py:3239} INFO - Sync 1 DAGs
[2025-04-06T23:10:20.606+0000] {logging_mixin.py:190} INFO - [2025-04-06T23:10:20.605+0000] {dag.py:3262} INFO - Creating ORM DAG for data_ingestion_gcs_dag
[2025-04-06T23:10:20.611+0000] {logging_mixin.py:190} INFO - [2025-04-06T23:10:20.611+0000] {dag.py:4180} INFO - Setting next_dagrun for data_ingestion_gcs_dag to 2025-04-05 00:00:00+00:00, run_after=2025-04-06 00:00:00+00:00
[2025-04-06T23:10:20.618+0000] {processor.py:208} INFO - Processing /opt/airflow/dags/data_ingestion_gcs_dag.py took 0.128 seconds
[2025-04-06T23:10:51.109+0000] {processor.py:186} INFO - Started process (PID=63856) to work on /opt/airflow/dags/data_ingestion_gcs_dag.py
[2025-04-06T23:10:51.110+0000] {processor.py:914} INFO - Processing file /opt/airflow/dags/data_ingestion_gcs_dag.py for tasks to queue
[2025-04-06T23:10:51.112+0000] {logging_mixin.py:190} INFO - [2025-04-06T23:10:51.112+0000] {dagbag.py:588} INFO - Filling up the DagBag from /opt/airflow/dags/data_ingestion_gcs_dag.py
[2025-04-06T23:10:51.129+0000] {processor.py:925} INFO - DAG(s) 'data_ingestion_gcs_dag' retrieved from /opt/airflow/dags/data_ingestion_gcs_dag.py
[2025-04-06T23:10:51.145+0000] {logging_mixin.py:190} INFO - [2025-04-06T23:10:51.145+0000] {dag.py:3239} INFO - Sync 1 DAGs
[2025-04-06T23:10:51.158+0000] {logging_mixin.py:190} INFO - [2025-04-06T23:10:51.158+0000] {dag.py:4180} INFO - Setting next_dagrun for data_ingestion_gcs_dag to 2025-04-05 00:00:00+00:00, run_after=2025-04-06 00:00:00+00:00
[2025-04-06T23:10:51.167+0000] {processor.py:208} INFO - Processing /opt/airflow/dags/data_ingestion_gcs_dag.py took 0.062 seconds
[2025-04-06T23:11:21.719+0000] {processor.py:186} INFO - Started process (PID=63920) to work on /opt/airflow/dags/data_ingestion_gcs_dag.py
[2025-04-06T23:11:21.720+0000] {processor.py:914} INFO - Processing file /opt/airflow/dags/data_ingestion_gcs_dag.py for tasks to queue
[2025-04-06T23:11:21.722+0000] {logging_mixin.py:190} INFO - [2025-04-06T23:11:21.721+0000] {dagbag.py:588} INFO - Filling up the DagBag from /opt/airflow/dags/data_ingestion_gcs_dag.py
[2025-04-06T23:11:21.741+0000] {processor.py:925} INFO - DAG(s) 'data_ingestion_gcs_dag' retrieved from /opt/airflow/dags/data_ingestion_gcs_dag.py
[2025-04-06T23:11:21.753+0000] {logging_mixin.py:190} INFO - [2025-04-06T23:11:21.753+0000] {dag.py:3239} INFO - Sync 1 DAGs
[2025-04-06T23:11:21.767+0000] {logging_mixin.py:190} INFO - [2025-04-06T23:11:21.767+0000] {dag.py:4180} INFO - Setting next_dagrun for data_ingestion_gcs_dag to 2025-04-05 00:00:00+00:00, run_after=2025-04-06 00:00:00+00:00
[2025-04-06T23:11:21.779+0000] {processor.py:208} INFO - Processing /opt/airflow/dags/data_ingestion_gcs_dag.py took 0.064 seconds
[2025-04-06T23:11:52.218+0000] {processor.py:186} INFO - Started process (PID=63984) to work on /opt/airflow/dags/data_ingestion_gcs_dag.py
[2025-04-06T23:11:52.219+0000] {processor.py:914} INFO - Processing file /opt/airflow/dags/data_ingestion_gcs_dag.py for tasks to queue
[2025-04-06T23:11:52.221+0000] {logging_mixin.py:190} INFO - [2025-04-06T23:11:52.220+0000] {dagbag.py:588} INFO - Filling up the DagBag from /opt/airflow/dags/data_ingestion_gcs_dag.py
[2025-04-06T23:11:52.235+0000] {processor.py:925} INFO - DAG(s) 'data_ingestion_gcs_dag' retrieved from /opt/airflow/dags/data_ingestion_gcs_dag.py
[2025-04-06T23:11:52.251+0000] {logging_mixin.py:190} INFO - [2025-04-06T23:11:52.251+0000] {dag.py:3239} INFO - Sync 1 DAGs
[2025-04-06T23:11:52.265+0000] {logging_mixin.py:190} INFO - [2025-04-06T23:11:52.265+0000] {dag.py:4180} INFO - Setting next_dagrun for data_ingestion_gcs_dag to 2025-04-05 00:00:00+00:00, run_after=2025-04-06 00:00:00+00:00
[2025-04-06T23:11:52.276+0000] {processor.py:208} INFO - Processing /opt/airflow/dags/data_ingestion_gcs_dag.py took 0.063 seconds
[2025-04-06T23:12:22.626+0000] {processor.py:186} INFO - Started process (PID=64048) to work on /opt/airflow/dags/data_ingestion_gcs_dag.py
[2025-04-06T23:12:22.626+0000] {processor.py:914} INFO - Processing file /opt/airflow/dags/data_ingestion_gcs_dag.py for tasks to queue
[2025-04-06T23:12:22.628+0000] {logging_mixin.py:190} INFO - [2025-04-06T23:12:22.628+0000] {dagbag.py:588} INFO - Filling up the DagBag from /opt/airflow/dags/data_ingestion_gcs_dag.py
[2025-04-06T23:12:22.644+0000] {processor.py:925} INFO - DAG(s) 'data_ingestion_gcs_dag' retrieved from /opt/airflow/dags/data_ingestion_gcs_dag.py
[2025-04-06T23:12:22.660+0000] {logging_mixin.py:190} INFO - [2025-04-06T23:12:22.660+0000] {dag.py:3239} INFO - Sync 1 DAGs
[2025-04-06T23:12:22.675+0000] {logging_mixin.py:190} INFO - [2025-04-06T23:12:22.674+0000] {dag.py:4180} INFO - Setting next_dagrun for data_ingestion_gcs_dag to 2025-04-05 00:00:00+00:00, run_after=2025-04-06 00:00:00+00:00
[2025-04-06T23:12:22.687+0000] {processor.py:208} INFO - Processing /opt/airflow/dags/data_ingestion_gcs_dag.py took 0.065 seconds
[2025-04-06T23:12:53.160+0000] {processor.py:186} INFO - Started process (PID=64118) to work on /opt/airflow/dags/data_ingestion_gcs_dag.py
[2025-04-06T23:12:53.160+0000] {processor.py:914} INFO - Processing file /opt/airflow/dags/data_ingestion_gcs_dag.py for tasks to queue
[2025-04-06T23:12:53.162+0000] {logging_mixin.py:190} INFO - [2025-04-06T23:12:53.162+0000] {dagbag.py:588} INFO - Filling up the DagBag from /opt/airflow/dags/data_ingestion_gcs_dag.py
[2025-04-06T23:12:53.179+0000] {processor.py:925} INFO - DAG(s) 'data_ingestion_gcs_dag' retrieved from /opt/airflow/dags/data_ingestion_gcs_dag.py
[2025-04-06T23:12:53.190+0000] {logging_mixin.py:190} INFO - [2025-04-06T23:12:53.190+0000] {dag.py:3239} INFO - Sync 1 DAGs
[2025-04-06T23:12:53.206+0000] {logging_mixin.py:190} INFO - [2025-04-06T23:12:53.205+0000] {dag.py:4180} INFO - Setting next_dagrun for data_ingestion_gcs_dag to 2025-04-05 00:00:00+00:00, run_after=2025-04-06 00:00:00+00:00
[2025-04-06T23:12:53.215+0000] {processor.py:208} INFO - Processing /opt/airflow/dags/data_ingestion_gcs_dag.py took 0.060 seconds
[2025-04-06T23:13:23.691+0000] {processor.py:186} INFO - Started process (PID=64182) to work on /opt/airflow/dags/data_ingestion_gcs_dag.py
[2025-04-06T23:13:23.691+0000] {processor.py:914} INFO - Processing file /opt/airflow/dags/data_ingestion_gcs_dag.py for tasks to queue
[2025-04-06T23:13:23.694+0000] {logging_mixin.py:190} INFO - [2025-04-06T23:13:23.693+0000] {dagbag.py:588} INFO - Filling up the DagBag from /opt/airflow/dags/data_ingestion_gcs_dag.py
[2025-04-06T23:13:23.712+0000] {processor.py:925} INFO - DAG(s) 'data_ingestion_gcs_dag' retrieved from /opt/airflow/dags/data_ingestion_gcs_dag.py
[2025-04-06T23:13:23.725+0000] {logging_mixin.py:190} INFO - [2025-04-06T23:13:23.725+0000] {dag.py:3239} INFO - Sync 1 DAGs
[2025-04-06T23:13:23.739+0000] {logging_mixin.py:190} INFO - [2025-04-06T23:13:23.739+0000] {dag.py:4180} INFO - Setting next_dagrun for data_ingestion_gcs_dag to 2025-04-05 00:00:00+00:00, run_after=2025-04-06 00:00:00+00:00
[2025-04-06T23:13:23.748+0000] {processor.py:208} INFO - Processing /opt/airflow/dags/data_ingestion_gcs_dag.py took 0.063 seconds
[2025-04-06T23:13:54.242+0000] {processor.py:186} INFO - Started process (PID=64246) to work on /opt/airflow/dags/data_ingestion_gcs_dag.py
[2025-04-06T23:13:54.243+0000] {processor.py:914} INFO - Processing file /opt/airflow/dags/data_ingestion_gcs_dag.py for tasks to queue
[2025-04-06T23:13:54.245+0000] {logging_mixin.py:190} INFO - [2025-04-06T23:13:54.245+0000] {dagbag.py:588} INFO - Filling up the DagBag from /opt/airflow/dags/data_ingestion_gcs_dag.py
[2025-04-06T23:13:54.260+0000] {processor.py:925} INFO - DAG(s) 'data_ingestion_gcs_dag' retrieved from /opt/airflow/dags/data_ingestion_gcs_dag.py
[2025-04-06T23:13:54.271+0000] {logging_mixin.py:190} INFO - [2025-04-06T23:13:54.271+0000] {dag.py:3239} INFO - Sync 1 DAGs
[2025-04-06T23:13:54.284+0000] {logging_mixin.py:190} INFO - [2025-04-06T23:13:54.284+0000] {dag.py:4180} INFO - Setting next_dagrun for data_ingestion_gcs_dag to 2025-04-05 00:00:00+00:00, run_after=2025-04-06 00:00:00+00:00
[2025-04-06T23:13:54.297+0000] {processor.py:208} INFO - Processing /opt/airflow/dags/data_ingestion_gcs_dag.py took 0.059 seconds
[2025-04-06T23:14:24.705+0000] {processor.py:186} INFO - Started process (PID=64310) to work on /opt/airflow/dags/data_ingestion_gcs_dag.py
[2025-04-06T23:14:24.706+0000] {processor.py:914} INFO - Processing file /opt/airflow/dags/data_ingestion_gcs_dag.py for tasks to queue
[2025-04-06T23:14:24.707+0000] {logging_mixin.py:190} INFO - [2025-04-06T23:14:24.707+0000] {dagbag.py:588} INFO - Filling up the DagBag from /opt/airflow/dags/data_ingestion_gcs_dag.py
[2025-04-06T23:14:24.723+0000] {processor.py:925} INFO - DAG(s) 'data_ingestion_gcs_dag' retrieved from /opt/airflow/dags/data_ingestion_gcs_dag.py
[2025-04-06T23:14:24.744+0000] {logging_mixin.py:190} INFO - [2025-04-06T23:14:24.744+0000] {dag.py:3239} INFO - Sync 1 DAGs
[2025-04-06T23:14:24.758+0000] {logging_mixin.py:190} INFO - [2025-04-06T23:14:24.758+0000] {dag.py:4180} INFO - Setting next_dagrun for data_ingestion_gcs_dag to 2025-04-05 00:00:00+00:00, run_after=2025-04-06 00:00:00+00:00
[2025-04-06T23:14:24.771+0000] {processor.py:208} INFO - Processing /opt/airflow/dags/data_ingestion_gcs_dag.py took 0.071 seconds
[2025-04-06T23:14:55.150+0000] {processor.py:186} INFO - Started process (PID=64374) to work on /opt/airflow/dags/data_ingestion_gcs_dag.py
[2025-04-06T23:14:55.150+0000] {processor.py:914} INFO - Processing file /opt/airflow/dags/data_ingestion_gcs_dag.py for tasks to queue
[2025-04-06T23:14:55.152+0000] {logging_mixin.py:190} INFO - [2025-04-06T23:14:55.152+0000] {dagbag.py:588} INFO - Filling up the DagBag from /opt/airflow/dags/data_ingestion_gcs_dag.py
[2025-04-06T23:14:55.173+0000] {processor.py:925} INFO - DAG(s) 'data_ingestion_gcs_dag' retrieved from /opt/airflow/dags/data_ingestion_gcs_dag.py
[2025-04-06T23:14:55.189+0000] {logging_mixin.py:190} INFO - [2025-04-06T23:14:55.189+0000] {dag.py:3239} INFO - Sync 1 DAGs
[2025-04-06T23:14:55.202+0000] {logging_mixin.py:190} INFO - [2025-04-06T23:14:55.202+0000] {dag.py:4180} INFO - Setting next_dagrun for data_ingestion_gcs_dag to 2025-04-05 00:00:00+00:00, run_after=2025-04-06 00:00:00+00:00
[2025-04-06T23:14:55.214+0000] {processor.py:208} INFO - Processing /opt/airflow/dags/data_ingestion_gcs_dag.py took 0.069 seconds
[2025-04-06T23:15:25.649+0000] {processor.py:186} INFO - Started process (PID=64438) to work on /opt/airflow/dags/data_ingestion_gcs_dag.py
[2025-04-06T23:15:25.650+0000] {processor.py:914} INFO - Processing file /opt/airflow/dags/data_ingestion_gcs_dag.py for tasks to queue
[2025-04-06T23:15:25.653+0000] {logging_mixin.py:190} INFO - [2025-04-06T23:15:25.652+0000] {dagbag.py:588} INFO - Filling up the DagBag from /opt/airflow/dags/data_ingestion_gcs_dag.py
[2025-04-06T23:15:25.671+0000] {processor.py:925} INFO - DAG(s) 'data_ingestion_gcs_dag' retrieved from /opt/airflow/dags/data_ingestion_gcs_dag.py
[2025-04-06T23:15:25.688+0000] {logging_mixin.py:190} INFO - [2025-04-06T23:15:25.688+0000] {dag.py:3239} INFO - Sync 1 DAGs
[2025-04-06T23:15:25.705+0000] {logging_mixin.py:190} INFO - [2025-04-06T23:15:25.705+0000] {dag.py:4180} INFO - Setting next_dagrun for data_ingestion_gcs_dag to 2025-04-05 00:00:00+00:00, run_after=2025-04-06 00:00:00+00:00
[2025-04-06T23:15:25.715+0000] {processor.py:208} INFO - Processing /opt/airflow/dags/data_ingestion_gcs_dag.py took 0.070 seconds
[2025-04-06T23:15:55.935+0000] {processor.py:186} INFO - Started process (PID=64502) to work on /opt/airflow/dags/data_ingestion_gcs_dag.py
[2025-04-06T23:15:55.935+0000] {processor.py:914} INFO - Processing file /opt/airflow/dags/data_ingestion_gcs_dag.py for tasks to queue
[2025-04-06T23:15:55.937+0000] {logging_mixin.py:190} INFO - [2025-04-06T23:15:55.937+0000] {dagbag.py:588} INFO - Filling up the DagBag from /opt/airflow/dags/data_ingestion_gcs_dag.py
[2025-04-06T23:15:55.955+0000] {processor.py:925} INFO - DAG(s) 'data_ingestion_gcs_dag' retrieved from /opt/airflow/dags/data_ingestion_gcs_dag.py
[2025-04-06T23:15:55.968+0000] {logging_mixin.py:190} INFO - [2025-04-06T23:15:55.967+0000] {dag.py:3239} INFO - Sync 1 DAGs
[2025-04-06T23:15:55.983+0000] {logging_mixin.py:190} INFO - [2025-04-06T23:15:55.983+0000] {dag.py:4180} INFO - Setting next_dagrun for data_ingestion_gcs_dag to 2025-04-05 00:00:00+00:00, run_after=2025-04-06 00:00:00+00:00
[2025-04-06T23:15:55.997+0000] {processor.py:208} INFO - Processing /opt/airflow/dags/data_ingestion_gcs_dag.py took 0.067 seconds
[2025-04-06T23:16:26.322+0000] {processor.py:186} INFO - Started process (PID=64566) to work on /opt/airflow/dags/data_ingestion_gcs_dag.py
[2025-04-06T23:16:26.323+0000] {processor.py:914} INFO - Processing file /opt/airflow/dags/data_ingestion_gcs_dag.py for tasks to queue
[2025-04-06T23:16:26.326+0000] {logging_mixin.py:190} INFO - [2025-04-06T23:16:26.325+0000] {dagbag.py:588} INFO - Filling up the DagBag from /opt/airflow/dags/data_ingestion_gcs_dag.py
[2025-04-06T23:16:26.345+0000] {processor.py:925} INFO - DAG(s) 'data_ingestion_gcs_dag' retrieved from /opt/airflow/dags/data_ingestion_gcs_dag.py
[2025-04-06T23:16:26.357+0000] {logging_mixin.py:190} INFO - [2025-04-06T23:16:26.356+0000] {dag.py:3239} INFO - Sync 1 DAGs
[2025-04-06T23:16:26.370+0000] {logging_mixin.py:190} INFO - [2025-04-06T23:16:26.370+0000] {dag.py:4180} INFO - Setting next_dagrun for data_ingestion_gcs_dag to 2025-04-05 00:00:00+00:00, run_after=2025-04-06 00:00:00+00:00
[2025-04-06T23:16:26.379+0000] {processor.py:208} INFO - Processing /opt/airflow/dags/data_ingestion_gcs_dag.py took 0.066 seconds
[2025-04-06T23:16:56.737+0000] {processor.py:186} INFO - Started process (PID=64630) to work on /opt/airflow/dags/data_ingestion_gcs_dag.py
[2025-04-06T23:16:56.738+0000] {processor.py:914} INFO - Processing file /opt/airflow/dags/data_ingestion_gcs_dag.py for tasks to queue
[2025-04-06T23:16:56.740+0000] {logging_mixin.py:190} INFO - [2025-04-06T23:16:56.740+0000] {dagbag.py:588} INFO - Filling up the DagBag from /opt/airflow/dags/data_ingestion_gcs_dag.py
[2025-04-06T23:16:56.755+0000] {processor.py:925} INFO - DAG(s) 'data_ingestion_gcs_dag' retrieved from /opt/airflow/dags/data_ingestion_gcs_dag.py
[2025-04-06T23:16:56.769+0000] {logging_mixin.py:190} INFO - [2025-04-06T23:16:56.769+0000] {dag.py:3239} INFO - Sync 1 DAGs
[2025-04-06T23:16:56.784+0000] {logging_mixin.py:190} INFO - [2025-04-06T23:16:56.784+0000] {dag.py:4180} INFO - Setting next_dagrun for data_ingestion_gcs_dag to 2025-04-05 00:00:00+00:00, run_after=2025-04-06 00:00:00+00:00
[2025-04-06T23:16:56.793+0000] {processor.py:208} INFO - Processing /opt/airflow/dags/data_ingestion_gcs_dag.py took 0.061 seconds
[2025-04-06T23:17:27.144+0000] {processor.py:186} INFO - Started process (PID=64694) to work on /opt/airflow/dags/data_ingestion_gcs_dag.py
[2025-04-06T23:17:27.145+0000] {processor.py:914} INFO - Processing file /opt/airflow/dags/data_ingestion_gcs_dag.py for tasks to queue
[2025-04-06T23:17:27.147+0000] {logging_mixin.py:190} INFO - [2025-04-06T23:17:27.147+0000] {dagbag.py:588} INFO - Filling up the DagBag from /opt/airflow/dags/data_ingestion_gcs_dag.py
[2025-04-06T23:17:27.166+0000] {processor.py:925} INFO - DAG(s) 'data_ingestion_gcs_dag' retrieved from /opt/airflow/dags/data_ingestion_gcs_dag.py
[2025-04-06T23:17:27.179+0000] {logging_mixin.py:190} INFO - [2025-04-06T23:17:27.179+0000] {dag.py:3239} INFO - Sync 1 DAGs
[2025-04-06T23:17:27.193+0000] {logging_mixin.py:190} INFO - [2025-04-06T23:17:27.193+0000] {dag.py:4180} INFO - Setting next_dagrun for data_ingestion_gcs_dag to 2025-04-05 00:00:00+00:00, run_after=2025-04-06 00:00:00+00:00
[2025-04-06T23:17:27.205+0000] {processor.py:208} INFO - Processing /opt/airflow/dags/data_ingestion_gcs_dag.py took 0.066 seconds
[2025-04-06T23:17:57.494+0000] {processor.py:186} INFO - Started process (PID=64758) to work on /opt/airflow/dags/data_ingestion_gcs_dag.py
[2025-04-06T23:17:57.494+0000] {processor.py:914} INFO - Processing file /opt/airflow/dags/data_ingestion_gcs_dag.py for tasks to queue
[2025-04-06T23:17:57.496+0000] {logging_mixin.py:190} INFO - [2025-04-06T23:17:57.496+0000] {dagbag.py:588} INFO - Filling up the DagBag from /opt/airflow/dags/data_ingestion_gcs_dag.py
[2025-04-06T23:17:57.516+0000] {processor.py:925} INFO - DAG(s) 'data_ingestion_gcs_dag' retrieved from /opt/airflow/dags/data_ingestion_gcs_dag.py
[2025-04-06T23:17:57.529+0000] {logging_mixin.py:190} INFO - [2025-04-06T23:17:57.529+0000] {dag.py:3239} INFO - Sync 1 DAGs
[2025-04-06T23:17:57.543+0000] {logging_mixin.py:190} INFO - [2025-04-06T23:17:57.543+0000] {dag.py:4180} INFO - Setting next_dagrun for data_ingestion_gcs_dag to 2025-04-05 00:00:00+00:00, run_after=2025-04-06 00:00:00+00:00
[2025-04-06T23:17:57.556+0000] {processor.py:208} INFO - Processing /opt/airflow/dags/data_ingestion_gcs_dag.py took 0.068 seconds
[2025-04-06T23:18:28.019+0000] {processor.py:186} INFO - Started process (PID=64822) to work on /opt/airflow/dags/data_ingestion_gcs_dag.py
[2025-04-06T23:18:28.020+0000] {processor.py:914} INFO - Processing file /opt/airflow/dags/data_ingestion_gcs_dag.py for tasks to queue
[2025-04-06T23:18:28.026+0000] {logging_mixin.py:190} INFO - [2025-04-06T23:18:28.025+0000] {dagbag.py:588} INFO - Filling up the DagBag from /opt/airflow/dags/data_ingestion_gcs_dag.py
[2025-04-06T23:18:28.045+0000] {processor.py:925} INFO - DAG(s) 'data_ingestion_gcs_dag' retrieved from /opt/airflow/dags/data_ingestion_gcs_dag.py
[2025-04-06T23:18:28.056+0000] {logging_mixin.py:190} INFO - [2025-04-06T23:18:28.056+0000] {dag.py:3239} INFO - Sync 1 DAGs
[2025-04-06T23:18:28.072+0000] {logging_mixin.py:190} INFO - [2025-04-06T23:18:28.072+0000] {dag.py:4180} INFO - Setting next_dagrun for data_ingestion_gcs_dag to 2025-04-05 00:00:00+00:00, run_after=2025-04-06 00:00:00+00:00
[2025-04-06T23:18:28.082+0000] {processor.py:208} INFO - Processing /opt/airflow/dags/data_ingestion_gcs_dag.py took 0.077 seconds
[2025-04-06T23:18:58.304+0000] {processor.py:186} INFO - Started process (PID=64886) to work on /opt/airflow/dags/data_ingestion_gcs_dag.py
[2025-04-06T23:18:58.305+0000] {processor.py:914} INFO - Processing file /opt/airflow/dags/data_ingestion_gcs_dag.py for tasks to queue
[2025-04-06T23:18:58.308+0000] {logging_mixin.py:190} INFO - [2025-04-06T23:18:58.308+0000] {dagbag.py:588} INFO - Filling up the DagBag from /opt/airflow/dags/data_ingestion_gcs_dag.py
[2025-04-06T23:18:58.330+0000] {processor.py:925} INFO - DAG(s) 'data_ingestion_gcs_dag' retrieved from /opt/airflow/dags/data_ingestion_gcs_dag.py
[2025-04-06T23:18:58.342+0000] {logging_mixin.py:190} INFO - [2025-04-06T23:18:58.342+0000] {dag.py:3239} INFO - Sync 1 DAGs
[2025-04-06T23:18:58.356+0000] {logging_mixin.py:190} INFO - [2025-04-06T23:18:58.356+0000] {dag.py:4180} INFO - Setting next_dagrun for data_ingestion_gcs_dag to 2025-04-05 00:00:00+00:00, run_after=2025-04-06 00:00:00+00:00
[2025-04-06T23:18:58.367+0000] {processor.py:208} INFO - Processing /opt/airflow/dags/data_ingestion_gcs_dag.py took 0.066 seconds
[2025-04-06T23:19:28.905+0000] {processor.py:186} INFO - Started process (PID=64950) to work on /opt/airflow/dags/data_ingestion_gcs_dag.py
[2025-04-06T23:19:28.906+0000] {processor.py:914} INFO - Processing file /opt/airflow/dags/data_ingestion_gcs_dag.py for tasks to queue
[2025-04-06T23:19:28.907+0000] {logging_mixin.py:190} INFO - [2025-04-06T23:19:28.907+0000] {dagbag.py:588} INFO - Filling up the DagBag from /opt/airflow/dags/data_ingestion_gcs_dag.py
[2025-04-06T23:19:28.924+0000] {processor.py:925} INFO - DAG(s) 'data_ingestion_gcs_dag' retrieved from /opt/airflow/dags/data_ingestion_gcs_dag.py
[2025-04-06T23:19:28.941+0000] {logging_mixin.py:190} INFO - [2025-04-06T23:19:28.941+0000] {dag.py:3239} INFO - Sync 1 DAGs
[2025-04-06T23:19:28.961+0000] {logging_mixin.py:190} INFO - [2025-04-06T23:19:28.961+0000] {dag.py:4180} INFO - Setting next_dagrun for data_ingestion_gcs_dag to 2025-04-05 00:00:00+00:00, run_after=2025-04-06 00:00:00+00:00
[2025-04-06T23:19:28.974+0000] {processor.py:208} INFO - Processing /opt/airflow/dags/data_ingestion_gcs_dag.py took 0.073 seconds
[2025-04-06T23:19:57.319+0000] {processor.py:186} INFO - Started process (PID=65014) to work on /opt/airflow/dags/data_ingestion_gcs_dag.py
[2025-04-06T23:19:57.320+0000] {processor.py:914} INFO - Processing file /opt/airflow/dags/data_ingestion_gcs_dag.py for tasks to queue
[2025-04-06T23:19:57.323+0000] {logging_mixin.py:190} INFO - [2025-04-06T23:19:57.322+0000] {dagbag.py:588} INFO - Filling up the DagBag from /opt/airflow/dags/data_ingestion_gcs_dag.py
[2025-04-06T23:19:57.340+0000] {processor.py:925} INFO - DAG(s) 'data_ingestion_gcs_dag' retrieved from /opt/airflow/dags/data_ingestion_gcs_dag.py
[2025-04-06T23:19:57.351+0000] {logging_mixin.py:190} INFO - [2025-04-06T23:19:57.351+0000] {dag.py:3239} INFO - Sync 1 DAGs
[2025-04-06T23:19:57.365+0000] {logging_mixin.py:190} INFO - [2025-04-06T23:19:57.364+0000] {dag.py:4180} INFO - Setting next_dagrun for data_ingestion_gcs_dag to 2025-04-05 00:00:00+00:00, run_after=2025-04-06 00:00:00+00:00
[2025-04-06T23:19:57.376+0000] {processor.py:208} INFO - Processing /opt/airflow/dags/data_ingestion_gcs_dag.py took 0.066 seconds
[2025-04-06T23:20:27.629+0000] {processor.py:186} INFO - Started process (PID=65077) to work on /opt/airflow/dags/data_ingestion_gcs_dag.py
[2025-04-06T23:20:27.631+0000] {processor.py:914} INFO - Processing file /opt/airflow/dags/data_ingestion_gcs_dag.py for tasks to queue
[2025-04-06T23:20:27.639+0000] {logging_mixin.py:190} INFO - [2025-04-06T23:20:27.638+0000] {dagbag.py:588} INFO - Filling up the DagBag from /opt/airflow/dags/data_ingestion_gcs_dag.py
[2025-04-06T23:20:27.665+0000] {processor.py:925} INFO - DAG(s) 'data_ingestion_gcs_dag' retrieved from /opt/airflow/dags/data_ingestion_gcs_dag.py
[2025-04-06T23:20:27.677+0000] {logging_mixin.py:190} INFO - [2025-04-06T23:20:27.677+0000] {dag.py:3239} INFO - Sync 1 DAGs
[2025-04-06T23:20:27.690+0000] {logging_mixin.py:190} INFO - [2025-04-06T23:20:27.690+0000] {dag.py:4180} INFO - Setting next_dagrun for data_ingestion_gcs_dag to 2025-04-05 00:00:00+00:00, run_after=2025-04-06 00:00:00+00:00
[2025-04-06T23:20:27.700+0000] {processor.py:208} INFO - Processing /opt/airflow/dags/data_ingestion_gcs_dag.py took 0.083 seconds
[2025-04-06T23:23:51.915+0000] {processor.py:186} INFO - Started process (PID=59) to work on /opt/airflow/dags/data_ingestion_gcs_dag.py
[2025-04-06T23:23:51.915+0000] {processor.py:914} INFO - Processing file /opt/airflow/dags/data_ingestion_gcs_dag.py for tasks to queue
[2025-04-06T23:23:51.917+0000] {logging_mixin.py:190} INFO - [2025-04-06T23:23:51.917+0000] {dagbag.py:588} INFO - Filling up the DagBag from /opt/airflow/dags/data_ingestion_gcs_dag.py
[2025-04-06T23:23:51.951+0000] {processor.py:925} INFO - DAG(s) 'data_ingestion_gcs_dag' retrieved from /opt/airflow/dags/data_ingestion_gcs_dag.py
[2025-04-06T23:23:52.213+0000] {logging_mixin.py:190} INFO - [2025-04-06T23:23:52.213+0000] {override.py:1912} INFO - Created Permission View: can edit on DAG:data_ingestion_gcs_dag
[2025-04-06T23:23:52.219+0000] {logging_mixin.py:190} INFO - [2025-04-06T23:23:52.219+0000] {override.py:1912} INFO - Created Permission View: can delete on DAG:data_ingestion_gcs_dag
[2025-04-06T23:23:52.225+0000] {logging_mixin.py:190} INFO - [2025-04-06T23:23:52.225+0000] {override.py:1912} INFO - Created Permission View: can read on DAG:data_ingestion_gcs_dag
[2025-04-06T23:23:52.235+0000] {logging_mixin.py:190} INFO - [2025-04-06T23:23:52.235+0000] {override.py:1912} INFO - Created Permission View: menu access on DAG Run:data_ingestion_gcs_dag
[2025-04-06T23:23:52.239+0000] {logging_mixin.py:190} INFO - [2025-04-06T23:23:52.239+0000] {override.py:1912} INFO - Created Permission View: can create on DAG Run:data_ingestion_gcs_dag
[2025-04-06T23:23:52.243+0000] {logging_mixin.py:190} INFO - [2025-04-06T23:23:52.243+0000] {override.py:1912} INFO - Created Permission View: can delete on DAG Run:data_ingestion_gcs_dag
[2025-04-06T23:23:52.249+0000] {logging_mixin.py:190} INFO - [2025-04-06T23:23:52.248+0000] {override.py:1912} INFO - Created Permission View: can read on DAG Run:data_ingestion_gcs_dag
[2025-04-06T23:23:52.249+0000] {logging_mixin.py:190} INFO - [2025-04-06T23:23:52.249+0000] {dag.py:3239} INFO - Sync 1 DAGs
[2025-04-06T23:23:52.258+0000] {logging_mixin.py:190} INFO - [2025-04-06T23:23:52.258+0000] {dag.py:3262} INFO - Creating ORM DAG for data_ingestion_gcs_dag
[2025-04-06T23:23:52.263+0000] {logging_mixin.py:190} INFO - [2025-04-06T23:23:52.263+0000] {dag.py:4180} INFO - Setting next_dagrun for data_ingestion_gcs_dag to 2025-04-05 00:00:00+00:00, run_after=2025-04-06 00:00:00+00:00
[2025-04-06T23:23:52.271+0000] {processor.py:208} INFO - Processing /opt/airflow/dags/data_ingestion_gcs_dag.py took 0.359 seconds
[2025-04-06T23:24:23.005+0000] {processor.py:186} INFO - Started process (PID=123) to work on /opt/airflow/dags/data_ingestion_gcs_dag.py
[2025-04-06T23:24:23.005+0000] {processor.py:914} INFO - Processing file /opt/airflow/dags/data_ingestion_gcs_dag.py for tasks to queue
[2025-04-06T23:24:23.007+0000] {logging_mixin.py:190} INFO - [2025-04-06T23:24:23.007+0000] {dagbag.py:588} INFO - Filling up the DagBag from /opt/airflow/dags/data_ingestion_gcs_dag.py
[2025-04-06T23:24:23.021+0000] {processor.py:925} INFO - DAG(s) 'data_ingestion_gcs_dag' retrieved from /opt/airflow/dags/data_ingestion_gcs_dag.py
[2025-04-06T23:24:23.033+0000] {logging_mixin.py:190} INFO - [2025-04-06T23:24:23.033+0000] {dag.py:3239} INFO - Sync 1 DAGs
[2025-04-06T23:24:23.047+0000] {logging_mixin.py:190} INFO - [2025-04-06T23:24:23.047+0000] {dag.py:4180} INFO - Setting next_dagrun for data_ingestion_gcs_dag to 2025-04-05 00:00:00+00:00, run_after=2025-04-06 00:00:00+00:00
[2025-04-06T23:24:23.058+0000] {processor.py:208} INFO - Processing /opt/airflow/dags/data_ingestion_gcs_dag.py took 0.057 seconds
[2025-04-06T23:24:53.967+0000] {processor.py:186} INFO - Started process (PID=187) to work on /opt/airflow/dags/data_ingestion_gcs_dag.py
[2025-04-06T23:24:53.968+0000] {processor.py:914} INFO - Processing file /opt/airflow/dags/data_ingestion_gcs_dag.py for tasks to queue
[2025-04-06T23:24:53.971+0000] {logging_mixin.py:190} INFO - [2025-04-06T23:24:53.970+0000] {dagbag.py:588} INFO - Filling up the DagBag from /opt/airflow/dags/data_ingestion_gcs_dag.py
[2025-04-06T23:24:53.988+0000] {processor.py:925} INFO - DAG(s) 'data_ingestion_gcs_dag' retrieved from /opt/airflow/dags/data_ingestion_gcs_dag.py
[2025-04-06T23:24:54.001+0000] {logging_mixin.py:190} INFO - [2025-04-06T23:24:54.001+0000] {dag.py:3239} INFO - Sync 1 DAGs
[2025-04-06T23:24:54.015+0000] {logging_mixin.py:190} INFO - [2025-04-06T23:24:54.015+0000] {dag.py:4180} INFO - Setting next_dagrun for data_ingestion_gcs_dag to 2025-04-05 00:00:00+00:00, run_after=2025-04-06 00:00:00+00:00
[2025-04-06T23:24:54.026+0000] {processor.py:208} INFO - Processing /opt/airflow/dags/data_ingestion_gcs_dag.py took 0.063 seconds
[2025-04-06T23:25:24.668+0000] {processor.py:186} INFO - Started process (PID=251) to work on /opt/airflow/dags/data_ingestion_gcs_dag.py
[2025-04-06T23:25:24.668+0000] {processor.py:914} INFO - Processing file /opt/airflow/dags/data_ingestion_gcs_dag.py for tasks to queue
[2025-04-06T23:25:24.670+0000] {logging_mixin.py:190} INFO - [2025-04-06T23:25:24.670+0000] {dagbag.py:588} INFO - Filling up the DagBag from /opt/airflow/dags/data_ingestion_gcs_dag.py
[2025-04-06T23:25:24.684+0000] {processor.py:925} INFO - DAG(s) 'data_ingestion_gcs_dag' retrieved from /opt/airflow/dags/data_ingestion_gcs_dag.py
[2025-04-06T23:25:24.698+0000] {logging_mixin.py:190} INFO - [2025-04-06T23:25:24.698+0000] {dag.py:3239} INFO - Sync 1 DAGs
[2025-04-06T23:25:24.714+0000] {logging_mixin.py:190} INFO - [2025-04-06T23:25:24.714+0000] {dag.py:4180} INFO - Setting next_dagrun for data_ingestion_gcs_dag to 2025-04-05 00:00:00+00:00, run_after=2025-04-06 00:00:00+00:00
[2025-04-06T23:25:24.724+0000] {processor.py:208} INFO - Processing /opt/airflow/dags/data_ingestion_gcs_dag.py took 0.060 seconds
[2025-04-06T23:25:55.101+0000] {processor.py:186} INFO - Started process (PID=315) to work on /opt/airflow/dags/data_ingestion_gcs_dag.py
[2025-04-06T23:25:55.101+0000] {processor.py:914} INFO - Processing file /opt/airflow/dags/data_ingestion_gcs_dag.py for tasks to queue
[2025-04-06T23:25:55.103+0000] {logging_mixin.py:190} INFO - [2025-04-06T23:25:55.103+0000] {dagbag.py:588} INFO - Filling up the DagBag from /opt/airflow/dags/data_ingestion_gcs_dag.py
[2025-04-06T23:25:55.117+0000] {processor.py:925} INFO - DAG(s) 'data_ingestion_gcs_dag' retrieved from /opt/airflow/dags/data_ingestion_gcs_dag.py
[2025-04-06T23:25:55.130+0000] {logging_mixin.py:190} INFO - [2025-04-06T23:25:55.130+0000] {dag.py:3239} INFO - Sync 1 DAGs
[2025-04-06T23:25:55.145+0000] {logging_mixin.py:190} INFO - [2025-04-06T23:25:55.145+0000] {dag.py:4180} INFO - Setting next_dagrun for data_ingestion_gcs_dag to 2025-04-05 00:00:00+00:00, run_after=2025-04-06 00:00:00+00:00
[2025-04-06T23:25:55.156+0000] {processor.py:208} INFO - Processing /opt/airflow/dags/data_ingestion_gcs_dag.py took 0.060 seconds
[2025-04-06T23:26:25.659+0000] {processor.py:186} INFO - Started process (PID=379) to work on /opt/airflow/dags/data_ingestion_gcs_dag.py
[2025-04-06T23:26:25.660+0000] {processor.py:914} INFO - Processing file /opt/airflow/dags/data_ingestion_gcs_dag.py for tasks to queue
[2025-04-06T23:26:25.663+0000] {logging_mixin.py:190} INFO - [2025-04-06T23:26:25.663+0000] {dagbag.py:588} INFO - Filling up the DagBag from /opt/airflow/dags/data_ingestion_gcs_dag.py
[2025-04-06T23:26:25.683+0000] {processor.py:925} INFO - DAG(s) 'data_ingestion_gcs_dag' retrieved from /opt/airflow/dags/data_ingestion_gcs_dag.py
[2025-04-06T23:26:25.698+0000] {logging_mixin.py:190} INFO - [2025-04-06T23:26:25.698+0000] {dag.py:3239} INFO - Sync 1 DAGs
[2025-04-06T23:26:25.712+0000] {logging_mixin.py:190} INFO - [2025-04-06T23:26:25.712+0000] {dag.py:4180} INFO - Setting next_dagrun for data_ingestion_gcs_dag to 2025-04-05 00:00:00+00:00, run_after=2025-04-06 00:00:00+00:00
[2025-04-06T23:26:25.722+0000] {processor.py:208} INFO - Processing /opt/airflow/dags/data_ingestion_gcs_dag.py took 0.074 seconds
[2025-04-06T23:26:56.033+0000] {processor.py:186} INFO - Started process (PID=449) to work on /opt/airflow/dags/data_ingestion_gcs_dag.py
[2025-04-06T23:26:56.034+0000] {processor.py:914} INFO - Processing file /opt/airflow/dags/data_ingestion_gcs_dag.py for tasks to queue
[2025-04-06T23:26:56.036+0000] {logging_mixin.py:190} INFO - [2025-04-06T23:26:56.036+0000] {dagbag.py:588} INFO - Filling up the DagBag from /opt/airflow/dags/data_ingestion_gcs_dag.py
[2025-04-06T23:26:56.052+0000] {processor.py:925} INFO - DAG(s) 'data_ingestion_gcs_dag' retrieved from /opt/airflow/dags/data_ingestion_gcs_dag.py
[2025-04-06T23:26:56.063+0000] {logging_mixin.py:190} INFO - [2025-04-06T23:26:56.063+0000] {dag.py:3239} INFO - Sync 1 DAGs
[2025-04-06T23:26:56.086+0000] {processor.py:208} INFO - Processing /opt/airflow/dags/data_ingestion_gcs_dag.py took 0.057 seconds
[2025-04-06T23:27:26.481+0000] {processor.py:186} INFO - Started process (PID=514) to work on /opt/airflow/dags/data_ingestion_gcs_dag.py
[2025-04-06T23:27:26.482+0000] {processor.py:914} INFO - Processing file /opt/airflow/dags/data_ingestion_gcs_dag.py for tasks to queue
[2025-04-06T23:27:26.484+0000] {logging_mixin.py:190} INFO - [2025-04-06T23:27:26.484+0000] {dagbag.py:588} INFO - Filling up the DagBag from /opt/airflow/dags/data_ingestion_gcs_dag.py
[2025-04-06T23:27:26.498+0000] {processor.py:925} INFO - DAG(s) 'data_ingestion_gcs_dag' retrieved from /opt/airflow/dags/data_ingestion_gcs_dag.py
[2025-04-06T23:27:26.515+0000] {logging_mixin.py:190} INFO - [2025-04-06T23:27:26.515+0000] {dag.py:3239} INFO - Sync 1 DAGs
[2025-04-06T23:27:26.536+0000] {processor.py:208} INFO - Processing /opt/airflow/dags/data_ingestion_gcs_dag.py took 0.062 seconds
[2025-04-06T23:27:56.953+0000] {processor.py:186} INFO - Started process (PID=578) to work on /opt/airflow/dags/data_ingestion_gcs_dag.py
[2025-04-06T23:27:56.954+0000] {processor.py:914} INFO - Processing file /opt/airflow/dags/data_ingestion_gcs_dag.py for tasks to queue
[2025-04-06T23:27:56.955+0000] {logging_mixin.py:190} INFO - [2025-04-06T23:27:56.955+0000] {dagbag.py:588} INFO - Filling up the DagBag from /opt/airflow/dags/data_ingestion_gcs_dag.py
[2025-04-06T23:27:56.969+0000] {processor.py:925} INFO - DAG(s) 'data_ingestion_gcs_dag' retrieved from /opt/airflow/dags/data_ingestion_gcs_dag.py
[2025-04-06T23:27:56.981+0000] {logging_mixin.py:190} INFO - [2025-04-06T23:27:56.981+0000] {dag.py:3239} INFO - Sync 1 DAGs
[2025-04-06T23:27:57.004+0000] {processor.py:208} INFO - Processing /opt/airflow/dags/data_ingestion_gcs_dag.py took 0.055 seconds
[2025-04-06T23:28:27.598+0000] {processor.py:186} INFO - Started process (PID=642) to work on /opt/airflow/dags/data_ingestion_gcs_dag.py
[2025-04-06T23:28:27.599+0000] {processor.py:914} INFO - Processing file /opt/airflow/dags/data_ingestion_gcs_dag.py for tasks to queue
[2025-04-06T23:28:27.600+0000] {logging_mixin.py:190} INFO - [2025-04-06T23:28:27.600+0000] {dagbag.py:588} INFO - Filling up the DagBag from /opt/airflow/dags/data_ingestion_gcs_dag.py
[2025-04-06T23:28:27.621+0000] {processor.py:925} INFO - DAG(s) 'data_ingestion_gcs_dag' retrieved from /opt/airflow/dags/data_ingestion_gcs_dag.py
[2025-04-06T23:28:27.638+0000] {logging_mixin.py:190} INFO - [2025-04-06T23:28:27.638+0000] {dag.py:3239} INFO - Sync 1 DAGs
[2025-04-06T23:28:27.659+0000] {processor.py:208} INFO - Processing /opt/airflow/dags/data_ingestion_gcs_dag.py took 0.066 seconds
[2025-04-06T23:28:58.089+0000] {processor.py:186} INFO - Started process (PID=706) to work on /opt/airflow/dags/data_ingestion_gcs_dag.py
[2025-04-06T23:28:58.090+0000] {processor.py:914} INFO - Processing file /opt/airflow/dags/data_ingestion_gcs_dag.py for tasks to queue
[2025-04-06T23:28:58.091+0000] {logging_mixin.py:190} INFO - [2025-04-06T23:28:58.091+0000] {dagbag.py:588} INFO - Filling up the DagBag from /opt/airflow/dags/data_ingestion_gcs_dag.py
[2025-04-06T23:28:58.108+0000] {processor.py:925} INFO - DAG(s) 'data_ingestion_gcs_dag' retrieved from /opt/airflow/dags/data_ingestion_gcs_dag.py
[2025-04-06T23:28:58.121+0000] {logging_mixin.py:190} INFO - [2025-04-06T23:28:58.121+0000] {dag.py:3239} INFO - Sync 1 DAGs
[2025-04-06T23:28:58.144+0000] {processor.py:208} INFO - Processing /opt/airflow/dags/data_ingestion_gcs_dag.py took 0.060 seconds
[2025-04-06T23:29:28.563+0000] {processor.py:186} INFO - Started process (PID=771) to work on /opt/airflow/dags/data_ingestion_gcs_dag.py
[2025-04-06T23:29:28.564+0000] {processor.py:914} INFO - Processing file /opt/airflow/dags/data_ingestion_gcs_dag.py for tasks to queue
[2025-04-06T23:29:28.565+0000] {logging_mixin.py:190} INFO - [2025-04-06T23:29:28.565+0000] {dagbag.py:588} INFO - Filling up the DagBag from /opt/airflow/dags/data_ingestion_gcs_dag.py
[2025-04-06T23:29:28.580+0000] {processor.py:925} INFO - DAG(s) 'data_ingestion_gcs_dag' retrieved from /opt/airflow/dags/data_ingestion_gcs_dag.py
[2025-04-06T23:29:28.593+0000] {logging_mixin.py:190} INFO - [2025-04-06T23:29:28.592+0000] {dag.py:3239} INFO - Sync 1 DAGs
[2025-04-06T23:29:28.617+0000] {processor.py:208} INFO - Processing /opt/airflow/dags/data_ingestion_gcs_dag.py took 0.059 seconds
[2025-04-06T23:29:59.016+0000] {processor.py:186} INFO - Started process (PID=835) to work on /opt/airflow/dags/data_ingestion_gcs_dag.py
[2025-04-06T23:29:59.017+0000] {processor.py:914} INFO - Processing file /opt/airflow/dags/data_ingestion_gcs_dag.py for tasks to queue
[2025-04-06T23:29:59.020+0000] {logging_mixin.py:190} INFO - [2025-04-06T23:29:59.020+0000] {dagbag.py:588} INFO - Filling up the DagBag from /opt/airflow/dags/data_ingestion_gcs_dag.py
[2025-04-06T23:29:59.037+0000] {processor.py:925} INFO - DAG(s) 'data_ingestion_gcs_dag' retrieved from /opt/airflow/dags/data_ingestion_gcs_dag.py
[2025-04-06T23:29:59.050+0000] {logging_mixin.py:190} INFO - [2025-04-06T23:29:59.050+0000] {dag.py:3239} INFO - Sync 1 DAGs
[2025-04-06T23:29:59.075+0000] {processor.py:208} INFO - Processing /opt/airflow/dags/data_ingestion_gcs_dag.py took 0.063 seconds
[2025-04-06T23:30:29.470+0000] {processor.py:186} INFO - Started process (PID=899) to work on /opt/airflow/dags/data_ingestion_gcs_dag.py
[2025-04-06T23:30:29.471+0000] {processor.py:914} INFO - Processing file /opt/airflow/dags/data_ingestion_gcs_dag.py for tasks to queue
[2025-04-06T23:30:29.472+0000] {logging_mixin.py:190} INFO - [2025-04-06T23:30:29.472+0000] {dagbag.py:588} INFO - Filling up the DagBag from /opt/airflow/dags/data_ingestion_gcs_dag.py
[2025-04-06T23:30:29.486+0000] {processor.py:925} INFO - DAG(s) 'data_ingestion_gcs_dag' retrieved from /opt/airflow/dags/data_ingestion_gcs_dag.py
[2025-04-06T23:30:29.501+0000] {logging_mixin.py:190} INFO - [2025-04-06T23:30:29.501+0000] {dag.py:3239} INFO - Sync 1 DAGs
[2025-04-06T23:30:29.525+0000] {processor.py:208} INFO - Processing /opt/airflow/dags/data_ingestion_gcs_dag.py took 0.060 seconds
[2025-04-06T23:31:00.037+0000] {processor.py:186} INFO - Started process (PID=963) to work on /opt/airflow/dags/data_ingestion_gcs_dag.py
[2025-04-06T23:31:00.038+0000] {processor.py:914} INFO - Processing file /opt/airflow/dags/data_ingestion_gcs_dag.py for tasks to queue
[2025-04-06T23:31:00.040+0000] {logging_mixin.py:190} INFO - [2025-04-06T23:31:00.039+0000] {dagbag.py:588} INFO - Filling up the DagBag from /opt/airflow/dags/data_ingestion_gcs_dag.py
[2025-04-06T23:31:00.052+0000] {processor.py:925} INFO - DAG(s) 'data_ingestion_gcs_dag' retrieved from /opt/airflow/dags/data_ingestion_gcs_dag.py
[2025-04-06T23:31:00.069+0000] {logging_mixin.py:190} INFO - [2025-04-06T23:31:00.069+0000] {dag.py:3239} INFO - Sync 1 DAGs
[2025-04-06T23:31:00.089+0000] {processor.py:208} INFO - Processing /opt/airflow/dags/data_ingestion_gcs_dag.py took 0.060 seconds
[2025-04-06T23:31:30.546+0000] {processor.py:186} INFO - Started process (PID=1027) to work on /opt/airflow/dags/data_ingestion_gcs_dag.py
[2025-04-06T23:31:30.547+0000] {processor.py:914} INFO - Processing file /opt/airflow/dags/data_ingestion_gcs_dag.py for tasks to queue
[2025-04-06T23:31:30.549+0000] {logging_mixin.py:190} INFO - [2025-04-06T23:31:30.548+0000] {dagbag.py:588} INFO - Filling up the DagBag from /opt/airflow/dags/data_ingestion_gcs_dag.py
[2025-04-06T23:31:30.567+0000] {processor.py:925} INFO - DAG(s) 'data_ingestion_gcs_dag' retrieved from /opt/airflow/dags/data_ingestion_gcs_dag.py
[2025-04-06T23:31:30.582+0000] {logging_mixin.py:190} INFO - [2025-04-06T23:31:30.582+0000] {dag.py:3239} INFO - Sync 1 DAGs
[2025-04-06T23:31:30.605+0000] {processor.py:208} INFO - Processing /opt/airflow/dags/data_ingestion_gcs_dag.py took 0.065 seconds
[2025-04-06T23:32:01.143+0000] {processor.py:186} INFO - Started process (PID=1091) to work on /opt/airflow/dags/data_ingestion_gcs_dag.py
[2025-04-06T23:32:01.143+0000] {processor.py:914} INFO - Processing file /opt/airflow/dags/data_ingestion_gcs_dag.py for tasks to queue
[2025-04-06T23:32:01.145+0000] {logging_mixin.py:190} INFO - [2025-04-06T23:32:01.145+0000] {dagbag.py:588} INFO - Filling up the DagBag from /opt/airflow/dags/data_ingestion_gcs_dag.py
[2025-04-06T23:32:01.162+0000] {processor.py:925} INFO - DAG(s) 'data_ingestion_gcs_dag' retrieved from /opt/airflow/dags/data_ingestion_gcs_dag.py
[2025-04-06T23:32:01.176+0000] {logging_mixin.py:190} INFO - [2025-04-06T23:32:01.176+0000] {dag.py:3239} INFO - Sync 1 DAGs
[2025-04-06T23:32:01.199+0000] {processor.py:208} INFO - Processing /opt/airflow/dags/data_ingestion_gcs_dag.py took 0.060 seconds
[2025-04-06T23:32:31.766+0000] {processor.py:186} INFO - Started process (PID=1155) to work on /opt/airflow/dags/data_ingestion_gcs_dag.py
[2025-04-06T23:32:31.767+0000] {processor.py:914} INFO - Processing file /opt/airflow/dags/data_ingestion_gcs_dag.py for tasks to queue
[2025-04-06T23:32:31.768+0000] {logging_mixin.py:190} INFO - [2025-04-06T23:32:31.768+0000] {dagbag.py:588} INFO - Filling up the DagBag from /opt/airflow/dags/data_ingestion_gcs_dag.py
[2025-04-06T23:32:31.782+0000] {processor.py:925} INFO - DAG(s) 'data_ingestion_gcs_dag' retrieved from /opt/airflow/dags/data_ingestion_gcs_dag.py
[2025-04-06T23:32:31.799+0000] {logging_mixin.py:190} INFO - [2025-04-06T23:32:31.799+0000] {dag.py:3239} INFO - Sync 1 DAGs
[2025-04-06T23:32:31.826+0000] {processor.py:208} INFO - Processing /opt/airflow/dags/data_ingestion_gcs_dag.py took 0.065 seconds
[2025-04-06T23:33:02.363+0000] {processor.py:186} INFO - Started process (PID=1219) to work on /opt/airflow/dags/data_ingestion_gcs_dag.py
[2025-04-06T23:33:02.364+0000] {processor.py:914} INFO - Processing file /opt/airflow/dags/data_ingestion_gcs_dag.py for tasks to queue
[2025-04-06T23:33:02.366+0000] {logging_mixin.py:190} INFO - [2025-04-06T23:33:02.366+0000] {dagbag.py:588} INFO - Filling up the DagBag from /opt/airflow/dags/data_ingestion_gcs_dag.py
[2025-04-06T23:33:02.381+0000] {processor.py:925} INFO - DAG(s) 'data_ingestion_gcs_dag' retrieved from /opt/airflow/dags/data_ingestion_gcs_dag.py
[2025-04-06T23:33:02.396+0000] {logging_mixin.py:190} INFO - [2025-04-06T23:33:02.396+0000] {dag.py:3239} INFO - Sync 1 DAGs
[2025-04-06T23:33:02.426+0000] {processor.py:208} INFO - Processing /opt/airflow/dags/data_ingestion_gcs_dag.py took 0.067 seconds
[2025-04-06T23:33:32.862+0000] {processor.py:186} INFO - Started process (PID=1283) to work on /opt/airflow/dags/data_ingestion_gcs_dag.py
[2025-04-06T23:33:32.863+0000] {processor.py:914} INFO - Processing file /opt/airflow/dags/data_ingestion_gcs_dag.py for tasks to queue
[2025-04-06T23:33:32.866+0000] {logging_mixin.py:190} INFO - [2025-04-06T23:33:32.866+0000] {dagbag.py:588} INFO - Filling up the DagBag from /opt/airflow/dags/data_ingestion_gcs_dag.py
[2025-04-06T23:33:32.886+0000] {processor.py:925} INFO - DAG(s) 'data_ingestion_gcs_dag' retrieved from /opt/airflow/dags/data_ingestion_gcs_dag.py
[2025-04-06T23:33:32.898+0000] {logging_mixin.py:190} INFO - [2025-04-06T23:33:32.898+0000] {dag.py:3239} INFO - Sync 1 DAGs
[2025-04-06T23:33:32.924+0000] {processor.py:208} INFO - Processing /opt/airflow/dags/data_ingestion_gcs_dag.py took 0.068 seconds
[2025-04-06T23:34:03.289+0000] {processor.py:186} INFO - Started process (PID=1347) to work on /opt/airflow/dags/data_ingestion_gcs_dag.py
[2025-04-06T23:34:03.289+0000] {processor.py:914} INFO - Processing file /opt/airflow/dags/data_ingestion_gcs_dag.py for tasks to queue
[2025-04-06T23:34:03.291+0000] {logging_mixin.py:190} INFO - [2025-04-06T23:34:03.291+0000] {dagbag.py:588} INFO - Filling up the DagBag from /opt/airflow/dags/data_ingestion_gcs_dag.py
[2025-04-06T23:34:03.310+0000] {processor.py:925} INFO - DAG(s) 'data_ingestion_gcs_dag' retrieved from /opt/airflow/dags/data_ingestion_gcs_dag.py
[2025-04-06T23:34:03.328+0000] {logging_mixin.py:190} INFO - [2025-04-06T23:34:03.328+0000] {dag.py:3239} INFO - Sync 1 DAGs
[2025-04-06T23:34:03.350+0000] {processor.py:208} INFO - Processing /opt/airflow/dags/data_ingestion_gcs_dag.py took 0.067 seconds
[2025-04-06T23:34:33.776+0000] {processor.py:186} INFO - Started process (PID=1410) to work on /opt/airflow/dags/data_ingestion_gcs_dag.py
[2025-04-06T23:34:33.776+0000] {processor.py:914} INFO - Processing file /opt/airflow/dags/data_ingestion_gcs_dag.py for tasks to queue
[2025-04-06T23:34:33.778+0000] {logging_mixin.py:190} INFO - [2025-04-06T23:34:33.778+0000] {dagbag.py:588} INFO - Filling up the DagBag from /opt/airflow/dags/data_ingestion_gcs_dag.py
[2025-04-06T23:34:33.793+0000] {processor.py:925} INFO - DAG(s) 'data_ingestion_gcs_dag' retrieved from /opt/airflow/dags/data_ingestion_gcs_dag.py
[2025-04-06T23:34:33.808+0000] {logging_mixin.py:190} INFO - [2025-04-06T23:34:33.807+0000] {dag.py:3239} INFO - Sync 1 DAGs
[2025-04-06T23:34:33.831+0000] {processor.py:208} INFO - Processing /opt/airflow/dags/data_ingestion_gcs_dag.py took 0.060 seconds
[2025-04-06T23:35:04.261+0000] {processor.py:186} INFO - Started process (PID=1474) to work on /opt/airflow/dags/data_ingestion_gcs_dag.py
[2025-04-06T23:35:04.262+0000] {processor.py:914} INFO - Processing file /opt/airflow/dags/data_ingestion_gcs_dag.py for tasks to queue
[2025-04-06T23:35:04.263+0000] {logging_mixin.py:190} INFO - [2025-04-06T23:35:04.263+0000] {dagbag.py:588} INFO - Filling up the DagBag from /opt/airflow/dags/data_ingestion_gcs_dag.py
[2025-04-06T23:35:04.276+0000] {processor.py:925} INFO - DAG(s) 'data_ingestion_gcs_dag' retrieved from /opt/airflow/dags/data_ingestion_gcs_dag.py
[2025-04-06T23:35:04.289+0000] {logging_mixin.py:190} INFO - [2025-04-06T23:35:04.289+0000] {dag.py:3239} INFO - Sync 1 DAGs
[2025-04-06T23:35:04.313+0000] {processor.py:208} INFO - Processing /opt/airflow/dags/data_ingestion_gcs_dag.py took 0.058 seconds
[2025-04-06T23:35:34.803+0000] {processor.py:186} INFO - Started process (PID=1538) to work on /opt/airflow/dags/data_ingestion_gcs_dag.py
[2025-04-06T23:35:34.803+0000] {processor.py:914} INFO - Processing file /opt/airflow/dags/data_ingestion_gcs_dag.py for tasks to queue
[2025-04-06T23:35:34.805+0000] {logging_mixin.py:190} INFO - [2025-04-06T23:35:34.805+0000] {dagbag.py:588} INFO - Filling up the DagBag from /opt/airflow/dags/data_ingestion_gcs_dag.py
[2025-04-06T23:35:34.818+0000] {processor.py:925} INFO - DAG(s) 'data_ingestion_gcs_dag' retrieved from /opt/airflow/dags/data_ingestion_gcs_dag.py
[2025-04-06T23:35:34.835+0000] {logging_mixin.py:190} INFO - [2025-04-06T23:35:34.835+0000] {dag.py:3239} INFO - Sync 1 DAGs
[2025-04-06T23:35:34.860+0000] {processor.py:208} INFO - Processing /opt/airflow/dags/data_ingestion_gcs_dag.py took 0.061 seconds
[2025-04-06T23:36:05.301+0000] {processor.py:186} INFO - Started process (PID=1602) to work on /opt/airflow/dags/data_ingestion_gcs_dag.py
[2025-04-06T23:36:05.302+0000] {processor.py:914} INFO - Processing file /opt/airflow/dags/data_ingestion_gcs_dag.py for tasks to queue
[2025-04-06T23:36:05.304+0000] {logging_mixin.py:190} INFO - [2025-04-06T23:36:05.304+0000] {dagbag.py:588} INFO - Filling up the DagBag from /opt/airflow/dags/data_ingestion_gcs_dag.py
[2025-04-06T23:36:05.317+0000] {processor.py:925} INFO - DAG(s) 'data_ingestion_gcs_dag' retrieved from /opt/airflow/dags/data_ingestion_gcs_dag.py
[2025-04-06T23:36:05.329+0000] {logging_mixin.py:190} INFO - [2025-04-06T23:36:05.329+0000] {dag.py:3239} INFO - Sync 1 DAGs
[2025-04-06T23:36:05.353+0000] {processor.py:208} INFO - Processing /opt/airflow/dags/data_ingestion_gcs_dag.py took 0.056 seconds
[2025-04-06T23:36:35.736+0000] {processor.py:186} INFO - Started process (PID=1666) to work on /opt/airflow/dags/data_ingestion_gcs_dag.py
[2025-04-06T23:36:35.737+0000] {processor.py:914} INFO - Processing file /opt/airflow/dags/data_ingestion_gcs_dag.py for tasks to queue
[2025-04-06T23:36:35.738+0000] {logging_mixin.py:190} INFO - [2025-04-06T23:36:35.738+0000] {dagbag.py:588} INFO - Filling up the DagBag from /opt/airflow/dags/data_ingestion_gcs_dag.py
[2025-04-06T23:36:35.753+0000] {processor.py:925} INFO - DAG(s) 'data_ingestion_gcs_dag' retrieved from /opt/airflow/dags/data_ingestion_gcs_dag.py
[2025-04-06T23:36:35.769+0000] {logging_mixin.py:190} INFO - [2025-04-06T23:36:35.769+0000] {dag.py:3239} INFO - Sync 1 DAGs
[2025-04-06T23:36:35.793+0000] {processor.py:208} INFO - Processing /opt/airflow/dags/data_ingestion_gcs_dag.py took 0.063 seconds
[2025-04-06T23:37:06.128+0000] {processor.py:186} INFO - Started process (PID=1730) to work on /opt/airflow/dags/data_ingestion_gcs_dag.py
[2025-04-06T23:37:06.128+0000] {processor.py:914} INFO - Processing file /opt/airflow/dags/data_ingestion_gcs_dag.py for tasks to queue
[2025-04-06T23:37:06.130+0000] {logging_mixin.py:190} INFO - [2025-04-06T23:37:06.130+0000] {dagbag.py:588} INFO - Filling up the DagBag from /opt/airflow/dags/data_ingestion_gcs_dag.py
[2025-04-06T23:37:06.143+0000] {processor.py:925} INFO - DAG(s) 'data_ingestion_gcs_dag' retrieved from /opt/airflow/dags/data_ingestion_gcs_dag.py
[2025-04-06T23:37:06.155+0000] {logging_mixin.py:190} INFO - [2025-04-06T23:37:06.155+0000] {dag.py:3239} INFO - Sync 1 DAGs
[2025-04-06T23:37:06.171+0000] {logging_mixin.py:190} INFO - [2025-04-06T23:37:06.171+0000] {dag.py:4180} INFO - Setting next_dagrun for data_ingestion_gcs_dag to 2025-04-06 00:00:00+00:00, run_after=2025-04-07 00:00:00+00:00
[2025-04-06T23:37:06.181+0000] {processor.py:208} INFO - Processing /opt/airflow/dags/data_ingestion_gcs_dag.py took 0.058 seconds
[2025-04-06T23:37:36.631+0000] {processor.py:186} INFO - Started process (PID=1794) to work on /opt/airflow/dags/data_ingestion_gcs_dag.py
[2025-04-06T23:37:36.631+0000] {processor.py:914} INFO - Processing file /opt/airflow/dags/data_ingestion_gcs_dag.py for tasks to queue
[2025-04-06T23:37:36.633+0000] {logging_mixin.py:190} INFO - [2025-04-06T23:37:36.633+0000] {dagbag.py:588} INFO - Filling up the DagBag from /opt/airflow/dags/data_ingestion_gcs_dag.py
[2025-04-06T23:37:36.649+0000] {processor.py:925} INFO - DAG(s) 'data_ingestion_gcs_dag' retrieved from /opt/airflow/dags/data_ingestion_gcs_dag.py
[2025-04-06T23:37:36.662+0000] {logging_mixin.py:190} INFO - [2025-04-06T23:37:36.661+0000] {dag.py:3239} INFO - Sync 1 DAGs
[2025-04-06T23:37:36.676+0000] {logging_mixin.py:190} INFO - [2025-04-06T23:37:36.676+0000] {dag.py:4180} INFO - Setting next_dagrun for data_ingestion_gcs_dag to 2025-04-06 00:00:00+00:00, run_after=2025-04-07 00:00:00+00:00
[2025-04-06T23:37:36.685+0000] {processor.py:208} INFO - Processing /opt/airflow/dags/data_ingestion_gcs_dag.py took 0.061 seconds
[2025-04-06T23:38:07.192+0000] {processor.py:186} INFO - Started process (PID=1858) to work on /opt/airflow/dags/data_ingestion_gcs_dag.py
[2025-04-06T23:38:07.193+0000] {processor.py:914} INFO - Processing file /opt/airflow/dags/data_ingestion_gcs_dag.py for tasks to queue
[2025-04-06T23:38:07.194+0000] {logging_mixin.py:190} INFO - [2025-04-06T23:38:07.194+0000] {dagbag.py:588} INFO - Filling up the DagBag from /opt/airflow/dags/data_ingestion_gcs_dag.py
[2025-04-06T23:38:07.211+0000] {processor.py:925} INFO - DAG(s) 'data_ingestion_gcs_dag' retrieved from /opt/airflow/dags/data_ingestion_gcs_dag.py
[2025-04-06T23:38:07.225+0000] {logging_mixin.py:190} INFO - [2025-04-06T23:38:07.225+0000] {dag.py:3239} INFO - Sync 1 DAGs
[2025-04-06T23:38:07.242+0000] {logging_mixin.py:190} INFO - [2025-04-06T23:38:07.242+0000] {dag.py:4180} INFO - Setting next_dagrun for data_ingestion_gcs_dag to 2025-04-06 00:00:00+00:00, run_after=2025-04-07 00:00:00+00:00
[2025-04-06T23:38:07.252+0000] {processor.py:208} INFO - Processing /opt/airflow/dags/data_ingestion_gcs_dag.py took 0.065 seconds
[2025-04-06T23:38:37.634+0000] {processor.py:186} INFO - Started process (PID=1922) to work on /opt/airflow/dags/data_ingestion_gcs_dag.py
[2025-04-06T23:38:37.635+0000] {processor.py:914} INFO - Processing file /opt/airflow/dags/data_ingestion_gcs_dag.py for tasks to queue
[2025-04-06T23:38:37.637+0000] {logging_mixin.py:190} INFO - [2025-04-06T23:38:37.636+0000] {dagbag.py:588} INFO - Filling up the DagBag from /opt/airflow/dags/data_ingestion_gcs_dag.py
[2025-04-06T23:38:37.651+0000] {processor.py:925} INFO - DAG(s) 'data_ingestion_gcs_dag' retrieved from /opt/airflow/dags/data_ingestion_gcs_dag.py
[2025-04-06T23:38:37.662+0000] {logging_mixin.py:190} INFO - [2025-04-06T23:38:37.662+0000] {dag.py:3239} INFO - Sync 1 DAGs
[2025-04-06T23:38:37.675+0000] {logging_mixin.py:190} INFO - [2025-04-06T23:38:37.675+0000] {dag.py:4180} INFO - Setting next_dagrun for data_ingestion_gcs_dag to 2025-04-06 00:00:00+00:00, run_after=2025-04-07 00:00:00+00:00
[2025-04-06T23:38:37.687+0000] {processor.py:208} INFO - Processing /opt/airflow/dags/data_ingestion_gcs_dag.py took 0.057 seconds
[2025-04-06T23:39:08.148+0000] {processor.py:186} INFO - Started process (PID=1986) to work on /opt/airflow/dags/data_ingestion_gcs_dag.py
[2025-04-06T23:39:08.148+0000] {processor.py:914} INFO - Processing file /opt/airflow/dags/data_ingestion_gcs_dag.py for tasks to queue
[2025-04-06T23:39:08.150+0000] {logging_mixin.py:190} INFO - [2025-04-06T23:39:08.150+0000] {dagbag.py:588} INFO - Filling up the DagBag from /opt/airflow/dags/data_ingestion_gcs_dag.py
[2025-04-06T23:39:08.165+0000] {processor.py:925} INFO - DAG(s) 'data_ingestion_gcs_dag' retrieved from /opt/airflow/dags/data_ingestion_gcs_dag.py
[2025-04-06T23:39:08.183+0000] {logging_mixin.py:190} INFO - [2025-04-06T23:39:08.183+0000] {dag.py:3239} INFO - Sync 1 DAGs
[2025-04-06T23:39:08.202+0000] {logging_mixin.py:190} INFO - [2025-04-06T23:39:08.202+0000] {dag.py:4180} INFO - Setting next_dagrun for data_ingestion_gcs_dag to 2025-04-06 00:00:00+00:00, run_after=2025-04-07 00:00:00+00:00
[2025-04-06T23:39:08.214+0000] {processor.py:208} INFO - Processing /opt/airflow/dags/data_ingestion_gcs_dag.py took 0.070 seconds
[2025-04-06T23:39:38.572+0000] {processor.py:186} INFO - Started process (PID=2050) to work on /opt/airflow/dags/data_ingestion_gcs_dag.py
[2025-04-06T23:39:38.573+0000] {processor.py:914} INFO - Processing file /opt/airflow/dags/data_ingestion_gcs_dag.py for tasks to queue
[2025-04-06T23:39:38.574+0000] {logging_mixin.py:190} INFO - [2025-04-06T23:39:38.574+0000] {dagbag.py:588} INFO - Filling up the DagBag from /opt/airflow/dags/data_ingestion_gcs_dag.py
[2025-04-06T23:39:38.591+0000] {processor.py:925} INFO - DAG(s) 'data_ingestion_gcs_dag' retrieved from /opt/airflow/dags/data_ingestion_gcs_dag.py
[2025-04-06T23:39:38.605+0000] {logging_mixin.py:190} INFO - [2025-04-06T23:39:38.605+0000] {dag.py:3239} INFO - Sync 1 DAGs
[2025-04-06T23:39:38.620+0000] {logging_mixin.py:190} INFO - [2025-04-06T23:39:38.620+0000] {dag.py:4180} INFO - Setting next_dagrun for data_ingestion_gcs_dag to 2025-04-06 00:00:00+00:00, run_after=2025-04-07 00:00:00+00:00
[2025-04-06T23:39:38.631+0000] {processor.py:208} INFO - Processing /opt/airflow/dags/data_ingestion_gcs_dag.py took 0.062 seconds
[2025-04-06T23:40:09.258+0000] {processor.py:186} INFO - Started process (PID=2114) to work on /opt/airflow/dags/data_ingestion_gcs_dag.py
[2025-04-06T23:40:09.259+0000] {processor.py:914} INFO - Processing file /opt/airflow/dags/data_ingestion_gcs_dag.py for tasks to queue
[2025-04-06T23:40:09.261+0000] {logging_mixin.py:190} INFO - [2025-04-06T23:40:09.261+0000] {dagbag.py:588} INFO - Filling up the DagBag from /opt/airflow/dags/data_ingestion_gcs_dag.py
[2025-04-06T23:40:09.278+0000] {processor.py:925} INFO - DAG(s) 'data_ingestion_gcs_dag' retrieved from /opt/airflow/dags/data_ingestion_gcs_dag.py
[2025-04-06T23:40:09.292+0000] {logging_mixin.py:190} INFO - [2025-04-06T23:40:09.292+0000] {dag.py:3239} INFO - Sync 1 DAGs
[2025-04-06T23:40:09.306+0000] {logging_mixin.py:190} INFO - [2025-04-06T23:40:09.306+0000] {dag.py:4180} INFO - Setting next_dagrun for data_ingestion_gcs_dag to 2025-04-06 00:00:00+00:00, run_after=2025-04-07 00:00:00+00:00
[2025-04-06T23:40:09.317+0000] {processor.py:208} INFO - Processing /opt/airflow/dags/data_ingestion_gcs_dag.py took 0.063 seconds
[2025-04-06T23:40:39.774+0000] {processor.py:186} INFO - Started process (PID=2178) to work on /opt/airflow/dags/data_ingestion_gcs_dag.py
[2025-04-06T23:40:39.775+0000] {processor.py:914} INFO - Processing file /opt/airflow/dags/data_ingestion_gcs_dag.py for tasks to queue
[2025-04-06T23:40:39.777+0000] {logging_mixin.py:190} INFO - [2025-04-06T23:40:39.777+0000] {dagbag.py:588} INFO - Filling up the DagBag from /opt/airflow/dags/data_ingestion_gcs_dag.py
[2025-04-06T23:40:39.790+0000] {processor.py:925} INFO - DAG(s) 'data_ingestion_gcs_dag' retrieved from /opt/airflow/dags/data_ingestion_gcs_dag.py
[2025-04-06T23:40:39.803+0000] {logging_mixin.py:190} INFO - [2025-04-06T23:40:39.803+0000] {dag.py:3239} INFO - Sync 1 DAGs
[2025-04-06T23:40:39.817+0000] {logging_mixin.py:190} INFO - [2025-04-06T23:40:39.817+0000] {dag.py:4180} INFO - Setting next_dagrun for data_ingestion_gcs_dag to 2025-04-06 00:00:00+00:00, run_after=2025-04-07 00:00:00+00:00
[2025-04-06T23:40:39.828+0000] {processor.py:208} INFO - Processing /opt/airflow/dags/data_ingestion_gcs_dag.py took 0.060 seconds
[2025-04-06T23:41:10.468+0000] {processor.py:186} INFO - Started process (PID=2242) to work on /opt/airflow/dags/data_ingestion_gcs_dag.py
[2025-04-06T23:41:10.468+0000] {processor.py:914} INFO - Processing file /opt/airflow/dags/data_ingestion_gcs_dag.py for tasks to queue
[2025-04-06T23:41:10.471+0000] {logging_mixin.py:190} INFO - [2025-04-06T23:41:10.471+0000] {dagbag.py:588} INFO - Filling up the DagBag from /opt/airflow/dags/data_ingestion_gcs_dag.py
[2025-04-06T23:41:10.484+0000] {processor.py:925} INFO - DAG(s) 'data_ingestion_gcs_dag' retrieved from /opt/airflow/dags/data_ingestion_gcs_dag.py
[2025-04-06T23:41:10.499+0000] {logging_mixin.py:190} INFO - [2025-04-06T23:41:10.499+0000] {dag.py:3239} INFO - Sync 1 DAGs
[2025-04-06T23:41:10.513+0000] {logging_mixin.py:190} INFO - [2025-04-06T23:41:10.513+0000] {dag.py:4180} INFO - Setting next_dagrun for data_ingestion_gcs_dag to 2025-04-06 00:00:00+00:00, run_after=2025-04-07 00:00:00+00:00
[2025-04-06T23:41:10.522+0000] {processor.py:208} INFO - Processing /opt/airflow/dags/data_ingestion_gcs_dag.py took 0.060 seconds
[2025-04-06T23:41:41.130+0000] {processor.py:186} INFO - Started process (PID=2306) to work on /opt/airflow/dags/data_ingestion_gcs_dag.py
[2025-04-06T23:41:41.130+0000] {processor.py:914} INFO - Processing file /opt/airflow/dags/data_ingestion_gcs_dag.py for tasks to queue
[2025-04-06T23:41:41.132+0000] {logging_mixin.py:190} INFO - [2025-04-06T23:41:41.132+0000] {dagbag.py:588} INFO - Filling up the DagBag from /opt/airflow/dags/data_ingestion_gcs_dag.py
[2025-04-06T23:41:41.145+0000] {processor.py:925} INFO - DAG(s) 'data_ingestion_gcs_dag' retrieved from /opt/airflow/dags/data_ingestion_gcs_dag.py
[2025-04-06T23:41:41.158+0000] {logging_mixin.py:190} INFO - [2025-04-06T23:41:41.157+0000] {dag.py:3239} INFO - Sync 1 DAGs
[2025-04-06T23:41:41.177+0000] {logging_mixin.py:190} INFO - [2025-04-06T23:41:41.176+0000] {dag.py:4180} INFO - Setting next_dagrun for data_ingestion_gcs_dag to 2025-04-06 00:00:00+00:00, run_after=2025-04-07 00:00:00+00:00
[2025-04-06T23:41:41.187+0000] {processor.py:208} INFO - Processing /opt/airflow/dags/data_ingestion_gcs_dag.py took 0.062 seconds
[2025-04-06T23:42:11.531+0000] {processor.py:186} INFO - Started process (PID=2370) to work on /opt/airflow/dags/data_ingestion_gcs_dag.py
[2025-04-06T23:42:11.531+0000] {processor.py:914} INFO - Processing file /opt/airflow/dags/data_ingestion_gcs_dag.py for tasks to queue
[2025-04-06T23:42:11.533+0000] {logging_mixin.py:190} INFO - [2025-04-06T23:42:11.533+0000] {dagbag.py:588} INFO - Filling up the DagBag from /opt/airflow/dags/data_ingestion_gcs_dag.py
[2025-04-06T23:42:11.551+0000] {processor.py:925} INFO - DAG(s) 'data_ingestion_gcs_dag' retrieved from /opt/airflow/dags/data_ingestion_gcs_dag.py
[2025-04-06T23:42:11.566+0000] {logging_mixin.py:190} INFO - [2025-04-06T23:42:11.566+0000] {dag.py:3239} INFO - Sync 1 DAGs
[2025-04-06T23:42:11.585+0000] {logging_mixin.py:190} INFO - [2025-04-06T23:42:11.584+0000] {dag.py:4180} INFO - Setting next_dagrun for data_ingestion_gcs_dag to 2025-04-06 00:00:00+00:00, run_after=2025-04-07 00:00:00+00:00
[2025-04-06T23:42:11.600+0000] {processor.py:208} INFO - Processing /opt/airflow/dags/data_ingestion_gcs_dag.py took 0.074 seconds
[2025-04-06T23:46:44.328+0000] {processor.py:186} INFO - Started process (PID=59) to work on /opt/airflow/dags/data_ingestion_gcs_dag.py
[2025-04-06T23:46:44.329+0000] {processor.py:914} INFO - Processing file /opt/airflow/dags/data_ingestion_gcs_dag.py for tasks to queue
[2025-04-06T23:46:44.331+0000] {logging_mixin.py:190} INFO - [2025-04-06T23:46:44.331+0000] {dagbag.py:588} INFO - Filling up the DagBag from /opt/airflow/dags/data_ingestion_gcs_dag.py
[2025-04-06T23:46:44.363+0000] {processor.py:925} INFO - DAG(s) 'data_ingestion_gcs_dag' retrieved from /opt/airflow/dags/data_ingestion_gcs_dag.py
[2025-04-06T23:46:44.620+0000] {logging_mixin.py:190} INFO - [2025-04-06T23:46:44.619+0000] {override.py:1912} INFO - Created Permission View: can delete on DAG:data_ingestion_gcs_dag
[2025-04-06T23:46:44.626+0000] {logging_mixin.py:190} INFO - [2025-04-06T23:46:44.626+0000] {override.py:1912} INFO - Created Permission View: can edit on DAG:data_ingestion_gcs_dag
[2025-04-06T23:46:44.630+0000] {logging_mixin.py:190} INFO - [2025-04-06T23:46:44.630+0000] {override.py:1912} INFO - Created Permission View: can read on DAG:data_ingestion_gcs_dag
[2025-04-06T23:46:44.639+0000] {logging_mixin.py:190} INFO - [2025-04-06T23:46:44.639+0000] {override.py:1912} INFO - Created Permission View: can delete on DAG Run:data_ingestion_gcs_dag
[2025-04-06T23:46:44.643+0000] {logging_mixin.py:190} INFO - [2025-04-06T23:46:44.643+0000] {override.py:1912} INFO - Created Permission View: can create on DAG Run:data_ingestion_gcs_dag
[2025-04-06T23:46:44.647+0000] {logging_mixin.py:190} INFO - [2025-04-06T23:46:44.646+0000] {override.py:1912} INFO - Created Permission View: menu access on DAG Run:data_ingestion_gcs_dag
[2025-04-06T23:46:44.651+0000] {logging_mixin.py:190} INFO - [2025-04-06T23:46:44.651+0000] {override.py:1912} INFO - Created Permission View: can read on DAG Run:data_ingestion_gcs_dag
[2025-04-06T23:46:44.651+0000] {logging_mixin.py:190} INFO - [2025-04-06T23:46:44.651+0000] {dag.py:3239} INFO - Sync 1 DAGs
[2025-04-06T23:46:44.657+0000] {logging_mixin.py:190} INFO - [2025-04-06T23:46:44.657+0000] {dag.py:3262} INFO - Creating ORM DAG for data_ingestion_gcs_dag
[2025-04-06T23:46:44.663+0000] {logging_mixin.py:190} INFO - [2025-04-06T23:46:44.663+0000] {dag.py:4180} INFO - Setting next_dagrun for data_ingestion_gcs_dag to 2025-04-05 00:00:00+00:00, run_after=2025-04-06 00:00:00+00:00
[2025-04-06T23:46:44.671+0000] {processor.py:208} INFO - Processing /opt/airflow/dags/data_ingestion_gcs_dag.py took 0.346 seconds
[2025-04-06T23:47:15.526+0000] {processor.py:186} INFO - Started process (PID=123) to work on /opt/airflow/dags/data_ingestion_gcs_dag.py
[2025-04-06T23:47:15.526+0000] {processor.py:914} INFO - Processing file /opt/airflow/dags/data_ingestion_gcs_dag.py for tasks to queue
[2025-04-06T23:47:15.528+0000] {logging_mixin.py:190} INFO - [2025-04-06T23:47:15.528+0000] {dagbag.py:588} INFO - Filling up the DagBag from /opt/airflow/dags/data_ingestion_gcs_dag.py
[2025-04-06T23:47:15.544+0000] {processor.py:925} INFO - DAG(s) 'data_ingestion_gcs_dag' retrieved from /opt/airflow/dags/data_ingestion_gcs_dag.py
[2025-04-06T23:47:15.558+0000] {logging_mixin.py:190} INFO - [2025-04-06T23:47:15.558+0000] {dag.py:3239} INFO - Sync 1 DAGs
[2025-04-06T23:47:15.574+0000] {logging_mixin.py:190} INFO - [2025-04-06T23:47:15.574+0000] {dag.py:4180} INFO - Setting next_dagrun for data_ingestion_gcs_dag to 2025-04-05 00:00:00+00:00, run_after=2025-04-06 00:00:00+00:00
[2025-04-06T23:47:15.588+0000] {processor.py:208} INFO - Processing /opt/airflow/dags/data_ingestion_gcs_dag.py took 0.067 seconds
[2025-04-06T23:47:46.312+0000] {processor.py:186} INFO - Started process (PID=187) to work on /opt/airflow/dags/data_ingestion_gcs_dag.py
[2025-04-06T23:47:46.312+0000] {processor.py:914} INFO - Processing file /opt/airflow/dags/data_ingestion_gcs_dag.py for tasks to queue
[2025-04-06T23:47:46.314+0000] {logging_mixin.py:190} INFO - [2025-04-06T23:47:46.314+0000] {dagbag.py:588} INFO - Filling up the DagBag from /opt/airflow/dags/data_ingestion_gcs_dag.py
[2025-04-06T23:47:46.328+0000] {processor.py:925} INFO - DAG(s) 'data_ingestion_gcs_dag' retrieved from /opt/airflow/dags/data_ingestion_gcs_dag.py
[2025-04-06T23:47:46.343+0000] {logging_mixin.py:190} INFO - [2025-04-06T23:47:46.343+0000] {dag.py:3239} INFO - Sync 1 DAGs
[2025-04-06T23:47:46.369+0000] {processor.py:208} INFO - Processing /opt/airflow/dags/data_ingestion_gcs_dag.py took 0.061 seconds
[2025-04-06T23:48:16.931+0000] {processor.py:186} INFO - Started process (PID=251) to work on /opt/airflow/dags/data_ingestion_gcs_dag.py
[2025-04-06T23:48:16.931+0000] {processor.py:914} INFO - Processing file /opt/airflow/dags/data_ingestion_gcs_dag.py for tasks to queue
[2025-04-06T23:48:16.933+0000] {logging_mixin.py:190} INFO - [2025-04-06T23:48:16.933+0000] {dagbag.py:588} INFO - Filling up the DagBag from /opt/airflow/dags/data_ingestion_gcs_dag.py
[2025-04-06T23:48:16.956+0000] {processor.py:925} INFO - DAG(s) 'data_ingestion_gcs_dag' retrieved from /opt/airflow/dags/data_ingestion_gcs_dag.py
[2025-04-06T23:48:16.967+0000] {logging_mixin.py:190} INFO - [2025-04-06T23:48:16.967+0000] {dag.py:3239} INFO - Sync 1 DAGs
[2025-04-06T23:48:16.996+0000] {processor.py:208} INFO - Processing /opt/airflow/dags/data_ingestion_gcs_dag.py took 0.072 seconds
[2025-04-06T23:48:47.559+0000] {processor.py:186} INFO - Started process (PID=315) to work on /opt/airflow/dags/data_ingestion_gcs_dag.py
[2025-04-06T23:48:47.560+0000] {processor.py:914} INFO - Processing file /opt/airflow/dags/data_ingestion_gcs_dag.py for tasks to queue
[2025-04-06T23:48:47.561+0000] {logging_mixin.py:190} INFO - [2025-04-06T23:48:47.561+0000] {dagbag.py:588} INFO - Filling up the DagBag from /opt/airflow/dags/data_ingestion_gcs_dag.py
[2025-04-06T23:48:47.574+0000] {processor.py:925} INFO - DAG(s) 'data_ingestion_gcs_dag' retrieved from /opt/airflow/dags/data_ingestion_gcs_dag.py
[2025-04-06T23:48:47.588+0000] {logging_mixin.py:190} INFO - [2025-04-06T23:48:47.587+0000] {dag.py:3239} INFO - Sync 1 DAGs
[2025-04-06T23:48:47.609+0000] {processor.py:208} INFO - Processing /opt/airflow/dags/data_ingestion_gcs_dag.py took 0.056 seconds
[2025-04-06T23:49:18.020+0000] {processor.py:186} INFO - Started process (PID=379) to work on /opt/airflow/dags/data_ingestion_gcs_dag.py
[2025-04-06T23:49:18.021+0000] {processor.py:914} INFO - Processing file /opt/airflow/dags/data_ingestion_gcs_dag.py for tasks to queue
[2025-04-06T23:49:18.023+0000] {logging_mixin.py:190} INFO - [2025-04-06T23:49:18.023+0000] {dagbag.py:588} INFO - Filling up the DagBag from /opt/airflow/dags/data_ingestion_gcs_dag.py
[2025-04-06T23:49:18.041+0000] {processor.py:925} INFO - DAG(s) 'data_ingestion_gcs_dag' retrieved from /opt/airflow/dags/data_ingestion_gcs_dag.py
[2025-04-06T23:49:18.053+0000] {logging_mixin.py:190} INFO - [2025-04-06T23:49:18.053+0000] {dag.py:3239} INFO - Sync 1 DAGs
[2025-04-06T23:49:18.078+0000] {processor.py:208} INFO - Processing /opt/airflow/dags/data_ingestion_gcs_dag.py took 0.064 seconds
[2025-04-06T23:49:48.492+0000] {processor.py:186} INFO - Started process (PID=443) to work on /opt/airflow/dags/data_ingestion_gcs_dag.py
[2025-04-06T23:49:48.492+0000] {processor.py:914} INFO - Processing file /opt/airflow/dags/data_ingestion_gcs_dag.py for tasks to queue
[2025-04-06T23:49:48.494+0000] {logging_mixin.py:190} INFO - [2025-04-06T23:49:48.494+0000] {dagbag.py:588} INFO - Filling up the DagBag from /opt/airflow/dags/data_ingestion_gcs_dag.py
[2025-04-06T23:49:48.506+0000] {processor.py:925} INFO - DAG(s) 'data_ingestion_gcs_dag' retrieved from /opt/airflow/dags/data_ingestion_gcs_dag.py
[2025-04-06T23:49:48.524+0000] {logging_mixin.py:190} INFO - [2025-04-06T23:49:48.524+0000] {dag.py:3239} INFO - Sync 1 DAGs
[2025-04-06T23:49:48.552+0000] {processor.py:208} INFO - Processing /opt/airflow/dags/data_ingestion_gcs_dag.py took 0.065 seconds
[2025-04-06T23:50:18.948+0000] {processor.py:186} INFO - Started process (PID=513) to work on /opt/airflow/dags/data_ingestion_gcs_dag.py
[2025-04-06T23:50:18.949+0000] {processor.py:914} INFO - Processing file /opt/airflow/dags/data_ingestion_gcs_dag.py for tasks to queue
[2025-04-06T23:50:18.952+0000] {logging_mixin.py:190} INFO - [2025-04-06T23:50:18.951+0000] {dagbag.py:588} INFO - Filling up the DagBag from /opt/airflow/dags/data_ingestion_gcs_dag.py
[2025-04-06T23:50:18.969+0000] {processor.py:925} INFO - DAG(s) 'data_ingestion_gcs_dag' retrieved from /opt/airflow/dags/data_ingestion_gcs_dag.py
[2025-04-06T23:50:18.982+0000] {logging_mixin.py:190} INFO - [2025-04-06T23:50:18.982+0000] {dag.py:3239} INFO - Sync 1 DAGs
[2025-04-06T23:50:19.005+0000] {processor.py:208} INFO - Processing /opt/airflow/dags/data_ingestion_gcs_dag.py took 0.061 seconds
[2025-04-06T23:50:49.251+0000] {processor.py:186} INFO - Started process (PID=577) to work on /opt/airflow/dags/data_ingestion_gcs_dag.py
[2025-04-06T23:50:49.252+0000] {processor.py:914} INFO - Processing file /opt/airflow/dags/data_ingestion_gcs_dag.py for tasks to queue
[2025-04-06T23:50:49.253+0000] {logging_mixin.py:190} INFO - [2025-04-06T23:50:49.253+0000] {dagbag.py:588} INFO - Filling up the DagBag from /opt/airflow/dags/data_ingestion_gcs_dag.py
[2025-04-06T23:50:49.266+0000] {processor.py:925} INFO - DAG(s) 'data_ingestion_gcs_dag' retrieved from /opt/airflow/dags/data_ingestion_gcs_dag.py
[2025-04-06T23:50:49.279+0000] {logging_mixin.py:190} INFO - [2025-04-06T23:50:49.279+0000] {dag.py:3239} INFO - Sync 1 DAGs
[2025-04-06T23:50:49.304+0000] {processor.py:208} INFO - Processing /opt/airflow/dags/data_ingestion_gcs_dag.py took 0.057 seconds
[2025-04-06T23:51:19.714+0000] {processor.py:186} INFO - Started process (PID=641) to work on /opt/airflow/dags/data_ingestion_gcs_dag.py
[2025-04-06T23:51:19.715+0000] {processor.py:914} INFO - Processing file /opt/airflow/dags/data_ingestion_gcs_dag.py for tasks to queue
[2025-04-06T23:51:19.718+0000] {logging_mixin.py:190} INFO - [2025-04-06T23:51:19.717+0000] {dagbag.py:588} INFO - Filling up the DagBag from /opt/airflow/dags/data_ingestion_gcs_dag.py
[2025-04-06T23:51:19.736+0000] {processor.py:925} INFO - DAG(s) 'data_ingestion_gcs_dag' retrieved from /opt/airflow/dags/data_ingestion_gcs_dag.py
[2025-04-06T23:51:19.750+0000] {logging_mixin.py:190} INFO - [2025-04-06T23:51:19.750+0000] {dag.py:3239} INFO - Sync 1 DAGs
[2025-04-06T23:51:19.773+0000] {processor.py:208} INFO - Processing /opt/airflow/dags/data_ingestion_gcs_dag.py took 0.064 seconds
[2025-04-06T23:51:50.084+0000] {processor.py:186} INFO - Started process (PID=705) to work on /opt/airflow/dags/data_ingestion_gcs_dag.py
[2025-04-06T23:51:50.085+0000] {processor.py:914} INFO - Processing file /opt/airflow/dags/data_ingestion_gcs_dag.py for tasks to queue
[2025-04-06T23:51:50.087+0000] {logging_mixin.py:190} INFO - [2025-04-06T23:51:50.086+0000] {dagbag.py:588} INFO - Filling up the DagBag from /opt/airflow/dags/data_ingestion_gcs_dag.py
[2025-04-06T23:51:50.103+0000] {processor.py:925} INFO - DAG(s) 'data_ingestion_gcs_dag' retrieved from /opt/airflow/dags/data_ingestion_gcs_dag.py
[2025-04-06T23:51:50.117+0000] {logging_mixin.py:190} INFO - [2025-04-06T23:51:50.117+0000] {dag.py:3239} INFO - Sync 1 DAGs
[2025-04-06T23:51:50.141+0000] {processor.py:208} INFO - Processing /opt/airflow/dags/data_ingestion_gcs_dag.py took 0.061 seconds
[2025-04-06T23:52:20.563+0000] {processor.py:186} INFO - Started process (PID=769) to work on /opt/airflow/dags/data_ingestion_gcs_dag.py
[2025-04-06T23:52:20.564+0000] {processor.py:914} INFO - Processing file /opt/airflow/dags/data_ingestion_gcs_dag.py for tasks to queue
[2025-04-06T23:52:20.565+0000] {logging_mixin.py:190} INFO - [2025-04-06T23:52:20.565+0000] {dagbag.py:588} INFO - Filling up the DagBag from /opt/airflow/dags/data_ingestion_gcs_dag.py
[2025-04-06T23:52:20.582+0000] {processor.py:925} INFO - DAG(s) 'data_ingestion_gcs_dag' retrieved from /opt/airflow/dags/data_ingestion_gcs_dag.py
[2025-04-06T23:52:20.595+0000] {logging_mixin.py:190} INFO - [2025-04-06T23:52:20.595+0000] {dag.py:3239} INFO - Sync 1 DAGs
[2025-04-06T23:52:20.617+0000] {processor.py:208} INFO - Processing /opt/airflow/dags/data_ingestion_gcs_dag.py took 0.061 seconds
[2025-04-06T23:52:51.046+0000] {processor.py:186} INFO - Started process (PID=833) to work on /opt/airflow/dags/data_ingestion_gcs_dag.py
[2025-04-06T23:52:51.047+0000] {processor.py:914} INFO - Processing file /opt/airflow/dags/data_ingestion_gcs_dag.py for tasks to queue
[2025-04-06T23:52:51.050+0000] {logging_mixin.py:190} INFO - [2025-04-06T23:52:51.049+0000] {dagbag.py:588} INFO - Filling up the DagBag from /opt/airflow/dags/data_ingestion_gcs_dag.py
[2025-04-06T23:52:51.065+0000] {processor.py:925} INFO - DAG(s) 'data_ingestion_gcs_dag' retrieved from /opt/airflow/dags/data_ingestion_gcs_dag.py
[2025-04-06T23:52:51.079+0000] {logging_mixin.py:190} INFO - [2025-04-06T23:52:51.078+0000] {dag.py:3239} INFO - Sync 1 DAGs
[2025-04-06T23:52:51.103+0000] {processor.py:208} INFO - Processing /opt/airflow/dags/data_ingestion_gcs_dag.py took 0.061 seconds
[2025-04-06T23:53:21.431+0000] {processor.py:186} INFO - Started process (PID=897) to work on /opt/airflow/dags/data_ingestion_gcs_dag.py
[2025-04-06T23:53:21.432+0000] {processor.py:914} INFO - Processing file /opt/airflow/dags/data_ingestion_gcs_dag.py for tasks to queue
[2025-04-06T23:53:21.434+0000] {logging_mixin.py:190} INFO - [2025-04-06T23:53:21.433+0000] {dagbag.py:588} INFO - Filling up the DagBag from /opt/airflow/dags/data_ingestion_gcs_dag.py
[2025-04-06T23:53:21.449+0000] {processor.py:925} INFO - DAG(s) 'data_ingestion_gcs_dag' retrieved from /opt/airflow/dags/data_ingestion_gcs_dag.py
[2025-04-06T23:53:21.464+0000] {logging_mixin.py:190} INFO - [2025-04-06T23:53:21.464+0000] {dag.py:3239} INFO - Sync 1 DAGs
[2025-04-06T23:53:21.489+0000] {processor.py:208} INFO - Processing /opt/airflow/dags/data_ingestion_gcs_dag.py took 0.062 seconds
[2025-04-06T23:53:51.896+0000] {processor.py:186} INFO - Started process (PID=961) to work on /opt/airflow/dags/data_ingestion_gcs_dag.py
[2025-04-06T23:53:51.897+0000] {processor.py:914} INFO - Processing file /opt/airflow/dags/data_ingestion_gcs_dag.py for tasks to queue
[2025-04-06T23:53:51.900+0000] {logging_mixin.py:190} INFO - [2025-04-06T23:53:51.900+0000] {dagbag.py:588} INFO - Filling up the DagBag from /opt/airflow/dags/data_ingestion_gcs_dag.py
[2025-04-06T23:53:51.914+0000] {processor.py:925} INFO - DAG(s) 'data_ingestion_gcs_dag' retrieved from /opt/airflow/dags/data_ingestion_gcs_dag.py
[2025-04-06T23:53:51.926+0000] {logging_mixin.py:190} INFO - [2025-04-06T23:53:51.926+0000] {dag.py:3239} INFO - Sync 1 DAGs
[2025-04-06T23:53:51.950+0000] {processor.py:208} INFO - Processing /opt/airflow/dags/data_ingestion_gcs_dag.py took 0.062 seconds
[2025-04-06T23:54:22.366+0000] {processor.py:186} INFO - Started process (PID=1025) to work on /opt/airflow/dags/data_ingestion_gcs_dag.py
[2025-04-06T23:54:22.366+0000] {processor.py:914} INFO - Processing file /opt/airflow/dags/data_ingestion_gcs_dag.py for tasks to queue
[2025-04-06T23:54:22.368+0000] {logging_mixin.py:190} INFO - [2025-04-06T23:54:22.368+0000] {dagbag.py:588} INFO - Filling up the DagBag from /opt/airflow/dags/data_ingestion_gcs_dag.py
[2025-04-06T23:54:22.381+0000] {processor.py:925} INFO - DAG(s) 'data_ingestion_gcs_dag' retrieved from /opt/airflow/dags/data_ingestion_gcs_dag.py
[2025-04-06T23:54:22.394+0000] {logging_mixin.py:190} INFO - [2025-04-06T23:54:22.394+0000] {dag.py:3239} INFO - Sync 1 DAGs
[2025-04-06T23:54:22.424+0000] {processor.py:208} INFO - Processing /opt/airflow/dags/data_ingestion_gcs_dag.py took 0.062 seconds
[2025-04-06T23:54:52.769+0000] {processor.py:186} INFO - Started process (PID=1089) to work on /opt/airflow/dags/data_ingestion_gcs_dag.py
[2025-04-06T23:54:52.770+0000] {processor.py:914} INFO - Processing file /opt/airflow/dags/data_ingestion_gcs_dag.py for tasks to queue
[2025-04-06T23:54:52.772+0000] {logging_mixin.py:190} INFO - [2025-04-06T23:54:52.772+0000] {dagbag.py:588} INFO - Filling up the DagBag from /opt/airflow/dags/data_ingestion_gcs_dag.py
[2025-04-06T23:54:52.787+0000] {processor.py:925} INFO - DAG(s) 'data_ingestion_gcs_dag' retrieved from /opt/airflow/dags/data_ingestion_gcs_dag.py
[2025-04-06T23:54:52.800+0000] {logging_mixin.py:190} INFO - [2025-04-06T23:54:52.800+0000] {dag.py:3239} INFO - Sync 1 DAGs
[2025-04-06T23:54:52.824+0000] {processor.py:208} INFO - Processing /opt/airflow/dags/data_ingestion_gcs_dag.py took 0.060 seconds
[2025-04-06T23:55:23.382+0000] {processor.py:186} INFO - Started process (PID=1153) to work on /opt/airflow/dags/data_ingestion_gcs_dag.py
[2025-04-06T23:55:23.383+0000] {processor.py:914} INFO - Processing file /opt/airflow/dags/data_ingestion_gcs_dag.py for tasks to queue
[2025-04-06T23:55:23.385+0000] {logging_mixin.py:190} INFO - [2025-04-06T23:55:23.385+0000] {dagbag.py:588} INFO - Filling up the DagBag from /opt/airflow/dags/data_ingestion_gcs_dag.py
[2025-04-06T23:55:23.398+0000] {processor.py:925} INFO - DAG(s) 'data_ingestion_gcs_dag' retrieved from /opt/airflow/dags/data_ingestion_gcs_dag.py
[2025-04-06T23:55:23.410+0000] {logging_mixin.py:190} INFO - [2025-04-06T23:55:23.409+0000] {dag.py:3239} INFO - Sync 1 DAGs
[2025-04-06T23:55:23.434+0000] {processor.py:208} INFO - Processing /opt/airflow/dags/data_ingestion_gcs_dag.py took 0.056 seconds
[2025-04-06T23:55:53.846+0000] {processor.py:186} INFO - Started process (PID=1217) to work on /opt/airflow/dags/data_ingestion_gcs_dag.py
[2025-04-06T23:55:53.847+0000] {processor.py:914} INFO - Processing file /opt/airflow/dags/data_ingestion_gcs_dag.py for tasks to queue
[2025-04-06T23:55:53.848+0000] {logging_mixin.py:190} INFO - [2025-04-06T23:55:53.848+0000] {dagbag.py:588} INFO - Filling up the DagBag from /opt/airflow/dags/data_ingestion_gcs_dag.py
[2025-04-06T23:55:53.861+0000] {processor.py:925} INFO - DAG(s) 'data_ingestion_gcs_dag' retrieved from /opt/airflow/dags/data_ingestion_gcs_dag.py
[2025-04-06T23:55:53.876+0000] {logging_mixin.py:190} INFO - [2025-04-06T23:55:53.876+0000] {dag.py:3239} INFO - Sync 1 DAGs
[2025-04-06T23:55:53.901+0000] {processor.py:208} INFO - Processing /opt/airflow/dags/data_ingestion_gcs_dag.py took 0.059 seconds
[2025-04-06T23:56:24.277+0000] {processor.py:186} INFO - Started process (PID=1281) to work on /opt/airflow/dags/data_ingestion_gcs_dag.py
[2025-04-06T23:56:24.278+0000] {processor.py:914} INFO - Processing file /opt/airflow/dags/data_ingestion_gcs_dag.py for tasks to queue
[2025-04-06T23:56:24.280+0000] {logging_mixin.py:190} INFO - [2025-04-06T23:56:24.279+0000] {dagbag.py:588} INFO - Filling up the DagBag from /opt/airflow/dags/data_ingestion_gcs_dag.py
[2025-04-06T23:56:24.293+0000] {processor.py:925} INFO - DAG(s) 'data_ingestion_gcs_dag' retrieved from /opt/airflow/dags/data_ingestion_gcs_dag.py
[2025-04-06T23:56:24.306+0000] {logging_mixin.py:190} INFO - [2025-04-06T23:56:24.306+0000] {dag.py:3239} INFO - Sync 1 DAGs
[2025-04-06T23:56:24.333+0000] {processor.py:208} INFO - Processing /opt/airflow/dags/data_ingestion_gcs_dag.py took 0.060 seconds
[2025-04-06T23:56:54.748+0000] {processor.py:186} INFO - Started process (PID=1345) to work on /opt/airflow/dags/data_ingestion_gcs_dag.py
[2025-04-06T23:56:54.749+0000] {processor.py:914} INFO - Processing file /opt/airflow/dags/data_ingestion_gcs_dag.py for tasks to queue
[2025-04-06T23:56:54.750+0000] {logging_mixin.py:190} INFO - [2025-04-06T23:56:54.750+0000] {dagbag.py:588} INFO - Filling up the DagBag from /opt/airflow/dags/data_ingestion_gcs_dag.py
[2025-04-06T23:56:54.767+0000] {processor.py:925} INFO - DAG(s) 'data_ingestion_gcs_dag' retrieved from /opt/airflow/dags/data_ingestion_gcs_dag.py
[2025-04-06T23:56:54.778+0000] {logging_mixin.py:190} INFO - [2025-04-06T23:56:54.778+0000] {dag.py:3239} INFO - Sync 1 DAGs
[2025-04-06T23:56:54.801+0000] {processor.py:208} INFO - Processing /opt/airflow/dags/data_ingestion_gcs_dag.py took 0.058 seconds
[2025-04-06T23:57:25.105+0000] {processor.py:186} INFO - Started process (PID=1409) to work on /opt/airflow/dags/data_ingestion_gcs_dag.py
[2025-04-06T23:57:25.106+0000] {processor.py:914} INFO - Processing file /opt/airflow/dags/data_ingestion_gcs_dag.py for tasks to queue
[2025-04-06T23:57:25.108+0000] {logging_mixin.py:190} INFO - [2025-04-06T23:57:25.107+0000] {dagbag.py:588} INFO - Filling up the DagBag from /opt/airflow/dags/data_ingestion_gcs_dag.py
[2025-04-06T23:57:25.127+0000] {processor.py:925} INFO - DAG(s) 'data_ingestion_gcs_dag' retrieved from /opt/airflow/dags/data_ingestion_gcs_dag.py
[2025-04-06T23:57:25.139+0000] {logging_mixin.py:190} INFO - [2025-04-06T23:57:25.139+0000] {dag.py:3239} INFO - Sync 1 DAGs
[2025-04-06T23:57:25.164+0000] {processor.py:208} INFO - Processing /opt/airflow/dags/data_ingestion_gcs_dag.py took 0.063 seconds
[2025-04-06T23:57:55.527+0000] {processor.py:186} INFO - Started process (PID=1473) to work on /opt/airflow/dags/data_ingestion_gcs_dag.py
[2025-04-06T23:57:55.529+0000] {processor.py:914} INFO - Processing file /opt/airflow/dags/data_ingestion_gcs_dag.py for tasks to queue
[2025-04-06T23:57:55.531+0000] {logging_mixin.py:190} INFO - [2025-04-06T23:57:55.531+0000] {dagbag.py:588} INFO - Filling up the DagBag from /opt/airflow/dags/data_ingestion_gcs_dag.py
[2025-04-06T23:57:55.548+0000] {processor.py:925} INFO - DAG(s) 'data_ingestion_gcs_dag' retrieved from /opt/airflow/dags/data_ingestion_gcs_dag.py
[2025-04-06T23:57:55.559+0000] {logging_mixin.py:190} INFO - [2025-04-06T23:57:55.558+0000] {dag.py:3239} INFO - Sync 1 DAGs
[2025-04-06T23:57:55.582+0000] {processor.py:208} INFO - Processing /opt/airflow/dags/data_ingestion_gcs_dag.py took 0.066 seconds
[2025-04-06T23:58:26.033+0000] {processor.py:186} INFO - Started process (PID=1537) to work on /opt/airflow/dags/data_ingestion_gcs_dag.py
[2025-04-06T23:58:26.033+0000] {processor.py:914} INFO - Processing file /opt/airflow/dags/data_ingestion_gcs_dag.py for tasks to queue
[2025-04-06T23:58:26.035+0000] {logging_mixin.py:190} INFO - [2025-04-06T23:58:26.035+0000] {dagbag.py:588} INFO - Filling up the DagBag from /opt/airflow/dags/data_ingestion_gcs_dag.py
[2025-04-06T23:58:26.048+0000] {processor.py:925} INFO - DAG(s) 'data_ingestion_gcs_dag' retrieved from /opt/airflow/dags/data_ingestion_gcs_dag.py
[2025-04-06T23:58:26.061+0000] {logging_mixin.py:190} INFO - [2025-04-06T23:58:26.061+0000] {dag.py:3239} INFO - Sync 1 DAGs
[2025-04-06T23:58:26.075+0000] {logging_mixin.py:190} INFO - [2025-04-06T23:58:26.074+0000] {dag.py:4180} INFO - Setting next_dagrun for data_ingestion_gcs_dag to 2025-04-06 00:00:00+00:00, run_after=2025-04-07 00:00:00+00:00
[2025-04-06T23:58:26.084+0000] {processor.py:208} INFO - Processing /opt/airflow/dags/data_ingestion_gcs_dag.py took 0.059 seconds
[2025-04-06T23:58:56.504+0000] {processor.py:186} INFO - Started process (PID=1601) to work on /opt/airflow/dags/data_ingestion_gcs_dag.py
[2025-04-06T23:58:56.504+0000] {processor.py:914} INFO - Processing file /opt/airflow/dags/data_ingestion_gcs_dag.py for tasks to queue
[2025-04-06T23:58:56.507+0000] {logging_mixin.py:190} INFO - [2025-04-06T23:58:56.507+0000] {dagbag.py:588} INFO - Filling up the DagBag from /opt/airflow/dags/data_ingestion_gcs_dag.py
[2025-04-06T23:58:56.526+0000] {processor.py:925} INFO - DAG(s) 'data_ingestion_gcs_dag' retrieved from /opt/airflow/dags/data_ingestion_gcs_dag.py
[2025-04-06T23:58:56.537+0000] {logging_mixin.py:190} INFO - [2025-04-06T23:58:56.537+0000] {dag.py:3239} INFO - Sync 1 DAGs
[2025-04-06T23:58:56.553+0000] {logging_mixin.py:190} INFO - [2025-04-06T23:58:56.553+0000] {dag.py:4180} INFO - Setting next_dagrun for data_ingestion_gcs_dag to 2025-04-06 00:00:00+00:00, run_after=2025-04-07 00:00:00+00:00
[2025-04-06T23:58:56.563+0000] {processor.py:208} INFO - Processing /opt/airflow/dags/data_ingestion_gcs_dag.py took 0.065 seconds
[2025-04-06T23:59:26.946+0000] {processor.py:186} INFO - Started process (PID=1665) to work on /opt/airflow/dags/data_ingestion_gcs_dag.py
[2025-04-06T23:59:26.947+0000] {processor.py:914} INFO - Processing file /opt/airflow/dags/data_ingestion_gcs_dag.py for tasks to queue
[2025-04-06T23:59:26.949+0000] {logging_mixin.py:190} INFO - [2025-04-06T23:59:26.949+0000] {dagbag.py:588} INFO - Filling up the DagBag from /opt/airflow/dags/data_ingestion_gcs_dag.py
[2025-04-06T23:59:26.964+0000] {processor.py:925} INFO - DAG(s) 'data_ingestion_gcs_dag' retrieved from /opt/airflow/dags/data_ingestion_gcs_dag.py
[2025-04-06T23:59:26.978+0000] {logging_mixin.py:190} INFO - [2025-04-06T23:59:26.978+0000] {dag.py:3239} INFO - Sync 1 DAGs
[2025-04-06T23:59:26.993+0000] {logging_mixin.py:190} INFO - [2025-04-06T23:59:26.993+0000] {dag.py:4180} INFO - Setting next_dagrun for data_ingestion_gcs_dag to 2025-04-06 00:00:00+00:00, run_after=2025-04-07 00:00:00+00:00
[2025-04-06T23:59:27.003+0000] {processor.py:208} INFO - Processing /opt/airflow/dags/data_ingestion_gcs_dag.py took 0.061 seconds
[2025-04-06T23:59:57.442+0000] {processor.py:186} INFO - Started process (PID=1729) to work on /opt/airflow/dags/data_ingestion_gcs_dag.py
[2025-04-06T23:59:57.443+0000] {processor.py:914} INFO - Processing file /opt/airflow/dags/data_ingestion_gcs_dag.py for tasks to queue
[2025-04-06T23:59:57.445+0000] {logging_mixin.py:190} INFO - [2025-04-06T23:59:57.445+0000] {dagbag.py:588} INFO - Filling up the DagBag from /opt/airflow/dags/data_ingestion_gcs_dag.py
[2025-04-06T23:59:57.460+0000] {processor.py:925} INFO - DAG(s) 'data_ingestion_gcs_dag' retrieved from /opt/airflow/dags/data_ingestion_gcs_dag.py
[2025-04-06T23:59:57.475+0000] {logging_mixin.py:190} INFO - [2025-04-06T23:59:57.474+0000] {dag.py:3239} INFO - Sync 1 DAGs
[2025-04-06T23:59:57.491+0000] {logging_mixin.py:190} INFO - [2025-04-06T23:59:57.490+0000] {dag.py:4180} INFO - Setting next_dagrun for data_ingestion_gcs_dag to 2025-04-06 00:00:00+00:00, run_after=2025-04-07 00:00:00+00:00
[2025-04-06T23:59:57.504+0000] {processor.py:208} INFO - Processing /opt/airflow/dags/data_ingestion_gcs_dag.py took 0.067 seconds
