[2025-04-13T04:45:25.022+0000] {local_task_job_runner.py:123} INFO - ::group::Pre task execution logs
[2025-04-13T04:45:25.031+0000] {taskinstance.py:2614} INFO - Dependencies all met for dep_context=non-requeueable deps ti=<TaskInstance: data_ingestion_gcs_dag.get_last_issued_date_task manual__2025-04-13T04:40:12.465070+00:00 [queued]>
[2025-04-13T04:45:25.035+0000] {taskinstance.py:2614} INFO - Dependencies all met for dep_context=requeueable deps ti=<TaskInstance: data_ingestion_gcs_dag.get_last_issued_date_task manual__2025-04-13T04:40:12.465070+00:00 [queued]>
[2025-04-13T04:45:25.035+0000] {taskinstance.py:2867} INFO - Starting attempt 1 of 2
[2025-04-13T04:45:25.041+0000] {taskinstance.py:2890} INFO - Executing <Task(PythonOperator): get_last_issued_date_task> on 2025-04-13 04:40:12.465070+00:00
[2025-04-13T04:45:25.045+0000] {warnings.py:112} WARNING - /home/***/.local/lib/python3.12/site-packages/***/task/task_runner/standard_task_runner.py:70: DeprecationWarning: This process (pid=162) is multi-threaded, use of fork() may lead to deadlocks in the child.
  pid = os.fork()

[2025-04-13T04:45:25.046+0000] {standard_task_runner.py:72} INFO - Started process 164 to run task
[2025-04-13T04:45:25.046+0000] {standard_task_runner.py:104} INFO - Running: ['***', 'tasks', 'run', 'data_ingestion_gcs_dag', 'get_last_issued_date_task', 'manual__2025-04-13T04:40:12.465070+00:00', '--job-id', '6', '--raw', '--subdir', 'DAGS_FOLDER/data_ingestion_gcs_dag.py', '--cfg-path', '/tmp/tmp62sduzfx']
[2025-04-13T04:45:25.047+0000] {standard_task_runner.py:105} INFO - Job 6: Subtask get_last_issued_date_task
[2025-04-13T04:45:25.074+0000] {task_command.py:467} INFO - Running <TaskInstance: data_ingestion_gcs_dag.get_last_issued_date_task manual__2025-04-13T04:40:12.465070+00:00 [running]> on host 2cb45634cec3
[2025-04-13T04:45:25.116+0000] {taskinstance.py:3134} INFO - Exporting env vars: AIRFLOW_CTX_DAG_OWNER='***' AIRFLOW_CTX_DAG_ID='data_ingestion_gcs_dag' AIRFLOW_CTX_TASK_ID='get_last_issued_date_task' AIRFLOW_CTX_EXECUTION_DATE='2025-04-13T04:40:12.465070+00:00' AIRFLOW_CTX_TRY_NUMBER='1' AIRFLOW_CTX_DAG_RUN_ID='manual__2025-04-13T04:40:12.465070+00:00'
[2025-04-13T04:45:25.117+0000] {logging_mixin.py:190} INFO - Task instance is in running state
[2025-04-13T04:45:25.118+0000] {logging_mixin.py:190} INFO -  Previous state of the Task instance: queued
[2025-04-13T04:45:25.118+0000] {logging_mixin.py:190} INFO - Current task name:get_last_issued_date_task state:running start_date:2025-04-13 04:45:25.031813+00:00
[2025-04-13T04:45:25.118+0000] {logging_mixin.py:190} INFO - Dag name:data_ingestion_gcs_dag and current dag run status:running
[2025-04-13T04:45:25.118+0000] {taskinstance.py:732} INFO - ::endgroup::
[2025-04-13T04:45:25.537+0000] {python.py:240} INFO - Done. Returned value was: 2020-04-14T00:00:00.000
[2025-04-13T04:45:25.595+0000] {taskinstance.py:341} INFO - ::group::Post task execution logs
[2025-04-13T04:45:25.596+0000] {taskinstance.py:353} INFO - Marking task as SUCCESS. dag_id=data_ingestion_gcs_dag, task_id=get_last_issued_date_task, run_id=manual__2025-04-13T04:40:12.465070+00:00, execution_date=20250413T044012, start_date=20250413T044525, end_date=20250413T044525
[2025-04-13T04:45:25.618+0000] {logging_mixin.py:190} INFO - Task instance in success state
[2025-04-13T04:45:25.618+0000] {logging_mixin.py:190} INFO -  Previous state of the Task instance: running
[2025-04-13T04:45:25.618+0000] {logging_mixin.py:190} INFO - Dag name:data_ingestion_gcs_dag queued_at:2025-04-13 04:40:12.593639+00:00
[2025-04-13T04:45:25.619+0000] {logging_mixin.py:190} INFO - Task hostname:2cb45634cec3 operator:PythonOperator
[2025-04-13T04:45:25.637+0000] {local_task_job_runner.py:266} INFO - Task exited with return code 0
[2025-04-13T04:45:25.666+0000] {taskinstance.py:3901} INFO - 1 downstream tasks scheduled from follow-on schedule check
[2025-04-13T04:45:25.668+0000] {local_task_job_runner.py:245} INFO - ::endgroup::
