[2025-04-14T01:34:33.249+0000] {local_task_job_runner.py:123} INFO - ::group::Pre task execution logs
[2025-04-14T01:34:33.272+0000] {taskinstance.py:2614} INFO - Dependencies all met for dep_context=non-requeueable deps ti=<TaskInstance: data_ingestion_gcs_dag.fetch_permits_task manual__2025-04-14T01:29:06.354995+00:00 [queued]>
[2025-04-14T01:34:33.280+0000] {taskinstance.py:2614} INFO - Dependencies all met for dep_context=requeueable deps ti=<TaskInstance: data_ingestion_gcs_dag.fetch_permits_task manual__2025-04-14T01:29:06.354995+00:00 [queued]>
[2025-04-14T01:34:33.280+0000] {taskinstance.py:2867} INFO - Starting attempt 1 of 2
[2025-04-14T01:34:33.287+0000] {taskinstance.py:2890} INFO - Executing <Task(BranchPythonOperator): fetch_permits_task> on 2025-04-14 01:29:06.354995+00:00
[2025-04-14T01:34:33.291+0000] {warnings.py:112} WARNING - /home/***/.local/lib/python3.12/site-packages/***/task/task_runner/standard_task_runner.py:70: DeprecationWarning: This process (pid=184) is multi-threaded, use of fork() may lead to deadlocks in the child.
  pid = os.fork()

[2025-04-14T01:34:33.292+0000] {standard_task_runner.py:72} INFO - Started process 186 to run task
[2025-04-14T01:34:33.292+0000] {standard_task_runner.py:104} INFO - Running: ['***', 'tasks', 'run', 'data_ingestion_gcs_dag', 'fetch_permits_task', 'manual__2025-04-14T01:29:06.354995+00:00', '--job-id', '10', '--raw', '--subdir', 'DAGS_FOLDER/data_ingestion_gcs_dag.py', '--cfg-path', '/tmp/tmp7_0l09sa']
[2025-04-14T01:34:33.293+0000] {standard_task_runner.py:105} INFO - Job 10: Subtask fetch_permits_task
[2025-04-14T01:34:33.319+0000] {task_command.py:467} INFO - Running <TaskInstance: data_ingestion_gcs_dag.fetch_permits_task manual__2025-04-14T01:29:06.354995+00:00 [running]> on host 04d41ae960dc
[2025-04-14T01:34:33.355+0000] {taskinstance.py:3134} INFO - Exporting env vars: AIRFLOW_CTX_DAG_OWNER='***' AIRFLOW_CTX_DAG_ID='data_ingestion_gcs_dag' AIRFLOW_CTX_TASK_ID='fetch_permits_task' AIRFLOW_CTX_EXECUTION_DATE='2025-04-14T01:29:06.354995+00:00' AIRFLOW_CTX_TRY_NUMBER='1' AIRFLOW_CTX_DAG_RUN_ID='manual__2025-04-14T01:29:06.354995+00:00'
[2025-04-14T01:34:33.356+0000] {logging_mixin.py:190} INFO - Task instance is in running state
[2025-04-14T01:34:33.356+0000] {logging_mixin.py:190} INFO -  Previous state of the Task instance: queued
[2025-04-14T01:34:33.356+0000] {logging_mixin.py:190} INFO - Current task name:fetch_permits_task state:running start_date:2025-04-14 01:34:33.273060+00:00
[2025-04-14T01:34:33.356+0000] {logging_mixin.py:190} INFO - Dag name:data_ingestion_gcs_dag and current dag run status:running
[2025-04-14T01:34:33.356+0000] {taskinstance.py:732} INFO - ::endgroup::
[2025-04-14T01:34:33.357+0000] {baseoperator.py:423} WARNING - BranchPythonOperator.execute cannot be called outside TaskInstance!
[2025-04-14T01:34:33.364+0000] {logging_mixin.py:190} INFO - Fetching records for 2020-05-30 (offset=0)
[2025-04-14T01:34:34.240+0000] {logging_mixin.py:190} INFO - Fetching records for 2020-05-31 (offset=0)
[2025-04-14T01:34:34.575+0000] {logging_mixin.py:190} INFO - Fetching records for 2020-06-01 (offset=0)
[2025-04-14T01:34:35.029+0000] {logging_mixin.py:190} INFO - Fetching records for 2020-06-02 (offset=0)
[2025-04-14T01:34:35.430+0000] {logging_mixin.py:190} INFO - Fetching records for 2020-06-03 (offset=0)
[2025-04-14T01:34:35.814+0000] {logging_mixin.py:190} INFO - Fetching records for 2020-06-04 (offset=0)
[2025-04-14T01:34:36.195+0000] {logging_mixin.py:190} INFO - Fetching records for 2020-06-05 (offset=0)
[2025-04-14T01:34:36.663+0000] {logging_mixin.py:190} INFO - Fetching records for 2020-06-06 (offset=0)
[2025-04-14T01:34:36.990+0000] {logging_mixin.py:190} INFO - Fetching records for 2020-06-07 (offset=0)
[2025-04-14T01:34:37.303+0000] {logging_mixin.py:190} INFO - Fetching records for 2020-06-08 (offset=0)
[2025-04-14T01:34:37.710+0000] {python.py:240} INFO - Done. Returned value was: local_to_gcs_task
[2025-04-14T01:34:37.710+0000] {branch.py:38} INFO - Branch into local_to_gcs_task
[2025-04-14T01:34:37.711+0000] {skipmixin.py:233} INFO - Following branch ('local_to_gcs_task',)
[2025-04-14T01:34:37.719+0000] {skipmixin.py:281} INFO - Skipping tasks [('skip_tasks', -1)]
[2025-04-14T01:34:37.737+0000] {taskinstance.py:341} INFO - ::group::Post task execution logs
[2025-04-14T01:34:37.737+0000] {taskinstance.py:353} INFO - Marking task as SUCCESS. dag_id=data_ingestion_gcs_dag, task_id=fetch_permits_task, run_id=manual__2025-04-14T01:29:06.354995+00:00, execution_date=20250414T012906, start_date=20250414T013433, end_date=20250414T013437
[2025-04-14T01:34:37.747+0000] {logging_mixin.py:190} INFO - Task instance in success state
[2025-04-14T01:34:37.748+0000] {logging_mixin.py:190} INFO -  Previous state of the Task instance: running
[2025-04-14T01:34:37.748+0000] {logging_mixin.py:190} INFO - Dag name:data_ingestion_gcs_dag queued_at:2025-04-14 01:29:06.491456+00:00
[2025-04-14T01:34:37.748+0000] {logging_mixin.py:190} INFO - Task hostname:04d41ae960dc operator:BranchPythonOperator
[2025-04-14T01:34:37.779+0000] {local_task_job_runner.py:266} INFO - Task exited with return code 0
[2025-04-14T01:34:37.796+0000] {taskinstance.py:3901} INFO - 1 downstream tasks scheduled from follow-on schedule check
[2025-04-14T01:34:37.797+0000] {local_task_job_runner.py:245} INFO - ::endgroup::
