[2025-04-07T00:00:01.143+0000] {local_task_job_runner.py:123} INFO - ::group::Pre task execution logs
[2025-04-07T00:00:01.158+0000] {taskinstance.py:2614} INFO - Dependencies all met for dep_context=non-requeueable deps ti=<TaskInstance: data_ingestion_gcs_dag.download_dataset_task scheduled__2025-04-06T00:00:00+00:00 [queued]>
[2025-04-07T00:00:01.163+0000] {taskinstance.py:2614} INFO - Dependencies all met for dep_context=requeueable deps ti=<TaskInstance: data_ingestion_gcs_dag.download_dataset_task scheduled__2025-04-06T00:00:00+00:00 [queued]>
[2025-04-07T00:00:01.163+0000] {taskinstance.py:2867} INFO - Starting attempt 1 of 2
[2025-04-07T00:00:01.169+0000] {taskinstance.py:2890} INFO - Executing <Task(BashOperator): download_dataset_task> on 2025-04-06 00:00:00+00:00
[2025-04-07T00:00:01.174+0000] {warnings.py:112} WARNING - /home/***/.local/lib/python3.12/site-packages/***/task/task_runner/standard_task_runner.py:70: DeprecationWarning: This process (pid=300) is multi-threaded, use of fork() may lead to deadlocks in the child.
  pid = os.fork()

[2025-04-07T00:00:01.174+0000] {standard_task_runner.py:72} INFO - Started process 302 to run task
[2025-04-07T00:00:01.177+0000] {standard_task_runner.py:104} INFO - Running: ['***', 'tasks', 'run', 'data_ingestion_gcs_dag', 'download_dataset_task', 'scheduled__2025-04-06T00:00:00+00:00', '--job-id', '11', '--raw', '--subdir', 'DAGS_FOLDER/data_ingestion_gcs_dag.py', '--cfg-path', '/tmp/tmpggankgf_']
[2025-04-07T00:00:01.178+0000] {standard_task_runner.py:105} INFO - Job 11: Subtask download_dataset_task
[2025-04-07T00:00:01.203+0000] {task_command.py:467} INFO - Running <TaskInstance: data_ingestion_gcs_dag.download_dataset_task scheduled__2025-04-06T00:00:00+00:00 [running]> on host ea69fc89020b
[2025-04-07T00:00:01.243+0000] {taskinstance.py:3134} INFO - Exporting env vars: AIRFLOW_CTX_DAG_OWNER='***' AIRFLOW_CTX_DAG_ID='data_ingestion_gcs_dag' AIRFLOW_CTX_TASK_ID='download_dataset_task' AIRFLOW_CTX_EXECUTION_DATE='2025-04-06T00:00:00+00:00' AIRFLOW_CTX_TRY_NUMBER='1' AIRFLOW_CTX_DAG_RUN_ID='scheduled__2025-04-06T00:00:00+00:00'
[2025-04-07T00:00:01.244+0000] {logging_mixin.py:190} INFO - Task instance is in running state
[2025-04-07T00:00:01.244+0000] {logging_mixin.py:190} INFO -  Previous state of the Task instance: queued
[2025-04-07T00:00:01.244+0000] {logging_mixin.py:190} INFO - Current task name:download_dataset_task state:running start_date:2025-04-07 00:00:01.158803+00:00
[2025-04-07T00:00:01.244+0000] {logging_mixin.py:190} INFO - Dag name:data_ingestion_gcs_dag and current dag run status:running
[2025-04-07T00:00:01.244+0000] {taskinstance.py:732} INFO - ::endgroup::
[2025-04-07T00:00:01.245+0000] {subprocess.py:78} INFO - Tmp dir root location: /tmp
[2025-04-07T00:00:01.245+0000] {subprocess.py:88} INFO - Running command: ['/usr/bin/bash', '-c', 'curl -sSL https://s3.amazonaws.com/nyc-tlc/trip+data/yellow_tripdata_2021-01.csv > /opt/***/yellow_tripdata_2021-01.csv']
[2025-04-07T00:00:01.253+0000] {subprocess.py:99} INFO - Output:
[2025-04-07T00:00:01.525+0000] {subprocess.py:110} INFO - Command exited with return code 0
[2025-04-07T00:00:01.551+0000] {taskinstance.py:341} INFO - ::group::Post task execution logs
[2025-04-07T00:00:01.552+0000] {taskinstance.py:353} INFO - Marking task as SUCCESS. dag_id=data_ingestion_gcs_dag, task_id=download_dataset_task, run_id=scheduled__2025-04-06T00:00:00+00:00, execution_date=20250406T000000, start_date=20250407T000001, end_date=20250407T000001
[2025-04-07T00:00:01.572+0000] {logging_mixin.py:190} INFO - Task instance in success state
[2025-04-07T00:00:01.572+0000] {logging_mixin.py:190} INFO -  Previous state of the Task instance: running
[2025-04-07T00:00:01.572+0000] {logging_mixin.py:190} INFO - Dag name:data_ingestion_gcs_dag queued_at:2025-04-07 00:00:00.172683+00:00
[2025-04-07T00:00:01.572+0000] {logging_mixin.py:190} INFO - Task hostname:ea69fc89020b operator:BashOperator
[2025-04-07T00:00:01.604+0000] {local_task_job_runner.py:266} INFO - Task exited with return code 0
[2025-04-07T00:00:01.630+0000] {taskinstance.py:3901} INFO - 1 downstream tasks scheduled from follow-on schedule check
[2025-04-07T00:00:01.631+0000] {local_task_job_runner.py:245} INFO - ::endgroup::
[2025-04-07T00:06:50.073+0000] {local_task_job_runner.py:123} INFO - ::group::Pre task execution logs
[2025-04-07T00:06:50.081+0000] {taskinstance.py:2614} INFO - Dependencies all met for dep_context=non-requeueable deps ti=<TaskInstance: data_ingestion_gcs_dag.download_dataset_task scheduled__2025-04-06T00:00:00+00:00 [queued]>
[2025-04-07T00:06:50.085+0000] {taskinstance.py:2614} INFO - Dependencies all met for dep_context=requeueable deps ti=<TaskInstance: data_ingestion_gcs_dag.download_dataset_task scheduled__2025-04-06T00:00:00+00:00 [queued]>
[2025-04-07T00:06:50.085+0000] {taskinstance.py:2867} INFO - Starting attempt 1 of 2
[2025-04-07T00:06:50.095+0000] {taskinstance.py:2890} INFO - Executing <Task(BashOperator): download_dataset_task> on 2025-04-06 00:00:00+00:00
[2025-04-07T00:06:50.101+0000] {warnings.py:112} WARNING - /home/***/.local/lib/python3.12/site-packages/***/task/task_runner/standard_task_runner.py:70: DeprecationWarning: This process (pid=107) is multi-threaded, use of fork() may lead to deadlocks in the child.
  pid = os.fork()

[2025-04-07T00:06:50.102+0000] {standard_task_runner.py:72} INFO - Started process 109 to run task
[2025-04-07T00:06:50.104+0000] {standard_task_runner.py:104} INFO - Running: ['***', 'tasks', 'run', 'data_ingestion_gcs_dag', 'download_dataset_task', 'scheduled__2025-04-06T00:00:00+00:00', '--job-id', '3', '--raw', '--subdir', 'DAGS_FOLDER/data_ingestion_gcs_dag.py', '--cfg-path', '/tmp/tmp2thnlu8m']
[2025-04-07T00:06:50.105+0000] {standard_task_runner.py:105} INFO - Job 3: Subtask download_dataset_task
[2025-04-07T00:06:50.129+0000] {task_command.py:467} INFO - Running <TaskInstance: data_ingestion_gcs_dag.download_dataset_task scheduled__2025-04-06T00:00:00+00:00 [running]> on host 45e27105610f
[2025-04-07T00:06:50.168+0000] {taskinstance.py:3134} INFO - Exporting env vars: AIRFLOW_CTX_DAG_OWNER='***' AIRFLOW_CTX_DAG_ID='data_ingestion_gcs_dag' AIRFLOW_CTX_TASK_ID='download_dataset_task' AIRFLOW_CTX_EXECUTION_DATE='2025-04-06T00:00:00+00:00' AIRFLOW_CTX_TRY_NUMBER='1' AIRFLOW_CTX_DAG_RUN_ID='scheduled__2025-04-06T00:00:00+00:00'
[2025-04-07T00:06:50.169+0000] {logging_mixin.py:190} INFO - Task instance is in running state
[2025-04-07T00:06:50.169+0000] {logging_mixin.py:190} INFO -  Previous state of the Task instance: queued
[2025-04-07T00:06:50.169+0000] {logging_mixin.py:190} INFO - Current task name:download_dataset_task state:running start_date:2025-04-07 00:06:50.082043+00:00
[2025-04-07T00:06:50.169+0000] {logging_mixin.py:190} INFO - Dag name:data_ingestion_gcs_dag and current dag run status:running
[2025-04-07T00:06:50.169+0000] {taskinstance.py:732} INFO - ::endgroup::
[2025-04-07T00:06:50.170+0000] {subprocess.py:78} INFO - Tmp dir root location: /tmp
[2025-04-07T00:06:50.170+0000] {subprocess.py:88} INFO - Running command: ['/usr/bin/bash', '-c', 'curl -sSL https://s3.amazonaws.com/nyc-tlc/trip+data/yellow_tripdata_2021-01.csv > /opt/***/yellow_tripdata_2021-01.csv']
[2025-04-07T00:06:50.178+0000] {subprocess.py:99} INFO - Output:
[2025-04-07T00:06:50.461+0000] {subprocess.py:110} INFO - Command exited with return code 0
[2025-04-07T00:06:50.494+0000] {taskinstance.py:341} INFO - ::group::Post task execution logs
[2025-04-07T00:06:50.495+0000] {taskinstance.py:353} INFO - Marking task as SUCCESS. dag_id=data_ingestion_gcs_dag, task_id=download_dataset_task, run_id=scheduled__2025-04-06T00:00:00+00:00, execution_date=20250406T000000, start_date=20250407T000650, end_date=20250407T000650
[2025-04-07T00:06:50.512+0000] {logging_mixin.py:190} INFO - Task instance in success state
[2025-04-07T00:06:50.512+0000] {logging_mixin.py:190} INFO -  Previous state of the Task instance: running
[2025-04-07T00:06:50.512+0000] {logging_mixin.py:190} INFO - Dag name:data_ingestion_gcs_dag queued_at:2025-04-07 00:06:47.476044+00:00
[2025-04-07T00:06:50.512+0000] {logging_mixin.py:190} INFO - Task hostname:45e27105610f operator:BashOperator
[2025-04-07T00:06:50.530+0000] {local_task_job_runner.py:266} INFO - Task exited with return code 0
[2025-04-07T00:06:50.545+0000] {taskinstance.py:3901} INFO - 1 downstream tasks scheduled from follow-on schedule check
[2025-04-07T00:06:50.546+0000] {local_task_job_runner.py:245} INFO - ::endgroup::
[2025-04-07T00:29:10.488+0000] {local_task_job_runner.py:123} INFO - ::group::Pre task execution logs
[2025-04-07T00:29:10.498+0000] {taskinstance.py:2614} INFO - Dependencies all met for dep_context=non-requeueable deps ti=<TaskInstance: data_ingestion_gcs_dag.download_dataset_task scheduled__2025-04-06T00:00:00+00:00 [queued]>
[2025-04-07T00:29:10.502+0000] {taskinstance.py:2614} INFO - Dependencies all met for dep_context=requeueable deps ti=<TaskInstance: data_ingestion_gcs_dag.download_dataset_task scheduled__2025-04-06T00:00:00+00:00 [queued]>
[2025-04-07T00:29:10.502+0000] {taskinstance.py:2867} INFO - Starting attempt 1 of 2
[2025-04-07T00:29:10.509+0000] {taskinstance.py:2890} INFO - Executing <Task(BashOperator): download_dataset_task> on 2025-04-06 00:00:00+00:00
[2025-04-07T00:29:10.513+0000] {warnings.py:112} WARNING - /home/***/.local/lib/python3.12/site-packages/***/task/task_runner/standard_task_runner.py:70: DeprecationWarning: This process (pid=107) is multi-threaded, use of fork() may lead to deadlocks in the child.
  pid = os.fork()

[2025-04-07T00:29:10.514+0000] {standard_task_runner.py:72} INFO - Started process 109 to run task
[2025-04-07T00:29:10.515+0000] {standard_task_runner.py:104} INFO - Running: ['***', 'tasks', 'run', 'data_ingestion_gcs_dag', 'download_dataset_task', 'scheduled__2025-04-06T00:00:00+00:00', '--job-id', '3', '--raw', '--subdir', 'DAGS_FOLDER/data_ingestion_gcs_dag.py', '--cfg-path', '/tmp/tmp4zz2ceqf']
[2025-04-07T00:29:10.515+0000] {standard_task_runner.py:105} INFO - Job 3: Subtask download_dataset_task
[2025-04-07T00:29:10.546+0000] {task_command.py:467} INFO - Running <TaskInstance: data_ingestion_gcs_dag.download_dataset_task scheduled__2025-04-06T00:00:00+00:00 [running]> on host 1f505880f037
[2025-04-07T00:29:10.594+0000] {taskinstance.py:3134} INFO - Exporting env vars: AIRFLOW_CTX_DAG_OWNER='***' AIRFLOW_CTX_DAG_ID='data_ingestion_gcs_dag' AIRFLOW_CTX_TASK_ID='download_dataset_task' AIRFLOW_CTX_EXECUTION_DATE='2025-04-06T00:00:00+00:00' AIRFLOW_CTX_TRY_NUMBER='1' AIRFLOW_CTX_DAG_RUN_ID='scheduled__2025-04-06T00:00:00+00:00'
[2025-04-07T00:29:10.596+0000] {logging_mixin.py:190} INFO - Task instance is in running state
[2025-04-07T00:29:10.596+0000] {logging_mixin.py:190} INFO -  Previous state of the Task instance: queued
[2025-04-07T00:29:10.596+0000] {logging_mixin.py:190} INFO - Current task name:download_dataset_task state:running start_date:2025-04-07 00:29:10.498573+00:00
[2025-04-07T00:29:10.597+0000] {logging_mixin.py:190} INFO - Dag name:data_ingestion_gcs_dag and current dag run status:running
[2025-04-07T00:29:10.597+0000] {taskinstance.py:732} INFO - ::endgroup::
[2025-04-07T00:29:10.597+0000] {subprocess.py:78} INFO - Tmp dir root location: /tmp
[2025-04-07T00:29:10.598+0000] {subprocess.py:88} INFO - Running command: ['/usr/bin/bash', '-c', 'curl -sSL https://s3.amazonaws.com/nyc-tlc/trip+data/yellow_tripdata_2021-01.csv > /opt/***/yellow_tripdata_2021-01.csv']
[2025-04-07T00:29:10.606+0000] {subprocess.py:99} INFO - Output:
[2025-04-07T00:29:10.907+0000] {subprocess.py:110} INFO - Command exited with return code 0
[2025-04-07T00:29:10.951+0000] {taskinstance.py:341} INFO - ::group::Post task execution logs
[2025-04-07T00:29:10.951+0000] {taskinstance.py:353} INFO - Marking task as SUCCESS. dag_id=data_ingestion_gcs_dag, task_id=download_dataset_task, run_id=scheduled__2025-04-06T00:00:00+00:00, execution_date=20250406T000000, start_date=20250407T002910, end_date=20250407T002910
[2025-04-07T00:29:10.974+0000] {logging_mixin.py:190} INFO - Task instance in success state
[2025-04-07T00:29:10.975+0000] {logging_mixin.py:190} INFO -  Previous state of the Task instance: running
[2025-04-07T00:29:10.976+0000] {logging_mixin.py:190} INFO - Dag name:data_ingestion_gcs_dag queued_at:2025-04-07 00:29:07.829733+00:00
[2025-04-07T00:29:10.977+0000] {logging_mixin.py:190} INFO - Task hostname:1f505880f037 operator:BashOperator
[2025-04-07T00:29:11.027+0000] {local_task_job_runner.py:266} INFO - Task exited with return code 0
[2025-04-07T00:29:11.064+0000] {taskinstance.py:3901} INFO - 1 downstream tasks scheduled from follow-on schedule check
[2025-04-07T00:29:11.066+0000] {local_task_job_runner.py:245} INFO - ::endgroup::
[2025-04-07T00:56:01.416+0000] {local_task_job_runner.py:123} INFO - ::group::Pre task execution logs
[2025-04-07T00:56:01.424+0000] {taskinstance.py:2614} INFO - Dependencies all met for dep_context=non-requeueable deps ti=<TaskInstance: data_ingestion_gcs_dag.download_dataset_task scheduled__2025-04-06T00:00:00+00:00 [queued]>
[2025-04-07T00:56:01.428+0000] {taskinstance.py:2614} INFO - Dependencies all met for dep_context=requeueable deps ti=<TaskInstance: data_ingestion_gcs_dag.download_dataset_task scheduled__2025-04-06T00:00:00+00:00 [queued]>
[2025-04-07T00:56:01.428+0000] {taskinstance.py:2867} INFO - Starting attempt 1 of 2
[2025-04-07T00:56:01.435+0000] {taskinstance.py:2890} INFO - Executing <Task(BashOperator): download_dataset_task> on 2025-04-06 00:00:00+00:00
[2025-04-07T00:56:01.439+0000] {warnings.py:112} WARNING - /home/***/.local/lib/python3.12/site-packages/***/task/task_runner/standard_task_runner.py:70: DeprecationWarning: This process (pid=86) is multi-threaded, use of fork() may lead to deadlocks in the child.
  pid = os.fork()

[2025-04-07T00:56:01.441+0000] {standard_task_runner.py:72} INFO - Started process 88 to run task
[2025-04-07T00:56:01.441+0000] {standard_task_runner.py:104} INFO - Running: ['***', 'tasks', 'run', 'data_ingestion_gcs_dag', 'download_dataset_task', 'scheduled__2025-04-06T00:00:00+00:00', '--job-id', '3', '--raw', '--subdir', 'DAGS_FOLDER/data_ingestion_gcs_dag.py', '--cfg-path', '/tmp/tmp8xmvp8h8']
[2025-04-07T00:56:01.442+0000] {standard_task_runner.py:105} INFO - Job 3: Subtask download_dataset_task
[2025-04-07T00:56:01.469+0000] {task_command.py:467} INFO - Running <TaskInstance: data_ingestion_gcs_dag.download_dataset_task scheduled__2025-04-06T00:00:00+00:00 [running]> on host e8f99ea56dc4
[2025-04-07T00:56:01.510+0000] {taskinstance.py:3134} INFO - Exporting env vars: AIRFLOW_CTX_DAG_OWNER='***' AIRFLOW_CTX_DAG_ID='data_ingestion_gcs_dag' AIRFLOW_CTX_TASK_ID='download_dataset_task' AIRFLOW_CTX_EXECUTION_DATE='2025-04-06T00:00:00+00:00' AIRFLOW_CTX_TRY_NUMBER='1' AIRFLOW_CTX_DAG_RUN_ID='scheduled__2025-04-06T00:00:00+00:00'
[2025-04-07T00:56:01.511+0000] {logging_mixin.py:190} INFO - Task instance is in running state
[2025-04-07T00:56:01.512+0000] {logging_mixin.py:190} INFO -  Previous state of the Task instance: queued
[2025-04-07T00:56:01.512+0000] {logging_mixin.py:190} INFO - Current task name:download_dataset_task state:running start_date:2025-04-07 00:56:01.424863+00:00
[2025-04-07T00:56:01.512+0000] {logging_mixin.py:190} INFO - Dag name:data_ingestion_gcs_dag and current dag run status:running
[2025-04-07T00:56:01.512+0000] {taskinstance.py:732} INFO - ::endgroup::
[2025-04-07T00:56:01.513+0000] {subprocess.py:78} INFO - Tmp dir root location: /tmp
[2025-04-07T00:56:01.513+0000] {subprocess.py:88} INFO - Running command: ['/usr/bin/bash', '-c', 'curl -sSL https://s3.amazonaws.com/nyc-tlc/trip+data/yellow_tripdata_2021-01.csv > /opt/***/yellow_tripdata_2021-01.csv']
[2025-04-07T00:56:01.522+0000] {subprocess.py:99} INFO - Output:
[2025-04-07T00:56:01.800+0000] {subprocess.py:110} INFO - Command exited with return code 0
[2025-04-07T00:56:01.836+0000] {taskinstance.py:341} INFO - ::group::Post task execution logs
[2025-04-07T00:56:01.836+0000] {taskinstance.py:353} INFO - Marking task as SUCCESS. dag_id=data_ingestion_gcs_dag, task_id=download_dataset_task, run_id=scheduled__2025-04-06T00:00:00+00:00, execution_date=20250406T000000, start_date=20250407T005601, end_date=20250407T005601
[2025-04-07T00:56:01.856+0000] {logging_mixin.py:190} INFO - Task instance in success state
[2025-04-07T00:56:01.856+0000] {logging_mixin.py:190} INFO -  Previous state of the Task instance: running
[2025-04-07T00:56:01.856+0000] {logging_mixin.py:190} INFO - Dag name:data_ingestion_gcs_dag queued_at:2025-04-07 00:55:58.819674+00:00
[2025-04-07T00:56:01.857+0000] {logging_mixin.py:190} INFO - Task hostname:e8f99ea56dc4 operator:BashOperator
[2025-04-07T00:56:01.870+0000] {local_task_job_runner.py:266} INFO - Task exited with return code 0
[2025-04-07T00:56:01.888+0000] {taskinstance.py:3901} INFO - 1 downstream tasks scheduled from follow-on schedule check
[2025-04-07T00:56:01.889+0000] {local_task_job_runner.py:245} INFO - ::endgroup::
[2025-04-07T01:01:03.449+0000] {local_task_job_runner.py:123} INFO - ::group::Pre task execution logs
[2025-04-07T01:01:03.458+0000] {taskinstance.py:2614} INFO - Dependencies all met for dep_context=non-requeueable deps ti=<TaskInstance: data_ingestion_gcs_dag.download_dataset_task scheduled__2025-04-06T00:00:00+00:00 [queued]>
[2025-04-07T01:01:03.462+0000] {taskinstance.py:2614} INFO - Dependencies all met for dep_context=requeueable deps ti=<TaskInstance: data_ingestion_gcs_dag.download_dataset_task scheduled__2025-04-06T00:00:00+00:00 [queued]>
[2025-04-07T01:01:03.462+0000] {taskinstance.py:2867} INFO - Starting attempt 1 of 2
[2025-04-07T01:01:03.469+0000] {taskinstance.py:2890} INFO - Executing <Task(BashOperator): download_dataset_task> on 2025-04-06 00:00:00+00:00
[2025-04-07T01:01:03.473+0000] {warnings.py:112} WARNING - /home/***/.local/lib/python3.12/site-packages/***/task/task_runner/standard_task_runner.py:70: DeprecationWarning: This process (pid=86) is multi-threaded, use of fork() may lead to deadlocks in the child.
  pid = os.fork()

[2025-04-07T01:01:03.474+0000] {standard_task_runner.py:72} INFO - Started process 88 to run task
[2025-04-07T01:01:03.476+0000] {standard_task_runner.py:104} INFO - Running: ['***', 'tasks', 'run', 'data_ingestion_gcs_dag', 'download_dataset_task', 'scheduled__2025-04-06T00:00:00+00:00', '--job-id', '3', '--raw', '--subdir', 'DAGS_FOLDER/data_ingestion_gcs_dag.py', '--cfg-path', '/tmp/tmpemjsv40t']
[2025-04-07T01:01:03.476+0000] {standard_task_runner.py:105} INFO - Job 3: Subtask download_dataset_task
[2025-04-07T01:01:03.502+0000] {task_command.py:467} INFO - Running <TaskInstance: data_ingestion_gcs_dag.download_dataset_task scheduled__2025-04-06T00:00:00+00:00 [running]> on host d3b0f1ab36b5
[2025-04-07T01:01:03.544+0000] {taskinstance.py:3134} INFO - Exporting env vars: AIRFLOW_CTX_DAG_OWNER='***' AIRFLOW_CTX_DAG_ID='data_ingestion_gcs_dag' AIRFLOW_CTX_TASK_ID='download_dataset_task' AIRFLOW_CTX_EXECUTION_DATE='2025-04-06T00:00:00+00:00' AIRFLOW_CTX_TRY_NUMBER='1' AIRFLOW_CTX_DAG_RUN_ID='scheduled__2025-04-06T00:00:00+00:00'
[2025-04-07T01:01:03.545+0000] {logging_mixin.py:190} INFO - Task instance is in running state
[2025-04-07T01:01:03.546+0000] {logging_mixin.py:190} INFO -  Previous state of the Task instance: queued
[2025-04-07T01:01:03.547+0000] {logging_mixin.py:190} INFO - Current task name:download_dataset_task state:running start_date:2025-04-07 01:01:03.458801+00:00
[2025-04-07T01:01:03.547+0000] {logging_mixin.py:190} INFO - Dag name:data_ingestion_gcs_dag and current dag run status:running
[2025-04-07T01:01:03.547+0000] {taskinstance.py:732} INFO - ::endgroup::
[2025-04-07T01:01:03.548+0000] {subprocess.py:78} INFO - Tmp dir root location: /tmp
[2025-04-07T01:01:03.552+0000] {subprocess.py:88} INFO - Running command: ['/usr/bin/bash', '-c', 'curl -sSL https://s3.amazonaws.com/nyc-tlc/trip+data/yellow_tripdata_2021-01.csv > /opt/***/yellow_tripdata_2021-01.csv']
[2025-04-07T01:01:03.561+0000] {subprocess.py:99} INFO - Output:
[2025-04-07T01:01:03.837+0000] {subprocess.py:110} INFO - Command exited with return code 0
[2025-04-07T01:01:03.864+0000] {taskinstance.py:341} INFO - ::group::Post task execution logs
[2025-04-07T01:01:03.865+0000] {taskinstance.py:353} INFO - Marking task as SUCCESS. dag_id=data_ingestion_gcs_dag, task_id=download_dataset_task, run_id=scheduled__2025-04-06T00:00:00+00:00, execution_date=20250406T000000, start_date=20250407T010103, end_date=20250407T010103
[2025-04-07T01:01:03.881+0000] {logging_mixin.py:190} INFO - Task instance in success state
[2025-04-07T01:01:03.881+0000] {logging_mixin.py:190} INFO -  Previous state of the Task instance: running
[2025-04-07T01:01:03.882+0000] {logging_mixin.py:190} INFO - Dag name:data_ingestion_gcs_dag queued_at:2025-04-07 01:01:00.794367+00:00
[2025-04-07T01:01:03.882+0000] {logging_mixin.py:190} INFO - Task hostname:d3b0f1ab36b5 operator:BashOperator
[2025-04-07T01:01:03.900+0000] {local_task_job_runner.py:266} INFO - Task exited with return code 0
[2025-04-07T01:01:03.925+0000] {taskinstance.py:3901} INFO - 1 downstream tasks scheduled from follow-on schedule check
[2025-04-07T01:01:03.926+0000] {local_task_job_runner.py:245} INFO - ::endgroup::
[2025-04-07T01:08:34.847+0000] {local_task_job_runner.py:123} INFO - ::group::Pre task execution logs
[2025-04-07T01:08:34.856+0000] {taskinstance.py:2614} INFO - Dependencies all met for dep_context=non-requeueable deps ti=<TaskInstance: data_ingestion_gcs_dag.download_dataset_task scheduled__2025-04-06T00:00:00+00:00 [queued]>
[2025-04-07T01:08:34.859+0000] {taskinstance.py:2614} INFO - Dependencies all met for dep_context=requeueable deps ti=<TaskInstance: data_ingestion_gcs_dag.download_dataset_task scheduled__2025-04-06T00:00:00+00:00 [queued]>
[2025-04-07T01:08:34.859+0000] {taskinstance.py:2867} INFO - Starting attempt 1 of 2
[2025-04-07T01:08:34.866+0000] {taskinstance.py:2890} INFO - Executing <Task(BashOperator): download_dataset_task> on 2025-04-06 00:00:00+00:00
[2025-04-07T01:08:34.870+0000] {warnings.py:112} WARNING - /home/***/.local/lib/python3.12/site-packages/***/task/task_runner/standard_task_runner.py:70: DeprecationWarning: This process (pid=84) is multi-threaded, use of fork() may lead to deadlocks in the child.
  pid = os.fork()

[2025-04-07T01:08:34.871+0000] {standard_task_runner.py:72} INFO - Started process 87 to run task
[2025-04-07T01:08:34.873+0000] {standard_task_runner.py:104} INFO - Running: ['***', 'tasks', 'run', 'data_ingestion_gcs_dag', 'download_dataset_task', 'scheduled__2025-04-06T00:00:00+00:00', '--job-id', '3', '--raw', '--subdir', 'DAGS_FOLDER/data_ingestion_gcs_dag.py', '--cfg-path', '/tmp/tmpfk7urpqg']
[2025-04-07T01:08:34.875+0000] {standard_task_runner.py:105} INFO - Job 3: Subtask download_dataset_task
[2025-04-07T01:08:34.900+0000] {task_command.py:467} INFO - Running <TaskInstance: data_ingestion_gcs_dag.download_dataset_task scheduled__2025-04-06T00:00:00+00:00 [running]> on host 628caec663d6
[2025-04-07T01:08:34.940+0000] {taskinstance.py:3134} INFO - Exporting env vars: AIRFLOW_CTX_DAG_OWNER='***' AIRFLOW_CTX_DAG_ID='data_ingestion_gcs_dag' AIRFLOW_CTX_TASK_ID='download_dataset_task' AIRFLOW_CTX_EXECUTION_DATE='2025-04-06T00:00:00+00:00' AIRFLOW_CTX_TRY_NUMBER='1' AIRFLOW_CTX_DAG_RUN_ID='scheduled__2025-04-06T00:00:00+00:00'
[2025-04-07T01:08:34.941+0000] {logging_mixin.py:190} INFO - Task instance is in running state
[2025-04-07T01:08:34.941+0000] {logging_mixin.py:190} INFO -  Previous state of the Task instance: queued
[2025-04-07T01:08:34.942+0000] {logging_mixin.py:190} INFO - Current task name:download_dataset_task state:running start_date:2025-04-07 01:08:34.856294+00:00
[2025-04-07T01:08:34.942+0000] {logging_mixin.py:190} INFO - Dag name:data_ingestion_gcs_dag and current dag run status:running
[2025-04-07T01:08:34.942+0000] {taskinstance.py:732} INFO - ::endgroup::
[2025-04-07T01:08:34.942+0000] {subprocess.py:78} INFO - Tmp dir root location: /tmp
[2025-04-07T01:08:34.943+0000] {subprocess.py:88} INFO - Running command: ['/usr/bin/bash', '-c', 'curl -sSL https://s3.amazonaws.com/nyc-tlc/trip+data/yellow_tripdata_2021-01.csv > /opt/***/yellow_tripdata_2021-01.csv']
[2025-04-07T01:08:34.953+0000] {subprocess.py:99} INFO - Output:
[2025-04-07T01:08:35.228+0000] {subprocess.py:110} INFO - Command exited with return code 0
[2025-04-07T01:08:35.277+0000] {taskinstance.py:341} INFO - ::group::Post task execution logs
[2025-04-07T01:08:35.278+0000] {taskinstance.py:353} INFO - Marking task as SUCCESS. dag_id=data_ingestion_gcs_dag, task_id=download_dataset_task, run_id=scheduled__2025-04-06T00:00:00+00:00, execution_date=20250406T000000, start_date=20250407T010834, end_date=20250407T010835
[2025-04-07T01:08:35.301+0000] {logging_mixin.py:190} INFO - Task instance in success state
[2025-04-07T01:08:35.302+0000] {logging_mixin.py:190} INFO -  Previous state of the Task instance: running
[2025-04-07T01:08:35.303+0000] {logging_mixin.py:190} INFO - Dag name:data_ingestion_gcs_dag queued_at:2025-04-07 01:08:32.259016+00:00
[2025-04-07T01:08:35.303+0000] {logging_mixin.py:190} INFO - Task hostname:628caec663d6 operator:BashOperator
[2025-04-07T01:08:35.339+0000] {local_task_job_runner.py:266} INFO - Task exited with return code 0
[2025-04-07T01:08:35.377+0000] {taskinstance.py:3901} INFO - 1 downstream tasks scheduled from follow-on schedule check
[2025-04-07T01:08:35.378+0000] {local_task_job_runner.py:245} INFO - ::endgroup::
