[2025-04-14T04:17:26.598+0000] {local_task_job_runner.py:123} INFO - ::group::Pre task execution logs
[2025-04-14T04:17:26.614+0000] {taskinstance.py:2614} INFO - Dependencies all met for dep_context=non-requeueable deps ti=<TaskInstance: data_ingestion_gcs_dag.create_temp_table_task manual__2025-04-14T04:16:37.356011+00:00 [queued]>
[2025-04-14T04:17:26.622+0000] {taskinstance.py:2614} INFO - Dependencies all met for dep_context=requeueable deps ti=<TaskInstance: data_ingestion_gcs_dag.create_temp_table_task manual__2025-04-14T04:16:37.356011+00:00 [queued]>
[2025-04-14T04:17:26.622+0000] {taskinstance.py:2867} INFO - Starting attempt 1 of 2
[2025-04-14T04:17:26.631+0000] {taskinstance.py:2890} INFO - Executing <Task(BigQueryInsertJobOperator): create_temp_table_task> on 2025-04-14 04:16:37.356011+00:00
[2025-04-14T04:17:26.636+0000] {warnings.py:112} WARNING - /home/***/.local/lib/python3.12/site-packages/***/task/task_runner/standard_task_runner.py:70: DeprecationWarning: This process (pid=141) is multi-threaded, use of fork() may lead to deadlocks in the child.
  pid = os.fork()

[2025-04-14T04:17:26.637+0000] {standard_task_runner.py:72} INFO - Started process 143 to run task
[2025-04-14T04:17:26.637+0000] {standard_task_runner.py:104} INFO - Running: ['***', 'tasks', 'run', 'data_ingestion_gcs_dag', 'create_temp_table_task', 'manual__2025-04-14T04:16:37.356011+00:00', '--job-id', '15', '--raw', '--subdir', 'DAGS_FOLDER/data_ingestion_gcs_dag.py', '--cfg-path', '/tmp/tmp8pc5v83y']
[2025-04-14T04:17:26.638+0000] {standard_task_runner.py:105} INFO - Job 15: Subtask create_temp_table_task
[2025-04-14T04:17:26.664+0000] {task_command.py:467} INFO - Running <TaskInstance: data_ingestion_gcs_dag.create_temp_table_task manual__2025-04-14T04:16:37.356011+00:00 [running]> on host d054e5caec0f
[2025-04-14T04:17:26.707+0000] {taskinstance.py:3134} INFO - Exporting env vars: AIRFLOW_CTX_DAG_OWNER='***' AIRFLOW_CTX_DAG_ID='data_ingestion_gcs_dag' AIRFLOW_CTX_TASK_ID='create_temp_table_task' AIRFLOW_CTX_EXECUTION_DATE='2025-04-14T04:16:37.356011+00:00' AIRFLOW_CTX_TRY_NUMBER='1' AIRFLOW_CTX_DAG_RUN_ID='manual__2025-04-14T04:16:37.356011+00:00'
[2025-04-14T04:17:26.708+0000] {logging_mixin.py:190} INFO - Task instance is in running state
[2025-04-14T04:17:26.708+0000] {logging_mixin.py:190} INFO -  Previous state of the Task instance: queued
[2025-04-14T04:17:26.708+0000] {logging_mixin.py:190} INFO - Current task name:create_temp_table_task state:running start_date:2025-04-14 04:17:26.615214+00:00
[2025-04-14T04:17:26.708+0000] {logging_mixin.py:190} INFO - Dag name:data_ingestion_gcs_dag and current dag run status:running
[2025-04-14T04:17:26.708+0000] {taskinstance.py:732} INFO - ::endgroup::
[2025-04-14T04:17:26.709+0000] {crypto.py:82} WARNING - empty cryptography key - values will not be stored encrypted.
[2025-04-14T04:17:26.710+0000] {connection.py:277} WARNING - Connection schemes (type: google_cloud_platform) shall not contain '_' according to RFC3986.
[2025-04-14T04:17:26.710+0000] {base.py:84} INFO - Retrieving connection 'google_cloud_default'
[2025-04-14T04:17:26.738+0000] {bigquery.py:2665} INFO - Executing: {'query': {'query': "\n          CREATE OR REPLACE TABLE `nyc-projects-455321.building_permits.temp_table`\n          AS\n          SELECT\n            borough,\n            job_type,\n            block,\n            lot,\n            PARSE_TIMESTAMP('%m/%d/%Y', issuance_date) AS issuance_date,\n            CAST(permit_si_no AS INT64) AS permit_si_no,\n            CONCAT(gis_latitude,',',gis_longitude) AS location_coordinates,\n            gis_nta_name\n          FROM `nyc-projects-455321.building_permits.external_table`;\n        ", 'useLegacySql': False}}'
[2025-04-14T04:17:26.739+0000] {bigquery.py:1241} INFO - Inserting job ***_data_ingestion_gcs_dag_create_temp_table_task_2025_04_14T04_16_37_356011_00_00_23b93bc49425b0bbbdfdce934a430500
[2025-04-14T04:17:29.200+0000] {bigquery.py:2636} INFO - Job ***_data_ingestion_gcs_dag_create_temp_table_task_2025_04_14T04_16_37_356011_00_00_23b93bc49425b0bbbdfdce934a430500 is completed. Checking the job status
[2025-04-14T04:17:29.216+0000] {taskinstance.py:341} INFO - ::group::Post task execution logs
[2025-04-14T04:17:29.216+0000] {taskinstance.py:353} INFO - Marking task as SUCCESS. dag_id=data_ingestion_gcs_dag, task_id=create_temp_table_task, run_id=manual__2025-04-14T04:16:37.356011+00:00, execution_date=20250414T041637, start_date=20250414T041726, end_date=20250414T041729
[2025-04-14T04:17:29.230+0000] {logging_mixin.py:190} INFO - Task instance in success state
[2025-04-14T04:17:29.231+0000] {logging_mixin.py:190} INFO -  Previous state of the Task instance: running
[2025-04-14T04:17:29.231+0000] {logging_mixin.py:190} INFO - Dag name:data_ingestion_gcs_dag queued_at:2025-04-14 04:16:37.493939+00:00
[2025-04-14T04:17:29.231+0000] {logging_mixin.py:190} INFO - Task hostname:d054e5caec0f operator:BigQueryInsertJobOperator
[2025-04-14T04:17:29.278+0000] {local_task_job_runner.py:266} INFO - Task exited with return code 0
[2025-04-14T04:17:29.293+0000] {taskinstance.py:3901} INFO - 1 downstream tasks scheduled from follow-on schedule check
[2025-04-14T04:17:29.294+0000] {local_task_job_runner.py:245} INFO - ::endgroup::
