[2025-04-06T23:26:48.305+0000] {local_task_job_runner.py:123} INFO - ::group::Pre task execution logs
[2025-04-06T23:26:48.314+0000] {taskinstance.py:2614} INFO - Dependencies all met for dep_context=non-requeueable deps ti=<TaskInstance: data_ingestion_gcs_dag.download_dataset_task scheduled__2025-04-05T00:00:00+00:00 [queued]>
[2025-04-06T23:26:48.318+0000] {taskinstance.py:2614} INFO - Dependencies all met for dep_context=requeueable deps ti=<TaskInstance: data_ingestion_gcs_dag.download_dataset_task scheduled__2025-04-05T00:00:00+00:00 [queued]>
[2025-04-06T23:26:48.318+0000] {taskinstance.py:2867} INFO - Starting attempt 1 of 2
[2025-04-06T23:26:48.325+0000] {taskinstance.py:2890} INFO - Executing <Task(BashOperator): download_dataset_task> on 2025-04-05 00:00:00+00:00
[2025-04-06T23:26:48.330+0000] {warnings.py:112} WARNING - /home/***/.local/lib/python3.12/site-packages/***/task/task_runner/standard_task_runner.py:70: DeprecationWarning: This process (pid=114) is multi-threaded, use of fork() may lead to deadlocks in the child.
  pid = os.fork()

[2025-04-06T23:26:48.331+0000] {standard_task_runner.py:72} INFO - Started process 116 to run task
[2025-04-06T23:26:48.331+0000] {standard_task_runner.py:104} INFO - Running: ['***', 'tasks', 'run', 'data_ingestion_gcs_dag', 'download_dataset_task', 'scheduled__2025-04-05T00:00:00+00:00', '--job-id', '3', '--raw', '--subdir', 'DAGS_FOLDER/data_ingestion_gcs_dag.py', '--cfg-path', '/tmp/tmptx696qj3']
[2025-04-06T23:26:48.332+0000] {standard_task_runner.py:105} INFO - Job 3: Subtask download_dataset_task
[2025-04-06T23:26:48.357+0000] {task_command.py:467} INFO - Running <TaskInstance: data_ingestion_gcs_dag.download_dataset_task scheduled__2025-04-05T00:00:00+00:00 [running]> on host c89aca681029
[2025-04-06T23:26:48.398+0000] {taskinstance.py:3134} INFO - Exporting env vars: AIRFLOW_CTX_DAG_OWNER='***' AIRFLOW_CTX_DAG_ID='data_ingestion_gcs_dag' AIRFLOW_CTX_TASK_ID='download_dataset_task' AIRFLOW_CTX_EXECUTION_DATE='2025-04-05T00:00:00+00:00' AIRFLOW_CTX_TRY_NUMBER='1' AIRFLOW_CTX_DAG_RUN_ID='scheduled__2025-04-05T00:00:00+00:00'
[2025-04-06T23:26:48.399+0000] {logging_mixin.py:190} INFO - Task instance is in running state
[2025-04-06T23:26:48.400+0000] {logging_mixin.py:190} INFO -  Previous state of the Task instance: queued
[2025-04-06T23:26:48.400+0000] {logging_mixin.py:190} INFO - Current task name:download_dataset_task state:running start_date:2025-04-06 23:26:48.315000+00:00
[2025-04-06T23:26:48.400+0000] {logging_mixin.py:190} INFO - Dag name:data_ingestion_gcs_dag and current dag run status:running
[2025-04-06T23:26:48.400+0000] {taskinstance.py:732} INFO - ::endgroup::
[2025-04-06T23:26:48.400+0000] {subprocess.py:78} INFO - Tmp dir root location: /tmp
[2025-04-06T23:26:48.401+0000] {subprocess.py:88} INFO - Running command: ['/usr/bin/bash', '-c', 'curl -sSL https://s3.amazonaws.com/nyc-tlc/trip+data/yellow_tripdata_2021-01.csv > /opt/***/yellow_tripdata_2021-01.csv']
[2025-04-06T23:26:48.408+0000] {subprocess.py:99} INFO - Output:
[2025-04-06T23:26:48.691+0000] {subprocess.py:110} INFO - Command exited with return code 0
[2025-04-06T23:26:48.733+0000] {taskinstance.py:341} INFO - ::group::Post task execution logs
[2025-04-06T23:26:48.734+0000] {taskinstance.py:353} INFO - Marking task as SUCCESS. dag_id=data_ingestion_gcs_dag, task_id=download_dataset_task, run_id=scheduled__2025-04-05T00:00:00+00:00, execution_date=20250405T000000, start_date=20250406T232648, end_date=20250406T232648
[2025-04-06T23:26:48.750+0000] {logging_mixin.py:190} INFO - Task instance in success state
[2025-04-06T23:26:48.750+0000] {logging_mixin.py:190} INFO -  Previous state of the Task instance: running
[2025-04-06T23:26:48.750+0000] {logging_mixin.py:190} INFO - Dag name:data_ingestion_gcs_dag queued_at:2025-04-06 23:26:45.683378+00:00
[2025-04-06T23:26:48.750+0000] {logging_mixin.py:190} INFO - Task hostname:c89aca681029 operator:BashOperator
[2025-04-06T23:26:48.757+0000] {local_task_job_runner.py:266} INFO - Task exited with return code 0
[2025-04-06T23:26:48.772+0000] {taskinstance.py:3901} INFO - 1 downstream tasks scheduled from follow-on schedule check
[2025-04-06T23:26:48.773+0000] {local_task_job_runner.py:245} INFO - ::endgroup::
[2025-04-06T23:47:46.137+0000] {local_task_job_runner.py:123} INFO - ::group::Pre task execution logs
[2025-04-06T23:47:46.145+0000] {taskinstance.py:2614} INFO - Dependencies all met for dep_context=non-requeueable deps ti=<TaskInstance: data_ingestion_gcs_dag.download_dataset_task scheduled__2025-04-05T00:00:00+00:00 [queued]>
[2025-04-06T23:47:46.149+0000] {taskinstance.py:2614} INFO - Dependencies all met for dep_context=requeueable deps ti=<TaskInstance: data_ingestion_gcs_dag.download_dataset_task scheduled__2025-04-05T00:00:00+00:00 [queued]>
[2025-04-06T23:47:46.149+0000] {taskinstance.py:2867} INFO - Starting attempt 1 of 2
[2025-04-06T23:47:46.156+0000] {taskinstance.py:2890} INFO - Executing <Task(BashOperator): download_dataset_task> on 2025-04-05 00:00:00+00:00
[2025-04-06T23:47:46.160+0000] {warnings.py:112} WARNING - /home/***/.local/lib/python3.12/site-packages/***/task/task_runner/standard_task_runner.py:70: DeprecationWarning: This process (pid=86) is multi-threaded, use of fork() may lead to deadlocks in the child.
  pid = os.fork()

[2025-04-06T23:47:46.161+0000] {standard_task_runner.py:72} INFO - Started process 88 to run task
[2025-04-06T23:47:46.161+0000] {standard_task_runner.py:104} INFO - Running: ['***', 'tasks', 'run', 'data_ingestion_gcs_dag', 'download_dataset_task', 'scheduled__2025-04-05T00:00:00+00:00', '--job-id', '3', '--raw', '--subdir', 'DAGS_FOLDER/data_ingestion_gcs_dag.py', '--cfg-path', '/tmp/tmptp6c30k8']
[2025-04-06T23:47:46.162+0000] {standard_task_runner.py:105} INFO - Job 3: Subtask download_dataset_task
[2025-04-06T23:47:46.186+0000] {task_command.py:467} INFO - Running <TaskInstance: data_ingestion_gcs_dag.download_dataset_task scheduled__2025-04-05T00:00:00+00:00 [running]> on host ea69fc89020b
[2025-04-06T23:47:46.226+0000] {taskinstance.py:3134} INFO - Exporting env vars: AIRFLOW_CTX_DAG_OWNER='***' AIRFLOW_CTX_DAG_ID='data_ingestion_gcs_dag' AIRFLOW_CTX_TASK_ID='download_dataset_task' AIRFLOW_CTX_EXECUTION_DATE='2025-04-05T00:00:00+00:00' AIRFLOW_CTX_TRY_NUMBER='1' AIRFLOW_CTX_DAG_RUN_ID='scheduled__2025-04-05T00:00:00+00:00'
[2025-04-06T23:47:46.227+0000] {logging_mixin.py:190} INFO - Task instance is in running state
[2025-04-06T23:47:46.227+0000] {logging_mixin.py:190} INFO -  Previous state of the Task instance: queued
[2025-04-06T23:47:46.227+0000] {logging_mixin.py:190} INFO - Current task name:download_dataset_task state:running start_date:2025-04-06 23:47:46.145865+00:00
[2025-04-06T23:47:46.227+0000] {logging_mixin.py:190} INFO - Dag name:data_ingestion_gcs_dag and current dag run status:running
[2025-04-06T23:47:46.227+0000] {taskinstance.py:732} INFO - ::endgroup::
[2025-04-06T23:47:46.228+0000] {subprocess.py:78} INFO - Tmp dir root location: /tmp
[2025-04-06T23:47:46.228+0000] {subprocess.py:88} INFO - Running command: ['/usr/bin/bash', '-c', 'curl -sSL https://s3.amazonaws.com/nyc-tlc/trip+data/yellow_tripdata_2021-01.csv > /opt/***/yellow_tripdata_2021-01.csv']
[2025-04-06T23:47:46.237+0000] {subprocess.py:99} INFO - Output:
[2025-04-06T23:47:46.517+0000] {subprocess.py:110} INFO - Command exited with return code 0
[2025-04-06T23:47:46.532+0000] {taskinstance.py:341} INFO - ::group::Post task execution logs
[2025-04-06T23:47:46.533+0000] {taskinstance.py:353} INFO - Marking task as SUCCESS. dag_id=data_ingestion_gcs_dag, task_id=download_dataset_task, run_id=scheduled__2025-04-05T00:00:00+00:00, execution_date=20250405T000000, start_date=20250406T234746, end_date=20250406T234746
[2025-04-06T23:47:46.547+0000] {logging_mixin.py:190} INFO - Task instance in success state
[2025-04-06T23:47:46.548+0000] {logging_mixin.py:190} INFO -  Previous state of the Task instance: running
[2025-04-06T23:47:46.548+0000] {logging_mixin.py:190} INFO - Dag name:data_ingestion_gcs_dag queued_at:2025-04-06 23:47:43.531835+00:00
[2025-04-06T23:47:46.548+0000] {logging_mixin.py:190} INFO - Task hostname:ea69fc89020b operator:BashOperator
[2025-04-06T23:47:46.587+0000] {local_task_job_runner.py:266} INFO - Task exited with return code 0
[2025-04-06T23:47:46.605+0000] {taskinstance.py:3901} INFO - 1 downstream tasks scheduled from follow-on schedule check
[2025-04-06T23:47:46.609+0000] {local_task_job_runner.py:245} INFO - ::endgroup::
