[2025-04-17T01:58:16.643+0000] {local_task_job_runner.py:123} INFO - ::group::Pre task execution logs
[2025-04-17T01:58:16.654+0000] {taskinstance.py:2614} INFO - Dependencies all met for dep_context=non-requeueable deps ti=<TaskInstance: data_ingestion_gcs_dag.merge_tables_task scheduled__2025-04-16T00:00:00+00:00 [queued]>
[2025-04-17T01:58:16.659+0000] {taskinstance.py:2614} INFO - Dependencies all met for dep_context=requeueable deps ti=<TaskInstance: data_ingestion_gcs_dag.merge_tables_task scheduled__2025-04-16T00:00:00+00:00 [queued]>
[2025-04-17T01:58:16.659+0000] {taskinstance.py:2867} INFO - Starting attempt 1 of 2
[2025-04-17T01:58:16.665+0000] {taskinstance.py:2890} INFO - Executing <Task(BigQueryInsertJobOperator): merge_tables_task> on 2025-04-16 00:00:00+00:00
[2025-04-17T01:58:16.669+0000] {warnings.py:112} WARNING - /home/***/.local/lib/python3.12/site-packages/***/task/task_runner/standard_task_runner.py:70: DeprecationWarning: This process (pid=110) is multi-threaded, use of fork() may lead to deadlocks in the child.
  pid = os.fork()

[2025-04-17T01:58:16.670+0000] {standard_task_runner.py:72} INFO - Started process 112 to run task
[2025-04-17T01:58:16.670+0000] {standard_task_runner.py:104} INFO - Running: ['***', 'tasks', 'run', 'data_ingestion_gcs_dag', 'merge_tables_task', 'scheduled__2025-04-16T00:00:00+00:00', '--job-id', '9', '--raw', '--subdir', 'DAGS_FOLDER/data_ingestion_gcs_dag.py', '--cfg-path', '/tmp/tmp9xr9ewvl']
[2025-04-17T01:58:16.671+0000] {standard_task_runner.py:105} INFO - Job 9: Subtask merge_tables_task
[2025-04-17T01:58:16.696+0000] {task_command.py:467} INFO - Running <TaskInstance: data_ingestion_gcs_dag.merge_tables_task scheduled__2025-04-16T00:00:00+00:00 [running]> on host a4de9eb4cb15
[2025-04-17T01:58:16.732+0000] {taskinstance.py:3134} INFO - Exporting env vars: AIRFLOW_CTX_DAG_OWNER='***' AIRFLOW_CTX_DAG_ID='data_ingestion_gcs_dag' AIRFLOW_CTX_TASK_ID='merge_tables_task' AIRFLOW_CTX_EXECUTION_DATE='2025-04-16T00:00:00+00:00' AIRFLOW_CTX_TRY_NUMBER='1' AIRFLOW_CTX_DAG_RUN_ID='scheduled__2025-04-16T00:00:00+00:00'
[2025-04-17T01:58:16.733+0000] {logging_mixin.py:190} INFO - Task instance is in running state
[2025-04-17T01:58:16.733+0000] {logging_mixin.py:190} INFO -  Previous state of the Task instance: queued
[2025-04-17T01:58:16.733+0000] {logging_mixin.py:190} INFO - Current task name:merge_tables_task state:running start_date:2025-04-17 01:58:16.654624+00:00
[2025-04-17T01:58:16.733+0000] {logging_mixin.py:190} INFO - Dag name:data_ingestion_gcs_dag and current dag run status:running
[2025-04-17T01:58:16.733+0000] {taskinstance.py:732} INFO - ::endgroup::
[2025-04-17T01:58:16.734+0000] {crypto.py:82} WARNING - empty cryptography key - values will not be stored encrypted.
[2025-04-17T01:58:16.735+0000] {connection.py:277} WARNING - Connection schemes (type: google_cloud_platform) shall not contain '_' according to RFC3986.
[2025-04-17T01:58:16.735+0000] {base.py:84} INFO - Retrieving connection 'google_cloud_default'
[2025-04-17T01:58:16.763+0000] {bigquery.py:2665} INFO - Executing: {'query': {'query': '\n          MERGE INTO `nyc-projects-455321.building_permits.permits` T\n          USING `nyc-projects-455321.building_permits.temp_table` S\n          ON T.permit_si_no = S.permit_si_no\n          WHEN NOT MATCHED THEN\n            INSERT (borough, job_type, block, lot, issuance_date, permit_si_no, location_coordinates, gis_nta_name)\n            VALUES (S.borough, S.job_type, S.block, S.lot, S.issuance_date, S.permit_si_no, S.location_coordinates, S.gis_nta_name);\n        ', 'useLegacySql': False}}'
[2025-04-17T01:58:16.763+0000] {bigquery.py:1241} INFO - Inserting job ***_data_ingestion_gcs_dag_merge_tables_task_2025_04_16T00_00_00_00_00_9788c114db29b3ebf22f3046fb85033d
[2025-04-17T01:58:21.035+0000] {bigquery.py:2636} INFO - Job ***_data_ingestion_gcs_dag_merge_tables_task_2025_04_16T00_00_00_00_00_9788c114db29b3ebf22f3046fb85033d is completed. Checking the job status
[2025-04-17T01:58:21.081+0000] {taskinstance.py:341} INFO - ::group::Post task execution logs
[2025-04-17T01:58:21.083+0000] {taskinstance.py:353} INFO - Marking task as SUCCESS. dag_id=data_ingestion_gcs_dag, task_id=merge_tables_task, run_id=scheduled__2025-04-16T00:00:00+00:00, execution_date=20250416T000000, start_date=20250417T015816, end_date=20250417T015821
[2025-04-17T01:58:21.132+0000] {logging_mixin.py:190} INFO - Task instance in success state
[2025-04-17T01:58:21.133+0000] {logging_mixin.py:190} INFO -  Previous state of the Task instance: running
[2025-04-17T01:58:21.134+0000] {logging_mixin.py:190} INFO - Dag name:data_ingestion_gcs_dag queued_at:2025-04-17 01:57:55.460083+00:00
[2025-04-17T01:58:21.134+0000] {logging_mixin.py:190} INFO - Task hostname:a4de9eb4cb15 operator:BigQueryInsertJobOperator
[2025-04-17T01:58:21.155+0000] {local_task_job_runner.py:266} INFO - Task exited with return code 0
[2025-04-17T01:58:21.175+0000] {taskinstance.py:3901} INFO - 0 downstream tasks scheduled from follow-on schedule check
[2025-04-17T01:58:21.176+0000] {local_task_job_runner.py:245} INFO - ::endgroup::
