[2025-04-14T00:31:47.502+0000] {local_task_job_runner.py:123} INFO - ::group::Pre task execution logs
[2025-04-14T00:31:47.515+0000] {taskinstance.py:2614} INFO - Dependencies all met for dep_context=non-requeueable deps ti=<TaskInstance: data_ingestion_gcs_dag.get_last_issued_date_task manual__2025-04-14T00:26:33.689984+00:00 [queued]>
[2025-04-14T00:31:47.519+0000] {taskinstance.py:2614} INFO - Dependencies all met for dep_context=requeueable deps ti=<TaskInstance: data_ingestion_gcs_dag.get_last_issued_date_task manual__2025-04-14T00:26:33.689984+00:00 [queued]>
[2025-04-14T00:31:47.519+0000] {taskinstance.py:2867} INFO - Starting attempt 1 of 2
[2025-04-14T00:31:47.525+0000] {taskinstance.py:2890} INFO - Executing <Task(PythonOperator): get_last_issued_date_task> on 2025-04-14 00:26:33.689984+00:00
[2025-04-14T00:31:47.529+0000] {warnings.py:112} WARNING - /home/***/.local/lib/python3.12/site-packages/***/task/task_runner/standard_task_runner.py:70: DeprecationWarning: This process (pid=172) is multi-threaded, use of fork() may lead to deadlocks in the child.
  pid = os.fork()

[2025-04-14T00:31:47.530+0000] {standard_task_runner.py:72} INFO - Started process 174 to run task
[2025-04-14T00:31:47.532+0000] {standard_task_runner.py:104} INFO - Running: ['***', 'tasks', 'run', 'data_ingestion_gcs_dag', 'get_last_issued_date_task', 'manual__2025-04-14T00:26:33.689984+00:00', '--job-id', '7', '--raw', '--subdir', 'DAGS_FOLDER/data_ingestion_gcs_dag.py', '--cfg-path', '/tmp/tmpd0n70m4m']
[2025-04-14T00:31:47.533+0000] {standard_task_runner.py:105} INFO - Job 7: Subtask get_last_issued_date_task
[2025-04-14T00:31:47.557+0000] {task_command.py:467} INFO - Running <TaskInstance: data_ingestion_gcs_dag.get_last_issued_date_task manual__2025-04-14T00:26:33.689984+00:00 [running]> on host 2bee46db6337
[2025-04-14T00:31:47.593+0000] {taskinstance.py:3134} INFO - Exporting env vars: AIRFLOW_CTX_DAG_OWNER='***' AIRFLOW_CTX_DAG_ID='data_ingestion_gcs_dag' AIRFLOW_CTX_TASK_ID='get_last_issued_date_task' AIRFLOW_CTX_EXECUTION_DATE='2025-04-14T00:26:33.689984+00:00' AIRFLOW_CTX_TRY_NUMBER='1' AIRFLOW_CTX_DAG_RUN_ID='manual__2025-04-14T00:26:33.689984+00:00'
[2025-04-14T00:31:47.594+0000] {logging_mixin.py:190} INFO - Task instance is in running state
[2025-04-14T00:31:47.595+0000] {logging_mixin.py:190} INFO -  Previous state of the Task instance: queued
[2025-04-14T00:31:47.595+0000] {logging_mixin.py:190} INFO - Current task name:get_last_issued_date_task state:running start_date:2025-04-14 00:31:47.515556+00:00
[2025-04-14T00:31:47.595+0000] {logging_mixin.py:190} INFO - Dag name:data_ingestion_gcs_dag and current dag run status:running
[2025-04-14T00:31:47.595+0000] {taskinstance.py:732} INFO - ::endgroup::
[2025-04-14T00:31:47.992+0000] {python.py:240} INFO - Done. Returned value was: 2020-04-15T00:00:00.000
[2025-04-14T00:31:48.031+0000] {taskinstance.py:341} INFO - ::group::Post task execution logs
[2025-04-14T00:31:48.031+0000] {taskinstance.py:353} INFO - Marking task as SUCCESS. dag_id=data_ingestion_gcs_dag, task_id=get_last_issued_date_task, run_id=manual__2025-04-14T00:26:33.689984+00:00, execution_date=20250414T002633, start_date=20250414T003147, end_date=20250414T003148
[2025-04-14T00:31:48.046+0000] {logging_mixin.py:190} INFO - Task instance in success state
[2025-04-14T00:31:48.046+0000] {logging_mixin.py:190} INFO -  Previous state of the Task instance: running
[2025-04-14T00:31:48.046+0000] {logging_mixin.py:190} INFO - Dag name:data_ingestion_gcs_dag queued_at:2025-04-14 00:26:33.704186+00:00
[2025-04-14T00:31:48.047+0000] {logging_mixin.py:190} INFO - Task hostname:2bee46db6337 operator:PythonOperator
[2025-04-14T00:31:48.079+0000] {local_task_job_runner.py:266} INFO - Task exited with return code 0
[2025-04-14T00:31:48.121+0000] {taskinstance.py:3901} INFO - 1 downstream tasks scheduled from follow-on schedule check
[2025-04-14T00:31:48.122+0000] {local_task_job_runner.py:245} INFO - ::endgroup::
