[2025-04-13T02:50:25.110+0000] {local_task_job_runner.py:123} INFO - ::group::Pre task execution logs
[2025-04-13T02:50:25.118+0000] {taskinstance.py:2614} INFO - Dependencies all met for dep_context=non-requeueable deps ti=<TaskInstance: data_ingestion_gcs_dag.get_last_issuance_date_task manual__2025-04-13T02:45:15.274835+00:00 [queued]>
[2025-04-13T02:50:25.122+0000] {taskinstance.py:2614} INFO - Dependencies all met for dep_context=requeueable deps ti=<TaskInstance: data_ingestion_gcs_dag.get_last_issuance_date_task manual__2025-04-13T02:45:15.274835+00:00 [queued]>
[2025-04-13T02:50:25.122+0000] {taskinstance.py:2867} INFO - Starting attempt 1 of 2
[2025-04-13T02:50:25.128+0000] {taskinstance.py:2890} INFO - Executing <Task(PythonOperator): get_last_issuance_date_task> on 2025-04-13 02:45:15.274835+00:00
[2025-04-13T02:50:25.132+0000] {warnings.py:112} WARNING - /home/***/.local/lib/python3.12/site-packages/***/task/task_runner/standard_task_runner.py:70: DeprecationWarning: This process (pid=161) is multi-threaded, use of fork() may lead to deadlocks in the child.
  pid = os.fork()

[2025-04-13T02:50:25.134+0000] {standard_task_runner.py:72} INFO - Started process 163 to run task
[2025-04-13T02:50:25.135+0000] {standard_task_runner.py:104} INFO - Running: ['***', 'tasks', 'run', 'data_ingestion_gcs_dag', 'get_last_issuance_date_task', 'manual__2025-04-13T02:45:15.274835+00:00', '--job-id', '6', '--raw', '--subdir', 'DAGS_FOLDER/data_ingestion_gcs_dag.py', '--cfg-path', '/tmp/tmp_w00cgkn']
[2025-04-13T02:50:25.136+0000] {standard_task_runner.py:105} INFO - Job 6: Subtask get_last_issuance_date_task
[2025-04-13T02:50:25.161+0000] {task_command.py:467} INFO - Running <TaskInstance: data_ingestion_gcs_dag.get_last_issuance_date_task manual__2025-04-13T02:45:15.274835+00:00 [running]> on host 84c96c34f493
[2025-04-13T02:50:25.199+0000] {taskinstance.py:3134} INFO - Exporting env vars: AIRFLOW_CTX_DAG_OWNER='***' AIRFLOW_CTX_DAG_ID='data_ingestion_gcs_dag' AIRFLOW_CTX_TASK_ID='get_last_issuance_date_task' AIRFLOW_CTX_EXECUTION_DATE='2025-04-13T02:45:15.274835+00:00' AIRFLOW_CTX_TRY_NUMBER='1' AIRFLOW_CTX_DAG_RUN_ID='manual__2025-04-13T02:45:15.274835+00:00'
[2025-04-13T02:50:25.200+0000] {logging_mixin.py:190} INFO - Task instance is in running state
[2025-04-13T02:50:25.200+0000] {logging_mixin.py:190} INFO -  Previous state of the Task instance: queued
[2025-04-13T02:50:25.200+0000] {logging_mixin.py:190} INFO - Current task name:get_last_issuance_date_task state:running start_date:2025-04-13 02:50:25.119172+00:00
[2025-04-13T02:50:25.200+0000] {logging_mixin.py:190} INFO - Dag name:data_ingestion_gcs_dag and current dag run status:running
[2025-04-13T02:50:25.200+0000] {taskinstance.py:732} INFO - ::endgroup::
[2025-04-13T02:50:25.621+0000] {python.py:240} INFO - Done. Returned value was: 1997-11-26T00:00:00.000
[2025-04-13T02:50:25.663+0000] {taskinstance.py:341} INFO - ::group::Post task execution logs
[2025-04-13T02:50:25.664+0000] {taskinstance.py:353} INFO - Marking task as SUCCESS. dag_id=data_ingestion_gcs_dag, task_id=get_last_issuance_date_task, run_id=manual__2025-04-13T02:45:15.274835+00:00, execution_date=20250413T024515, start_date=20250413T025025, end_date=20250413T025025
[2025-04-13T02:50:25.695+0000] {logging_mixin.py:190} INFO - Task instance in success state
[2025-04-13T02:50:25.696+0000] {logging_mixin.py:190} INFO -  Previous state of the Task instance: running
[2025-04-13T02:50:25.696+0000] {logging_mixin.py:190} INFO - Dag name:data_ingestion_gcs_dag queued_at:2025-04-13 02:45:15.401139+00:00
[2025-04-13T02:50:25.696+0000] {logging_mixin.py:190} INFO - Task hostname:84c96c34f493 operator:PythonOperator
[2025-04-13T02:50:25.727+0000] {local_task_job_runner.py:266} INFO - Task exited with return code 0
[2025-04-13T02:50:25.762+0000] {taskinstance.py:3901} INFO - 1 downstream tasks scheduled from follow-on schedule check
[2025-04-13T02:50:25.763+0000] {local_task_job_runner.py:245} INFO - ::endgroup::
