[2025-04-17T01:58:04.419+0000] {local_task_job_runner.py:123} INFO - ::group::Pre task execution logs
[2025-04-17T01:58:04.434+0000] {taskinstance.py:2614} INFO - Dependencies all met for dep_context=non-requeueable deps ti=<TaskInstance: data_ingestion_gcs_dag.local_to_gcs_task scheduled__2025-04-16T00:00:00+00:00 [queued]>
[2025-04-17T01:58:04.440+0000] {taskinstance.py:2614} INFO - Dependencies all met for dep_context=requeueable deps ti=<TaskInstance: data_ingestion_gcs_dag.local_to_gcs_task scheduled__2025-04-16T00:00:00+00:00 [queued]>
[2025-04-17T01:58:04.440+0000] {taskinstance.py:2867} INFO - Starting attempt 1 of 2
[2025-04-17T01:58:04.447+0000] {taskinstance.py:2890} INFO - Executing <Task(PythonOperator): local_to_gcs_task> on 2025-04-16 00:00:00+00:00
[2025-04-17T01:58:04.451+0000] {warnings.py:112} WARNING - /home/***/.local/lib/python3.12/site-packages/***/task/task_runner/standard_task_runner.py:70: DeprecationWarning: This process (pid=87) is multi-threaded, use of fork() may lead to deadlocks in the child.
  pid = os.fork()

[2025-04-17T01:58:04.452+0000] {standard_task_runner.py:72} INFO - Started process 89 to run task
[2025-04-17T01:58:04.452+0000] {standard_task_runner.py:104} INFO - Running: ['***', 'tasks', 'run', 'data_ingestion_gcs_dag', 'local_to_gcs_task', 'scheduled__2025-04-16T00:00:00+00:00', '--job-id', '5', '--raw', '--subdir', 'DAGS_FOLDER/data_ingestion_gcs_dag.py', '--cfg-path', '/tmp/tmpbhzubdax']
[2025-04-17T01:58:04.453+0000] {standard_task_runner.py:105} INFO - Job 5: Subtask local_to_gcs_task
[2025-04-17T01:58:04.480+0000] {task_command.py:467} INFO - Running <TaskInstance: data_ingestion_gcs_dag.local_to_gcs_task scheduled__2025-04-16T00:00:00+00:00 [running]> on host a4de9eb4cb15
[2025-04-17T01:58:04.518+0000] {taskinstance.py:3134} INFO - Exporting env vars: AIRFLOW_CTX_DAG_OWNER='***' AIRFLOW_CTX_DAG_ID='data_ingestion_gcs_dag' AIRFLOW_CTX_TASK_ID='local_to_gcs_task' AIRFLOW_CTX_EXECUTION_DATE='2025-04-16T00:00:00+00:00' AIRFLOW_CTX_TRY_NUMBER='1' AIRFLOW_CTX_DAG_RUN_ID='scheduled__2025-04-16T00:00:00+00:00'
[2025-04-17T01:58:04.519+0000] {logging_mixin.py:190} INFO - Task instance is in running state
[2025-04-17T01:58:04.519+0000] {logging_mixin.py:190} INFO -  Previous state of the Task instance: queued
[2025-04-17T01:58:04.520+0000] {logging_mixin.py:190} INFO - Current task name:local_to_gcs_task state:running start_date:2025-04-17 01:58:04.434347+00:00
[2025-04-17T01:58:04.520+0000] {logging_mixin.py:190} INFO - Dag name:data_ingestion_gcs_dag and current dag run status:running
[2025-04-17T01:58:04.520+0000] {taskinstance.py:732} INFO - ::endgroup::
[2025-04-17T01:58:04.577+0000] {logging_mixin.py:190} INFO - uploading to gcs
[2025-04-17T01:58:04.974+0000] {python.py:240} INFO - Done. Returned value was: gs://nyc-projects-455321-bucket/raw/building_permits-2025-04-17-015804.parquet
[2025-04-17T01:58:04.986+0000] {taskinstance.py:341} INFO - ::group::Post task execution logs
[2025-04-17T01:58:04.986+0000] {taskinstance.py:353} INFO - Marking task as SUCCESS. dag_id=data_ingestion_gcs_dag, task_id=local_to_gcs_task, run_id=scheduled__2025-04-16T00:00:00+00:00, execution_date=20250416T000000, start_date=20250417T015804, end_date=20250417T015804
[2025-04-17T01:58:04.998+0000] {logging_mixin.py:190} INFO - Task instance in success state
[2025-04-17T01:58:04.999+0000] {logging_mixin.py:190} INFO -  Previous state of the Task instance: running
[2025-04-17T01:58:04.999+0000] {logging_mixin.py:190} INFO - Dag name:data_ingestion_gcs_dag queued_at:2025-04-17 01:57:55.460083+00:00
[2025-04-17T01:58:04.999+0000] {logging_mixin.py:190} INFO - Task hostname:a4de9eb4cb15 operator:PythonOperator
[2025-04-17T01:58:05.044+0000] {local_task_job_runner.py:266} INFO - Task exited with return code 0
[2025-04-17T01:58:05.060+0000] {taskinstance.py:3901} INFO - 1 downstream tasks scheduled from follow-on schedule check
[2025-04-17T01:58:05.061+0000] {local_task_job_runner.py:245} INFO - ::endgroup::
