[2025-04-14T03:58:10.240+0000] {local_task_job_runner.py:123} INFO - ::group::Pre task execution logs
[2025-04-14T03:58:10.253+0000] {taskinstance.py:2614} INFO - Dependencies all met for dep_context=non-requeueable deps ti=<TaskInstance: data_ingestion_gcs_dag.create_table_task manual__2025-04-14T03:57:31.760383+00:00 [queued]>
[2025-04-14T03:58:10.258+0000] {taskinstance.py:2614} INFO - Dependencies all met for dep_context=requeueable deps ti=<TaskInstance: data_ingestion_gcs_dag.create_table_task manual__2025-04-14T03:57:31.760383+00:00 [queued]>
[2025-04-14T03:58:10.259+0000] {taskinstance.py:2867} INFO - Starting attempt 1 of 2
[2025-04-14T03:58:10.265+0000] {taskinstance.py:2890} INFO - Executing <Task(BigQueryInsertJobOperator): create_table_task> on 2025-04-14 03:57:31.760383+00:00
[2025-04-14T03:58:10.269+0000] {warnings.py:112} WARNING - /home/***/.local/lib/python3.12/site-packages/***/task/task_runner/standard_task_runner.py:70: DeprecationWarning: This process (pid=167) is multi-threaded, use of fork() may lead to deadlocks in the child.
  pid = os.fork()

[2025-04-14T03:58:10.270+0000] {standard_task_runner.py:72} INFO - Started process 169 to run task
[2025-04-14T03:58:10.271+0000] {standard_task_runner.py:104} INFO - Running: ['***', 'tasks', 'run', 'data_ingestion_gcs_dag', 'create_table_task', 'manual__2025-04-14T03:57:31.760383+00:00', '--job-id', '13', '--raw', '--subdir', 'DAGS_FOLDER/data_ingestion_gcs_dag.py', '--cfg-path', '/tmp/tmp_kdte06x']
[2025-04-14T03:58:10.271+0000] {standard_task_runner.py:105} INFO - Job 13: Subtask create_table_task
[2025-04-14T03:58:10.294+0000] {task_command.py:467} INFO - Running <TaskInstance: data_ingestion_gcs_dag.create_table_task manual__2025-04-14T03:57:31.760383+00:00 [running]> on host 3029200567a0
[2025-04-14T03:58:10.340+0000] {taskinstance.py:3134} INFO - Exporting env vars: AIRFLOW_CTX_DAG_OWNER='***' AIRFLOW_CTX_DAG_ID='data_ingestion_gcs_dag' AIRFLOW_CTX_TASK_ID='create_table_task' AIRFLOW_CTX_EXECUTION_DATE='2025-04-14T03:57:31.760383+00:00' AIRFLOW_CTX_TRY_NUMBER='1' AIRFLOW_CTX_DAG_RUN_ID='manual__2025-04-14T03:57:31.760383+00:00'
[2025-04-14T03:58:10.341+0000] {logging_mixin.py:190} INFO - Task instance is in running state
[2025-04-14T03:58:10.341+0000] {logging_mixin.py:190} INFO -  Previous state of the Task instance: queued
[2025-04-14T03:58:10.342+0000] {logging_mixin.py:190} INFO - Current task name:create_table_task state:running start_date:2025-04-14 03:58:10.253727+00:00
[2025-04-14T03:58:10.342+0000] {logging_mixin.py:190} INFO - Dag name:data_ingestion_gcs_dag and current dag run status:running
[2025-04-14T03:58:10.342+0000] {taskinstance.py:732} INFO - ::endgroup::
[2025-04-14T03:58:10.343+0000] {crypto.py:82} WARNING - empty cryptography key - values will not be stored encrypted.
[2025-04-14T03:58:10.343+0000] {connection.py:277} WARNING - Connection schemes (type: google_cloud_platform) shall not contain '_' according to RFC3986.
[2025-04-14T03:58:10.344+0000] {base.py:84} INFO - Retrieving connection 'google_cloud_default'
[2025-04-14T03:58:10.373+0000] {bigquery.py:2665} INFO - Executing: {'query': {'query': '\n          CREATE TABLE IF NOT EXISTS `nyc-projects-455321.building_permits.permits`\n          (\n            borough STRING,\n            job_type STRING,\n            block STRING,\n            lot STRING,\n            issuance_date TIMESTAMP,\n            permit_si_no INT64,\n            gis_latitude FLOAT64,\n            gis_longitude FLOAT64,\n            gis_nta_name STRING\n          )\n          PARTITION BY DATE(issuance_date)\n          CLUSTER BY gis_nta_name, job_type, borough, block;\n        ', 'useLegacySql': False}}'
[2025-04-14T03:58:10.374+0000] {bigquery.py:1241} INFO - Inserting job ***_data_ingestion_gcs_dag_create_table_task_2025_04_14T03_57_31_760383_00_00_b9cb52fc4c3e3de5e8e59293374ddb94
[2025-04-14T03:58:11.096+0000] {bigquery.py:2636} INFO - Job ***_data_ingestion_gcs_dag_create_table_task_2025_04_14T03_57_31_760383_00_00_b9cb52fc4c3e3de5e8e59293374ddb94 is completed. Checking the job status
[2025-04-14T03:58:11.135+0000] {taskinstance.py:341} INFO - ::group::Post task execution logs
[2025-04-14T03:58:11.136+0000] {taskinstance.py:353} INFO - Marking task as SUCCESS. dag_id=data_ingestion_gcs_dag, task_id=create_table_task, run_id=manual__2025-04-14T03:57:31.760383+00:00, execution_date=20250414T035731, start_date=20250414T035810, end_date=20250414T035811
[2025-04-14T03:58:11.155+0000] {logging_mixin.py:190} INFO - Task instance in success state
[2025-04-14T03:58:11.155+0000] {logging_mixin.py:190} INFO -  Previous state of the Task instance: running
[2025-04-14T03:58:11.156+0000] {logging_mixin.py:190} INFO - Dag name:data_ingestion_gcs_dag queued_at:2025-04-14 03:57:31.897514+00:00
[2025-04-14T03:58:11.156+0000] {logging_mixin.py:190} INFO - Task hostname:3029200567a0 operator:BigQueryInsertJobOperator
[2025-04-14T03:58:11.190+0000] {local_task_job_runner.py:266} INFO - Task exited with return code 0
[2025-04-14T03:58:11.225+0000] {taskinstance.py:3901} INFO - 1 downstream tasks scheduled from follow-on schedule check
[2025-04-14T03:58:11.226+0000] {local_task_job_runner.py:245} INFO - ::endgroup::
