[2025-04-13T23:43:24.096+0000] {local_task_job_runner.py:123} INFO - ::group::Pre task execution logs
[2025-04-13T23:43:24.106+0000] {taskinstance.py:2614} INFO - Dependencies all met for dep_context=non-requeueable deps ti=<TaskInstance: data_ingestion_gcs_dag.create_external_table_task manual__2025-04-13T23:42:56.304330+00:00 [queued]>
[2025-04-13T23:43:24.111+0000] {taskinstance.py:2614} INFO - Dependencies all met for dep_context=requeueable deps ti=<TaskInstance: data_ingestion_gcs_dag.create_external_table_task manual__2025-04-13T23:42:56.304330+00:00 [queued]>
[2025-04-13T23:43:24.112+0000] {taskinstance.py:2867} INFO - Starting attempt 1 of 2
[2025-04-13T23:43:24.118+0000] {taskinstance.py:2890} INFO - Executing <Task(BigQueryInsertJobOperator): create_external_table_task> on 2025-04-13 23:42:56.304330+00:00
[2025-04-13T23:43:24.122+0000] {warnings.py:112} WARNING - /home/***/.local/lib/python3.12/site-packages/***/task/task_runner/standard_task_runner.py:70: DeprecationWarning: This process (pid=114) is multi-threaded, use of fork() may lead to deadlocks in the child.
  pid = os.fork()

[2025-04-13T23:43:24.124+0000] {standard_task_runner.py:72} INFO - Started process 116 to run task
[2025-04-13T23:43:24.125+0000] {standard_task_runner.py:104} INFO - Running: ['***', 'tasks', 'run', 'data_ingestion_gcs_dag', 'create_external_table_task', 'manual__2025-04-13T23:42:56.304330+00:00', '--job-id', '10', '--raw', '--subdir', 'DAGS_FOLDER/data_ingestion_gcs_dag.py', '--cfg-path', '/tmp/tmp8e3zz9q0']
[2025-04-13T23:43:24.125+0000] {standard_task_runner.py:105} INFO - Job 10: Subtask create_external_table_task
[2025-04-13T23:43:24.148+0000] {task_command.py:467} INFO - Running <TaskInstance: data_ingestion_gcs_dag.create_external_table_task manual__2025-04-13T23:42:56.304330+00:00 [running]> on host 0b262730a036
[2025-04-13T23:43:24.192+0000] {taskinstance.py:3134} INFO - Exporting env vars: AIRFLOW_CTX_DAG_OWNER='***' AIRFLOW_CTX_DAG_ID='data_ingestion_gcs_dag' AIRFLOW_CTX_TASK_ID='create_external_table_task' AIRFLOW_CTX_EXECUTION_DATE='2025-04-13T23:42:56.304330+00:00' AIRFLOW_CTX_TRY_NUMBER='1' AIRFLOW_CTX_DAG_RUN_ID='manual__2025-04-13T23:42:56.304330+00:00'
[2025-04-13T23:43:24.193+0000] {logging_mixin.py:190} INFO - Task instance is in running state
[2025-04-13T23:43:24.193+0000] {logging_mixin.py:190} INFO -  Previous state of the Task instance: queued
[2025-04-13T23:43:24.194+0000] {logging_mixin.py:190} INFO - Current task name:create_external_table_task state:running start_date:2025-04-13 23:43:24.107061+00:00
[2025-04-13T23:43:24.194+0000] {logging_mixin.py:190} INFO - Dag name:data_ingestion_gcs_dag and current dag run status:running
[2025-04-13T23:43:24.194+0000] {taskinstance.py:732} INFO - ::endgroup::
[2025-04-13T23:43:24.195+0000] {crypto.py:82} WARNING - empty cryptography key - values will not be stored encrypted.
[2025-04-13T23:43:24.195+0000] {connection.py:277} WARNING - Connection schemes (type: google_cloud_platform) shall not contain '_' according to RFC3986.
[2025-04-13T23:43:24.195+0000] {base.py:84} INFO - Retrieving connection 'google_cloud_default'
[2025-04-13T23:43:24.223+0000] {bigquery.py:2665} INFO - Executing: {'query': {'query': '\n          CREATE OR REPLACE EXTERNAL TABLE `nyc-projects-455321.building_permits.external_table`\n          OPTIONS (\n            format = \'PARQUET\',\n            uris = ["gs://nyc-projects-455321-bucket/raw/building_permits-2025-04-13-234322.parquet"]\n          )\n        ', 'useLegacySql': False}}'
[2025-04-13T23:43:24.224+0000] {bigquery.py:1241} INFO - Inserting job ***_data_ingestion_gcs_dag_create_external_table_task_2025_04_13T23_42_56_304330_00_00_9b7bc73e3a34f88c77e543236a7003f3
[2025-04-13T23:43:25.453+0000] {bigquery.py:2636} INFO - Job ***_data_ingestion_gcs_dag_create_external_table_task_2025_04_13T23_42_56_304330_00_00_9b7bc73e3a34f88c77e543236a7003f3 is completed. Checking the job status
[2025-04-13T23:43:25.485+0000] {taskinstance.py:341} INFO - ::group::Post task execution logs
[2025-04-13T23:43:25.486+0000] {taskinstance.py:353} INFO - Marking task as SUCCESS. dag_id=data_ingestion_gcs_dag, task_id=create_external_table_task, run_id=manual__2025-04-13T23:42:56.304330+00:00, execution_date=20250413T234256, start_date=20250413T234324, end_date=20250413T234325
[2025-04-13T23:43:25.508+0000] {logging_mixin.py:190} INFO - Task instance in success state
[2025-04-13T23:43:25.508+0000] {logging_mixin.py:190} INFO -  Previous state of the Task instance: running
[2025-04-13T23:43:25.508+0000] {logging_mixin.py:190} INFO - Dag name:data_ingestion_gcs_dag queued_at:2025-04-13 23:42:56.315121+00:00
[2025-04-13T23:43:25.508+0000] {logging_mixin.py:190} INFO - Task hostname:0b262730a036 operator:BigQueryInsertJobOperator
[2025-04-13T23:43:25.538+0000] {local_task_job_runner.py:266} INFO - Task exited with return code 0
[2025-04-13T23:43:25.570+0000] {taskinstance.py:3901} INFO - 0 downstream tasks scheduled from follow-on schedule check
[2025-04-13T23:43:25.572+0000] {local_task_job_runner.py:245} INFO - ::endgroup::
