[2025-04-07T00:00:02.738+0000] {local_task_job_runner.py:123} INFO - ::group::Pre task execution logs
[2025-04-07T00:00:02.751+0000] {taskinstance.py:2614} INFO - Dependencies all met for dep_context=non-requeueable deps ti=<TaskInstance: data_ingestion_gcs_dag.format_to_parquet_task scheduled__2025-04-06T00:00:00+00:00 [queued]>
[2025-04-07T00:00:02.756+0000] {taskinstance.py:2614} INFO - Dependencies all met for dep_context=requeueable deps ti=<TaskInstance: data_ingestion_gcs_dag.format_to_parquet_task scheduled__2025-04-06T00:00:00+00:00 [queued]>
[2025-04-07T00:00:02.757+0000] {taskinstance.py:2867} INFO - Starting attempt 1 of 2
[2025-04-07T00:00:02.763+0000] {taskinstance.py:2890} INFO - Executing <Task(PythonOperator): format_to_parquet_task> on 2025-04-06 00:00:00+00:00
[2025-04-07T00:00:02.768+0000] {warnings.py:112} WARNING - /home/***/.local/lib/python3.12/site-packages/***/task/task_runner/standard_task_runner.py:70: DeprecationWarning: This process (pid=307) is multi-threaded, use of fork() may lead to deadlocks in the child.
  pid = os.fork()

[2025-04-07T00:00:02.769+0000] {standard_task_runner.py:72} INFO - Started process 309 to run task
[2025-04-07T00:00:02.769+0000] {standard_task_runner.py:104} INFO - Running: ['***', 'tasks', 'run', 'data_ingestion_gcs_dag', 'format_to_parquet_task', 'scheduled__2025-04-06T00:00:00+00:00', '--job-id', '12', '--raw', '--subdir', 'DAGS_FOLDER/data_ingestion_gcs_dag.py', '--cfg-path', '/tmp/tmpfg7hycor']
[2025-04-07T00:00:02.770+0000] {standard_task_runner.py:105} INFO - Job 12: Subtask format_to_parquet_task
[2025-04-07T00:00:02.798+0000] {task_command.py:467} INFO - Running <TaskInstance: data_ingestion_gcs_dag.format_to_parquet_task scheduled__2025-04-06T00:00:00+00:00 [running]> on host ea69fc89020b
[2025-04-07T00:00:02.837+0000] {taskinstance.py:3134} INFO - Exporting env vars: AIRFLOW_CTX_DAG_OWNER='***' AIRFLOW_CTX_DAG_ID='data_ingestion_gcs_dag' AIRFLOW_CTX_TASK_ID='format_to_parquet_task' AIRFLOW_CTX_EXECUTION_DATE='2025-04-06T00:00:00+00:00' AIRFLOW_CTX_TRY_NUMBER='1' AIRFLOW_CTX_DAG_RUN_ID='scheduled__2025-04-06T00:00:00+00:00'
[2025-04-07T00:00:02.839+0000] {logging_mixin.py:190} INFO - Task instance is in running state
[2025-04-07T00:00:02.839+0000] {logging_mixin.py:190} INFO -  Previous state of the Task instance: queued
[2025-04-07T00:00:02.839+0000] {logging_mixin.py:190} INFO - Current task name:format_to_parquet_task state:running start_date:2025-04-07 00:00:02.751502+00:00
[2025-04-07T00:00:02.839+0000] {logging_mixin.py:190} INFO - Dag name:data_ingestion_gcs_dag and current dag run status:running
[2025-04-07T00:00:02.840+0000] {taskinstance.py:732} INFO - ::endgroup::
[2025-04-07T00:00:02.842+0000] {python.py:240} INFO - Done. Returned value was: None
[2025-04-07T00:00:02.847+0000] {taskinstance.py:341} INFO - ::group::Post task execution logs
[2025-04-07T00:00:02.847+0000] {taskinstance.py:353} INFO - Marking task as SUCCESS. dag_id=data_ingestion_gcs_dag, task_id=format_to_parquet_task, run_id=scheduled__2025-04-06T00:00:00+00:00, execution_date=20250406T000000, start_date=20250407T000002, end_date=20250407T000002
[2025-04-07T00:00:02.858+0000] {logging_mixin.py:190} INFO - Task instance in success state
[2025-04-07T00:00:02.858+0000] {logging_mixin.py:190} INFO -  Previous state of the Task instance: running
[2025-04-07T00:00:02.858+0000] {logging_mixin.py:190} INFO - Dag name:data_ingestion_gcs_dag queued_at:2025-04-07 00:00:00.172683+00:00
[2025-04-07T00:00:02.858+0000] {logging_mixin.py:190} INFO - Task hostname:ea69fc89020b operator:PythonOperator
[2025-04-07T00:00:02.867+0000] {local_task_job_runner.py:266} INFO - Task exited with return code 0
[2025-04-07T00:00:02.885+0000] {taskinstance.py:3901} INFO - 1 downstream tasks scheduled from follow-on schedule check
[2025-04-07T00:00:02.886+0000] {local_task_job_runner.py:245} INFO - ::endgroup::
[2025-04-07T00:06:52.448+0000] {local_task_job_runner.py:123} INFO - ::group::Pre task execution logs
[2025-04-07T00:06:52.460+0000] {taskinstance.py:2614} INFO - Dependencies all met for dep_context=non-requeueable deps ti=<TaskInstance: data_ingestion_gcs_dag.format_to_parquet_task scheduled__2025-04-06T00:00:00+00:00 [queued]>
[2025-04-07T00:06:52.465+0000] {taskinstance.py:2614} INFO - Dependencies all met for dep_context=requeueable deps ti=<TaskInstance: data_ingestion_gcs_dag.format_to_parquet_task scheduled__2025-04-06T00:00:00+00:00 [queued]>
[2025-04-07T00:06:52.465+0000] {taskinstance.py:2867} INFO - Starting attempt 1 of 2
[2025-04-07T00:06:52.470+0000] {taskinstance.py:2890} INFO - Executing <Task(PythonOperator): format_to_parquet_task> on 2025-04-06 00:00:00+00:00
[2025-04-07T00:06:52.475+0000] {warnings.py:112} WARNING - /home/***/.local/lib/python3.12/site-packages/***/task/task_runner/standard_task_runner.py:70: DeprecationWarning: This process (pid=114) is multi-threaded, use of fork() may lead to deadlocks in the child.
  pid = os.fork()

[2025-04-07T00:06:52.476+0000] {standard_task_runner.py:72} INFO - Started process 116 to run task
[2025-04-07T00:06:52.476+0000] {standard_task_runner.py:104} INFO - Running: ['***', 'tasks', 'run', 'data_ingestion_gcs_dag', 'format_to_parquet_task', 'scheduled__2025-04-06T00:00:00+00:00', '--job-id', '4', '--raw', '--subdir', 'DAGS_FOLDER/data_ingestion_gcs_dag.py', '--cfg-path', '/tmp/tmpf6e6c1yq']
[2025-04-07T00:06:52.477+0000] {standard_task_runner.py:105} INFO - Job 4: Subtask format_to_parquet_task
[2025-04-07T00:06:52.502+0000] {task_command.py:467} INFO - Running <TaskInstance: data_ingestion_gcs_dag.format_to_parquet_task scheduled__2025-04-06T00:00:00+00:00 [running]> on host 45e27105610f
[2025-04-07T00:06:52.542+0000] {taskinstance.py:3134} INFO - Exporting env vars: AIRFLOW_CTX_DAG_OWNER='***' AIRFLOW_CTX_DAG_ID='data_ingestion_gcs_dag' AIRFLOW_CTX_TASK_ID='format_to_parquet_task' AIRFLOW_CTX_EXECUTION_DATE='2025-04-06T00:00:00+00:00' AIRFLOW_CTX_TRY_NUMBER='1' AIRFLOW_CTX_DAG_RUN_ID='scheduled__2025-04-06T00:00:00+00:00'
[2025-04-07T00:06:52.543+0000] {logging_mixin.py:190} INFO - Task instance is in running state
[2025-04-07T00:06:52.544+0000] {logging_mixin.py:190} INFO -  Previous state of the Task instance: queued
[2025-04-07T00:06:52.544+0000] {logging_mixin.py:190} INFO - Current task name:format_to_parquet_task state:running start_date:2025-04-07 00:06:52.461001+00:00
[2025-04-07T00:06:52.544+0000] {logging_mixin.py:190} INFO - Dag name:data_ingestion_gcs_dag and current dag run status:running
[2025-04-07T00:06:52.544+0000] {taskinstance.py:732} INFO - ::endgroup::
[2025-04-07T00:06:52.559+0000] {python.py:240} INFO - Done. Returned value was: None
[2025-04-07T00:06:52.568+0000] {taskinstance.py:341} INFO - ::group::Post task execution logs
[2025-04-07T00:06:52.568+0000] {taskinstance.py:353} INFO - Marking task as SUCCESS. dag_id=data_ingestion_gcs_dag, task_id=format_to_parquet_task, run_id=scheduled__2025-04-06T00:00:00+00:00, execution_date=20250406T000000, start_date=20250407T000652, end_date=20250407T000652
[2025-04-07T00:06:52.580+0000] {logging_mixin.py:190} INFO - Task instance in success state
[2025-04-07T00:06:52.581+0000] {logging_mixin.py:190} INFO -  Previous state of the Task instance: running
[2025-04-07T00:06:52.581+0000] {logging_mixin.py:190} INFO - Dag name:data_ingestion_gcs_dag queued_at:2025-04-07 00:06:47.476044+00:00
[2025-04-07T00:06:52.581+0000] {logging_mixin.py:190} INFO - Task hostname:45e27105610f operator:PythonOperator
[2025-04-07T00:06:52.614+0000] {local_task_job_runner.py:266} INFO - Task exited with return code 0
[2025-04-07T00:06:52.630+0000] {taskinstance.py:3901} INFO - 0 downstream tasks scheduled from follow-on schedule check
[2025-04-07T00:06:52.631+0000] {local_task_job_runner.py:245} INFO - ::endgroup::
[2025-04-07T00:29:12.745+0000] {local_task_job_runner.py:123} INFO - ::group::Pre task execution logs
[2025-04-07T00:29:12.760+0000] {taskinstance.py:2614} INFO - Dependencies all met for dep_context=non-requeueable deps ti=<TaskInstance: data_ingestion_gcs_dag.format_to_parquet_task scheduled__2025-04-06T00:00:00+00:00 [queued]>
[2025-04-07T00:29:12.765+0000] {taskinstance.py:2614} INFO - Dependencies all met for dep_context=requeueable deps ti=<TaskInstance: data_ingestion_gcs_dag.format_to_parquet_task scheduled__2025-04-06T00:00:00+00:00 [queued]>
[2025-04-07T00:29:12.766+0000] {taskinstance.py:2867} INFO - Starting attempt 1 of 2
[2025-04-07T00:29:12.772+0000] {taskinstance.py:2890} INFO - Executing <Task(PythonOperator): format_to_parquet_task> on 2025-04-06 00:00:00+00:00
[2025-04-07T00:29:12.777+0000] {warnings.py:112} WARNING - /home/***/.local/lib/python3.12/site-packages/***/task/task_runner/standard_task_runner.py:70: DeprecationWarning: This process (pid=121) is multi-threaded, use of fork() may lead to deadlocks in the child.
  pid = os.fork()

[2025-04-07T00:29:12.778+0000] {standard_task_runner.py:72} INFO - Started process 123 to run task
[2025-04-07T00:29:12.778+0000] {standard_task_runner.py:104} INFO - Running: ['***', 'tasks', 'run', 'data_ingestion_gcs_dag', 'format_to_parquet_task', 'scheduled__2025-04-06T00:00:00+00:00', '--job-id', '4', '--raw', '--subdir', 'DAGS_FOLDER/data_ingestion_gcs_dag.py', '--cfg-path', '/tmp/tmpw77o0i92']
[2025-04-07T00:29:12.779+0000] {standard_task_runner.py:105} INFO - Job 4: Subtask format_to_parquet_task
[2025-04-07T00:29:12.808+0000] {task_command.py:467} INFO - Running <TaskInstance: data_ingestion_gcs_dag.format_to_parquet_task scheduled__2025-04-06T00:00:00+00:00 [running]> on host 1f505880f037
[2025-04-07T00:29:12.848+0000] {taskinstance.py:3134} INFO - Exporting env vars: AIRFLOW_CTX_DAG_OWNER='***' AIRFLOW_CTX_DAG_ID='data_ingestion_gcs_dag' AIRFLOW_CTX_TASK_ID='format_to_parquet_task' AIRFLOW_CTX_EXECUTION_DATE='2025-04-06T00:00:00+00:00' AIRFLOW_CTX_TRY_NUMBER='1' AIRFLOW_CTX_DAG_RUN_ID='scheduled__2025-04-06T00:00:00+00:00'
[2025-04-07T00:29:12.849+0000] {logging_mixin.py:190} INFO - Task instance is in running state
[2025-04-07T00:29:12.850+0000] {logging_mixin.py:190} INFO -  Previous state of the Task instance: queued
[2025-04-07T00:29:12.850+0000] {logging_mixin.py:190} INFO - Current task name:format_to_parquet_task state:running start_date:2025-04-07 00:29:12.760529+00:00
[2025-04-07T00:29:12.850+0000] {logging_mixin.py:190} INFO - Dag name:data_ingestion_gcs_dag and current dag run status:running
[2025-04-07T00:29:12.850+0000] {taskinstance.py:732} INFO - ::endgroup::
[2025-04-07T00:29:12.864+0000] {python.py:240} INFO - Done. Returned value was: None
[2025-04-07T00:29:12.870+0000] {taskinstance.py:341} INFO - ::group::Post task execution logs
[2025-04-07T00:29:12.870+0000] {taskinstance.py:353} INFO - Marking task as SUCCESS. dag_id=data_ingestion_gcs_dag, task_id=format_to_parquet_task, run_id=scheduled__2025-04-06T00:00:00+00:00, execution_date=20250406T000000, start_date=20250407T002912, end_date=20250407T002912
[2025-04-07T00:29:12.881+0000] {logging_mixin.py:190} INFO - Task instance in success state
[2025-04-07T00:29:12.882+0000] {logging_mixin.py:190} INFO -  Previous state of the Task instance: running
[2025-04-07T00:29:12.882+0000] {logging_mixin.py:190} INFO - Dag name:data_ingestion_gcs_dag queued_at:2025-04-07 00:29:07.829733+00:00
[2025-04-07T00:29:12.882+0000] {logging_mixin.py:190} INFO - Task hostname:1f505880f037 operator:PythonOperator
[2025-04-07T00:29:12.917+0000] {local_task_job_runner.py:266} INFO - Task exited with return code 0
[2025-04-07T00:29:12.932+0000] {taskinstance.py:3901} INFO - 0 downstream tasks scheduled from follow-on schedule check
[2025-04-07T00:29:12.933+0000] {local_task_job_runner.py:245} INFO - ::endgroup::
[2025-04-07T00:56:03.735+0000] {local_task_job_runner.py:123} INFO - ::group::Pre task execution logs
[2025-04-07T00:56:03.750+0000] {taskinstance.py:2614} INFO - Dependencies all met for dep_context=non-requeueable deps ti=<TaskInstance: data_ingestion_gcs_dag.format_to_parquet_task scheduled__2025-04-06T00:00:00+00:00 [queued]>
[2025-04-07T00:56:03.757+0000] {taskinstance.py:2614} INFO - Dependencies all met for dep_context=requeueable deps ti=<TaskInstance: data_ingestion_gcs_dag.format_to_parquet_task scheduled__2025-04-06T00:00:00+00:00 [queued]>
[2025-04-07T00:56:03.757+0000] {taskinstance.py:2867} INFO - Starting attempt 1 of 2
[2025-04-07T00:56:03.764+0000] {taskinstance.py:2890} INFO - Executing <Task(PythonOperator): format_to_parquet_task> on 2025-04-06 00:00:00+00:00
[2025-04-07T00:56:03.768+0000] {warnings.py:112} WARNING - /home/***/.local/lib/python3.12/site-packages/***/task/task_runner/standard_task_runner.py:70: DeprecationWarning: This process (pid=93) is multi-threaded, use of fork() may lead to deadlocks in the child.
  pid = os.fork()

[2025-04-07T00:56:03.769+0000] {standard_task_runner.py:72} INFO - Started process 95 to run task
[2025-04-07T00:56:03.769+0000] {standard_task_runner.py:104} INFO - Running: ['***', 'tasks', 'run', 'data_ingestion_gcs_dag', 'format_to_parquet_task', 'scheduled__2025-04-06T00:00:00+00:00', '--job-id', '4', '--raw', '--subdir', 'DAGS_FOLDER/data_ingestion_gcs_dag.py', '--cfg-path', '/tmp/tmpqa9oz_lh']
[2025-04-07T00:56:03.770+0000] {standard_task_runner.py:105} INFO - Job 4: Subtask format_to_parquet_task
[2025-04-07T00:56:03.795+0000] {task_command.py:467} INFO - Running <TaskInstance: data_ingestion_gcs_dag.format_to_parquet_task scheduled__2025-04-06T00:00:00+00:00 [running]> on host e8f99ea56dc4
[2025-04-07T00:56:03.836+0000] {taskinstance.py:3134} INFO - Exporting env vars: AIRFLOW_CTX_DAG_OWNER='***' AIRFLOW_CTX_DAG_ID='data_ingestion_gcs_dag' AIRFLOW_CTX_TASK_ID='format_to_parquet_task' AIRFLOW_CTX_EXECUTION_DATE='2025-04-06T00:00:00+00:00' AIRFLOW_CTX_TRY_NUMBER='1' AIRFLOW_CTX_DAG_RUN_ID='scheduled__2025-04-06T00:00:00+00:00'
[2025-04-07T00:56:03.837+0000] {logging_mixin.py:190} INFO - Task instance is in running state
[2025-04-07T00:56:03.838+0000] {logging_mixin.py:190} INFO -  Previous state of the Task instance: queued
[2025-04-07T00:56:03.838+0000] {logging_mixin.py:190} INFO - Current task name:format_to_parquet_task state:running start_date:2025-04-07 00:56:03.751302+00:00
[2025-04-07T00:56:03.838+0000] {logging_mixin.py:190} INFO - Dag name:data_ingestion_gcs_dag and current dag run status:running
[2025-04-07T00:56:03.838+0000] {taskinstance.py:732} INFO - ::endgroup::
[2025-04-07T00:56:03.853+0000] {python.py:240} INFO - Done. Returned value was: None
[2025-04-07T00:56:03.862+0000] {taskinstance.py:341} INFO - ::group::Post task execution logs
[2025-04-07T00:56:03.862+0000] {taskinstance.py:353} INFO - Marking task as SUCCESS. dag_id=data_ingestion_gcs_dag, task_id=format_to_parquet_task, run_id=scheduled__2025-04-06T00:00:00+00:00, execution_date=20250406T000000, start_date=20250407T005603, end_date=20250407T005603
[2025-04-07T00:56:03.876+0000] {logging_mixin.py:190} INFO - Task instance in success state
[2025-04-07T00:56:03.877+0000] {logging_mixin.py:190} INFO -  Previous state of the Task instance: running
[2025-04-07T00:56:03.877+0000] {logging_mixin.py:190} INFO - Dag name:data_ingestion_gcs_dag queued_at:2025-04-07 00:55:58.819674+00:00
[2025-04-07T00:56:03.877+0000] {logging_mixin.py:190} INFO - Task hostname:e8f99ea56dc4 operator:PythonOperator
[2025-04-07T00:56:03.908+0000] {local_task_job_runner.py:266} INFO - Task exited with return code 0
[2025-04-07T00:56:03.922+0000] {taskinstance.py:3901} INFO - 0 downstream tasks scheduled from follow-on schedule check
[2025-04-07T00:56:03.923+0000] {local_task_job_runner.py:245} INFO - ::endgroup::
[2025-04-07T01:01:05.044+0000] {local_task_job_runner.py:123} INFO - ::group::Pre task execution logs
[2025-04-07T01:01:05.059+0000] {taskinstance.py:2614} INFO - Dependencies all met for dep_context=non-requeueable deps ti=<TaskInstance: data_ingestion_gcs_dag.format_to_parquet_task scheduled__2025-04-06T00:00:00+00:00 [queued]>
[2025-04-07T01:01:05.064+0000] {taskinstance.py:2614} INFO - Dependencies all met for dep_context=requeueable deps ti=<TaskInstance: data_ingestion_gcs_dag.format_to_parquet_task scheduled__2025-04-06T00:00:00+00:00 [queued]>
[2025-04-07T01:01:05.064+0000] {taskinstance.py:2867} INFO - Starting attempt 1 of 2
[2025-04-07T01:01:05.071+0000] {taskinstance.py:2890} INFO - Executing <Task(PythonOperator): format_to_parquet_task> on 2025-04-06 00:00:00+00:00
[2025-04-07T01:01:05.076+0000] {warnings.py:112} WARNING - /home/***/.local/lib/python3.12/site-packages/***/task/task_runner/standard_task_runner.py:70: DeprecationWarning: This process (pid=93) is multi-threaded, use of fork() may lead to deadlocks in the child.
  pid = os.fork()

[2025-04-07T01:01:05.077+0000] {standard_task_runner.py:72} INFO - Started process 95 to run task
[2025-04-07T01:01:05.077+0000] {standard_task_runner.py:104} INFO - Running: ['***', 'tasks', 'run', 'data_ingestion_gcs_dag', 'format_to_parquet_task', 'scheduled__2025-04-06T00:00:00+00:00', '--job-id', '4', '--raw', '--subdir', 'DAGS_FOLDER/data_ingestion_gcs_dag.py', '--cfg-path', '/tmp/tmpg71wmo28']
[2025-04-07T01:01:05.078+0000] {standard_task_runner.py:105} INFO - Job 4: Subtask format_to_parquet_task
[2025-04-07T01:01:05.106+0000] {task_command.py:467} INFO - Running <TaskInstance: data_ingestion_gcs_dag.format_to_parquet_task scheduled__2025-04-06T00:00:00+00:00 [running]> on host d3b0f1ab36b5
[2025-04-07T01:01:05.149+0000] {taskinstance.py:3134} INFO - Exporting env vars: AIRFLOW_CTX_DAG_OWNER='***' AIRFLOW_CTX_DAG_ID='data_ingestion_gcs_dag' AIRFLOW_CTX_TASK_ID='format_to_parquet_task' AIRFLOW_CTX_EXECUTION_DATE='2025-04-06T00:00:00+00:00' AIRFLOW_CTX_TRY_NUMBER='1' AIRFLOW_CTX_DAG_RUN_ID='scheduled__2025-04-06T00:00:00+00:00'
[2025-04-07T01:01:05.150+0000] {logging_mixin.py:190} INFO - Task instance is in running state
[2025-04-07T01:01:05.150+0000] {logging_mixin.py:190} INFO -  Previous state of the Task instance: queued
[2025-04-07T01:01:05.150+0000] {logging_mixin.py:190} INFO - Current task name:format_to_parquet_task state:running start_date:2025-04-07 01:01:05.059530+00:00
[2025-04-07T01:01:05.150+0000] {logging_mixin.py:190} INFO - Dag name:data_ingestion_gcs_dag and current dag run status:running
[2025-04-07T01:01:05.150+0000] {taskinstance.py:732} INFO - ::endgroup::
[2025-04-07T01:01:05.163+0000] {python.py:240} INFO - Done. Returned value was: None
[2025-04-07T01:01:05.169+0000] {taskinstance.py:341} INFO - ::group::Post task execution logs
[2025-04-07T01:01:05.169+0000] {taskinstance.py:353} INFO - Marking task as SUCCESS. dag_id=data_ingestion_gcs_dag, task_id=format_to_parquet_task, run_id=scheduled__2025-04-06T00:00:00+00:00, execution_date=20250406T000000, start_date=20250407T010105, end_date=20250407T010105
[2025-04-07T01:01:05.180+0000] {logging_mixin.py:190} INFO - Task instance in success state
[2025-04-07T01:01:05.181+0000] {logging_mixin.py:190} INFO -  Previous state of the Task instance: running
[2025-04-07T01:01:05.181+0000] {logging_mixin.py:190} INFO - Dag name:data_ingestion_gcs_dag queued_at:2025-04-07 01:01:00.794367+00:00
[2025-04-07T01:01:05.181+0000] {logging_mixin.py:190} INFO - Task hostname:d3b0f1ab36b5 operator:PythonOperator
[2025-04-07T01:01:05.217+0000] {local_task_job_runner.py:266} INFO - Task exited with return code 0
[2025-04-07T01:01:05.250+0000] {taskinstance.py:3901} INFO - 1 downstream tasks scheduled from follow-on schedule check
[2025-04-07T01:01:05.251+0000] {local_task_job_runner.py:245} INFO - ::endgroup::
[2025-04-07T01:08:36.488+0000] {local_task_job_runner.py:123} INFO - ::group::Pre task execution logs
[2025-04-07T01:08:36.500+0000] {taskinstance.py:2614} INFO - Dependencies all met for dep_context=non-requeueable deps ti=<TaskInstance: data_ingestion_gcs_dag.format_to_parquet_task scheduled__2025-04-06T00:00:00+00:00 [queued]>
[2025-04-07T01:08:36.504+0000] {taskinstance.py:2614} INFO - Dependencies all met for dep_context=requeueable deps ti=<TaskInstance: data_ingestion_gcs_dag.format_to_parquet_task scheduled__2025-04-06T00:00:00+00:00 [queued]>
[2025-04-07T01:08:36.505+0000] {taskinstance.py:2867} INFO - Starting attempt 1 of 2
[2025-04-07T01:08:36.511+0000] {taskinstance.py:2890} INFO - Executing <Task(PythonOperator): format_to_parquet_task> on 2025-04-06 00:00:00+00:00
[2025-04-07T01:08:36.515+0000] {warnings.py:112} WARNING - /home/***/.local/lib/python3.12/site-packages/***/task/task_runner/standard_task_runner.py:70: DeprecationWarning: This process (pid=92) is multi-threaded, use of fork() may lead to deadlocks in the child.
  pid = os.fork()

[2025-04-07T01:08:36.516+0000] {standard_task_runner.py:72} INFO - Started process 94 to run task
[2025-04-07T01:08:36.518+0000] {standard_task_runner.py:104} INFO - Running: ['***', 'tasks', 'run', 'data_ingestion_gcs_dag', 'format_to_parquet_task', 'scheduled__2025-04-06T00:00:00+00:00', '--job-id', '4', '--raw', '--subdir', 'DAGS_FOLDER/data_ingestion_gcs_dag.py', '--cfg-path', '/tmp/tmpmidkly16']
[2025-04-07T01:08:36.519+0000] {standard_task_runner.py:105} INFO - Job 4: Subtask format_to_parquet_task
[2025-04-07T01:08:36.543+0000] {task_command.py:467} INFO - Running <TaskInstance: data_ingestion_gcs_dag.format_to_parquet_task scheduled__2025-04-06T00:00:00+00:00 [running]> on host 628caec663d6
[2025-04-07T01:08:36.582+0000] {taskinstance.py:3134} INFO - Exporting env vars: AIRFLOW_CTX_DAG_OWNER='***' AIRFLOW_CTX_DAG_ID='data_ingestion_gcs_dag' AIRFLOW_CTX_TASK_ID='format_to_parquet_task' AIRFLOW_CTX_EXECUTION_DATE='2025-04-06T00:00:00+00:00' AIRFLOW_CTX_TRY_NUMBER='1' AIRFLOW_CTX_DAG_RUN_ID='scheduled__2025-04-06T00:00:00+00:00'
[2025-04-07T01:08:36.583+0000] {logging_mixin.py:190} INFO - Task instance is in running state
[2025-04-07T01:08:36.583+0000] {logging_mixin.py:190} INFO -  Previous state of the Task instance: queued
[2025-04-07T01:08:36.584+0000] {logging_mixin.py:190} INFO - Current task name:format_to_parquet_task state:running start_date:2025-04-07 01:08:36.500799+00:00
[2025-04-07T01:08:36.584+0000] {logging_mixin.py:190} INFO - Dag name:data_ingestion_gcs_dag and current dag run status:running
[2025-04-07T01:08:36.584+0000] {taskinstance.py:732} INFO - ::endgroup::
[2025-04-07T01:08:36.587+0000] {python.py:240} INFO - Done. Returned value was: None
[2025-04-07T01:08:36.593+0000] {taskinstance.py:341} INFO - ::group::Post task execution logs
[2025-04-07T01:08:36.594+0000] {taskinstance.py:353} INFO - Marking task as SUCCESS. dag_id=data_ingestion_gcs_dag, task_id=format_to_parquet_task, run_id=scheduled__2025-04-06T00:00:00+00:00, execution_date=20250406T000000, start_date=20250407T010836, end_date=20250407T010836
[2025-04-07T01:08:36.605+0000] {logging_mixin.py:190} INFO - Task instance in success state
[2025-04-07T01:08:36.605+0000] {logging_mixin.py:190} INFO -  Previous state of the Task instance: running
[2025-04-07T01:08:36.605+0000] {logging_mixin.py:190} INFO - Dag name:data_ingestion_gcs_dag queued_at:2025-04-07 01:08:32.259016+00:00
[2025-04-07T01:08:36.605+0000] {logging_mixin.py:190} INFO - Task hostname:628caec663d6 operator:PythonOperator
[2025-04-07T01:08:36.615+0000] {local_task_job_runner.py:266} INFO - Task exited with return code 0
[2025-04-07T01:08:36.631+0000] {taskinstance.py:3901} INFO - 1 downstream tasks scheduled from follow-on schedule check
[2025-04-07T01:08:36.632+0000] {local_task_job_runner.py:245} INFO - ::endgroup::
