[2025-04-13T23:43:22.003+0000] {local_task_job_runner.py:123} INFO - ::group::Pre task execution logs
[2025-04-13T23:43:22.014+0000] {taskinstance.py:2614} INFO - Dependencies all met for dep_context=non-requeueable deps ti=<TaskInstance: data_ingestion_gcs_dag.local_to_gcs_task manual__2025-04-13T23:42:56.304330+00:00 [queued]>
[2025-04-13T23:43:22.019+0000] {taskinstance.py:2614} INFO - Dependencies all met for dep_context=requeueable deps ti=<TaskInstance: data_ingestion_gcs_dag.local_to_gcs_task manual__2025-04-13T23:42:56.304330+00:00 [queued]>
[2025-04-13T23:43:22.019+0000] {taskinstance.py:2867} INFO - Starting attempt 1 of 2
[2025-04-13T23:43:22.027+0000] {taskinstance.py:2890} INFO - Executing <Task(PythonOperator): local_to_gcs_task> on 2025-04-13 23:42:56.304330+00:00
[2025-04-13T23:43:22.032+0000] {warnings.py:112} WARNING - /home/***/.local/lib/python3.12/site-packages/***/task/task_runner/standard_task_runner.py:70: DeprecationWarning: This process (pid=110) is multi-threaded, use of fork() may lead to deadlocks in the child.
  pid = os.fork()

[2025-04-13T23:43:22.033+0000] {standard_task_runner.py:72} INFO - Started process 112 to run task
[2025-04-13T23:43:22.033+0000] {standard_task_runner.py:104} INFO - Running: ['***', 'tasks', 'run', 'data_ingestion_gcs_dag', 'local_to_gcs_task', 'manual__2025-04-13T23:42:56.304330+00:00', '--job-id', '9', '--raw', '--subdir', 'DAGS_FOLDER/data_ingestion_gcs_dag.py', '--cfg-path', '/tmp/tmp91ieeqdj']
[2025-04-13T23:43:22.034+0000] {standard_task_runner.py:105} INFO - Job 9: Subtask local_to_gcs_task
[2025-04-13T23:43:22.061+0000] {task_command.py:467} INFO - Running <TaskInstance: data_ingestion_gcs_dag.local_to_gcs_task manual__2025-04-13T23:42:56.304330+00:00 [running]> on host 0b262730a036
[2025-04-13T23:43:22.101+0000] {taskinstance.py:3134} INFO - Exporting env vars: AIRFLOW_CTX_DAG_OWNER='***' AIRFLOW_CTX_DAG_ID='data_ingestion_gcs_dag' AIRFLOW_CTX_TASK_ID='local_to_gcs_task' AIRFLOW_CTX_EXECUTION_DATE='2025-04-13T23:42:56.304330+00:00' AIRFLOW_CTX_TRY_NUMBER='1' AIRFLOW_CTX_DAG_RUN_ID='manual__2025-04-13T23:42:56.304330+00:00'
[2025-04-13T23:43:22.102+0000] {logging_mixin.py:190} INFO - Task instance is in running state
[2025-04-13T23:43:22.103+0000] {logging_mixin.py:190} INFO -  Previous state of the Task instance: queued
[2025-04-13T23:43:22.103+0000] {logging_mixin.py:190} INFO - Current task name:local_to_gcs_task state:running start_date:2025-04-13 23:43:22.014336+00:00
[2025-04-13T23:43:22.103+0000] {logging_mixin.py:190} INFO - Dag name:data_ingestion_gcs_dag and current dag run status:running
[2025-04-13T23:43:22.103+0000] {taskinstance.py:732} INFO - ::endgroup::
[2025-04-13T23:43:22.538+0000] {python.py:240} INFO - Done. Returned value was: gs://nyc-projects-455321-bucket/raw/building_permits-2025-04-13-234322.parquet
[2025-04-13T23:43:22.581+0000] {taskinstance.py:341} INFO - ::group::Post task execution logs
[2025-04-13T23:43:22.582+0000] {taskinstance.py:353} INFO - Marking task as SUCCESS. dag_id=data_ingestion_gcs_dag, task_id=local_to_gcs_task, run_id=manual__2025-04-13T23:42:56.304330+00:00, execution_date=20250413T234256, start_date=20250413T234322, end_date=20250413T234322
[2025-04-13T23:43:22.602+0000] {logging_mixin.py:190} INFO - Task instance in success state
[2025-04-13T23:43:22.603+0000] {logging_mixin.py:190} INFO -  Previous state of the Task instance: running
[2025-04-13T23:43:22.603+0000] {logging_mixin.py:190} INFO - Dag name:data_ingestion_gcs_dag queued_at:2025-04-13 23:42:56.315121+00:00
[2025-04-13T23:43:22.603+0000] {logging_mixin.py:190} INFO - Task hostname:0b262730a036 operator:PythonOperator
[2025-04-13T23:43:22.622+0000] {local_task_job_runner.py:266} INFO - Task exited with return code 0
[2025-04-13T23:43:22.660+0000] {taskinstance.py:3901} INFO - 1 downstream tasks scheduled from follow-on schedule check
[2025-04-13T23:43:22.661+0000] {local_task_job_runner.py:245} INFO - ::endgroup::
