[2025-04-06T23:52:56.160+0000] {local_task_job_runner.py:123} INFO - ::group::Pre task execution logs
[2025-04-06T23:52:56.173+0000] {taskinstance.py:2614} INFO - Dependencies all met for dep_context=non-requeueable deps ti=<TaskInstance: data_ingestion_gcs_dag.format_to_parquet_task manual__2025-04-06T23:47:43.145012+00:00 [queued]>
[2025-04-06T23:52:56.178+0000] {taskinstance.py:2614} INFO - Dependencies all met for dep_context=requeueable deps ti=<TaskInstance: data_ingestion_gcs_dag.format_to_parquet_task manual__2025-04-06T23:47:43.145012+00:00 [queued]>
[2025-04-06T23:52:56.178+0000] {taskinstance.py:2867} INFO - Starting attempt 1 of 2
[2025-04-06T23:52:56.184+0000] {taskinstance.py:2890} INFO - Executing <Task(PythonOperator): format_to_parquet_task> on 2025-04-06 23:47:43.145012+00:00
[2025-04-06T23:52:56.189+0000] {warnings.py:112} WARNING - /home/***/.local/lib/python3.12/site-packages/***/task/task_runner/standard_task_runner.py:70: DeprecationWarning: This process (pid=186) is multi-threaded, use of fork() may lead to deadlocks in the child.
  pid = os.fork()

[2025-04-06T23:52:56.191+0000] {standard_task_runner.py:72} INFO - Started process 188 to run task
[2025-04-06T23:52:56.192+0000] {standard_task_runner.py:104} INFO - Running: ['***', 'tasks', 'run', 'data_ingestion_gcs_dag', 'format_to_parquet_task', 'manual__2025-04-06T23:47:43.145012+00:00', '--job-id', '8', '--raw', '--subdir', 'DAGS_FOLDER/data_ingestion_gcs_dag.py', '--cfg-path', '/tmp/tmp3neytc7c']
[2025-04-06T23:52:56.193+0000] {standard_task_runner.py:105} INFO - Job 8: Subtask format_to_parquet_task
[2025-04-06T23:52:56.218+0000] {task_command.py:467} INFO - Running <TaskInstance: data_ingestion_gcs_dag.format_to_parquet_task manual__2025-04-06T23:47:43.145012+00:00 [running]> on host ea69fc89020b
[2025-04-06T23:52:56.256+0000] {taskinstance.py:3134} INFO - Exporting env vars: AIRFLOW_CTX_DAG_OWNER='***' AIRFLOW_CTX_DAG_ID='data_ingestion_gcs_dag' AIRFLOW_CTX_TASK_ID='format_to_parquet_task' AIRFLOW_CTX_EXECUTION_DATE='2025-04-06T23:47:43.145012+00:00' AIRFLOW_CTX_TRY_NUMBER='1' AIRFLOW_CTX_DAG_RUN_ID='manual__2025-04-06T23:47:43.145012+00:00'
[2025-04-06T23:52:56.258+0000] {logging_mixin.py:190} INFO - Task instance is in running state
[2025-04-06T23:52:56.258+0000] {logging_mixin.py:190} INFO -  Previous state of the Task instance: queued
[2025-04-06T23:52:56.258+0000] {logging_mixin.py:190} INFO - Current task name:format_to_parquet_task state:running start_date:2025-04-06 23:52:56.174170+00:00
[2025-04-06T23:52:56.258+0000] {logging_mixin.py:190} INFO - Dag name:data_ingestion_gcs_dag and current dag run status:running
[2025-04-06T23:52:56.258+0000] {taskinstance.py:732} INFO - ::endgroup::
[2025-04-06T23:52:56.261+0000] {python.py:240} INFO - Done. Returned value was: None
[2025-04-06T23:52:56.266+0000] {taskinstance.py:341} INFO - ::group::Post task execution logs
[2025-04-06T23:52:56.266+0000] {taskinstance.py:353} INFO - Marking task as SUCCESS. dag_id=data_ingestion_gcs_dag, task_id=format_to_parquet_task, run_id=manual__2025-04-06T23:47:43.145012+00:00, execution_date=20250406T234743, start_date=20250406T235256, end_date=20250406T235256
[2025-04-06T23:52:56.279+0000] {logging_mixin.py:190} INFO - Task instance in success state
[2025-04-06T23:52:56.279+0000] {logging_mixin.py:190} INFO -  Previous state of the Task instance: running
[2025-04-06T23:52:56.279+0000] {logging_mixin.py:190} INFO - Dag name:data_ingestion_gcs_dag queued_at:2025-04-06 23:47:43.275203+00:00
[2025-04-06T23:52:56.279+0000] {logging_mixin.py:190} INFO - Task hostname:ea69fc89020b operator:PythonOperator
[2025-04-06T23:52:56.292+0000] {local_task_job_runner.py:266} INFO - Task exited with return code 0
[2025-04-06T23:52:56.306+0000] {taskinstance.py:3901} INFO - 1 downstream tasks scheduled from follow-on schedule check
[2025-04-06T23:52:56.307+0000] {local_task_job_runner.py:245} INFO - ::endgroup::
