[2025-04-13T23:43:16.963+0000] {local_task_job_runner.py:123} INFO - ::group::Pre task execution logs
[2025-04-13T23:43:16.974+0000] {taskinstance.py:2614} INFO - Dependencies all met for dep_context=non-requeueable deps ti=<TaskInstance: data_ingestion_gcs_dag.fetch_permits_task manual__2025-04-13T23:42:56.304330+00:00 [queued]>
[2025-04-13T23:43:16.980+0000] {taskinstance.py:2614} INFO - Dependencies all met for dep_context=requeueable deps ti=<TaskInstance: data_ingestion_gcs_dag.fetch_permits_task manual__2025-04-13T23:42:56.304330+00:00 [queued]>
[2025-04-13T23:43:16.980+0000] {taskinstance.py:2867} INFO - Starting attempt 1 of 2
[2025-04-13T23:43:16.987+0000] {taskinstance.py:2890} INFO - Executing <Task(PythonOperator): fetch_permits_task> on 2025-04-13 23:42:56.304330+00:00
[2025-04-13T23:43:16.991+0000] {warnings.py:112} WARNING - /home/***/.local/lib/python3.12/site-packages/***/task/task_runner/standard_task_runner.py:70: DeprecationWarning: This process (pid=99) is multi-threaded, use of fork() may lead to deadlocks in the child.
  pid = os.fork()

[2025-04-13T23:43:16.993+0000] {standard_task_runner.py:72} INFO - Started process 108 to run task
[2025-04-13T23:43:16.992+0000] {standard_task_runner.py:104} INFO - Running: ['***', 'tasks', 'run', 'data_ingestion_gcs_dag', 'fetch_permits_task', 'manual__2025-04-13T23:42:56.304330+00:00', '--job-id', '8', '--raw', '--subdir', 'DAGS_FOLDER/data_ingestion_gcs_dag.py', '--cfg-path', '/tmp/tmpupbfizrn']
[2025-04-13T23:43:16.993+0000] {standard_task_runner.py:105} INFO - Job 8: Subtask fetch_permits_task
[2025-04-13T23:43:17.024+0000] {task_command.py:467} INFO - Running <TaskInstance: data_ingestion_gcs_dag.fetch_permits_task manual__2025-04-13T23:42:56.304330+00:00 [running]> on host 0b262730a036
[2025-04-13T23:43:17.084+0000] {taskinstance.py:3134} INFO - Exporting env vars: AIRFLOW_CTX_DAG_OWNER='***' AIRFLOW_CTX_DAG_ID='data_ingestion_gcs_dag' AIRFLOW_CTX_TASK_ID='fetch_permits_task' AIRFLOW_CTX_EXECUTION_DATE='2025-04-13T23:42:56.304330+00:00' AIRFLOW_CTX_TRY_NUMBER='1' AIRFLOW_CTX_DAG_RUN_ID='manual__2025-04-13T23:42:56.304330+00:00'
[2025-04-13T23:43:17.085+0000] {logging_mixin.py:190} INFO - Task instance is in running state
[2025-04-13T23:43:17.086+0000] {logging_mixin.py:190} INFO -  Previous state of the Task instance: queued
[2025-04-13T23:43:17.086+0000] {logging_mixin.py:190} INFO - Current task name:fetch_permits_task state:running start_date:2025-04-13 23:43:16.974754+00:00
[2025-04-13T23:43:17.086+0000] {logging_mixin.py:190} INFO - Dag name:data_ingestion_gcs_dag and current dag run status:running
[2025-04-13T23:43:17.086+0000] {taskinstance.py:732} INFO - ::endgroup::
[2025-04-13T23:43:17.093+0000] {logging_mixin.py:190} INFO - Fetching records for 2020-04-23 (offset=0)
[2025-04-13T23:43:17.859+0000] {logging_mixin.py:190} INFO - Fetching records for 2020-04-24 (offset=0)
[2025-04-13T23:43:18.230+0000] {logging_mixin.py:190} INFO - Fetching records for 2020-04-25 (offset=0)
[2025-04-13T23:43:18.521+0000] {logging_mixin.py:190} INFO - Fetching records for 2020-04-26 (offset=0)
[2025-04-13T23:43:18.814+0000] {logging_mixin.py:190} INFO - Fetching records for 2020-04-27 (offset=0)
[2025-04-13T23:43:19.169+0000] {logging_mixin.py:190} INFO - Fetching records for 2020-04-28 (offset=0)
[2025-04-13T23:43:19.503+0000] {logging_mixin.py:190} INFO - Fetching records for 2020-04-29 (offset=0)
[2025-04-13T23:43:19.874+0000] {logging_mixin.py:190} INFO - Fetching records for 2020-04-30 (offset=0)
[2025-04-13T23:43:20.252+0000] {logging_mixin.py:190} INFO - Fetching records for 2020-05-01 (offset=0)
[2025-04-13T23:43:20.605+0000] {logging_mixin.py:190} INFO - Fetching records for 2020-05-02 (offset=0)
[2025-04-13T23:43:20.913+0000] {python.py:240} INFO - Done. Returned value was: None
[2025-04-13T23:43:20.919+0000] {taskinstance.py:341} INFO - ::group::Post task execution logs
[2025-04-13T23:43:20.920+0000] {taskinstance.py:353} INFO - Marking task as SUCCESS. dag_id=data_ingestion_gcs_dag, task_id=fetch_permits_task, run_id=manual__2025-04-13T23:42:56.304330+00:00, execution_date=20250413T234256, start_date=20250413T234316, end_date=20250413T234320
[2025-04-13T23:43:20.933+0000] {logging_mixin.py:190} INFO - Task instance in success state
[2025-04-13T23:43:20.933+0000] {logging_mixin.py:190} INFO -  Previous state of the Task instance: running
[2025-04-13T23:43:20.934+0000] {logging_mixin.py:190} INFO - Dag name:data_ingestion_gcs_dag queued_at:2025-04-13 23:42:56.315121+00:00
[2025-04-13T23:43:20.934+0000] {logging_mixin.py:190} INFO - Task hostname:0b262730a036 operator:PythonOperator
[2025-04-13T23:43:20.945+0000] {local_task_job_runner.py:266} INFO - Task exited with return code 0
[2025-04-13T23:43:20.959+0000] {taskinstance.py:3901} INFO - 1 downstream tasks scheduled from follow-on schedule check
[2025-04-13T23:43:20.960+0000] {local_task_job_runner.py:245} INFO - ::endgroup::
