[2025-04-13T23:56:53.729+0000] {local_task_job_runner.py:123} INFO - ::group::Pre task execution logs
[2025-04-13T23:56:53.743+0000] {taskinstance.py:2614} INFO - Dependencies all met for dep_context=non-requeueable deps ti=<TaskInstance: data_ingestion_gcs_dag.fetch_permits_task manual__2025-04-13T23:51:34.819863+00:00 [queued]>
[2025-04-13T23:56:53.748+0000] {taskinstance.py:2614} INFO - Dependencies all met for dep_context=requeueable deps ti=<TaskInstance: data_ingestion_gcs_dag.fetch_permits_task manual__2025-04-13T23:51:34.819863+00:00 [queued]>
[2025-04-13T23:56:53.748+0000] {taskinstance.py:2867} INFO - Starting attempt 1 of 2
[2025-04-13T23:56:53.754+0000] {taskinstance.py:2890} INFO - Executing <Task(PythonOperator): fetch_permits_task> on 2025-04-13 23:51:34.819863+00:00
[2025-04-13T23:56:53.759+0000] {warnings.py:112} WARNING - /home/***/.local/lib/python3.12/site-packages/***/task/task_runner/standard_task_runner.py:70: DeprecationWarning: This process (pid=190) is multi-threaded, use of fork() may lead to deadlocks in the child.
  pid = os.fork()

[2025-04-13T23:56:53.759+0000] {standard_task_runner.py:72} INFO - Started process 192 to run task
[2025-04-13T23:56:53.760+0000] {standard_task_runner.py:104} INFO - Running: ['***', 'tasks', 'run', 'data_ingestion_gcs_dag', 'fetch_permits_task', 'manual__2025-04-13T23:51:34.819863+00:00', '--job-id', '8', '--raw', '--subdir', 'DAGS_FOLDER/data_ingestion_gcs_dag.py', '--cfg-path', '/tmp/tmpfbf1zrha']
[2025-04-13T23:56:53.761+0000] {standard_task_runner.py:105} INFO - Job 8: Subtask fetch_permits_task
[2025-04-13T23:56:53.784+0000] {task_command.py:467} INFO - Running <TaskInstance: data_ingestion_gcs_dag.fetch_permits_task manual__2025-04-13T23:51:34.819863+00:00 [running]> on host 1544e177cd91
[2025-04-13T23:56:53.827+0000] {taskinstance.py:3134} INFO - Exporting env vars: AIRFLOW_CTX_DAG_OWNER='***' AIRFLOW_CTX_DAG_ID='data_ingestion_gcs_dag' AIRFLOW_CTX_TASK_ID='fetch_permits_task' AIRFLOW_CTX_EXECUTION_DATE='2025-04-13T23:51:34.819863+00:00' AIRFLOW_CTX_TRY_NUMBER='1' AIRFLOW_CTX_DAG_RUN_ID='manual__2025-04-13T23:51:34.819863+00:00'
[2025-04-13T23:56:53.829+0000] {logging_mixin.py:190} INFO - Task instance is in running state
[2025-04-13T23:56:53.829+0000] {logging_mixin.py:190} INFO -  Previous state of the Task instance: queued
[2025-04-13T23:56:53.829+0000] {logging_mixin.py:190} INFO - Current task name:fetch_permits_task state:running start_date:2025-04-13 23:56:53.743715+00:00
[2025-04-13T23:56:53.829+0000] {logging_mixin.py:190} INFO - Dag name:data_ingestion_gcs_dag and current dag run status:running
[2025-04-13T23:56:53.830+0000] {taskinstance.py:732} INFO - ::endgroup::
[2025-04-13T23:56:53.837+0000] {logging_mixin.py:190} INFO - Fetching records for 2020-05-02 (offset=0)
[2025-04-13T23:56:54.500+0000] {logging_mixin.py:190} INFO - Fetching records for 2020-05-03 (offset=0)
[2025-04-13T23:56:54.646+0000] {logging_mixin.py:190} INFO - Fetching records for 2020-05-04 (offset=0)
[2025-04-13T23:56:54.805+0000] {logging_mixin.py:190} INFO - Fetching records for 2020-05-05 (offset=0)
[2025-04-13T23:56:54.949+0000] {logging_mixin.py:190} INFO - Fetching records for 2020-05-06 (offset=0)
[2025-04-13T23:56:55.105+0000] {logging_mixin.py:190} INFO - Fetching records for 2020-05-07 (offset=0)
[2025-04-13T23:56:55.262+0000] {logging_mixin.py:190} INFO - Fetching records for 2020-05-08 (offset=0)
[2025-04-13T23:56:55.505+0000] {logging_mixin.py:190} INFO - Fetching records for 2020-05-09 (offset=0)
[2025-04-13T23:56:55.685+0000] {logging_mixin.py:190} INFO - Fetching records for 2020-05-10 (offset=0)
[2025-04-13T23:56:55.821+0000] {logging_mixin.py:190} INFO - Fetching records for 2020-05-11 (offset=0)
[2025-04-13T23:56:55.973+0000] {python.py:240} INFO - Done. Returned value was: None
[2025-04-13T23:56:55.995+0000] {taskinstance.py:341} INFO - ::group::Post task execution logs
[2025-04-13T23:56:55.997+0000] {taskinstance.py:353} INFO - Marking task as SUCCESS. dag_id=data_ingestion_gcs_dag, task_id=fetch_permits_task, run_id=manual__2025-04-13T23:51:34.819863+00:00, execution_date=20250413T235134, start_date=20250413T235653, end_date=20250413T235655
[2025-04-13T23:56:56.034+0000] {logging_mixin.py:190} INFO - Task instance in success state
[2025-04-13T23:56:56.034+0000] {logging_mixin.py:190} INFO -  Previous state of the Task instance: running
[2025-04-13T23:56:56.035+0000] {logging_mixin.py:190} INFO - Dag name:data_ingestion_gcs_dag queued_at:2025-04-13 23:51:34.849126+00:00
[2025-04-13T23:56:56.035+0000] {logging_mixin.py:190} INFO - Task hostname:1544e177cd91 operator:PythonOperator
[2025-04-13T23:56:56.073+0000] {local_task_job_runner.py:266} INFO - Task exited with return code 0
[2025-04-13T23:56:56.110+0000] {taskinstance.py:3901} INFO - 1 downstream tasks scheduled from follow-on schedule check
[2025-04-13T23:56:56.111+0000] {local_task_job_runner.py:245} INFO - ::endgroup::
