[2025-04-14T05:30:03.344+0000] {local_task_job_runner.py:123} INFO - ::group::Pre task execution logs
[2025-04-14T05:30:03.359+0000] {taskinstance.py:2614} INFO - Dependencies all met for dep_context=non-requeueable deps ti=<TaskInstance: data_ingestion_gcs_dag.merge_tables_task manual__2025-04-14T05:27:27.985901+00:00 [queued]>
[2025-04-14T05:30:03.366+0000] {taskinstance.py:2614} INFO - Dependencies all met for dep_context=requeueable deps ti=<TaskInstance: data_ingestion_gcs_dag.merge_tables_task manual__2025-04-14T05:27:27.985901+00:00 [queued]>
[2025-04-14T05:30:03.366+0000] {taskinstance.py:2867} INFO - Starting attempt 1 of 2
[2025-04-14T05:30:03.373+0000] {taskinstance.py:2890} INFO - Executing <Task(BigQueryInsertJobOperator): merge_tables_task> on 2025-04-14 05:27:27.985901+00:00
[2025-04-14T05:30:03.378+0000] {warnings.py:112} WARNING - /home/***/.local/lib/python3.12/site-packages/***/task/task_runner/standard_task_runner.py:70: DeprecationWarning: This process (pid=206) is multi-threaded, use of fork() may lead to deadlocks in the child.
  pid = os.fork()

[2025-04-14T05:30:03.379+0000] {standard_task_runner.py:72} INFO - Started process 208 to run task
[2025-04-14T05:30:03.379+0000] {standard_task_runner.py:104} INFO - Running: ['***', 'tasks', 'run', 'data_ingestion_gcs_dag', 'merge_tables_task', 'manual__2025-04-14T05:27:27.985901+00:00', '--job-id', '16', '--raw', '--subdir', 'DAGS_FOLDER/data_ingestion_gcs_dag.py', '--cfg-path', '/tmp/tmpnnowommj']
[2025-04-14T05:30:03.380+0000] {standard_task_runner.py:105} INFO - Job 16: Subtask merge_tables_task
[2025-04-14T05:30:03.407+0000] {task_command.py:467} INFO - Running <TaskInstance: data_ingestion_gcs_dag.merge_tables_task manual__2025-04-14T05:27:27.985901+00:00 [running]> on host 26629b401d8b
[2025-04-14T05:30:03.458+0000] {taskinstance.py:3134} INFO - Exporting env vars: AIRFLOW_CTX_DAG_OWNER='***' AIRFLOW_CTX_DAG_ID='data_ingestion_gcs_dag' AIRFLOW_CTX_TASK_ID='merge_tables_task' AIRFLOW_CTX_EXECUTION_DATE='2025-04-14T05:27:27.985901+00:00' AIRFLOW_CTX_TRY_NUMBER='1' AIRFLOW_CTX_DAG_RUN_ID='manual__2025-04-14T05:27:27.985901+00:00'
[2025-04-14T05:30:03.459+0000] {logging_mixin.py:190} INFO - Task instance is in running state
[2025-04-14T05:30:03.459+0000] {logging_mixin.py:190} INFO -  Previous state of the Task instance: queued
[2025-04-14T05:30:03.459+0000] {logging_mixin.py:190} INFO - Current task name:merge_tables_task state:running start_date:2025-04-14 05:30:03.360381+00:00
[2025-04-14T05:30:03.459+0000] {logging_mixin.py:190} INFO - Dag name:data_ingestion_gcs_dag and current dag run status:running
[2025-04-14T05:30:03.459+0000] {taskinstance.py:732} INFO - ::endgroup::
[2025-04-14T05:30:03.460+0000] {crypto.py:82} WARNING - empty cryptography key - values will not be stored encrypted.
[2025-04-14T05:30:03.460+0000] {connection.py:277} WARNING - Connection schemes (type: google_cloud_platform) shall not contain '_' according to RFC3986.
[2025-04-14T05:30:03.461+0000] {base.py:84} INFO - Retrieving connection 'google_cloud_default'
[2025-04-14T05:30:03.490+0000] {bigquery.py:2665} INFO - Executing: {'query': {'query': '\n          MERGE INTO `nyc-projects-455321.building_permits.permits` T\n          USING `nyc-projects-455321.building_permits.temp_table` S\n          ON T.job_type = S.job_type\n          WHEN NOT MATCHED THEN\n            INSERT (borough, job_type, block, lot, issuance_date, permit_si_no, location_coordinates, gis_nta_name)\n            VALUES (S.borough, S.job_type, S.block, S.lot, S.issuance_date, S.permit_si_no, S.location_coordinates, S.gis_nta_name);\n        ', 'useLegacySql': False}}'
[2025-04-14T05:30:03.490+0000] {bigquery.py:1241} INFO - Inserting job ***_data_ingestion_gcs_dag_merge_tables_task_2025_04_14T05_27_27_985901_00_00_66ef1571966f6b7f7809de6f0ab59d1f
[2025-04-14T05:30:07.780+0000] {bigquery.py:2636} INFO - Job ***_data_ingestion_gcs_dag_merge_tables_task_2025_04_14T05_27_27_985901_00_00_66ef1571966f6b7f7809de6f0ab59d1f is completed. Checking the job status
[2025-04-14T05:30:07.794+0000] {taskinstance.py:341} INFO - ::group::Post task execution logs
[2025-04-14T05:30:07.795+0000] {taskinstance.py:353} INFO - Marking task as SUCCESS. dag_id=data_ingestion_gcs_dag, task_id=merge_tables_task, run_id=manual__2025-04-14T05:27:27.985901+00:00, execution_date=20250414T052727, start_date=20250414T053003, end_date=20250414T053007
[2025-04-14T05:30:07.810+0000] {logging_mixin.py:190} INFO - Task instance in success state
[2025-04-14T05:30:07.811+0000] {logging_mixin.py:190} INFO -  Previous state of the Task instance: running
[2025-04-14T05:30:07.811+0000] {logging_mixin.py:190} INFO - Dag name:data_ingestion_gcs_dag queued_at:2025-04-14 05:27:27.996587+00:00
[2025-04-14T05:30:07.811+0000] {logging_mixin.py:190} INFO - Task hostname:26629b401d8b operator:BigQueryInsertJobOperator
[2025-04-14T05:30:07.825+0000] {local_task_job_runner.py:266} INFO - Task exited with return code 0
[2025-04-14T05:30:07.836+0000] {taskinstance.py:3901} INFO - 0 downstream tasks scheduled from follow-on schedule check
[2025-04-14T05:30:07.837+0000] {local_task_job_runner.py:245} INFO - ::endgroup::
