[2025-04-17T01:02:42.731+0000] {local_task_job_runner.py:123} INFO - ::group::Pre task execution logs
[2025-04-17T01:02:42.740+0000] {taskinstance.py:2614} INFO - Dependencies all met for dep_context=non-requeueable deps ti=<TaskInstance: data_ingestion_gcs_dag.get_last_issued_date_task scheduled__2025-04-16T00:00:00+00:00 [queued]>
[2025-04-17T01:02:42.744+0000] {taskinstance.py:2614} INFO - Dependencies all met for dep_context=requeueable deps ti=<TaskInstance: data_ingestion_gcs_dag.get_last_issued_date_task scheduled__2025-04-16T00:00:00+00:00 [queued]>
[2025-04-17T01:02:42.744+0000] {taskinstance.py:2867} INFO - Starting attempt 1 of 2
[2025-04-17T01:02:42.750+0000] {taskinstance.py:2890} INFO - Executing <Task(PythonOperator): get_last_issued_date_task> on 2025-04-16 00:00:00+00:00
[2025-04-17T01:02:42.754+0000] {warnings.py:112} WARNING - /home/***/.local/lib/python3.12/site-packages/***/task/task_runner/standard_task_runner.py:70: DeprecationWarning: This process (pid=86) is multi-threaded, use of fork() may lead to deadlocks in the child.
  pid = os.fork()

[2025-04-17T01:02:42.755+0000] {standard_task_runner.py:72} INFO - Started process 88 to run task
[2025-04-17T01:02:42.756+0000] {standard_task_runner.py:104} INFO - Running: ['***', 'tasks', 'run', 'data_ingestion_gcs_dag', 'get_last_issued_date_task', 'scheduled__2025-04-16T00:00:00+00:00', '--job-id', '3', '--raw', '--subdir', 'DAGS_FOLDER/data_ingestion_gcs_dag.py', '--cfg-path', '/tmp/tmpiiupvr36']
[2025-04-17T01:02:42.756+0000] {standard_task_runner.py:105} INFO - Job 3: Subtask get_last_issued_date_task
[2025-04-17T01:02:42.787+0000] {task_command.py:467} INFO - Running <TaskInstance: data_ingestion_gcs_dag.get_last_issued_date_task scheduled__2025-04-16T00:00:00+00:00 [running]> on host a5d139dec566
[2025-04-17T01:02:42.836+0000] {taskinstance.py:3134} INFO - Exporting env vars: AIRFLOW_CTX_DAG_OWNER='***' AIRFLOW_CTX_DAG_ID='data_ingestion_gcs_dag' AIRFLOW_CTX_TASK_ID='get_last_issued_date_task' AIRFLOW_CTX_EXECUTION_DATE='2025-04-16T00:00:00+00:00' AIRFLOW_CTX_TRY_NUMBER='1' AIRFLOW_CTX_DAG_RUN_ID='scheduled__2025-04-16T00:00:00+00:00'
[2025-04-17T01:02:42.837+0000] {logging_mixin.py:190} INFO - Task instance is in running state
[2025-04-17T01:02:42.837+0000] {logging_mixin.py:190} INFO -  Previous state of the Task instance: queued
[2025-04-17T01:02:42.837+0000] {logging_mixin.py:190} INFO - Current task name:get_last_issued_date_task state:running start_date:2025-04-17 01:02:42.740816+00:00
[2025-04-17T01:02:42.837+0000] {logging_mixin.py:190} INFO - Dag name:data_ingestion_gcs_dag and current dag run status:running
[2025-04-17T01:02:42.837+0000] {taskinstance.py:732} INFO - ::endgroup::
[2025-04-17T01:02:46.463+0000] {python.py:240} INFO - Done. Returned value was: 2025-04-14T00:00:00.000
[2025-04-17T01:02:46.501+0000] {taskinstance.py:341} INFO - ::group::Post task execution logs
[2025-04-17T01:02:46.502+0000] {taskinstance.py:353} INFO - Marking task as SUCCESS. dag_id=data_ingestion_gcs_dag, task_id=get_last_issued_date_task, run_id=scheduled__2025-04-16T00:00:00+00:00, execution_date=20250416T000000, start_date=20250417T010242, end_date=20250417T010246
[2025-04-17T01:02:46.524+0000] {logging_mixin.py:190} INFO - Task instance in success state
[2025-04-17T01:02:46.524+0000] {logging_mixin.py:190} INFO -  Previous state of the Task instance: running
[2025-04-17T01:02:46.525+0000] {logging_mixin.py:190} INFO - Dag name:data_ingestion_gcs_dag queued_at:2025-04-17 01:02:40.039674+00:00
[2025-04-17T01:02:46.525+0000] {logging_mixin.py:190} INFO - Task hostname:a5d139dec566 operator:PythonOperator
[2025-04-17T01:02:46.547+0000] {local_task_job_runner.py:266} INFO - Task exited with return code 0
[2025-04-17T01:02:46.575+0000] {taskinstance.py:3901} INFO - 1 downstream tasks scheduled from follow-on schedule check
[2025-04-17T01:02:46.575+0000] {local_task_job_runner.py:245} INFO - ::endgroup::
[2025-04-17T01:13:40.355+0000] {local_task_job_runner.py:123} INFO - ::group::Pre task execution logs
[2025-04-17T01:13:40.363+0000] {taskinstance.py:2614} INFO - Dependencies all met for dep_context=non-requeueable deps ti=<TaskInstance: data_ingestion_gcs_dag.get_last_issued_date_task scheduled__2025-04-16T00:00:00+00:00 [queued]>
[2025-04-17T01:13:40.367+0000] {taskinstance.py:2614} INFO - Dependencies all met for dep_context=requeueable deps ti=<TaskInstance: data_ingestion_gcs_dag.get_last_issued_date_task scheduled__2025-04-16T00:00:00+00:00 [queued]>
[2025-04-17T01:13:40.367+0000] {taskinstance.py:2867} INFO - Starting attempt 1 of 2
[2025-04-17T01:13:40.373+0000] {taskinstance.py:2890} INFO - Executing <Task(PythonOperator): get_last_issued_date_task> on 2025-04-16 00:00:00+00:00
[2025-04-17T01:13:40.377+0000] {warnings.py:112} WARNING - /home/***/.local/lib/python3.12/site-packages/***/task/task_runner/standard_task_runner.py:70: DeprecationWarning: This process (pid=79) is multi-threaded, use of fork() may lead to deadlocks in the child.
  pid = os.fork()

[2025-04-17T01:13:40.378+0000] {standard_task_runner.py:72} INFO - Started process 81 to run task
[2025-04-17T01:13:40.378+0000] {standard_task_runner.py:104} INFO - Running: ['***', 'tasks', 'run', 'data_ingestion_gcs_dag', 'get_last_issued_date_task', 'scheduled__2025-04-16T00:00:00+00:00', '--job-id', '3', '--raw', '--subdir', 'DAGS_FOLDER/data_ingestion_gcs_dag.py', '--cfg-path', '/tmp/tmpcsdne4dx']
[2025-04-17T01:13:40.379+0000] {standard_task_runner.py:105} INFO - Job 3: Subtask get_last_issued_date_task
[2025-04-17T01:13:40.403+0000] {task_command.py:467} INFO - Running <TaskInstance: data_ingestion_gcs_dag.get_last_issued_date_task scheduled__2025-04-16T00:00:00+00:00 [running]> on host 03fa507bf07a
[2025-04-17T01:13:40.441+0000] {taskinstance.py:3134} INFO - Exporting env vars: AIRFLOW_CTX_DAG_OWNER='***' AIRFLOW_CTX_DAG_ID='data_ingestion_gcs_dag' AIRFLOW_CTX_TASK_ID='get_last_issued_date_task' AIRFLOW_CTX_EXECUTION_DATE='2025-04-16T00:00:00+00:00' AIRFLOW_CTX_TRY_NUMBER='1' AIRFLOW_CTX_DAG_RUN_ID='scheduled__2025-04-16T00:00:00+00:00'
[2025-04-17T01:13:40.442+0000] {logging_mixin.py:190} INFO - Task instance is in running state
[2025-04-17T01:13:40.443+0000] {logging_mixin.py:190} INFO -  Previous state of the Task instance: queued
[2025-04-17T01:13:40.443+0000] {logging_mixin.py:190} INFO - Current task name:get_last_issued_date_task state:running start_date:2025-04-17 01:13:40.363892+00:00
[2025-04-17T01:13:40.443+0000] {logging_mixin.py:190} INFO - Dag name:data_ingestion_gcs_dag and current dag run status:running
[2025-04-17T01:13:40.443+0000] {taskinstance.py:732} INFO - ::endgroup::
[2025-04-17T01:13:42.426+0000] {python.py:240} INFO - Done. Returned value was: 2025-04-14T00:00:00.000
[2025-04-17T01:13:42.472+0000] {taskinstance.py:341} INFO - ::group::Post task execution logs
[2025-04-17T01:13:42.473+0000] {taskinstance.py:353} INFO - Marking task as SUCCESS. dag_id=data_ingestion_gcs_dag, task_id=get_last_issued_date_task, run_id=scheduled__2025-04-16T00:00:00+00:00, execution_date=20250416T000000, start_date=20250417T011340, end_date=20250417T011342
[2025-04-17T01:13:42.510+0000] {logging_mixin.py:190} INFO - Task instance in success state
[2025-04-17T01:13:42.511+0000] {logging_mixin.py:190} INFO -  Previous state of the Task instance: running
[2025-04-17T01:13:42.511+0000] {logging_mixin.py:190} INFO - Dag name:data_ingestion_gcs_dag queued_at:2025-04-17 01:13:37.731336+00:00
[2025-04-17T01:13:42.512+0000] {logging_mixin.py:190} INFO - Task hostname:03fa507bf07a operator:PythonOperator
[2025-04-17T01:13:42.526+0000] {local_task_job_runner.py:266} INFO - Task exited with return code 0
[2025-04-17T01:13:42.559+0000] {taskinstance.py:3901} INFO - 1 downstream tasks scheduled from follow-on schedule check
[2025-04-17T01:13:42.560+0000] {local_task_job_runner.py:245} INFO - ::endgroup::
[2025-04-17T01:18:49.881+0000] {local_task_job_runner.py:123} INFO - ::group::Pre task execution logs
[2025-04-17T01:18:49.895+0000] {taskinstance.py:2614} INFO - Dependencies all met for dep_context=non-requeueable deps ti=<TaskInstance: data_ingestion_gcs_dag.get_last_issued_date_task scheduled__2025-04-16T00:00:00+00:00 [queued]>
[2025-04-17T01:18:49.903+0000] {taskinstance.py:2614} INFO - Dependencies all met for dep_context=requeueable deps ti=<TaskInstance: data_ingestion_gcs_dag.get_last_issued_date_task scheduled__2025-04-16T00:00:00+00:00 [queued]>
[2025-04-17T01:18:49.904+0000] {taskinstance.py:2867} INFO - Starting attempt 1 of 2
[2025-04-17T01:18:49.915+0000] {taskinstance.py:2890} INFO - Executing <Task(PythonOperator): get_last_issued_date_task> on 2025-04-16 00:00:00+00:00
[2025-04-17T01:18:49.920+0000] {warnings.py:112} WARNING - /home/***/.local/lib/python3.12/site-packages/***/task/task_runner/standard_task_runner.py:70: DeprecationWarning: This process (pid=79) is multi-threaded, use of fork() may lead to deadlocks in the child.
  pid = os.fork()

[2025-04-17T01:18:49.921+0000] {standard_task_runner.py:72} INFO - Started process 81 to run task
[2025-04-17T01:18:49.921+0000] {standard_task_runner.py:104} INFO - Running: ['***', 'tasks', 'run', 'data_ingestion_gcs_dag', 'get_last_issued_date_task', 'scheduled__2025-04-16T00:00:00+00:00', '--job-id', '3', '--raw', '--subdir', 'DAGS_FOLDER/data_ingestion_gcs_dag.py', '--cfg-path', '/tmp/tmpgss1034v']
[2025-04-17T01:18:49.922+0000] {standard_task_runner.py:105} INFO - Job 3: Subtask get_last_issued_date_task
[2025-04-17T01:18:49.952+0000] {task_command.py:467} INFO - Running <TaskInstance: data_ingestion_gcs_dag.get_last_issued_date_task scheduled__2025-04-16T00:00:00+00:00 [running]> on host 5b8e6556657b
[2025-04-17T01:18:49.992+0000] {taskinstance.py:3134} INFO - Exporting env vars: AIRFLOW_CTX_DAG_OWNER='***' AIRFLOW_CTX_DAG_ID='data_ingestion_gcs_dag' AIRFLOW_CTX_TASK_ID='get_last_issued_date_task' AIRFLOW_CTX_EXECUTION_DATE='2025-04-16T00:00:00+00:00' AIRFLOW_CTX_TRY_NUMBER='1' AIRFLOW_CTX_DAG_RUN_ID='scheduled__2025-04-16T00:00:00+00:00'
[2025-04-17T01:18:49.993+0000] {logging_mixin.py:190} INFO - Task instance is in running state
[2025-04-17T01:18:49.993+0000] {logging_mixin.py:190} INFO -  Previous state of the Task instance: queued
[2025-04-17T01:18:49.993+0000] {logging_mixin.py:190} INFO - Current task name:get_last_issued_date_task state:running start_date:2025-04-17 01:18:49.896104+00:00
[2025-04-17T01:18:49.994+0000] {logging_mixin.py:190} INFO - Dag name:data_ingestion_gcs_dag and current dag run status:running
[2025-04-17T01:18:49.994+0000] {taskinstance.py:732} INFO - ::endgroup::
[2025-04-17T01:18:51.650+0000] {python.py:240} INFO - Done. Returned value was: 2025-04-14T00:00:00.000
[2025-04-17T01:18:51.699+0000] {taskinstance.py:341} INFO - ::group::Post task execution logs
[2025-04-17T01:18:51.701+0000] {taskinstance.py:353} INFO - Marking task as SUCCESS. dag_id=data_ingestion_gcs_dag, task_id=get_last_issued_date_task, run_id=scheduled__2025-04-16T00:00:00+00:00, execution_date=20250416T000000, start_date=20250417T011849, end_date=20250417T011851
[2025-04-17T01:18:51.741+0000] {logging_mixin.py:190} INFO - Task instance in success state
[2025-04-17T01:18:51.742+0000] {logging_mixin.py:190} INFO -  Previous state of the Task instance: running
[2025-04-17T01:18:51.743+0000] {logging_mixin.py:190} INFO - Dag name:data_ingestion_gcs_dag queued_at:2025-04-17 01:18:47.254915+00:00
[2025-04-17T01:18:51.743+0000] {logging_mixin.py:190} INFO - Task hostname:5b8e6556657b operator:PythonOperator
[2025-04-17T01:18:51.785+0000] {local_task_job_runner.py:266} INFO - Task exited with return code 0
[2025-04-17T01:18:51.826+0000] {taskinstance.py:3901} INFO - 1 downstream tasks scheduled from follow-on schedule check
[2025-04-17T01:18:51.827+0000] {local_task_job_runner.py:245} INFO - ::endgroup::
[2025-04-17T01:24:38.070+0000] {local_task_job_runner.py:123} INFO - ::group::Pre task execution logs
[2025-04-17T01:24:38.081+0000] {taskinstance.py:2614} INFO - Dependencies all met for dep_context=non-requeueable deps ti=<TaskInstance: data_ingestion_gcs_dag.get_last_issued_date_task scheduled__2025-04-16T00:00:00+00:00 [queued]>
[2025-04-17T01:24:38.085+0000] {taskinstance.py:2614} INFO - Dependencies all met for dep_context=requeueable deps ti=<TaskInstance: data_ingestion_gcs_dag.get_last_issued_date_task scheduled__2025-04-16T00:00:00+00:00 [queued]>
[2025-04-17T01:24:38.085+0000] {taskinstance.py:2867} INFO - Starting attempt 1 of 2
[2025-04-17T01:24:38.092+0000] {taskinstance.py:2890} INFO - Executing <Task(PythonOperator): get_last_issued_date_task> on 2025-04-16 00:00:00+00:00
[2025-04-17T01:24:38.095+0000] {warnings.py:112} WARNING - /home/***/.local/lib/python3.12/site-packages/***/task/task_runner/standard_task_runner.py:70: DeprecationWarning: This process (pid=100) is multi-threaded, use of fork() may lead to deadlocks in the child.
  pid = os.fork()

[2025-04-17T01:24:38.096+0000] {standard_task_runner.py:72} INFO - Started process 102 to run task
[2025-04-17T01:24:38.098+0000] {standard_task_runner.py:104} INFO - Running: ['***', 'tasks', 'run', 'data_ingestion_gcs_dag', 'get_last_issued_date_task', 'scheduled__2025-04-16T00:00:00+00:00', '--job-id', '3', '--raw', '--subdir', 'DAGS_FOLDER/data_ingestion_gcs_dag.py', '--cfg-path', '/tmp/tmpp19avbeh']
[2025-04-17T01:24:38.100+0000] {standard_task_runner.py:105} INFO - Job 3: Subtask get_last_issued_date_task
[2025-04-17T01:24:38.125+0000] {task_command.py:467} INFO - Running <TaskInstance: data_ingestion_gcs_dag.get_last_issued_date_task scheduled__2025-04-16T00:00:00+00:00 [running]> on host d5480e8429d5
[2025-04-17T01:24:38.163+0000] {taskinstance.py:3134} INFO - Exporting env vars: AIRFLOW_CTX_DAG_OWNER='***' AIRFLOW_CTX_DAG_ID='data_ingestion_gcs_dag' AIRFLOW_CTX_TASK_ID='get_last_issued_date_task' AIRFLOW_CTX_EXECUTION_DATE='2025-04-16T00:00:00+00:00' AIRFLOW_CTX_TRY_NUMBER='1' AIRFLOW_CTX_DAG_RUN_ID='scheduled__2025-04-16T00:00:00+00:00'
[2025-04-17T01:24:38.165+0000] {logging_mixin.py:190} INFO - Task instance is in running state
[2025-04-17T01:24:38.165+0000] {logging_mixin.py:190} INFO -  Previous state of the Task instance: queued
[2025-04-17T01:24:38.165+0000] {logging_mixin.py:190} INFO - Current task name:get_last_issued_date_task state:running start_date:2025-04-17 01:24:38.081546+00:00
[2025-04-17T01:24:38.165+0000] {logging_mixin.py:190} INFO - Dag name:data_ingestion_gcs_dag and current dag run status:running
[2025-04-17T01:24:38.165+0000] {taskinstance.py:732} INFO - ::endgroup::
[2025-04-17T01:24:39.777+0000] {python.py:240} INFO - Done. Returned value was: 2025-04-14T00:00:00.000
[2025-04-17T01:24:39.806+0000] {taskinstance.py:341} INFO - ::group::Post task execution logs
[2025-04-17T01:24:39.806+0000] {taskinstance.py:353} INFO - Marking task as SUCCESS. dag_id=data_ingestion_gcs_dag, task_id=get_last_issued_date_task, run_id=scheduled__2025-04-16T00:00:00+00:00, execution_date=20250416T000000, start_date=20250417T012438, end_date=20250417T012439
[2025-04-17T01:24:39.818+0000] {logging_mixin.py:190} INFO - Task instance in success state
[2025-04-17T01:24:39.818+0000] {logging_mixin.py:190} INFO -  Previous state of the Task instance: running
[2025-04-17T01:24:39.818+0000] {logging_mixin.py:190} INFO - Dag name:data_ingestion_gcs_dag queued_at:2025-04-17 01:24:35.496408+00:00
[2025-04-17T01:24:39.819+0000] {logging_mixin.py:190} INFO - Task hostname:d5480e8429d5 operator:PythonOperator
[2025-04-17T01:24:39.834+0000] {local_task_job_runner.py:266} INFO - Task exited with return code 0
[2025-04-17T01:24:39.871+0000] {taskinstance.py:3901} INFO - 1 downstream tasks scheduled from follow-on schedule check
[2025-04-17T01:24:39.872+0000] {local_task_job_runner.py:245} INFO - ::endgroup::
[2025-04-17T01:28:39.419+0000] {local_task_job_runner.py:123} INFO - ::group::Pre task execution logs
[2025-04-17T01:28:39.427+0000] {taskinstance.py:2614} INFO - Dependencies all met for dep_context=non-requeueable deps ti=<TaskInstance: data_ingestion_gcs_dag.get_last_issued_date_task scheduled__2025-04-16T00:00:00+00:00 [queued]>
[2025-04-17T01:28:39.430+0000] {taskinstance.py:2614} INFO - Dependencies all met for dep_context=requeueable deps ti=<TaskInstance: data_ingestion_gcs_dag.get_last_issued_date_task scheduled__2025-04-16T00:00:00+00:00 [queued]>
[2025-04-17T01:28:39.431+0000] {taskinstance.py:2867} INFO - Starting attempt 1 of 2
[2025-04-17T01:28:39.437+0000] {taskinstance.py:2890} INFO - Executing <Task(PythonOperator): get_last_issued_date_task> on 2025-04-16 00:00:00+00:00
[2025-04-17T01:28:39.441+0000] {warnings.py:112} WARNING - /home/***/.local/lib/python3.12/site-packages/***/task/task_runner/standard_task_runner.py:70: DeprecationWarning: This process (pid=79) is multi-threaded, use of fork() may lead to deadlocks in the child.
  pid = os.fork()

[2025-04-17T01:28:39.442+0000] {standard_task_runner.py:72} INFO - Started process 81 to run task
[2025-04-17T01:28:39.443+0000] {standard_task_runner.py:104} INFO - Running: ['***', 'tasks', 'run', 'data_ingestion_gcs_dag', 'get_last_issued_date_task', 'scheduled__2025-04-16T00:00:00+00:00', '--job-id', '3', '--raw', '--subdir', 'DAGS_FOLDER/data_ingestion_gcs_dag.py', '--cfg-path', '/tmp/tmpki1mtl_f']
[2025-04-17T01:28:39.444+0000] {standard_task_runner.py:105} INFO - Job 3: Subtask get_last_issued_date_task
[2025-04-17T01:28:39.471+0000] {task_command.py:467} INFO - Running <TaskInstance: data_ingestion_gcs_dag.get_last_issued_date_task scheduled__2025-04-16T00:00:00+00:00 [running]> on host 663e8a937c82
[2025-04-17T01:28:39.514+0000] {taskinstance.py:3134} INFO - Exporting env vars: AIRFLOW_CTX_DAG_OWNER='***' AIRFLOW_CTX_DAG_ID='data_ingestion_gcs_dag' AIRFLOW_CTX_TASK_ID='get_last_issued_date_task' AIRFLOW_CTX_EXECUTION_DATE='2025-04-16T00:00:00+00:00' AIRFLOW_CTX_TRY_NUMBER='1' AIRFLOW_CTX_DAG_RUN_ID='scheduled__2025-04-16T00:00:00+00:00'
[2025-04-17T01:28:39.515+0000] {logging_mixin.py:190} INFO - Task instance is in running state
[2025-04-17T01:28:39.515+0000] {logging_mixin.py:190} INFO -  Previous state of the Task instance: queued
[2025-04-17T01:28:39.515+0000] {logging_mixin.py:190} INFO - Current task name:get_last_issued_date_task state:running start_date:2025-04-17 01:28:39.427667+00:00
[2025-04-17T01:28:39.515+0000] {logging_mixin.py:190} INFO - Dag name:data_ingestion_gcs_dag and current dag run status:running
[2025-04-17T01:28:39.516+0000] {taskinstance.py:732} INFO - ::endgroup::
[2025-04-17T01:28:41.121+0000] {python.py:240} INFO - Done. Returned value was: 2025-04-14T00:00:00.000
[2025-04-17T01:28:41.165+0000] {taskinstance.py:341} INFO - ::group::Post task execution logs
[2025-04-17T01:28:41.165+0000] {taskinstance.py:353} INFO - Marking task as SUCCESS. dag_id=data_ingestion_gcs_dag, task_id=get_last_issued_date_task, run_id=scheduled__2025-04-16T00:00:00+00:00, execution_date=20250416T000000, start_date=20250417T012839, end_date=20250417T012841
[2025-04-17T01:28:41.203+0000] {logging_mixin.py:190} INFO - Task instance in success state
[2025-04-17T01:28:41.203+0000] {logging_mixin.py:190} INFO -  Previous state of the Task instance: running
[2025-04-17T01:28:41.204+0000] {logging_mixin.py:190} INFO - Dag name:data_ingestion_gcs_dag queued_at:2025-04-17 01:28:36.795166+00:00
[2025-04-17T01:28:41.204+0000] {logging_mixin.py:190} INFO - Task hostname:663e8a937c82 operator:PythonOperator
[2025-04-17T01:28:41.222+0000] {local_task_job_runner.py:266} INFO - Task exited with return code 0
[2025-04-17T01:28:41.243+0000] {taskinstance.py:3901} INFO - 1 downstream tasks scheduled from follow-on schedule check
[2025-04-17T01:28:41.244+0000] {local_task_job_runner.py:245} INFO - ::endgroup::
[2025-04-17T01:30:59.046+0000] {local_task_job_runner.py:123} INFO - ::group::Pre task execution logs
[2025-04-17T01:30:59.055+0000] {taskinstance.py:2614} INFO - Dependencies all met for dep_context=non-requeueable deps ti=<TaskInstance: data_ingestion_gcs_dag.get_last_issued_date_task scheduled__2025-04-16T00:00:00+00:00 [queued]>
[2025-04-17T01:30:59.060+0000] {taskinstance.py:2614} INFO - Dependencies all met for dep_context=requeueable deps ti=<TaskInstance: data_ingestion_gcs_dag.get_last_issued_date_task scheduled__2025-04-16T00:00:00+00:00 [queued]>
[2025-04-17T01:30:59.060+0000] {taskinstance.py:2867} INFO - Starting attempt 1 of 2
[2025-04-17T01:30:59.071+0000] {taskinstance.py:2890} INFO - Executing <Task(PythonOperator): get_last_issued_date_task> on 2025-04-16 00:00:00+00:00
[2025-04-17T01:30:59.075+0000] {warnings.py:112} WARNING - /home/***/.local/lib/python3.12/site-packages/***/task/task_runner/standard_task_runner.py:70: DeprecationWarning: This process (pid=79) is multi-threaded, use of fork() may lead to deadlocks in the child.
  pid = os.fork()

[2025-04-17T01:30:59.076+0000] {standard_task_runner.py:72} INFO - Started process 88 to run task
[2025-04-17T01:30:59.078+0000] {standard_task_runner.py:104} INFO - Running: ['***', 'tasks', 'run', 'data_ingestion_gcs_dag', 'get_last_issued_date_task', 'scheduled__2025-04-16T00:00:00+00:00', '--job-id', '3', '--raw', '--subdir', 'DAGS_FOLDER/data_ingestion_gcs_dag.py', '--cfg-path', '/tmp/tmpqdv0tqn3']
[2025-04-17T01:30:59.079+0000] {standard_task_runner.py:105} INFO - Job 3: Subtask get_last_issued_date_task
[2025-04-17T01:30:59.107+0000] {task_command.py:467} INFO - Running <TaskInstance: data_ingestion_gcs_dag.get_last_issued_date_task scheduled__2025-04-16T00:00:00+00:00 [running]> on host 3a5b9d3e03fa
[2025-04-17T01:30:59.149+0000] {taskinstance.py:3134} INFO - Exporting env vars: AIRFLOW_CTX_DAG_OWNER='***' AIRFLOW_CTX_DAG_ID='data_ingestion_gcs_dag' AIRFLOW_CTX_TASK_ID='get_last_issued_date_task' AIRFLOW_CTX_EXECUTION_DATE='2025-04-16T00:00:00+00:00' AIRFLOW_CTX_TRY_NUMBER='1' AIRFLOW_CTX_DAG_RUN_ID='scheduled__2025-04-16T00:00:00+00:00'
[2025-04-17T01:30:59.151+0000] {logging_mixin.py:190} INFO - Task instance is in running state
[2025-04-17T01:30:59.151+0000] {logging_mixin.py:190} INFO -  Previous state of the Task instance: queued
[2025-04-17T01:30:59.152+0000] {logging_mixin.py:190} INFO - Current task name:get_last_issued_date_task state:running start_date:2025-04-17 01:30:59.055926+00:00
[2025-04-17T01:30:59.152+0000] {logging_mixin.py:190} INFO - Dag name:data_ingestion_gcs_dag and current dag run status:running
[2025-04-17T01:30:59.152+0000] {taskinstance.py:732} INFO - ::endgroup::
[2025-04-17T01:31:01.018+0000] {python.py:240} INFO - Done. Returned value was: 2025-04-14T00:00:00.000
[2025-04-17T01:31:01.069+0000] {taskinstance.py:341} INFO - ::group::Post task execution logs
[2025-04-17T01:31:01.070+0000] {taskinstance.py:353} INFO - Marking task as SUCCESS. dag_id=data_ingestion_gcs_dag, task_id=get_last_issued_date_task, run_id=scheduled__2025-04-16T00:00:00+00:00, execution_date=20250416T000000, start_date=20250417T013059, end_date=20250417T013101
[2025-04-17T01:31:01.098+0000] {logging_mixin.py:190} INFO - Task instance in success state
[2025-04-17T01:31:01.098+0000] {logging_mixin.py:190} INFO -  Previous state of the Task instance: running
[2025-04-17T01:31:01.098+0000] {logging_mixin.py:190} INFO - Dag name:data_ingestion_gcs_dag queued_at:2025-04-17 01:30:56.444130+00:00
[2025-04-17T01:31:01.099+0000] {logging_mixin.py:190} INFO - Task hostname:3a5b9d3e03fa operator:PythonOperator
[2025-04-17T01:31:01.148+0000] {local_task_job_runner.py:266} INFO - Task exited with return code 0
[2025-04-17T01:31:01.182+0000] {taskinstance.py:3901} INFO - 1 downstream tasks scheduled from follow-on schedule check
[2025-04-17T01:31:01.183+0000] {local_task_job_runner.py:245} INFO - ::endgroup::
[2025-04-17T01:33:29.910+0000] {local_task_job_runner.py:123} INFO - ::group::Pre task execution logs
[2025-04-17T01:33:29.929+0000] {taskinstance.py:2614} INFO - Dependencies all met for dep_context=non-requeueable deps ti=<TaskInstance: data_ingestion_gcs_dag.get_last_issued_date_task scheduled__2025-04-16T00:00:00+00:00 [queued]>
[2025-04-17T01:33:29.942+0000] {taskinstance.py:2614} INFO - Dependencies all met for dep_context=requeueable deps ti=<TaskInstance: data_ingestion_gcs_dag.get_last_issued_date_task scheduled__2025-04-16T00:00:00+00:00 [queued]>
[2025-04-17T01:33:29.944+0000] {taskinstance.py:2867} INFO - Starting attempt 1 of 2
[2025-04-17T01:33:29.961+0000] {taskinstance.py:2890} INFO - Executing <Task(PythonOperator): get_last_issued_date_task> on 2025-04-16 00:00:00+00:00
[2025-04-17T01:33:29.965+0000] {warnings.py:112} WARNING - /home/***/.local/lib/python3.12/site-packages/***/task/task_runner/standard_task_runner.py:70: DeprecationWarning: This process (pid=79) is multi-threaded, use of fork() may lead to deadlocks in the child.
  pid = os.fork()

[2025-04-17T01:33:29.966+0000] {standard_task_runner.py:72} INFO - Started process 81 to run task
[2025-04-17T01:33:29.967+0000] {standard_task_runner.py:104} INFO - Running: ['***', 'tasks', 'run', 'data_ingestion_gcs_dag', 'get_last_issued_date_task', 'scheduled__2025-04-16T00:00:00+00:00', '--job-id', '3', '--raw', '--subdir', 'DAGS_FOLDER/data_ingestion_gcs_dag.py', '--cfg-path', '/tmp/tmpaz6avdjt']
[2025-04-17T01:33:29.968+0000] {standard_task_runner.py:105} INFO - Job 3: Subtask get_last_issued_date_task
[2025-04-17T01:33:29.993+0000] {task_command.py:467} INFO - Running <TaskInstance: data_ingestion_gcs_dag.get_last_issued_date_task scheduled__2025-04-16T00:00:00+00:00 [running]> on host 08bedcd8489d
[2025-04-17T01:33:30.034+0000] {taskinstance.py:3134} INFO - Exporting env vars: AIRFLOW_CTX_DAG_OWNER='***' AIRFLOW_CTX_DAG_ID='data_ingestion_gcs_dag' AIRFLOW_CTX_TASK_ID='get_last_issued_date_task' AIRFLOW_CTX_EXECUTION_DATE='2025-04-16T00:00:00+00:00' AIRFLOW_CTX_TRY_NUMBER='1' AIRFLOW_CTX_DAG_RUN_ID='scheduled__2025-04-16T00:00:00+00:00'
[2025-04-17T01:33:30.035+0000] {logging_mixin.py:190} INFO - Task instance is in running state
[2025-04-17T01:33:30.036+0000] {logging_mixin.py:190} INFO -  Previous state of the Task instance: queued
[2025-04-17T01:33:30.036+0000] {logging_mixin.py:190} INFO - Current task name:get_last_issued_date_task state:running start_date:2025-04-17 01:33:29.930054+00:00
[2025-04-17T01:33:30.036+0000] {logging_mixin.py:190} INFO - Dag name:data_ingestion_gcs_dag and current dag run status:running
[2025-04-17T01:33:30.036+0000] {taskinstance.py:732} INFO - ::endgroup::
[2025-04-17T01:33:31.981+0000] {python.py:240} INFO - Done. Returned value was: 2025-04-14T00:00:00.000
[2025-04-17T01:33:31.995+0000] {taskinstance.py:341} INFO - ::group::Post task execution logs
[2025-04-17T01:33:31.996+0000] {taskinstance.py:353} INFO - Marking task as SUCCESS. dag_id=data_ingestion_gcs_dag, task_id=get_last_issued_date_task, run_id=scheduled__2025-04-16T00:00:00+00:00, execution_date=20250416T000000, start_date=20250417T013329, end_date=20250417T013331
[2025-04-17T01:33:32.009+0000] {logging_mixin.py:190} INFO - Task instance in success state
[2025-04-17T01:33:32.009+0000] {logging_mixin.py:190} INFO -  Previous state of the Task instance: running
[2025-04-17T01:33:32.009+0000] {logging_mixin.py:190} INFO - Dag name:data_ingestion_gcs_dag queued_at:2025-04-17 01:33:27.294579+00:00
[2025-04-17T01:33:32.009+0000] {logging_mixin.py:190} INFO - Task hostname:08bedcd8489d operator:PythonOperator
[2025-04-17T01:33:32.034+0000] {local_task_job_runner.py:266} INFO - Task exited with return code 0
[2025-04-17T01:33:32.050+0000] {taskinstance.py:3901} INFO - 1 downstream tasks scheduled from follow-on schedule check
[2025-04-17T01:33:32.051+0000] {local_task_job_runner.py:245} INFO - ::endgroup::
[2025-04-17T01:35:04.789+0000] {local_task_job_runner.py:123} INFO - ::group::Pre task execution logs
[2025-04-17T01:35:04.799+0000] {taskinstance.py:2614} INFO - Dependencies all met for dep_context=non-requeueable deps ti=<TaskInstance: data_ingestion_gcs_dag.get_last_issued_date_task scheduled__2025-04-16T00:00:00+00:00 [queued]>
[2025-04-17T01:35:04.803+0000] {taskinstance.py:2614} INFO - Dependencies all met for dep_context=requeueable deps ti=<TaskInstance: data_ingestion_gcs_dag.get_last_issued_date_task scheduled__2025-04-16T00:00:00+00:00 [queued]>
[2025-04-17T01:35:04.803+0000] {taskinstance.py:2867} INFO - Starting attempt 1 of 2
[2025-04-17T01:35:04.809+0000] {taskinstance.py:2890} INFO - Executing <Task(PythonOperator): get_last_issued_date_task> on 2025-04-16 00:00:00+00:00
[2025-04-17T01:35:04.813+0000] {warnings.py:112} WARNING - /home/***/.local/lib/python3.12/site-packages/***/task/task_runner/standard_task_runner.py:70: DeprecationWarning: This process (pid=79) is multi-threaded, use of fork() may lead to deadlocks in the child.
  pid = os.fork()

[2025-04-17T01:35:04.814+0000] {standard_task_runner.py:72} INFO - Started process 81 to run task
[2025-04-17T01:35:04.814+0000] {standard_task_runner.py:104} INFO - Running: ['***', 'tasks', 'run', 'data_ingestion_gcs_dag', 'get_last_issued_date_task', 'scheduled__2025-04-16T00:00:00+00:00', '--job-id', '3', '--raw', '--subdir', 'DAGS_FOLDER/data_ingestion_gcs_dag.py', '--cfg-path', '/tmp/tmppb5wavgf']
[2025-04-17T01:35:04.815+0000] {standard_task_runner.py:105} INFO - Job 3: Subtask get_last_issued_date_task
[2025-04-17T01:35:04.839+0000] {task_command.py:467} INFO - Running <TaskInstance: data_ingestion_gcs_dag.get_last_issued_date_task scheduled__2025-04-16T00:00:00+00:00 [running]> on host e4cb45997592
[2025-04-17T01:35:04.881+0000] {taskinstance.py:3134} INFO - Exporting env vars: AIRFLOW_CTX_DAG_OWNER='***' AIRFLOW_CTX_DAG_ID='data_ingestion_gcs_dag' AIRFLOW_CTX_TASK_ID='get_last_issued_date_task' AIRFLOW_CTX_EXECUTION_DATE='2025-04-16T00:00:00+00:00' AIRFLOW_CTX_TRY_NUMBER='1' AIRFLOW_CTX_DAG_RUN_ID='scheduled__2025-04-16T00:00:00+00:00'
[2025-04-17T01:35:04.882+0000] {logging_mixin.py:190} INFO - Task instance is in running state
[2025-04-17T01:35:04.882+0000] {logging_mixin.py:190} INFO -  Previous state of the Task instance: queued
[2025-04-17T01:35:04.882+0000] {logging_mixin.py:190} INFO - Current task name:get_last_issued_date_task state:running start_date:2025-04-17 01:35:04.799681+00:00
[2025-04-17T01:35:04.882+0000] {logging_mixin.py:190} INFO - Dag name:data_ingestion_gcs_dag and current dag run status:running
[2025-04-17T01:35:04.882+0000] {taskinstance.py:732} INFO - ::endgroup::
[2025-04-17T01:35:06.758+0000] {python.py:240} INFO - Done. Returned value was: 2025-04-14T00:00:00.000
[2025-04-17T01:35:06.802+0000] {taskinstance.py:341} INFO - ::group::Post task execution logs
[2025-04-17T01:35:06.803+0000] {taskinstance.py:353} INFO - Marking task as SUCCESS. dag_id=data_ingestion_gcs_dag, task_id=get_last_issued_date_task, run_id=scheduled__2025-04-16T00:00:00+00:00, execution_date=20250416T000000, start_date=20250417T013504, end_date=20250417T013506
[2025-04-17T01:35:06.832+0000] {logging_mixin.py:190} INFO - Task instance in success state
[2025-04-17T01:35:06.833+0000] {logging_mixin.py:190} INFO -  Previous state of the Task instance: running
[2025-04-17T01:35:06.833+0000] {logging_mixin.py:190} INFO - Dag name:data_ingestion_gcs_dag queued_at:2025-04-17 01:35:02.208563+00:00
[2025-04-17T01:35:06.834+0000] {logging_mixin.py:190} INFO - Task hostname:e4cb45997592 operator:PythonOperator
[2025-04-17T01:35:06.880+0000] {local_task_job_runner.py:266} INFO - Task exited with return code 0
[2025-04-17T01:35:06.926+0000] {taskinstance.py:3901} INFO - 1 downstream tasks scheduled from follow-on schedule check
[2025-04-17T01:35:06.927+0000] {local_task_job_runner.py:245} INFO - ::endgroup::
[2025-04-17T01:37:36.822+0000] {local_task_job_runner.py:123} INFO - ::group::Pre task execution logs
[2025-04-17T01:37:36.834+0000] {taskinstance.py:2614} INFO - Dependencies all met for dep_context=non-requeueable deps ti=<TaskInstance: data_ingestion_gcs_dag.get_last_issued_date_task scheduled__2025-04-16T00:00:00+00:00 [queued]>
[2025-04-17T01:37:36.839+0000] {taskinstance.py:2614} INFO - Dependencies all met for dep_context=requeueable deps ti=<TaskInstance: data_ingestion_gcs_dag.get_last_issued_date_task scheduled__2025-04-16T00:00:00+00:00 [queued]>
[2025-04-17T01:37:36.839+0000] {taskinstance.py:2867} INFO - Starting attempt 1 of 2
[2025-04-17T01:37:36.845+0000] {taskinstance.py:2890} INFO - Executing <Task(PythonOperator): get_last_issued_date_task> on 2025-04-16 00:00:00+00:00
[2025-04-17T01:37:36.849+0000] {warnings.py:112} WARNING - /home/***/.local/lib/python3.12/site-packages/***/task/task_runner/standard_task_runner.py:70: DeprecationWarning: This process (pid=86) is multi-threaded, use of fork() may lead to deadlocks in the child.
  pid = os.fork()

[2025-04-17T01:37:36.850+0000] {standard_task_runner.py:72} INFO - Started process 88 to run task
[2025-04-17T01:37:36.851+0000] {standard_task_runner.py:104} INFO - Running: ['***', 'tasks', 'run', 'data_ingestion_gcs_dag', 'get_last_issued_date_task', 'scheduled__2025-04-16T00:00:00+00:00', '--job-id', '3', '--raw', '--subdir', 'DAGS_FOLDER/data_ingestion_gcs_dag.py', '--cfg-path', '/tmp/tmpkkbj1q8_']
[2025-04-17T01:37:36.852+0000] {standard_task_runner.py:105} INFO - Job 3: Subtask get_last_issued_date_task
[2025-04-17T01:37:36.881+0000] {task_command.py:467} INFO - Running <TaskInstance: data_ingestion_gcs_dag.get_last_issued_date_task scheduled__2025-04-16T00:00:00+00:00 [running]> on host 24f4700a8657
[2025-04-17T01:37:36.927+0000] {taskinstance.py:3134} INFO - Exporting env vars: AIRFLOW_CTX_DAG_OWNER='***' AIRFLOW_CTX_DAG_ID='data_ingestion_gcs_dag' AIRFLOW_CTX_TASK_ID='get_last_issued_date_task' AIRFLOW_CTX_EXECUTION_DATE='2025-04-16T00:00:00+00:00' AIRFLOW_CTX_TRY_NUMBER='1' AIRFLOW_CTX_DAG_RUN_ID='scheduled__2025-04-16T00:00:00+00:00'
[2025-04-17T01:37:36.928+0000] {logging_mixin.py:190} INFO - Task instance is in running state
[2025-04-17T01:37:36.928+0000] {logging_mixin.py:190} INFO -  Previous state of the Task instance: queued
[2025-04-17T01:37:36.928+0000] {logging_mixin.py:190} INFO - Current task name:get_last_issued_date_task state:running start_date:2025-04-17 01:37:36.835175+00:00
[2025-04-17T01:37:36.929+0000] {logging_mixin.py:190} INFO - Dag name:data_ingestion_gcs_dag and current dag run status:running
[2025-04-17T01:37:36.929+0000] {taskinstance.py:732} INFO - ::endgroup::
[2025-04-17T01:37:38.854+0000] {python.py:240} INFO - Done. Returned value was: 2025-04-14T00:00:00.000
[2025-04-17T01:37:38.897+0000] {taskinstance.py:341} INFO - ::group::Post task execution logs
[2025-04-17T01:37:38.898+0000] {taskinstance.py:353} INFO - Marking task as SUCCESS. dag_id=data_ingestion_gcs_dag, task_id=get_last_issued_date_task, run_id=scheduled__2025-04-16T00:00:00+00:00, execution_date=20250416T000000, start_date=20250417T013736, end_date=20250417T013738
[2025-04-17T01:37:38.933+0000] {logging_mixin.py:190} INFO - Task instance in success state
[2025-04-17T01:37:38.933+0000] {logging_mixin.py:190} INFO -  Previous state of the Task instance: running
[2025-04-17T01:37:38.934+0000] {logging_mixin.py:190} INFO - Dag name:data_ingestion_gcs_dag queued_at:2025-04-17 01:37:34.250465+00:00
[2025-04-17T01:37:38.934+0000] {logging_mixin.py:190} INFO - Task hostname:24f4700a8657 operator:PythonOperator
[2025-04-17T01:37:38.959+0000] {local_task_job_runner.py:266} INFO - Task exited with return code 0
[2025-04-17T01:37:38.992+0000] {taskinstance.py:3901} INFO - 1 downstream tasks scheduled from follow-on schedule check
[2025-04-17T01:37:38.993+0000] {local_task_job_runner.py:245} INFO - ::endgroup::
[2025-04-17T01:42:48.798+0000] {local_task_job_runner.py:123} INFO - ::group::Pre task execution logs
[2025-04-17T01:42:48.807+0000] {taskinstance.py:2614} INFO - Dependencies all met for dep_context=non-requeueable deps ti=<TaskInstance: data_ingestion_gcs_dag.get_last_issued_date_task scheduled__2025-04-16T00:00:00+00:00 [queued]>
[2025-04-17T01:42:48.811+0000] {taskinstance.py:2614} INFO - Dependencies all met for dep_context=requeueable deps ti=<TaskInstance: data_ingestion_gcs_dag.get_last_issued_date_task scheduled__2025-04-16T00:00:00+00:00 [queued]>
[2025-04-17T01:42:48.811+0000] {taskinstance.py:2867} INFO - Starting attempt 1 of 2
[2025-04-17T01:42:48.817+0000] {taskinstance.py:2890} INFO - Executing <Task(PythonOperator): get_last_issued_date_task> on 2025-04-16 00:00:00+00:00
[2025-04-17T01:42:48.821+0000] {warnings.py:112} WARNING - /home/***/.local/lib/python3.12/site-packages/***/task/task_runner/standard_task_runner.py:70: DeprecationWarning: This process (pid=79) is multi-threaded, use of fork() may lead to deadlocks in the child.
  pid = os.fork()

[2025-04-17T01:42:48.822+0000] {standard_task_runner.py:72} INFO - Started process 81 to run task
[2025-04-17T01:42:48.822+0000] {standard_task_runner.py:104} INFO - Running: ['***', 'tasks', 'run', 'data_ingestion_gcs_dag', 'get_last_issued_date_task', 'scheduled__2025-04-16T00:00:00+00:00', '--job-id', '3', '--raw', '--subdir', 'DAGS_FOLDER/data_ingestion_gcs_dag.py', '--cfg-path', '/tmp/tmpcoabcloz']
[2025-04-17T01:42:48.823+0000] {standard_task_runner.py:105} INFO - Job 3: Subtask get_last_issued_date_task
[2025-04-17T01:42:48.848+0000] {task_command.py:467} INFO - Running <TaskInstance: data_ingestion_gcs_dag.get_last_issued_date_task scheduled__2025-04-16T00:00:00+00:00 [running]> on host 46a9ca65d5e7
[2025-04-17T01:42:48.888+0000] {taskinstance.py:3134} INFO - Exporting env vars: AIRFLOW_CTX_DAG_OWNER='***' AIRFLOW_CTX_DAG_ID='data_ingestion_gcs_dag' AIRFLOW_CTX_TASK_ID='get_last_issued_date_task' AIRFLOW_CTX_EXECUTION_DATE='2025-04-16T00:00:00+00:00' AIRFLOW_CTX_TRY_NUMBER='1' AIRFLOW_CTX_DAG_RUN_ID='scheduled__2025-04-16T00:00:00+00:00'
[2025-04-17T01:42:48.889+0000] {logging_mixin.py:190} INFO - Task instance is in running state
[2025-04-17T01:42:48.889+0000] {logging_mixin.py:190} INFO -  Previous state of the Task instance: queued
[2025-04-17T01:42:48.889+0000] {logging_mixin.py:190} INFO - Current task name:get_last_issued_date_task state:running start_date:2025-04-17 01:42:48.808063+00:00
[2025-04-17T01:42:48.889+0000] {logging_mixin.py:190} INFO - Dag name:data_ingestion_gcs_dag and current dag run status:running
[2025-04-17T01:42:48.890+0000] {taskinstance.py:732} INFO - ::endgroup::
[2025-04-17T01:42:50.796+0000] {python.py:240} INFO - Done. Returned value was: 2025-04-14T00:00:00.000
[2025-04-17T01:42:50.824+0000] {taskinstance.py:341} INFO - ::group::Post task execution logs
[2025-04-17T01:42:50.825+0000] {taskinstance.py:353} INFO - Marking task as SUCCESS. dag_id=data_ingestion_gcs_dag, task_id=get_last_issued_date_task, run_id=scheduled__2025-04-16T00:00:00+00:00, execution_date=20250416T000000, start_date=20250417T014248, end_date=20250417T014250
[2025-04-17T01:42:50.840+0000] {logging_mixin.py:190} INFO - Task instance in success state
[2025-04-17T01:42:50.840+0000] {logging_mixin.py:190} INFO -  Previous state of the Task instance: running
[2025-04-17T01:42:50.840+0000] {logging_mixin.py:190} INFO - Dag name:data_ingestion_gcs_dag queued_at:2025-04-17 01:42:46.215117+00:00
[2025-04-17T01:42:50.841+0000] {logging_mixin.py:190} INFO - Task hostname:46a9ca65d5e7 operator:PythonOperator
[2025-04-17T01:42:50.848+0000] {local_task_job_runner.py:266} INFO - Task exited with return code 0
[2025-04-17T01:42:50.863+0000] {taskinstance.py:3901} INFO - 1 downstream tasks scheduled from follow-on schedule check
[2025-04-17T01:42:50.864+0000] {local_task_job_runner.py:245} INFO - ::endgroup::
[2025-04-17T01:44:49.056+0000] {local_task_job_runner.py:123} INFO - ::group::Pre task execution logs
[2025-04-17T01:44:49.064+0000] {taskinstance.py:2614} INFO - Dependencies all met for dep_context=non-requeueable deps ti=<TaskInstance: data_ingestion_gcs_dag.get_last_issued_date_task scheduled__2025-04-16T00:00:00+00:00 [queued]>
[2025-04-17T01:44:49.068+0000] {taskinstance.py:2614} INFO - Dependencies all met for dep_context=requeueable deps ti=<TaskInstance: data_ingestion_gcs_dag.get_last_issued_date_task scheduled__2025-04-16T00:00:00+00:00 [queued]>
[2025-04-17T01:44:49.068+0000] {taskinstance.py:2867} INFO - Starting attempt 1 of 2
[2025-04-17T01:44:49.074+0000] {taskinstance.py:2890} INFO - Executing <Task(PythonOperator): get_last_issued_date_task> on 2025-04-16 00:00:00+00:00
[2025-04-17T01:44:49.078+0000] {warnings.py:112} WARNING - /home/***/.local/lib/python3.12/site-packages/***/task/task_runner/standard_task_runner.py:70: DeprecationWarning: This process (pid=79) is multi-threaded, use of fork() may lead to deadlocks in the child.
  pid = os.fork()

[2025-04-17T01:44:49.079+0000] {standard_task_runner.py:72} INFO - Started process 81 to run task
[2025-04-17T01:44:49.080+0000] {standard_task_runner.py:104} INFO - Running: ['***', 'tasks', 'run', 'data_ingestion_gcs_dag', 'get_last_issued_date_task', 'scheduled__2025-04-16T00:00:00+00:00', '--job-id', '3', '--raw', '--subdir', 'DAGS_FOLDER/data_ingestion_gcs_dag.py', '--cfg-path', '/tmp/tmp1u8gwoyh']
[2025-04-17T01:44:49.080+0000] {standard_task_runner.py:105} INFO - Job 3: Subtask get_last_issued_date_task
[2025-04-17T01:44:49.105+0000] {task_command.py:467} INFO - Running <TaskInstance: data_ingestion_gcs_dag.get_last_issued_date_task scheduled__2025-04-16T00:00:00+00:00 [running]> on host 42bbc89119e7
[2025-04-17T01:44:49.144+0000] {taskinstance.py:3134} INFO - Exporting env vars: AIRFLOW_CTX_DAG_OWNER='***' AIRFLOW_CTX_DAG_ID='data_ingestion_gcs_dag' AIRFLOW_CTX_TASK_ID='get_last_issued_date_task' AIRFLOW_CTX_EXECUTION_DATE='2025-04-16T00:00:00+00:00' AIRFLOW_CTX_TRY_NUMBER='1' AIRFLOW_CTX_DAG_RUN_ID='scheduled__2025-04-16T00:00:00+00:00'
[2025-04-17T01:44:49.145+0000] {logging_mixin.py:190} INFO - Task instance is in running state
[2025-04-17T01:44:49.146+0000] {logging_mixin.py:190} INFO -  Previous state of the Task instance: queued
[2025-04-17T01:44:49.146+0000] {logging_mixin.py:190} INFO - Current task name:get_last_issued_date_task state:running start_date:2025-04-17 01:44:49.065114+00:00
[2025-04-17T01:44:49.146+0000] {logging_mixin.py:190} INFO - Dag name:data_ingestion_gcs_dag and current dag run status:running
[2025-04-17T01:44:49.146+0000] {taskinstance.py:732} INFO - ::endgroup::
[2025-04-17T01:44:51.235+0000] {python.py:240} INFO - Done. Returned value was: 2025-04-14T00:00:00.000
[2025-04-17T01:44:51.286+0000] {taskinstance.py:341} INFO - ::group::Post task execution logs
[2025-04-17T01:44:51.287+0000] {taskinstance.py:353} INFO - Marking task as SUCCESS. dag_id=data_ingestion_gcs_dag, task_id=get_last_issued_date_task, run_id=scheduled__2025-04-16T00:00:00+00:00, execution_date=20250416T000000, start_date=20250417T014449, end_date=20250417T014451
[2025-04-17T01:44:51.311+0000] {logging_mixin.py:190} INFO - Task instance in success state
[2025-04-17T01:44:51.312+0000] {logging_mixin.py:190} INFO -  Previous state of the Task instance: running
[2025-04-17T01:44:51.313+0000] {logging_mixin.py:190} INFO - Dag name:data_ingestion_gcs_dag queued_at:2025-04-17 01:44:46.469277+00:00
[2025-04-17T01:44:51.314+0000] {logging_mixin.py:190} INFO - Task hostname:42bbc89119e7 operator:PythonOperator
[2025-04-17T01:44:51.350+0000] {local_task_job_runner.py:266} INFO - Task exited with return code 0
[2025-04-17T01:44:51.398+0000] {taskinstance.py:3901} INFO - 1 downstream tasks scheduled from follow-on schedule check
[2025-04-17T01:44:51.400+0000] {local_task_job_runner.py:245} INFO - ::endgroup::
[2025-04-17T01:49:57.536+0000] {local_task_job_runner.py:123} INFO - ::group::Pre task execution logs
[2025-04-17T01:49:57.544+0000] {taskinstance.py:2614} INFO - Dependencies all met for dep_context=non-requeueable deps ti=<TaskInstance: data_ingestion_gcs_dag.get_last_issued_date_task scheduled__2025-04-16T00:00:00+00:00 [queued]>
[2025-04-17T01:49:57.547+0000] {taskinstance.py:2614} INFO - Dependencies all met for dep_context=requeueable deps ti=<TaskInstance: data_ingestion_gcs_dag.get_last_issued_date_task scheduled__2025-04-16T00:00:00+00:00 [queued]>
[2025-04-17T01:49:57.547+0000] {taskinstance.py:2867} INFO - Starting attempt 1 of 2
[2025-04-17T01:49:57.553+0000] {taskinstance.py:2890} INFO - Executing <Task(PythonOperator): get_last_issued_date_task> on 2025-04-16 00:00:00+00:00
[2025-04-17T01:49:57.557+0000] {warnings.py:112} WARNING - /home/***/.local/lib/python3.12/site-packages/***/task/task_runner/standard_task_runner.py:70: DeprecationWarning: This process (pid=79) is multi-threaded, use of fork() may lead to deadlocks in the child.
  pid = os.fork()

[2025-04-17T01:49:57.558+0000] {standard_task_runner.py:72} INFO - Started process 81 to run task
[2025-04-17T01:49:57.559+0000] {standard_task_runner.py:104} INFO - Running: ['***', 'tasks', 'run', 'data_ingestion_gcs_dag', 'get_last_issued_date_task', 'scheduled__2025-04-16T00:00:00+00:00', '--job-id', '3', '--raw', '--subdir', 'DAGS_FOLDER/data_ingestion_gcs_dag.py', '--cfg-path', '/tmp/tmpcjy4fwl_']
[2025-04-17T01:49:57.560+0000] {standard_task_runner.py:105} INFO - Job 3: Subtask get_last_issued_date_task
[2025-04-17T01:49:57.586+0000] {task_command.py:467} INFO - Running <TaskInstance: data_ingestion_gcs_dag.get_last_issued_date_task scheduled__2025-04-16T00:00:00+00:00 [running]> on host 1308a6b61a6d
[2025-04-17T01:49:57.624+0000] {taskinstance.py:3134} INFO - Exporting env vars: AIRFLOW_CTX_DAG_OWNER='***' AIRFLOW_CTX_DAG_ID='data_ingestion_gcs_dag' AIRFLOW_CTX_TASK_ID='get_last_issued_date_task' AIRFLOW_CTX_EXECUTION_DATE='2025-04-16T00:00:00+00:00' AIRFLOW_CTX_TRY_NUMBER='1' AIRFLOW_CTX_DAG_RUN_ID='scheduled__2025-04-16T00:00:00+00:00'
[2025-04-17T01:49:57.626+0000] {logging_mixin.py:190} INFO - Task instance is in running state
[2025-04-17T01:49:57.626+0000] {logging_mixin.py:190} INFO -  Previous state of the Task instance: queued
[2025-04-17T01:49:57.626+0000] {logging_mixin.py:190} INFO - Current task name:get_last_issued_date_task state:running start_date:2025-04-17 01:49:57.544440+00:00
[2025-04-17T01:49:57.626+0000] {logging_mixin.py:190} INFO - Dag name:data_ingestion_gcs_dag and current dag run status:running
[2025-04-17T01:49:57.627+0000] {taskinstance.py:732} INFO - ::endgroup::
[2025-04-17T01:49:59.575+0000] {python.py:240} INFO - Done. Returned value was: 2025-04-14T00:00:00.000
[2025-04-17T01:49:59.620+0000] {taskinstance.py:341} INFO - ::group::Post task execution logs
[2025-04-17T01:49:59.621+0000] {taskinstance.py:353} INFO - Marking task as SUCCESS. dag_id=data_ingestion_gcs_dag, task_id=get_last_issued_date_task, run_id=scheduled__2025-04-16T00:00:00+00:00, execution_date=20250416T000000, start_date=20250417T014957, end_date=20250417T014959
[2025-04-17T01:49:59.646+0000] {logging_mixin.py:190} INFO - Task instance in success state
[2025-04-17T01:49:59.647+0000] {logging_mixin.py:190} INFO -  Previous state of the Task instance: running
[2025-04-17T01:49:59.647+0000] {logging_mixin.py:190} INFO - Dag name:data_ingestion_gcs_dag queued_at:2025-04-17 01:49:54.964252+00:00
[2025-04-17T01:49:59.647+0000] {logging_mixin.py:190} INFO - Task hostname:1308a6b61a6d operator:PythonOperator
[2025-04-17T01:49:59.668+0000] {local_task_job_runner.py:266} INFO - Task exited with return code 0
[2025-04-17T01:49:59.699+0000] {taskinstance.py:3901} INFO - 1 downstream tasks scheduled from follow-on schedule check
[2025-04-17T01:49:59.700+0000] {local_task_job_runner.py:245} INFO - ::endgroup::
[2025-04-17T01:52:40.186+0000] {local_task_job_runner.py:123} INFO - ::group::Pre task execution logs
[2025-04-17T01:52:40.194+0000] {taskinstance.py:2614} INFO - Dependencies all met for dep_context=non-requeueable deps ti=<TaskInstance: data_ingestion_gcs_dag.get_last_issued_date_task scheduled__2025-04-16T00:00:00+00:00 [queued]>
[2025-04-17T01:52:40.198+0000] {taskinstance.py:2614} INFO - Dependencies all met for dep_context=requeueable deps ti=<TaskInstance: data_ingestion_gcs_dag.get_last_issued_date_task scheduled__2025-04-16T00:00:00+00:00 [queued]>
[2025-04-17T01:52:40.198+0000] {taskinstance.py:2867} INFO - Starting attempt 1 of 2
[2025-04-17T01:52:40.204+0000] {taskinstance.py:2890} INFO - Executing <Task(PythonOperator): get_last_issued_date_task> on 2025-04-16 00:00:00+00:00
[2025-04-17T01:52:40.207+0000] {warnings.py:112} WARNING - /home/***/.local/lib/python3.12/site-packages/***/task/task_runner/standard_task_runner.py:70: DeprecationWarning: This process (pid=79) is multi-threaded, use of fork() may lead to deadlocks in the child.
  pid = os.fork()

[2025-04-17T01:52:40.208+0000] {standard_task_runner.py:72} INFO - Started process 81 to run task
[2025-04-17T01:52:40.209+0000] {standard_task_runner.py:104} INFO - Running: ['***', 'tasks', 'run', 'data_ingestion_gcs_dag', 'get_last_issued_date_task', 'scheduled__2025-04-16T00:00:00+00:00', '--job-id', '3', '--raw', '--subdir', 'DAGS_FOLDER/data_ingestion_gcs_dag.py', '--cfg-path', '/tmp/tmp23w687km']
[2025-04-17T01:52:40.210+0000] {standard_task_runner.py:105} INFO - Job 3: Subtask get_last_issued_date_task
[2025-04-17T01:52:40.235+0000] {task_command.py:467} INFO - Running <TaskInstance: data_ingestion_gcs_dag.get_last_issued_date_task scheduled__2025-04-16T00:00:00+00:00 [running]> on host e0499efee7f4
[2025-04-17T01:52:40.276+0000] {taskinstance.py:3134} INFO - Exporting env vars: AIRFLOW_CTX_DAG_OWNER='***' AIRFLOW_CTX_DAG_ID='data_ingestion_gcs_dag' AIRFLOW_CTX_TASK_ID='get_last_issued_date_task' AIRFLOW_CTX_EXECUTION_DATE='2025-04-16T00:00:00+00:00' AIRFLOW_CTX_TRY_NUMBER='1' AIRFLOW_CTX_DAG_RUN_ID='scheduled__2025-04-16T00:00:00+00:00'
[2025-04-17T01:52:40.277+0000] {logging_mixin.py:190} INFO - Task instance is in running state
[2025-04-17T01:52:40.277+0000] {logging_mixin.py:190} INFO -  Previous state of the Task instance: queued
[2025-04-17T01:52:40.278+0000] {logging_mixin.py:190} INFO - Current task name:get_last_issued_date_task state:running start_date:2025-04-17 01:52:40.194857+00:00
[2025-04-17T01:52:40.278+0000] {logging_mixin.py:190} INFO - Dag name:data_ingestion_gcs_dag and current dag run status:running
[2025-04-17T01:52:40.278+0000] {taskinstance.py:732} INFO - ::endgroup::
[2025-04-17T01:52:42.083+0000] {python.py:240} INFO - Done. Returned value was: 2025-04-14T00:00:00.000
[2025-04-17T01:52:42.130+0000] {taskinstance.py:341} INFO - ::group::Post task execution logs
[2025-04-17T01:52:42.131+0000] {taskinstance.py:353} INFO - Marking task as SUCCESS. dag_id=data_ingestion_gcs_dag, task_id=get_last_issued_date_task, run_id=scheduled__2025-04-16T00:00:00+00:00, execution_date=20250416T000000, start_date=20250417T015240, end_date=20250417T015242
[2025-04-17T01:52:42.161+0000] {logging_mixin.py:190} INFO - Task instance in success state
[2025-04-17T01:52:42.161+0000] {logging_mixin.py:190} INFO -  Previous state of the Task instance: running
[2025-04-17T01:52:42.162+0000] {logging_mixin.py:190} INFO - Dag name:data_ingestion_gcs_dag queued_at:2025-04-17 01:52:37.625586+00:00
[2025-04-17T01:52:42.163+0000] {logging_mixin.py:190} INFO - Task hostname:e0499efee7f4 operator:PythonOperator
[2025-04-17T01:52:42.194+0000] {local_task_job_runner.py:266} INFO - Task exited with return code 0
[2025-04-17T01:52:42.235+0000] {taskinstance.py:3901} INFO - 1 downstream tasks scheduled from follow-on schedule check
[2025-04-17T01:52:42.236+0000] {local_task_job_runner.py:245} INFO - ::endgroup::
[2025-04-17T01:55:03.024+0000] {local_task_job_runner.py:123} INFO - ::group::Pre task execution logs
[2025-04-17T01:55:03.032+0000] {taskinstance.py:2614} INFO - Dependencies all met for dep_context=non-requeueable deps ti=<TaskInstance: data_ingestion_gcs_dag.get_last_issued_date_task scheduled__2025-04-16T00:00:00+00:00 [queued]>
[2025-04-17T01:55:03.036+0000] {taskinstance.py:2614} INFO - Dependencies all met for dep_context=requeueable deps ti=<TaskInstance: data_ingestion_gcs_dag.get_last_issued_date_task scheduled__2025-04-16T00:00:00+00:00 [queued]>
[2025-04-17T01:55:03.036+0000] {taskinstance.py:2867} INFO - Starting attempt 1 of 2
[2025-04-17T01:55:03.042+0000] {taskinstance.py:2890} INFO - Executing <Task(PythonOperator): get_last_issued_date_task> on 2025-04-16 00:00:00+00:00
[2025-04-17T01:55:03.046+0000] {warnings.py:112} WARNING - /home/***/.local/lib/python3.12/site-packages/***/task/task_runner/standard_task_runner.py:70: DeprecationWarning: This process (pid=81) is multi-threaded, use of fork() may lead to deadlocks in the child.
  pid = os.fork()

[2025-04-17T01:55:03.047+0000] {standard_task_runner.py:72} INFO - Started process 83 to run task
[2025-04-17T01:55:03.048+0000] {standard_task_runner.py:104} INFO - Running: ['***', 'tasks', 'run', 'data_ingestion_gcs_dag', 'get_last_issued_date_task', 'scheduled__2025-04-16T00:00:00+00:00', '--job-id', '3', '--raw', '--subdir', 'DAGS_FOLDER/data_ingestion_gcs_dag.py', '--cfg-path', '/tmp/tmphpl2_i4r']
[2025-04-17T01:55:03.048+0000] {standard_task_runner.py:105} INFO - Job 3: Subtask get_last_issued_date_task
[2025-04-17T01:55:03.073+0000] {task_command.py:467} INFO - Running <TaskInstance: data_ingestion_gcs_dag.get_last_issued_date_task scheduled__2025-04-16T00:00:00+00:00 [running]> on host 60c807fffc4d
[2025-04-17T01:55:03.113+0000] {taskinstance.py:3134} INFO - Exporting env vars: AIRFLOW_CTX_DAG_OWNER='***' AIRFLOW_CTX_DAG_ID='data_ingestion_gcs_dag' AIRFLOW_CTX_TASK_ID='get_last_issued_date_task' AIRFLOW_CTX_EXECUTION_DATE='2025-04-16T00:00:00+00:00' AIRFLOW_CTX_TRY_NUMBER='1' AIRFLOW_CTX_DAG_RUN_ID='scheduled__2025-04-16T00:00:00+00:00'
[2025-04-17T01:55:03.114+0000] {logging_mixin.py:190} INFO - Task instance is in running state
[2025-04-17T01:55:03.114+0000] {logging_mixin.py:190} INFO -  Previous state of the Task instance: queued
[2025-04-17T01:55:03.114+0000] {logging_mixin.py:190} INFO - Current task name:get_last_issued_date_task state:running start_date:2025-04-17 01:55:03.032584+00:00
[2025-04-17T01:55:03.115+0000] {logging_mixin.py:190} INFO - Dag name:data_ingestion_gcs_dag and current dag run status:running
[2025-04-17T01:55:03.115+0000] {taskinstance.py:732} INFO - ::endgroup::
[2025-04-17T01:55:05.030+0000] {python.py:240} INFO - Done. Returned value was: 2025-04-14T00:00:00.000
[2025-04-17T01:55:05.081+0000] {taskinstance.py:341} INFO - ::group::Post task execution logs
[2025-04-17T01:55:05.082+0000] {taskinstance.py:353} INFO - Marking task as SUCCESS. dag_id=data_ingestion_gcs_dag, task_id=get_last_issued_date_task, run_id=scheduled__2025-04-16T00:00:00+00:00, execution_date=20250416T000000, start_date=20250417T015503, end_date=20250417T015505
[2025-04-17T01:55:05.098+0000] {logging_mixin.py:190} INFO - Task instance in success state
[2025-04-17T01:55:05.099+0000] {logging_mixin.py:190} INFO -  Previous state of the Task instance: running
[2025-04-17T01:55:05.099+0000] {logging_mixin.py:190} INFO - Dag name:data_ingestion_gcs_dag queued_at:2025-04-17 01:55:00.429197+00:00
[2025-04-17T01:55:05.099+0000] {logging_mixin.py:190} INFO - Task hostname:60c807fffc4d operator:PythonOperator
[2025-04-17T01:55:05.116+0000] {local_task_job_runner.py:266} INFO - Task exited with return code 0
[2025-04-17T01:55:05.136+0000] {taskinstance.py:3901} INFO - 1 downstream tasks scheduled from follow-on schedule check
[2025-04-17T01:55:05.137+0000] {local_task_job_runner.py:245} INFO - ::endgroup::
[2025-04-17T01:57:58.024+0000] {local_task_job_runner.py:123} INFO - ::group::Pre task execution logs
[2025-04-17T01:57:58.032+0000] {taskinstance.py:2614} INFO - Dependencies all met for dep_context=non-requeueable deps ti=<TaskInstance: data_ingestion_gcs_dag.get_last_issued_date_task scheduled__2025-04-16T00:00:00+00:00 [queued]>
[2025-04-17T01:57:58.036+0000] {taskinstance.py:2614} INFO - Dependencies all met for dep_context=requeueable deps ti=<TaskInstance: data_ingestion_gcs_dag.get_last_issued_date_task scheduled__2025-04-16T00:00:00+00:00 [queued]>
[2025-04-17T01:57:58.036+0000] {taskinstance.py:2867} INFO - Starting attempt 1 of 2
[2025-04-17T01:57:58.043+0000] {taskinstance.py:2890} INFO - Executing <Task(PythonOperator): get_last_issued_date_task> on 2025-04-16 00:00:00+00:00
[2025-04-17T01:57:58.049+0000] {warnings.py:112} WARNING - /home/***/.local/lib/python3.12/site-packages/***/task/task_runner/standard_task_runner.py:70: DeprecationWarning: This process (pid=79) is multi-threaded, use of fork() may lead to deadlocks in the child.
  pid = os.fork()

[2025-04-17T01:57:58.050+0000] {standard_task_runner.py:72} INFO - Started process 81 to run task
[2025-04-17T01:57:58.051+0000] {standard_task_runner.py:104} INFO - Running: ['***', 'tasks', 'run', 'data_ingestion_gcs_dag', 'get_last_issued_date_task', 'scheduled__2025-04-16T00:00:00+00:00', '--job-id', '3', '--raw', '--subdir', 'DAGS_FOLDER/data_ingestion_gcs_dag.py', '--cfg-path', '/tmp/tmpsjgxrbwz']
[2025-04-17T01:57:58.051+0000] {standard_task_runner.py:105} INFO - Job 3: Subtask get_last_issued_date_task
[2025-04-17T01:57:58.083+0000] {task_command.py:467} INFO - Running <TaskInstance: data_ingestion_gcs_dag.get_last_issued_date_task scheduled__2025-04-16T00:00:00+00:00 [running]> on host a4de9eb4cb15
[2025-04-17T01:57:58.123+0000] {taskinstance.py:3134} INFO - Exporting env vars: AIRFLOW_CTX_DAG_OWNER='***' AIRFLOW_CTX_DAG_ID='data_ingestion_gcs_dag' AIRFLOW_CTX_TASK_ID='get_last_issued_date_task' AIRFLOW_CTX_EXECUTION_DATE='2025-04-16T00:00:00+00:00' AIRFLOW_CTX_TRY_NUMBER='1' AIRFLOW_CTX_DAG_RUN_ID='scheduled__2025-04-16T00:00:00+00:00'
[2025-04-17T01:57:58.124+0000] {logging_mixin.py:190} INFO - Task instance is in running state
[2025-04-17T01:57:58.124+0000] {logging_mixin.py:190} INFO -  Previous state of the Task instance: queued
[2025-04-17T01:57:58.124+0000] {logging_mixin.py:190} INFO - Current task name:get_last_issued_date_task state:running start_date:2025-04-17 01:57:58.033036+00:00
[2025-04-17T01:57:58.124+0000] {logging_mixin.py:190} INFO - Dag name:data_ingestion_gcs_dag and current dag run status:running
[2025-04-17T01:57:58.124+0000] {taskinstance.py:732} INFO - ::endgroup::
[2025-04-17T01:57:59.958+0000] {python.py:240} INFO - Done. Returned value was: 2025-04-14T00:00:00.000
[2025-04-17T01:57:59.993+0000] {taskinstance.py:341} INFO - ::group::Post task execution logs
[2025-04-17T01:57:59.994+0000] {taskinstance.py:353} INFO - Marking task as SUCCESS. dag_id=data_ingestion_gcs_dag, task_id=get_last_issued_date_task, run_id=scheduled__2025-04-16T00:00:00+00:00, execution_date=20250416T000000, start_date=20250417T015758, end_date=20250417T015759
[2025-04-17T01:58:00.018+0000] {logging_mixin.py:190} INFO - Task instance in success state
[2025-04-17T01:58:00.019+0000] {logging_mixin.py:190} INFO -  Previous state of the Task instance: running
[2025-04-17T01:58:00.020+0000] {logging_mixin.py:190} INFO - Dag name:data_ingestion_gcs_dag queued_at:2025-04-17 01:57:55.460083+00:00
[2025-04-17T01:58:00.020+0000] {logging_mixin.py:190} INFO - Task hostname:a4de9eb4cb15 operator:PythonOperator
[2025-04-17T01:58:00.036+0000] {local_task_job_runner.py:266} INFO - Task exited with return code 0
[2025-04-17T01:58:00.065+0000] {taskinstance.py:3901} INFO - 1 downstream tasks scheduled from follow-on schedule check
[2025-04-17T01:58:00.066+0000] {local_task_job_runner.py:245} INFO - ::endgroup::
