[2025-04-16T02:07:04.555+0000] {local_task_job_runner.py:123} INFO - ::group::Pre task execution logs
[2025-04-16T02:07:04.568+0000] {taskinstance.py:2614} INFO - Dependencies all met for dep_context=non-requeueable deps ti=<TaskInstance: data_ingestion_gcs_dag.local_to_gcs_task scheduled__2025-04-15T00:00:00+00:00 [queued]>
[2025-04-16T02:07:04.577+0000] {taskinstance.py:2614} INFO - Dependencies all met for dep_context=requeueable deps ti=<TaskInstance: data_ingestion_gcs_dag.local_to_gcs_task scheduled__2025-04-15T00:00:00+00:00 [queued]>
[2025-04-16T02:07:04.577+0000] {taskinstance.py:2867} INFO - Starting attempt 1 of 2
[2025-04-16T02:07:04.585+0000] {taskinstance.py:2890} INFO - Executing <Task(PythonOperator): local_to_gcs_task> on 2025-04-15 00:00:00+00:00
[2025-04-16T02:07:04.590+0000] {warnings.py:112} WARNING - /home/***/.local/lib/python3.12/site-packages/***/task/task_runner/standard_task_runner.py:70: DeprecationWarning: This process (pid=302) is multi-threaded, use of fork() may lead to deadlocks in the child.
  pid = os.fork()

[2025-04-16T02:07:04.591+0000] {standard_task_runner.py:72} INFO - Started process 304 to run task
[2025-04-16T02:07:04.591+0000] {standard_task_runner.py:104} INFO - Running: ['***', 'tasks', 'run', 'data_ingestion_gcs_dag', 'local_to_gcs_task', 'scheduled__2025-04-15T00:00:00+00:00', '--job-id', '5', '--raw', '--subdir', 'DAGS_FOLDER/data_ingestion_gcs_dag.py', '--cfg-path', '/tmp/tmp10ch4cz9']
[2025-04-16T02:07:04.592+0000] {standard_task_runner.py:105} INFO - Job 5: Subtask local_to_gcs_task
[2025-04-16T02:07:04.623+0000] {task_command.py:467} INFO - Running <TaskInstance: data_ingestion_gcs_dag.local_to_gcs_task scheduled__2025-04-15T00:00:00+00:00 [running]> on host ab7d67370b15
[2025-04-16T02:07:04.663+0000] {taskinstance.py:3134} INFO - Exporting env vars: AIRFLOW_CTX_DAG_OWNER='***' AIRFLOW_CTX_DAG_ID='data_ingestion_gcs_dag' AIRFLOW_CTX_TASK_ID='local_to_gcs_task' AIRFLOW_CTX_EXECUTION_DATE='2025-04-15T00:00:00+00:00' AIRFLOW_CTX_TRY_NUMBER='1' AIRFLOW_CTX_DAG_RUN_ID='scheduled__2025-04-15T00:00:00+00:00'
[2025-04-16T02:07:04.664+0000] {logging_mixin.py:190} INFO - Task instance is in running state
[2025-04-16T02:07:04.665+0000] {logging_mixin.py:190} INFO -  Previous state of the Task instance: queued
[2025-04-16T02:07:04.665+0000] {logging_mixin.py:190} INFO - Current task name:local_to_gcs_task state:running start_date:2025-04-16 02:07:04.568880+00:00
[2025-04-16T02:07:04.665+0000] {logging_mixin.py:190} INFO - Dag name:data_ingestion_gcs_dag and current dag run status:running
[2025-04-16T02:07:04.665+0000] {taskinstance.py:732} INFO - ::endgroup::
[2025-04-16T02:07:04.729+0000] {logging_mixin.py:190} INFO - uploading to gcs
[2025-04-16T02:07:10.633+0000] {python.py:240} INFO - Done. Returned value was: gs://nyc-projects-455321-bucket/raw/building_permits-2025-04-16-020704.parquet
[2025-04-16T02:07:10.649+0000] {taskinstance.py:341} INFO - ::group::Post task execution logs
[2025-04-16T02:07:10.650+0000] {taskinstance.py:353} INFO - Marking task as SUCCESS. dag_id=data_ingestion_gcs_dag, task_id=local_to_gcs_task, run_id=scheduled__2025-04-15T00:00:00+00:00, execution_date=20250415T000000, start_date=20250416T020704, end_date=20250416T020710
[2025-04-16T02:07:10.664+0000] {logging_mixin.py:190} INFO - Task instance in success state
[2025-04-16T02:07:10.664+0000] {logging_mixin.py:190} INFO -  Previous state of the Task instance: running
[2025-04-16T02:07:10.664+0000] {logging_mixin.py:190} INFO - Dag name:data_ingestion_gcs_dag queued_at:2025-04-16 01:52:39.054477+00:00
[2025-04-16T02:07:10.664+0000] {logging_mixin.py:190} INFO - Task hostname:ab7d67370b15 operator:PythonOperator
[2025-04-16T02:07:10.691+0000] {local_task_job_runner.py:266} INFO - Task exited with return code 0
[2025-04-16T02:07:10.730+0000] {taskinstance.py:3901} INFO - 1 downstream tasks scheduled from follow-on schedule check
[2025-04-16T02:07:10.731+0000] {local_task_job_runner.py:245} INFO - ::endgroup::
[2025-04-16T02:34:17.325+0000] {local_task_job_runner.py:123} INFO - ::group::Pre task execution logs
[2025-04-16T02:34:17.338+0000] {taskinstance.py:2614} INFO - Dependencies all met for dep_context=non-requeueable deps ti=<TaskInstance: data_ingestion_gcs_dag.local_to_gcs_task scheduled__2025-04-15T00:00:00+00:00 [queued]>
[2025-04-16T02:34:17.345+0000] {taskinstance.py:2614} INFO - Dependencies all met for dep_context=requeueable deps ti=<TaskInstance: data_ingestion_gcs_dag.local_to_gcs_task scheduled__2025-04-15T00:00:00+00:00 [queued]>
[2025-04-16T02:34:17.345+0000] {taskinstance.py:2867} INFO - Starting attempt 1 of 2
[2025-04-16T02:34:17.351+0000] {taskinstance.py:2890} INFO - Executing <Task(PythonOperator): local_to_gcs_task> on 2025-04-15 00:00:00+00:00
[2025-04-16T02:34:17.356+0000] {warnings.py:112} WARNING - /home/***/.local/lib/python3.12/site-packages/***/task/task_runner/standard_task_runner.py:70: DeprecationWarning: This process (pid=326) is multi-threaded, use of fork() may lead to deadlocks in the child.
  pid = os.fork()

[2025-04-16T02:34:17.357+0000] {standard_task_runner.py:72} INFO - Started process 328 to run task
[2025-04-16T02:34:17.359+0000] {standard_task_runner.py:104} INFO - Running: ['***', 'tasks', 'run', 'data_ingestion_gcs_dag', 'local_to_gcs_task', 'scheduled__2025-04-15T00:00:00+00:00', '--job-id', '5', '--raw', '--subdir', 'DAGS_FOLDER/data_ingestion_gcs_dag.py', '--cfg-path', '/tmp/tmp2ngsaf0l']
[2025-04-16T02:34:17.361+0000] {standard_task_runner.py:105} INFO - Job 5: Subtask local_to_gcs_task
[2025-04-16T02:34:17.392+0000] {task_command.py:467} INFO - Running <TaskInstance: data_ingestion_gcs_dag.local_to_gcs_task scheduled__2025-04-15T00:00:00+00:00 [running]> on host 56564d8bf902
[2025-04-16T02:34:17.431+0000] {taskinstance.py:3134} INFO - Exporting env vars: AIRFLOW_CTX_DAG_OWNER='***' AIRFLOW_CTX_DAG_ID='data_ingestion_gcs_dag' AIRFLOW_CTX_TASK_ID='local_to_gcs_task' AIRFLOW_CTX_EXECUTION_DATE='2025-04-15T00:00:00+00:00' AIRFLOW_CTX_TRY_NUMBER='1' AIRFLOW_CTX_DAG_RUN_ID='scheduled__2025-04-15T00:00:00+00:00'
[2025-04-16T02:34:17.432+0000] {logging_mixin.py:190} INFO - Task instance is in running state
[2025-04-16T02:34:17.432+0000] {logging_mixin.py:190} INFO -  Previous state of the Task instance: queued
[2025-04-16T02:34:17.432+0000] {logging_mixin.py:190} INFO - Current task name:local_to_gcs_task state:running start_date:2025-04-16 02:34:17.338340+00:00
[2025-04-16T02:34:17.432+0000] {logging_mixin.py:190} INFO - Dag name:data_ingestion_gcs_dag and current dag run status:running
[2025-04-16T02:34:17.432+0000] {taskinstance.py:732} INFO - ::endgroup::
[2025-04-16T02:34:17.503+0000] {logging_mixin.py:190} INFO - uploading to gcs
[2025-04-16T02:34:23.444+0000] {python.py:240} INFO - Done. Returned value was: gs://nyc-projects-455321-bucket/raw/building_permits-2025-04-16-023417.parquet
[2025-04-16T02:34:23.461+0000] {taskinstance.py:341} INFO - ::group::Post task execution logs
[2025-04-16T02:34:23.462+0000] {taskinstance.py:353} INFO - Marking task as SUCCESS. dag_id=data_ingestion_gcs_dag, task_id=local_to_gcs_task, run_id=scheduled__2025-04-15T00:00:00+00:00, execution_date=20250415T000000, start_date=20250416T023417, end_date=20250416T023423
[2025-04-16T02:34:23.488+0000] {logging_mixin.py:190} INFO - Task instance in success state
[2025-04-16T02:34:23.488+0000] {logging_mixin.py:190} INFO -  Previous state of the Task instance: running
[2025-04-16T02:34:23.489+0000] {logging_mixin.py:190} INFO - Dag name:data_ingestion_gcs_dag queued_at:2025-04-16 02:20:01.549770+00:00
[2025-04-16T02:34:23.489+0000] {logging_mixin.py:190} INFO - Task hostname:56564d8bf902 operator:PythonOperator
[2025-04-16T02:34:23.504+0000] {local_task_job_runner.py:266} INFO - Task exited with return code 0
[2025-04-16T02:34:23.521+0000] {taskinstance.py:3901} INFO - 1 downstream tasks scheduled from follow-on schedule check
[2025-04-16T02:34:23.522+0000] {local_task_job_runner.py:245} INFO - ::endgroup::
