[2025-04-16T01:52:42.050+0000] {local_task_job_runner.py:123} INFO - ::group::Pre task execution logs
[2025-04-16T01:52:42.058+0000] {taskinstance.py:2614} INFO - Dependencies all met for dep_context=non-requeueable deps ti=<TaskInstance: data_ingestion_gcs_dag.get_last_issued_date_task scheduled__2025-04-15T00:00:00+00:00 [queued]>
[2025-04-16T01:52:42.062+0000] {taskinstance.py:2614} INFO - Dependencies all met for dep_context=requeueable deps ti=<TaskInstance: data_ingestion_gcs_dag.get_last_issued_date_task scheduled__2025-04-15T00:00:00+00:00 [queued]>
[2025-04-16T01:52:42.062+0000] {taskinstance.py:2867} INFO - Starting attempt 1 of 2
[2025-04-16T01:52:42.068+0000] {taskinstance.py:2890} INFO - Executing <Task(PythonOperator): get_last_issued_date_task> on 2025-04-15 00:00:00+00:00
[2025-04-16T01:52:42.072+0000] {warnings.py:112} WARNING - /home/***/.local/lib/python3.12/site-packages/***/task/task_runner/standard_task_runner.py:70: DeprecationWarning: This process (pid=78) is multi-threaded, use of fork() may lead to deadlocks in the child.
  pid = os.fork()

[2025-04-16T01:52:42.073+0000] {standard_task_runner.py:72} INFO - Started process 80 to run task
[2025-04-16T01:52:42.074+0000] {standard_task_runner.py:104} INFO - Running: ['***', 'tasks', 'run', 'data_ingestion_gcs_dag', 'get_last_issued_date_task', 'scheduled__2025-04-15T00:00:00+00:00', '--job-id', '3', '--raw', '--subdir', 'DAGS_FOLDER/data_ingestion_gcs_dag.py', '--cfg-path', '/tmp/tmpi8dd1wyo']
[2025-04-16T01:52:42.075+0000] {standard_task_runner.py:105} INFO - Job 3: Subtask get_last_issued_date_task
[2025-04-16T01:52:42.111+0000] {task_command.py:467} INFO - Running <TaskInstance: data_ingestion_gcs_dag.get_last_issued_date_task scheduled__2025-04-15T00:00:00+00:00 [running]> on host ab7d67370b15
[2025-04-16T01:52:42.161+0000] {taskinstance.py:3134} INFO - Exporting env vars: AIRFLOW_CTX_DAG_OWNER='***' AIRFLOW_CTX_DAG_ID='data_ingestion_gcs_dag' AIRFLOW_CTX_TASK_ID='get_last_issued_date_task' AIRFLOW_CTX_EXECUTION_DATE='2025-04-15T00:00:00+00:00' AIRFLOW_CTX_TRY_NUMBER='1' AIRFLOW_CTX_DAG_RUN_ID='scheduled__2025-04-15T00:00:00+00:00'
[2025-04-16T01:52:42.164+0000] {logging_mixin.py:190} INFO - Task instance is in running state
[2025-04-16T01:52:42.164+0000] {logging_mixin.py:190} INFO -  Previous state of the Task instance: queued
[2025-04-16T01:52:42.164+0000] {logging_mixin.py:190} INFO - Current task name:get_last_issued_date_task state:running start_date:2025-04-16 01:52:42.059002+00:00
[2025-04-16T01:52:42.165+0000] {logging_mixin.py:190} INFO - Dag name:data_ingestion_gcs_dag and current dag run status:running
[2025-04-16T01:52:42.165+0000] {taskinstance.py:732} INFO - ::endgroup::
[2025-04-16T01:52:43.939+0000] {python.py:240} INFO - Done. Returned value was: 2020-04-29T00:00:00.000
[2025-04-16T01:52:43.982+0000] {taskinstance.py:341} INFO - ::group::Post task execution logs
[2025-04-16T01:52:43.983+0000] {taskinstance.py:353} INFO - Marking task as SUCCESS. dag_id=data_ingestion_gcs_dag, task_id=get_last_issued_date_task, run_id=scheduled__2025-04-15T00:00:00+00:00, execution_date=20250415T000000, start_date=20250416T015242, end_date=20250416T015243
[2025-04-16T01:52:44.028+0000] {logging_mixin.py:190} INFO - Task instance in success state
[2025-04-16T01:52:44.029+0000] {logging_mixin.py:190} INFO -  Previous state of the Task instance: running
[2025-04-16T01:52:44.030+0000] {logging_mixin.py:190} INFO - Dag name:data_ingestion_gcs_dag queued_at:2025-04-16 01:52:39.054477+00:00
[2025-04-16T01:52:44.031+0000] {logging_mixin.py:190} INFO - Task hostname:ab7d67370b15 operator:PythonOperator
[2025-04-16T01:52:44.062+0000] {local_task_job_runner.py:266} INFO - Task exited with return code 0
[2025-04-16T01:52:44.100+0000] {taskinstance.py:3901} INFO - 1 downstream tasks scheduled from follow-on schedule check
[2025-04-16T01:52:44.101+0000] {local_task_job_runner.py:245} INFO - ::endgroup::
[2025-04-16T02:20:04.174+0000] {local_task_job_runner.py:123} INFO - ::group::Pre task execution logs
[2025-04-16T02:20:04.183+0000] {taskinstance.py:2614} INFO - Dependencies all met for dep_context=non-requeueable deps ti=<TaskInstance: data_ingestion_gcs_dag.get_last_issued_date_task scheduled__2025-04-15T00:00:00+00:00 [queued]>
[2025-04-16T02:20:04.188+0000] {taskinstance.py:2614} INFO - Dependencies all met for dep_context=requeueable deps ti=<TaskInstance: data_ingestion_gcs_dag.get_last_issued_date_task scheduled__2025-04-15T00:00:00+00:00 [queued]>
[2025-04-16T02:20:04.188+0000] {taskinstance.py:2867} INFO - Starting attempt 1 of 2
[2025-04-16T02:20:04.195+0000] {taskinstance.py:2890} INFO - Executing <Task(PythonOperator): get_last_issued_date_task> on 2025-04-15 00:00:00+00:00
[2025-04-16T02:20:04.199+0000] {warnings.py:112} WARNING - /home/***/.local/lib/python3.12/site-packages/***/task/task_runner/standard_task_runner.py:70: DeprecationWarning: This process (pid=108) is multi-threaded, use of fork() may lead to deadlocks in the child.
  pid = os.fork()

[2025-04-16T02:20:04.199+0000] {standard_task_runner.py:72} INFO - Started process 110 to run task
[2025-04-16T02:20:04.200+0000] {standard_task_runner.py:104} INFO - Running: ['***', 'tasks', 'run', 'data_ingestion_gcs_dag', 'get_last_issued_date_task', 'scheduled__2025-04-15T00:00:00+00:00', '--job-id', '3', '--raw', '--subdir', 'DAGS_FOLDER/data_ingestion_gcs_dag.py', '--cfg-path', '/tmp/tmpysvd_zlf']
[2025-04-16T02:20:04.201+0000] {standard_task_runner.py:105} INFO - Job 3: Subtask get_last_issued_date_task
[2025-04-16T02:20:04.225+0000] {task_command.py:467} INFO - Running <TaskInstance: data_ingestion_gcs_dag.get_last_issued_date_task scheduled__2025-04-15T00:00:00+00:00 [running]> on host 56564d8bf902
[2025-04-16T02:20:04.264+0000] {taskinstance.py:3134} INFO - Exporting env vars: AIRFLOW_CTX_DAG_OWNER='***' AIRFLOW_CTX_DAG_ID='data_ingestion_gcs_dag' AIRFLOW_CTX_TASK_ID='get_last_issued_date_task' AIRFLOW_CTX_EXECUTION_DATE='2025-04-15T00:00:00+00:00' AIRFLOW_CTX_TRY_NUMBER='1' AIRFLOW_CTX_DAG_RUN_ID='scheduled__2025-04-15T00:00:00+00:00'
[2025-04-16T02:20:04.265+0000] {logging_mixin.py:190} INFO - Task instance is in running state
[2025-04-16T02:20:04.265+0000] {logging_mixin.py:190} INFO -  Previous state of the Task instance: queued
[2025-04-16T02:20:04.265+0000] {logging_mixin.py:190} INFO - Current task name:get_last_issued_date_task state:running start_date:2025-04-16 02:20:04.184305+00:00
[2025-04-16T02:20:04.265+0000] {logging_mixin.py:190} INFO - Dag name:data_ingestion_gcs_dag and current dag run status:running
[2025-04-16T02:20:04.266+0000] {taskinstance.py:732} INFO - ::endgroup::
[2025-04-16T02:20:04.644+0000] {python.py:240} INFO - Done. Returned value was: 2020-04-17T00:00:00.000
[2025-04-16T02:20:04.693+0000] {taskinstance.py:341} INFO - ::group::Post task execution logs
[2025-04-16T02:20:04.694+0000] {taskinstance.py:353} INFO - Marking task as SUCCESS. dag_id=data_ingestion_gcs_dag, task_id=get_last_issued_date_task, run_id=scheduled__2025-04-15T00:00:00+00:00, execution_date=20250415T000000, start_date=20250416T022004, end_date=20250416T022004
[2025-04-16T02:20:04.715+0000] {logging_mixin.py:190} INFO - Task instance in success state
[2025-04-16T02:20:04.715+0000] {logging_mixin.py:190} INFO -  Previous state of the Task instance: running
[2025-04-16T02:20:04.715+0000] {logging_mixin.py:190} INFO - Dag name:data_ingestion_gcs_dag queued_at:2025-04-16 02:20:01.549770+00:00
[2025-04-16T02:20:04.715+0000] {logging_mixin.py:190} INFO - Task hostname:56564d8bf902 operator:PythonOperator
[2025-04-16T02:20:04.748+0000] {local_task_job_runner.py:266} INFO - Task exited with return code 0
[2025-04-16T02:20:04.784+0000] {taskinstance.py:3901} INFO - 1 downstream tasks scheduled from follow-on schedule check
[2025-04-16T02:20:04.785+0000] {local_task_job_runner.py:245} INFO - ::endgroup::
