[2025-04-06T23:31:58.862+0000] {local_task_job_runner.py:123} INFO - ::group::Pre task execution logs
[2025-04-06T23:31:58.873+0000] {taskinstance.py:2614} INFO - Dependencies all met for dep_context=non-requeueable deps ti=<TaskInstance: data_ingestion_gcs_dag.format_to_parquet_task manual__2025-04-06T23:26:44.747258+00:00 [queued]>
[2025-04-06T23:31:58.878+0000] {taskinstance.py:2614} INFO - Dependencies all met for dep_context=requeueable deps ti=<TaskInstance: data_ingestion_gcs_dag.format_to_parquet_task manual__2025-04-06T23:26:44.747258+00:00 [queued]>
[2025-04-06T23:31:58.878+0000] {taskinstance.py:2867} INFO - Starting attempt 1 of 2
[2025-04-06T23:31:58.884+0000] {taskinstance.py:2890} INFO - Executing <Task(PythonOperator): format_to_parquet_task> on 2025-04-06 23:26:44.747258+00:00
[2025-04-06T23:31:58.888+0000] {warnings.py:112} WARNING - /home/***/.local/lib/python3.12/site-packages/***/task/task_runner/standard_task_runner.py:70: DeprecationWarning: This process (pid=215) is multi-threaded, use of fork() may lead to deadlocks in the child.
  pid = os.fork()

[2025-04-06T23:31:58.889+0000] {standard_task_runner.py:72} INFO - Started process 217 to run task
[2025-04-06T23:31:58.890+0000] {standard_task_runner.py:104} INFO - Running: ['***', 'tasks', 'run', 'data_ingestion_gcs_dag', 'format_to_parquet_task', 'manual__2025-04-06T23:26:44.747258+00:00', '--job-id', '8', '--raw', '--subdir', 'DAGS_FOLDER/data_ingestion_gcs_dag.py', '--cfg-path', '/tmp/tmp8tp05vg8']
[2025-04-06T23:31:58.891+0000] {standard_task_runner.py:105} INFO - Job 8: Subtask format_to_parquet_task
[2025-04-06T23:31:58.914+0000] {task_command.py:467} INFO - Running <TaskInstance: data_ingestion_gcs_dag.format_to_parquet_task manual__2025-04-06T23:26:44.747258+00:00 [running]> on host c89aca681029
[2025-04-06T23:31:58.959+0000] {taskinstance.py:3134} INFO - Exporting env vars: AIRFLOW_CTX_DAG_OWNER='***' AIRFLOW_CTX_DAG_ID='data_ingestion_gcs_dag' AIRFLOW_CTX_TASK_ID='format_to_parquet_task' AIRFLOW_CTX_EXECUTION_DATE='2025-04-06T23:26:44.747258+00:00' AIRFLOW_CTX_TRY_NUMBER='1' AIRFLOW_CTX_DAG_RUN_ID='manual__2025-04-06T23:26:44.747258+00:00'
[2025-04-06T23:31:58.960+0000] {logging_mixin.py:190} INFO - Task instance is in running state
[2025-04-06T23:31:58.960+0000] {logging_mixin.py:190} INFO -  Previous state of the Task instance: queued
[2025-04-06T23:31:58.961+0000] {logging_mixin.py:190} INFO - Current task name:format_to_parquet_task state:running start_date:2025-04-06 23:31:58.873978+00:00
[2025-04-06T23:31:58.961+0000] {logging_mixin.py:190} INFO - Dag name:data_ingestion_gcs_dag and current dag run status:running
[2025-04-06T23:31:58.961+0000] {taskinstance.py:732} INFO - ::endgroup::
[2025-04-06T23:31:58.963+0000] {python.py:240} INFO - Done. Returned value was: None
[2025-04-06T23:31:58.970+0000] {taskinstance.py:341} INFO - ::group::Post task execution logs
[2025-04-06T23:31:58.970+0000] {taskinstance.py:353} INFO - Marking task as SUCCESS. dag_id=data_ingestion_gcs_dag, task_id=format_to_parquet_task, run_id=manual__2025-04-06T23:26:44.747258+00:00, execution_date=20250406T232644, start_date=20250406T233158, end_date=20250406T233158
[2025-04-06T23:31:58.984+0000] {logging_mixin.py:190} INFO - Task instance in success state
[2025-04-06T23:31:58.984+0000] {logging_mixin.py:190} INFO -  Previous state of the Task instance: running
[2025-04-06T23:31:58.984+0000] {logging_mixin.py:190} INFO - Dag name:data_ingestion_gcs_dag queued_at:2025-04-06 23:26:44.766767+00:00
[2025-04-06T23:31:58.984+0000] {logging_mixin.py:190} INFO - Task hostname:c89aca681029 operator:PythonOperator
[2025-04-06T23:31:59.028+0000] {local_task_job_runner.py:266} INFO - Task exited with return code 0
[2025-04-06T23:31:59.059+0000] {taskinstance.py:3901} INFO - 1 downstream tasks scheduled from follow-on schedule check
[2025-04-06T23:31:59.060+0000] {local_task_job_runner.py:245} INFO - ::endgroup::
