[2025-04-07T00:34:20.803+0000] {local_task_job_runner.py:123} INFO - ::group::Pre task execution logs
[2025-04-07T00:34:20.815+0000] {taskinstance.py:2614} INFO - Dependencies all met for dep_context=non-requeueable deps ti=<TaskInstance: data_ingestion_gcs_dag.format_to_parquet_task manual__2025-04-07T00:29:07.459471+00:00 [queued]>
[2025-04-07T00:34:20.820+0000] {taskinstance.py:2614} INFO - Dependencies all met for dep_context=requeueable deps ti=<TaskInstance: data_ingestion_gcs_dag.format_to_parquet_task manual__2025-04-07T00:29:07.459471+00:00 [queued]>
[2025-04-07T00:34:20.820+0000] {taskinstance.py:2867} INFO - Starting attempt 1 of 2
[2025-04-07T00:34:20.826+0000] {taskinstance.py:2890} INFO - Executing <Task(PythonOperator): format_to_parquet_task> on 2025-04-07 00:29:07.459471+00:00
[2025-04-07T00:34:20.831+0000] {warnings.py:112} WARNING - /home/***/.local/lib/python3.12/site-packages/***/task/task_runner/standard_task_runner.py:70: DeprecationWarning: This process (pid=208) is multi-threaded, use of fork() may lead to deadlocks in the child.
  pid = os.fork()

[2025-04-07T00:34:20.831+0000] {standard_task_runner.py:72} INFO - Started process 210 to run task
[2025-04-07T00:34:20.832+0000] {standard_task_runner.py:104} INFO - Running: ['***', 'tasks', 'run', 'data_ingestion_gcs_dag', 'format_to_parquet_task', 'manual__2025-04-07T00:29:07.459471+00:00', '--job-id', '8', '--raw', '--subdir', 'DAGS_FOLDER/data_ingestion_gcs_dag.py', '--cfg-path', '/tmp/tmpzvddz8yl']
[2025-04-07T00:34:20.832+0000] {standard_task_runner.py:105} INFO - Job 8: Subtask format_to_parquet_task
[2025-04-07T00:34:20.859+0000] {task_command.py:467} INFO - Running <TaskInstance: data_ingestion_gcs_dag.format_to_parquet_task manual__2025-04-07T00:29:07.459471+00:00 [running]> on host 1f505880f037
[2025-04-07T00:34:20.906+0000] {taskinstance.py:3134} INFO - Exporting env vars: AIRFLOW_CTX_DAG_OWNER='***' AIRFLOW_CTX_DAG_ID='data_ingestion_gcs_dag' AIRFLOW_CTX_TASK_ID='format_to_parquet_task' AIRFLOW_CTX_EXECUTION_DATE='2025-04-07T00:29:07.459471+00:00' AIRFLOW_CTX_TRY_NUMBER='1' AIRFLOW_CTX_DAG_RUN_ID='manual__2025-04-07T00:29:07.459471+00:00'
[2025-04-07T00:34:20.907+0000] {logging_mixin.py:190} INFO - Task instance is in running state
[2025-04-07T00:34:20.907+0000] {logging_mixin.py:190} INFO -  Previous state of the Task instance: queued
[2025-04-07T00:34:20.908+0000] {logging_mixin.py:190} INFO - Current task name:format_to_parquet_task state:running start_date:2025-04-07 00:34:20.816096+00:00
[2025-04-07T00:34:20.908+0000] {logging_mixin.py:190} INFO - Dag name:data_ingestion_gcs_dag and current dag run status:running
[2025-04-07T00:34:20.908+0000] {taskinstance.py:732} INFO - ::endgroup::
[2025-04-07T00:34:20.910+0000] {python.py:240} INFO - Done. Returned value was: None
[2025-04-07T00:34:20.917+0000] {taskinstance.py:341} INFO - ::group::Post task execution logs
[2025-04-07T00:34:20.918+0000] {taskinstance.py:353} INFO - Marking task as SUCCESS. dag_id=data_ingestion_gcs_dag, task_id=format_to_parquet_task, run_id=manual__2025-04-07T00:29:07.459471+00:00, execution_date=20250407T002907, start_date=20250407T003420, end_date=20250407T003420
[2025-04-07T00:34:20.935+0000] {logging_mixin.py:190} INFO - Task instance in success state
[2025-04-07T00:34:20.935+0000] {logging_mixin.py:190} INFO -  Previous state of the Task instance: running
[2025-04-07T00:34:20.935+0000] {logging_mixin.py:190} INFO - Dag name:data_ingestion_gcs_dag queued_at:2025-04-07 00:29:07.470979+00:00
[2025-04-07T00:34:20.936+0000] {logging_mixin.py:190} INFO - Task hostname:1f505880f037 operator:PythonOperator
[2025-04-07T00:34:20.972+0000] {local_task_job_runner.py:266} INFO - Task exited with return code 0
[2025-04-07T00:34:20.992+0000] {taskinstance.py:3901} INFO - 0 downstream tasks scheduled from follow-on schedule check
[2025-04-07T00:34:20.993+0000] {local_task_job_runner.py:245} INFO - ::endgroup::
