[2025-04-14T04:17:13.583+0000] {local_task_job_runner.py:123} INFO - ::group::Pre task execution logs
[2025-04-14T04:17:13.594+0000] {taskinstance.py:2614} INFO - Dependencies all met for dep_context=non-requeueable deps ti=<TaskInstance: data_ingestion_gcs_dag.fetch_permits_task manual__2025-04-14T04:16:37.356011+00:00 [queued]>
[2025-04-14T04:17:13.600+0000] {taskinstance.py:2614} INFO - Dependencies all met for dep_context=requeueable deps ti=<TaskInstance: data_ingestion_gcs_dag.fetch_permits_task manual__2025-04-14T04:16:37.356011+00:00 [queued]>
[2025-04-14T04:17:13.600+0000] {taskinstance.py:2867} INFO - Starting attempt 1 of 2
[2025-04-14T04:17:13.607+0000] {taskinstance.py:2890} INFO - Executing <Task(BranchPythonOperator): fetch_permits_task> on 2025-04-14 04:16:37.356011+00:00
[2025-04-14T04:17:13.611+0000] {warnings.py:112} WARNING - /home/***/.local/lib/python3.12/site-packages/***/task/task_runner/standard_task_runner.py:70: DeprecationWarning: This process (pid=125) is multi-threaded, use of fork() may lead to deadlocks in the child.
  pid = os.fork()

[2025-04-14T04:17:13.611+0000] {standard_task_runner.py:72} INFO - Started process 127 to run task
[2025-04-14T04:17:13.614+0000] {standard_task_runner.py:104} INFO - Running: ['***', 'tasks', 'run', 'data_ingestion_gcs_dag', 'fetch_permits_task', 'manual__2025-04-14T04:16:37.356011+00:00', '--job-id', '11', '--raw', '--subdir', 'DAGS_FOLDER/data_ingestion_gcs_dag.py', '--cfg-path', '/tmp/tmp2s0eepl3']
[2025-04-14T04:17:13.615+0000] {standard_task_runner.py:105} INFO - Job 11: Subtask fetch_permits_task
[2025-04-14T04:17:13.638+0000] {task_command.py:467} INFO - Running <TaskInstance: data_ingestion_gcs_dag.fetch_permits_task manual__2025-04-14T04:16:37.356011+00:00 [running]> on host d054e5caec0f
[2025-04-14T04:17:13.678+0000] {taskinstance.py:3134} INFO - Exporting env vars: AIRFLOW_CTX_DAG_OWNER='***' AIRFLOW_CTX_DAG_ID='data_ingestion_gcs_dag' AIRFLOW_CTX_TASK_ID='fetch_permits_task' AIRFLOW_CTX_EXECUTION_DATE='2025-04-14T04:16:37.356011+00:00' AIRFLOW_CTX_TRY_NUMBER='1' AIRFLOW_CTX_DAG_RUN_ID='manual__2025-04-14T04:16:37.356011+00:00'
[2025-04-14T04:17:13.679+0000] {logging_mixin.py:190} INFO - Task instance is in running state
[2025-04-14T04:17:13.679+0000] {logging_mixin.py:190} INFO -  Previous state of the Task instance: queued
[2025-04-14T04:17:13.680+0000] {logging_mixin.py:190} INFO - Current task name:fetch_permits_task state:running start_date:2025-04-14 04:17:13.595113+00:00
[2025-04-14T04:17:13.680+0000] {logging_mixin.py:190} INFO - Dag name:data_ingestion_gcs_dag and current dag run status:running
[2025-04-14T04:17:13.680+0000] {taskinstance.py:732} INFO - ::endgroup::
[2025-04-14T04:17:13.680+0000] {baseoperator.py:423} WARNING - BranchPythonOperator.execute cannot be called outside TaskInstance!
[2025-04-14T04:17:13.686+0000] {logging_mixin.py:190} INFO - Fetching records for 2020-04-24 (offset=0)
[2025-04-14T04:17:14.456+0000] {logging_mixin.py:190} INFO - Fetching records for 2020-04-25 (offset=0)
[2025-04-14T04:17:14.785+0000] {logging_mixin.py:190} INFO - Fetching records for 2020-04-26 (offset=0)
[2025-04-14T04:17:15.090+0000] {logging_mixin.py:190} INFO - Fetching records for 2020-04-27 (offset=0)
[2025-04-14T04:17:15.478+0000] {logging_mixin.py:190} INFO - Fetching records for 2020-04-28 (offset=0)
[2025-04-14T04:17:15.911+0000] {logging_mixin.py:190} INFO - Fetching records for 2020-04-29 (offset=0)
[2025-04-14T04:17:16.227+0000] {logging_mixin.py:190} INFO - Fetching records for 2020-04-30 (offset=0)
[2025-04-14T04:17:16.592+0000] {logging_mixin.py:190} INFO - Fetching records for 2020-05-01 (offset=0)
[2025-04-14T04:17:16.995+0000] {logging_mixin.py:190} INFO - Fetching records for 2020-05-02 (offset=0)
[2025-04-14T04:17:17.281+0000] {logging_mixin.py:190} INFO - Fetching records for 2020-05-03 (offset=0)
[2025-04-14T04:17:17.616+0000] {python.py:240} INFO - Done. Returned value was: local_to_gcs_task
[2025-04-14T04:17:17.617+0000] {branch.py:38} INFO - Branch into local_to_gcs_task
[2025-04-14T04:17:17.617+0000] {skipmixin.py:233} INFO - Following branch ('local_to_gcs_task',)
[2025-04-14T04:17:17.627+0000] {skipmixin.py:281} INFO - Skipping tasks [('skip_tasks', -1)]
[2025-04-14T04:17:17.644+0000] {taskinstance.py:341} INFO - ::group::Post task execution logs
[2025-04-14T04:17:17.644+0000] {taskinstance.py:353} INFO - Marking task as SUCCESS. dag_id=data_ingestion_gcs_dag, task_id=fetch_permits_task, run_id=manual__2025-04-14T04:16:37.356011+00:00, execution_date=20250414T041637, start_date=20250414T041713, end_date=20250414T041717
[2025-04-14T04:17:17.658+0000] {logging_mixin.py:190} INFO - Task instance in success state
[2025-04-14T04:17:17.658+0000] {logging_mixin.py:190} INFO -  Previous state of the Task instance: running
[2025-04-14T04:17:17.658+0000] {logging_mixin.py:190} INFO - Dag name:data_ingestion_gcs_dag queued_at:2025-04-14 04:16:37.493939+00:00
[2025-04-14T04:17:17.658+0000] {logging_mixin.py:190} INFO - Task hostname:d054e5caec0f operator:BranchPythonOperator
[2025-04-14T04:17:17.687+0000] {local_task_job_runner.py:266} INFO - Task exited with return code 0
[2025-04-14T04:17:17.702+0000] {taskinstance.py:3901} INFO - 1 downstream tasks scheduled from follow-on schedule check
[2025-04-14T04:17:17.703+0000] {local_task_job_runner.py:245} INFO - ::endgroup::
