[2025-04-14T03:50:17.121+0000] {local_task_job_runner.py:123} INFO - ::group::Pre task execution logs
[2025-04-14T03:50:17.134+0000] {taskinstance.py:2614} INFO - Dependencies all met for dep_context=non-requeueable deps ti=<TaskInstance: data_ingestion_gcs_dag.fetch_permits_task manual__2025-04-14T03:49:42.881424+00:00 [queued]>
[2025-04-14T03:50:17.139+0000] {taskinstance.py:2614} INFO - Dependencies all met for dep_context=requeueable deps ti=<TaskInstance: data_ingestion_gcs_dag.fetch_permits_task manual__2025-04-14T03:49:42.881424+00:00 [queued]>
[2025-04-14T03:50:17.140+0000] {taskinstance.py:2867} INFO - Starting attempt 1 of 2
[2025-04-14T03:50:17.147+0000] {taskinstance.py:2890} INFO - Executing <Task(BranchPythonOperator): fetch_permits_task> on 2025-04-14 03:49:42.881424+00:00
[2025-04-14T03:50:17.151+0000] {warnings.py:112} WARNING - /home/***/.local/lib/python3.12/site-packages/***/task/task_runner/standard_task_runner.py:70: DeprecationWarning: This process (pid=153) is multi-threaded, use of fork() may lead to deadlocks in the child.
  pid = os.fork()

[2025-04-14T03:50:17.152+0000] {standard_task_runner.py:72} INFO - Started process 155 to run task
[2025-04-14T03:50:17.153+0000] {standard_task_runner.py:104} INFO - Running: ['***', 'tasks', 'run', 'data_ingestion_gcs_dag', 'fetch_permits_task', 'manual__2025-04-14T03:49:42.881424+00:00', '--job-id', '11', '--raw', '--subdir', 'DAGS_FOLDER/data_ingestion_gcs_dag.py', '--cfg-path', '/tmp/tmphvfixe2b']
[2025-04-14T03:50:17.153+0000] {standard_task_runner.py:105} INFO - Job 11: Subtask fetch_permits_task
[2025-04-14T03:50:17.176+0000] {task_command.py:467} INFO - Running <TaskInstance: data_ingestion_gcs_dag.fetch_permits_task manual__2025-04-14T03:49:42.881424+00:00 [running]> on host f7261677844c
[2025-04-14T03:50:17.218+0000] {taskinstance.py:3134} INFO - Exporting env vars: AIRFLOW_CTX_DAG_OWNER='***' AIRFLOW_CTX_DAG_ID='data_ingestion_gcs_dag' AIRFLOW_CTX_TASK_ID='fetch_permits_task' AIRFLOW_CTX_EXECUTION_DATE='2025-04-14T03:49:42.881424+00:00' AIRFLOW_CTX_TRY_NUMBER='1' AIRFLOW_CTX_DAG_RUN_ID='manual__2025-04-14T03:49:42.881424+00:00'
[2025-04-14T03:50:17.219+0000] {logging_mixin.py:190} INFO - Task instance is in running state
[2025-04-14T03:50:17.219+0000] {logging_mixin.py:190} INFO -  Previous state of the Task instance: queued
[2025-04-14T03:50:17.220+0000] {logging_mixin.py:190} INFO - Current task name:fetch_permits_task state:running start_date:2025-04-14 03:50:17.134510+00:00
[2025-04-14T03:50:17.220+0000] {logging_mixin.py:190} INFO - Dag name:data_ingestion_gcs_dag and current dag run status:running
[2025-04-14T03:50:17.220+0000] {taskinstance.py:732} INFO - ::endgroup::
[2025-04-14T03:50:17.220+0000] {baseoperator.py:423} WARNING - BranchPythonOperator.execute cannot be called outside TaskInstance!
[2025-04-14T03:50:17.227+0000] {logging_mixin.py:190} INFO - Fetching records for 2020-05-12 (offset=0)
[2025-04-14T03:50:18.262+0000] {logging_mixin.py:190} INFO - Fetching records for 2020-05-13 (offset=0)
[2025-04-14T03:50:18.678+0000] {logging_mixin.py:190} INFO - Fetching records for 2020-05-14 (offset=0)
[2025-04-14T03:50:19.039+0000] {logging_mixin.py:190} INFO - Fetching records for 2020-05-15 (offset=0)
[2025-04-14T03:50:19.410+0000] {logging_mixin.py:190} INFO - Fetching records for 2020-05-16 (offset=0)
[2025-04-14T03:50:19.745+0000] {logging_mixin.py:190} INFO - Fetching records for 2020-05-17 (offset=0)
[2025-04-14T03:50:19.897+0000] {logging_mixin.py:190} INFO - Fetching records for 2020-05-18 (offset=0)
[2025-04-14T03:50:20.313+0000] {logging_mixin.py:190} INFO - Fetching records for 2020-05-19 (offset=0)
[2025-04-14T03:50:20.675+0000] {logging_mixin.py:190} INFO - Fetching records for 2020-05-20 (offset=0)
[2025-04-14T03:50:21.145+0000] {logging_mixin.py:190} INFO - Fetching records for 2020-05-21 (offset=0)
[2025-04-14T03:50:21.530+0000] {python.py:240} INFO - Done. Returned value was: local_to_gcs_task
[2025-04-14T03:50:21.531+0000] {branch.py:38} INFO - Branch into local_to_gcs_task
[2025-04-14T03:50:21.531+0000] {skipmixin.py:233} INFO - Following branch ('local_to_gcs_task',)
[2025-04-14T03:50:21.537+0000] {skipmixin.py:281} INFO - Skipping tasks [('skip_tasks', -1)]
[2025-04-14T03:50:21.551+0000] {taskinstance.py:341} INFO - ::group::Post task execution logs
[2025-04-14T03:50:21.551+0000] {taskinstance.py:353} INFO - Marking task as SUCCESS. dag_id=data_ingestion_gcs_dag, task_id=fetch_permits_task, run_id=manual__2025-04-14T03:49:42.881424+00:00, execution_date=20250414T034942, start_date=20250414T035017, end_date=20250414T035021
[2025-04-14T03:50:21.561+0000] {logging_mixin.py:190} INFO - Task instance in success state
[2025-04-14T03:50:21.561+0000] {logging_mixin.py:190} INFO -  Previous state of the Task instance: running
[2025-04-14T03:50:21.562+0000] {logging_mixin.py:190} INFO - Dag name:data_ingestion_gcs_dag queued_at:2025-04-14 03:49:42.893457+00:00
[2025-04-14T03:50:21.562+0000] {logging_mixin.py:190} INFO - Task hostname:f7261677844c operator:BranchPythonOperator
[2025-04-14T03:50:21.598+0000] {local_task_job_runner.py:266} INFO - Task exited with return code 0
[2025-04-14T03:50:21.633+0000] {taskinstance.py:3901} INFO - 1 downstream tasks scheduled from follow-on schedule check
[2025-04-14T03:50:21.634+0000] {local_task_job_runner.py:245} INFO - ::endgroup::
