[2025-04-07T01:12:39.738+0000] {local_task_job_runner.py:123} INFO - ::group::Pre task execution logs
[2025-04-07T01:12:39.749+0000] {taskinstance.py:2614} INFO - Dependencies all met for dep_context=non-requeueable deps ti=<TaskInstance: data_ingestion_gcs_dag.local_to_gcs_task manual__2025-04-07T01:08:31.315121+00:00 [queued]>
[2025-04-07T01:12:39.754+0000] {taskinstance.py:2614} INFO - Dependencies all met for dep_context=requeueable deps ti=<TaskInstance: data_ingestion_gcs_dag.local_to_gcs_task manual__2025-04-07T01:08:31.315121+00:00 [queued]>
[2025-04-07T01:12:39.754+0000] {taskinstance.py:2867} INFO - Starting attempt 1 of 2
[2025-04-07T01:12:39.760+0000] {taskinstance.py:2890} INFO - Executing <Task(PythonOperator): local_to_gcs_task> on 2025-04-07 01:08:31.315121+00:00
[2025-04-07T01:12:39.765+0000] {warnings.py:112} WARNING - /home/***/.local/lib/python3.12/site-packages/***/task/task_runner/standard_task_runner.py:70: DeprecationWarning: This process (pid=176) is multi-threaded, use of fork() may lead to deadlocks in the child.
  pid = os.fork()

[2025-04-07T01:12:39.766+0000] {standard_task_runner.py:72} INFO - Started process 178 to run task
[2025-04-07T01:12:39.766+0000] {standard_task_runner.py:104} INFO - Running: ['***', 'tasks', 'run', 'data_ingestion_gcs_dag', 'local_to_gcs_task', 'manual__2025-04-07T01:08:31.315121+00:00', '--job-id', '10', '--raw', '--subdir', 'DAGS_FOLDER/data_ingestion_gcs_dag.py', '--cfg-path', '/tmp/tmpk2e944dl']
[2025-04-07T01:12:39.767+0000] {standard_task_runner.py:105} INFO - Job 10: Subtask local_to_gcs_task
[2025-04-07T01:12:39.793+0000] {task_command.py:467} INFO - Running <TaskInstance: data_ingestion_gcs_dag.local_to_gcs_task manual__2025-04-07T01:08:31.315121+00:00 [running]> on host 628caec663d6
[2025-04-07T01:12:39.837+0000] {taskinstance.py:3134} INFO - Exporting env vars: AIRFLOW_CTX_DAG_OWNER='***' AIRFLOW_CTX_DAG_ID='data_ingestion_gcs_dag' AIRFLOW_CTX_TASK_ID='local_to_gcs_task' AIRFLOW_CTX_EXECUTION_DATE='2025-04-07T01:08:31.315121+00:00' AIRFLOW_CTX_TRY_NUMBER='1' AIRFLOW_CTX_DAG_RUN_ID='manual__2025-04-07T01:08:31.315121+00:00'
[2025-04-07T01:12:39.838+0000] {logging_mixin.py:190} INFO - Task instance is in running state
[2025-04-07T01:12:39.838+0000] {logging_mixin.py:190} INFO -  Previous state of the Task instance: queued
[2025-04-07T01:12:39.838+0000] {logging_mixin.py:190} INFO - Current task name:local_to_gcs_task state:running start_date:2025-04-07 01:12:39.750061+00:00
[2025-04-07T01:12:39.838+0000] {logging_mixin.py:190} INFO - Dag name:data_ingestion_gcs_dag and current dag run status:running
[2025-04-07T01:12:39.838+0000] {taskinstance.py:732} INFO - ::endgroup::
[2025-04-07T01:12:40.275+0000] {python.py:240} INFO - Done. Returned value was: None
[2025-04-07T01:12:40.296+0000] {taskinstance.py:341} INFO - ::group::Post task execution logs
[2025-04-07T01:12:40.297+0000] {taskinstance.py:353} INFO - Marking task as SUCCESS. dag_id=data_ingestion_gcs_dag, task_id=local_to_gcs_task, run_id=manual__2025-04-07T01:08:31.315121+00:00, execution_date=20250407T010831, start_date=20250407T011239, end_date=20250407T011240
[2025-04-07T01:12:40.331+0000] {logging_mixin.py:190} INFO - Task instance in success state
[2025-04-07T01:12:40.332+0000] {logging_mixin.py:190} INFO -  Previous state of the Task instance: running
[2025-04-07T01:12:40.332+0000] {logging_mixin.py:190} INFO - Dag name:data_ingestion_gcs_dag queued_at:2025-04-07 01:08:31.454502+00:00
[2025-04-07T01:12:40.333+0000] {logging_mixin.py:190} INFO - Task hostname:628caec663d6 operator:PythonOperator
[2025-04-07T01:12:40.357+0000] {local_task_job_runner.py:266} INFO - Task exited with return code 0
[2025-04-07T01:12:40.398+0000] {taskinstance.py:3901} INFO - 1 downstream tasks scheduled from follow-on schedule check
[2025-04-07T01:12:40.400+0000] {local_task_job_runner.py:245} INFO - ::endgroup::
