[2025-04-14T03:50:33.939+0000] {local_task_job_runner.py:123} INFO - ::group::Pre task execution logs
[2025-04-14T03:50:33.951+0000] {taskinstance.py:2614} INFO - Dependencies all met for dep_context=non-requeueable deps ti=<TaskInstance: data_ingestion_gcs_dag.merge_tables_task manual__2025-04-14T03:49:42.881424+00:00 [queued]>
[2025-04-14T03:50:33.955+0000] {taskinstance.py:2614} INFO - Dependencies all met for dep_context=requeueable deps ti=<TaskInstance: data_ingestion_gcs_dag.merge_tables_task manual__2025-04-14T03:49:42.881424+00:00 [queued]>
[2025-04-14T03:50:33.956+0000] {taskinstance.py:2867} INFO - Starting attempt 1 of 2
[2025-04-14T03:50:33.962+0000] {taskinstance.py:2890} INFO - Executing <Task(BigQueryInsertJobOperator): merge_tables_task> on 2025-04-14 03:49:42.881424+00:00
[2025-04-14T03:50:33.966+0000] {warnings.py:112} WARNING - /home/***/.local/lib/python3.12/site-packages/***/task/task_runner/standard_task_runner.py:70: DeprecationWarning: This process (pid=173) is multi-threaded, use of fork() may lead to deadlocks in the child.
  pid = os.fork()

[2025-04-14T03:50:33.968+0000] {standard_task_runner.py:72} INFO - Started process 175 to run task
[2025-04-14T03:50:33.969+0000] {standard_task_runner.py:104} INFO - Running: ['***', 'tasks', 'run', 'data_ingestion_gcs_dag', 'merge_tables_task', 'manual__2025-04-14T03:49:42.881424+00:00', '--job-id', '16', '--raw', '--subdir', 'DAGS_FOLDER/data_ingestion_gcs_dag.py', '--cfg-path', '/tmp/tmps3x0zzqj']
[2025-04-14T03:50:33.970+0000] {standard_task_runner.py:105} INFO - Job 16: Subtask merge_tables_task
[2025-04-14T03:50:33.995+0000] {task_command.py:467} INFO - Running <TaskInstance: data_ingestion_gcs_dag.merge_tables_task manual__2025-04-14T03:49:42.881424+00:00 [running]> on host f7261677844c
[2025-04-14T03:50:34.040+0000] {taskinstance.py:3134} INFO - Exporting env vars: AIRFLOW_CTX_DAG_OWNER='***' AIRFLOW_CTX_DAG_ID='data_ingestion_gcs_dag' AIRFLOW_CTX_TASK_ID='merge_tables_task' AIRFLOW_CTX_EXECUTION_DATE='2025-04-14T03:49:42.881424+00:00' AIRFLOW_CTX_TRY_NUMBER='1' AIRFLOW_CTX_DAG_RUN_ID='manual__2025-04-14T03:49:42.881424+00:00'
[2025-04-14T03:50:34.041+0000] {logging_mixin.py:190} INFO - Task instance is in running state
[2025-04-14T03:50:34.041+0000] {logging_mixin.py:190} INFO -  Previous state of the Task instance: queued
[2025-04-14T03:50:34.042+0000] {logging_mixin.py:190} INFO - Current task name:merge_tables_task state:running start_date:2025-04-14 03:50:33.951399+00:00
[2025-04-14T03:50:34.042+0000] {logging_mixin.py:190} INFO - Dag name:data_ingestion_gcs_dag and current dag run status:running
[2025-04-14T03:50:34.042+0000] {taskinstance.py:732} INFO - ::endgroup::
[2025-04-14T03:50:34.043+0000] {crypto.py:82} WARNING - empty cryptography key - values will not be stored encrypted.
[2025-04-14T03:50:34.043+0000] {connection.py:277} WARNING - Connection schemes (type: google_cloud_platform) shall not contain '_' according to RFC3986.
[2025-04-14T03:50:34.044+0000] {base.py:84} INFO - Retrieving connection 'google_cloud_default'
[2025-04-14T03:50:34.072+0000] {bigquery.py:2665} INFO - Executing: {'query': {'query': '\n          MERGE INTO `nyc-projects-455321.building_permits.permits` T\n          USING `nyc-projects-455321.building_permits.temp_table` S\n          ON T.job_type = S.job_type\n          WHEN NOT MATCHED THEN\n            INSERT (borough, job_type, block, lot, issuance_date, permit_si_no, gis_latitude, gis_longitude, gis_nta_name)\n            VALUES (S.borough, S.job_type, S.block, S.lot, S.issuance_date, S.permit_si_no, S.gis_latitude, S.gis_longitude, S.gis_nta_name);\n        ', 'useLegacySql': False}}'
[2025-04-14T03:50:34.072+0000] {bigquery.py:1241} INFO - Inserting job ***_data_ingestion_gcs_dag_merge_tables_task_2025_04_14T03_49_42_881424_00_00_bb4ef6fc12dccf9520a3d1549ac3e808
[2025-04-14T03:50:37.169+0000] {bigquery.py:2636} INFO - Job ***_data_ingestion_gcs_dag_merge_tables_task_2025_04_14T03_49_42_881424_00_00_bb4ef6fc12dccf9520a3d1549ac3e808 is completed. Checking the job status
[2025-04-14T03:50:37.182+0000] {taskinstance.py:341} INFO - ::group::Post task execution logs
[2025-04-14T03:50:37.182+0000] {taskinstance.py:353} INFO - Marking task as SUCCESS. dag_id=data_ingestion_gcs_dag, task_id=merge_tables_task, run_id=manual__2025-04-14T03:49:42.881424+00:00, execution_date=20250414T034942, start_date=20250414T035033, end_date=20250414T035037
[2025-04-14T03:50:37.195+0000] {logging_mixin.py:190} INFO - Task instance in success state
[2025-04-14T03:50:37.195+0000] {logging_mixin.py:190} INFO -  Previous state of the Task instance: running
[2025-04-14T03:50:37.195+0000] {logging_mixin.py:190} INFO - Dag name:data_ingestion_gcs_dag queued_at:2025-04-14 03:49:42.893457+00:00
[2025-04-14T03:50:37.196+0000] {logging_mixin.py:190} INFO - Task hostname:f7261677844c operator:BigQueryInsertJobOperator
[2025-04-14T03:50:37.225+0000] {local_task_job_runner.py:266} INFO - Task exited with return code 0
[2025-04-14T03:50:37.235+0000] {taskinstance.py:3901} INFO - 0 downstream tasks scheduled from follow-on schedule check
[2025-04-14T03:50:37.236+0000] {local_task_job_runner.py:245} INFO - ::endgroup::
