[2025-04-14T00:48:06.133+0000] {local_task_job_runner.py:123} INFO - ::group::Pre task execution logs
[2025-04-14T00:48:06.144+0000] {taskinstance.py:2614} INFO - Dependencies all met for dep_context=non-requeueable deps ti=<TaskInstance: data_ingestion_gcs_dag.fetch_permits_task manual__2025-04-14T00:47:51.925469+00:00 [queued]>
[2025-04-14T00:48:06.150+0000] {taskinstance.py:2614} INFO - Dependencies all met for dep_context=requeueable deps ti=<TaskInstance: data_ingestion_gcs_dag.fetch_permits_task manual__2025-04-14T00:47:51.925469+00:00 [queued]>
[2025-04-14T00:48:06.150+0000] {taskinstance.py:2867} INFO - Starting attempt 1 of 2
[2025-04-14T00:48:06.156+0000] {taskinstance.py:2890} INFO - Executing <Task(BranchPythonOperator): fetch_permits_task> on 2025-04-14 00:47:51.925469+00:00
[2025-04-14T00:48:06.160+0000] {warnings.py:112} WARNING - /home/***/.local/lib/python3.12/site-packages/***/task/task_runner/standard_task_runner.py:70: DeprecationWarning: This process (pid=119) is multi-threaded, use of fork() may lead to deadlocks in the child.
  pid = os.fork()

[2025-04-14T00:48:06.161+0000] {standard_task_runner.py:72} INFO - Started process 121 to run task
[2025-04-14T00:48:06.162+0000] {standard_task_runner.py:104} INFO - Running: ['***', 'tasks', 'run', 'data_ingestion_gcs_dag', 'fetch_permits_task', 'manual__2025-04-14T00:47:51.925469+00:00', '--job-id', '6', '--raw', '--subdir', 'DAGS_FOLDER/data_ingestion_gcs_dag.py', '--cfg-path', '/tmp/tmpit6nz0eh']
[2025-04-14T00:48:06.162+0000] {standard_task_runner.py:105} INFO - Job 6: Subtask fetch_permits_task
[2025-04-14T00:48:06.184+0000] {task_command.py:467} INFO - Running <TaskInstance: data_ingestion_gcs_dag.fetch_permits_task manual__2025-04-14T00:47:51.925469+00:00 [running]> on host 012b659ee236
[2025-04-14T00:48:06.226+0000] {taskinstance.py:3134} INFO - Exporting env vars: AIRFLOW_CTX_DAG_OWNER='***' AIRFLOW_CTX_DAG_ID='data_ingestion_gcs_dag' AIRFLOW_CTX_TASK_ID='fetch_permits_task' AIRFLOW_CTX_EXECUTION_DATE='2025-04-14T00:47:51.925469+00:00' AIRFLOW_CTX_TRY_NUMBER='1' AIRFLOW_CTX_DAG_RUN_ID='manual__2025-04-14T00:47:51.925469+00:00'
[2025-04-14T00:48:06.227+0000] {logging_mixin.py:190} INFO - Task instance is in running state
[2025-04-14T00:48:06.227+0000] {logging_mixin.py:190} INFO -  Previous state of the Task instance: queued
[2025-04-14T00:48:06.227+0000] {logging_mixin.py:190} INFO - Current task name:fetch_permits_task state:running start_date:2025-04-14 00:48:06.144775+00:00
[2025-04-14T00:48:06.227+0000] {logging_mixin.py:190} INFO - Dag name:data_ingestion_gcs_dag and current dag run status:running
[2025-04-14T00:48:06.227+0000] {taskinstance.py:732} INFO - ::endgroup::
[2025-04-14T00:48:06.228+0000] {baseoperator.py:423} WARNING - BranchPythonOperator.execute cannot be called outside TaskInstance!
[2025-04-14T00:48:06.234+0000] {logging_mixin.py:190} INFO - Fetching records for 2020-04-15 (offset=0)
[2025-04-14T00:48:06.921+0000] {logging_mixin.py:190} INFO - Fetching records for 2020-04-16 (offset=0)
[2025-04-14T00:48:07.078+0000] {logging_mixin.py:190} INFO - Fetching records for 2020-04-17 (offset=0)
[2025-04-14T00:48:07.291+0000] {logging_mixin.py:190} INFO - Fetching records for 2020-04-18 (offset=0)
[2025-04-14T00:48:07.436+0000] {logging_mixin.py:190} INFO - Fetching records for 2020-04-19 (offset=0)
[2025-04-14T00:48:07.996+0000] {logging_mixin.py:190} INFO - Fetching records for 2020-04-20 (offset=0)
[2025-04-14T00:48:08.142+0000] {logging_mixin.py:190} INFO - Fetching records for 2020-04-21 (offset=0)
[2025-04-14T00:48:08.293+0000] {logging_mixin.py:190} INFO - Fetching records for 2020-04-22 (offset=0)
[2025-04-14T00:48:08.435+0000] {logging_mixin.py:190} INFO - Fetching records for 2020-04-23 (offset=0)
[2025-04-14T00:48:08.576+0000] {logging_mixin.py:190} INFO - Fetching records for 2020-04-24 (offset=0)
[2025-04-14T00:48:08.728+0000] {python.py:240} INFO - Done. Returned value was: skip_tasks
[2025-04-14T00:48:08.730+0000] {branch.py:38} INFO - Branch into skip_tasks
[2025-04-14T00:48:08.733+0000] {skipmixin.py:233} INFO - Following branch ('skip_tasks',)
[2025-04-14T00:48:08.756+0000] {skipmixin.py:281} INFO - Skipping tasks [('local_to_gcs_task', -1)]
[2025-04-14T00:48:08.813+0000] {taskinstance.py:341} INFO - ::group::Post task execution logs
[2025-04-14T00:48:08.815+0000] {taskinstance.py:353} INFO - Marking task as SUCCESS. dag_id=data_ingestion_gcs_dag, task_id=fetch_permits_task, run_id=manual__2025-04-14T00:47:51.925469+00:00, execution_date=20250414T004751, start_date=20250414T004806, end_date=20250414T004808
[2025-04-14T00:48:08.842+0000] {logging_mixin.py:190} INFO - Task instance in success state
[2025-04-14T00:48:08.843+0000] {logging_mixin.py:190} INFO -  Previous state of the Task instance: running
[2025-04-14T00:48:08.844+0000] {logging_mixin.py:190} INFO - Dag name:data_ingestion_gcs_dag queued_at:2025-04-14 00:47:51.944865+00:00
[2025-04-14T00:48:08.844+0000] {logging_mixin.py:190} INFO - Task hostname:012b659ee236 operator:BranchPythonOperator
[2025-04-14T00:48:08.882+0000] {local_task_job_runner.py:266} INFO - Task exited with return code 0
[2025-04-14T00:48:08.919+0000] {taskinstance.py:3901} INFO - 0 downstream tasks scheduled from follow-on schedule check
[2025-04-14T00:48:08.922+0000] {local_task_job_runner.py:245} INFO - ::endgroup::
