[2025-04-14T01:53:36.055+0000] {local_task_job_runner.py:123} INFO - ::group::Pre task execution logs
[2025-04-14T01:53:36.065+0000] {taskinstance.py:2614} INFO - Dependencies all met for dep_context=non-requeueable deps ti=<TaskInstance: data_ingestion_gcs_dag.fetch_permits_task manual__2025-04-14T01:48:08.756015+00:00 [queued]>
[2025-04-14T01:53:36.069+0000] {taskinstance.py:2614} INFO - Dependencies all met for dep_context=requeueable deps ti=<TaskInstance: data_ingestion_gcs_dag.fetch_permits_task manual__2025-04-14T01:48:08.756015+00:00 [queued]>
[2025-04-14T01:53:36.069+0000] {taskinstance.py:2867} INFO - Starting attempt 1 of 2
[2025-04-14T01:53:36.076+0000] {taskinstance.py:2890} INFO - Executing <Task(BranchPythonOperator): fetch_permits_task> on 2025-04-14 01:48:08.756015+00:00
[2025-04-14T01:53:36.080+0000] {warnings.py:112} WARNING - /home/***/.local/lib/python3.12/site-packages/***/task/task_runner/standard_task_runner.py:70: DeprecationWarning: This process (pid=198) is multi-threaded, use of fork() may lead to deadlocks in the child.
  pid = os.fork()

[2025-04-14T01:53:36.081+0000] {standard_task_runner.py:72} INFO - Started process 200 to run task
[2025-04-14T01:53:36.082+0000] {standard_task_runner.py:104} INFO - Running: ['***', 'tasks', 'run', 'data_ingestion_gcs_dag', 'fetch_permits_task', 'manual__2025-04-14T01:48:08.756015+00:00', '--job-id', '10', '--raw', '--subdir', 'DAGS_FOLDER/data_ingestion_gcs_dag.py', '--cfg-path', '/tmp/tmpsdrco4ok']
[2025-04-14T01:53:36.083+0000] {standard_task_runner.py:105} INFO - Job 10: Subtask fetch_permits_task
[2025-04-14T01:53:36.107+0000] {task_command.py:467} INFO - Running <TaskInstance: data_ingestion_gcs_dag.fetch_permits_task manual__2025-04-14T01:48:08.756015+00:00 [running]> on host f8826741f369
[2025-04-14T01:53:36.144+0000] {taskinstance.py:3134} INFO - Exporting env vars: AIRFLOW_CTX_DAG_OWNER='***' AIRFLOW_CTX_DAG_ID='data_ingestion_gcs_dag' AIRFLOW_CTX_TASK_ID='fetch_permits_task' AIRFLOW_CTX_EXECUTION_DATE='2025-04-14T01:48:08.756015+00:00' AIRFLOW_CTX_TRY_NUMBER='1' AIRFLOW_CTX_DAG_RUN_ID='manual__2025-04-14T01:48:08.756015+00:00'
[2025-04-14T01:53:36.145+0000] {logging_mixin.py:190} INFO - Task instance is in running state
[2025-04-14T01:53:36.145+0000] {logging_mixin.py:190} INFO -  Previous state of the Task instance: queued
[2025-04-14T01:53:36.145+0000] {logging_mixin.py:190} INFO - Current task name:fetch_permits_task state:running start_date:2025-04-14 01:53:36.065821+00:00
[2025-04-14T01:53:36.145+0000] {logging_mixin.py:190} INFO - Dag name:data_ingestion_gcs_dag and current dag run status:running
[2025-04-14T01:53:36.145+0000] {taskinstance.py:732} INFO - ::endgroup::
[2025-04-14T01:53:36.146+0000] {baseoperator.py:423} WARNING - BranchPythonOperator.execute cannot be called outside TaskInstance!
[2025-04-14T01:53:36.152+0000] {logging_mixin.py:190} INFO - Fetching records for 2020-06-17 (offset=0)
[2025-04-14T01:53:37.280+0000] {logging_mixin.py:190} INFO - Fetching records for 2020-06-18 (offset=0)
[2025-04-14T01:53:37.852+0000] {logging_mixin.py:190} INFO - Fetching records for 2020-06-19 (offset=0)
[2025-04-14T01:53:38.264+0000] {logging_mixin.py:190} INFO - Fetching records for 2020-06-20 (offset=0)
[2025-04-14T01:53:38.623+0000] {logging_mixin.py:190} INFO - Fetching records for 2020-06-21 (offset=0)
[2025-04-14T01:53:38.968+0000] {logging_mixin.py:190} INFO - Fetching records for 2020-06-22 (offset=0)
[2025-04-14T01:53:39.460+0000] {logging_mixin.py:190} INFO - Fetching records for 2020-06-23 (offset=0)
[2025-04-14T01:53:39.869+0000] {logging_mixin.py:190} INFO - Fetching records for 2020-06-24 (offset=0)
[2025-04-14T01:53:40.279+0000] {logging_mixin.py:190} INFO - Fetching records for 2020-06-25 (offset=0)
[2025-04-14T01:53:40.906+0000] {logging_mixin.py:190} INFO - Fetching records for 2020-06-26 (offset=0)
[2025-04-14T01:53:41.477+0000] {python.py:240} INFO - Done. Returned value was: local_to_gcs_task
[2025-04-14T01:53:41.478+0000] {branch.py:38} INFO - Branch into local_to_gcs_task
[2025-04-14T01:53:41.478+0000] {skipmixin.py:233} INFO - Following branch ('local_to_gcs_task',)
[2025-04-14T01:53:41.488+0000] {skipmixin.py:281} INFO - Skipping tasks [('skip_tasks', -1)]
[2025-04-14T01:53:41.508+0000] {taskinstance.py:341} INFO - ::group::Post task execution logs
[2025-04-14T01:53:41.508+0000] {taskinstance.py:353} INFO - Marking task as SUCCESS. dag_id=data_ingestion_gcs_dag, task_id=fetch_permits_task, run_id=manual__2025-04-14T01:48:08.756015+00:00, execution_date=20250414T014808, start_date=20250414T015336, end_date=20250414T015341
[2025-04-14T01:53:41.523+0000] {logging_mixin.py:190} INFO - Task instance in success state
[2025-04-14T01:53:41.524+0000] {logging_mixin.py:190} INFO -  Previous state of the Task instance: running
[2025-04-14T01:53:41.524+0000] {logging_mixin.py:190} INFO - Dag name:data_ingestion_gcs_dag queued_at:2025-04-14 01:48:08.767261+00:00
[2025-04-14T01:53:41.524+0000] {logging_mixin.py:190} INFO - Task hostname:f8826741f369 operator:BranchPythonOperator
[2025-04-14T01:53:41.547+0000] {local_task_job_runner.py:266} INFO - Task exited with return code 0
[2025-04-14T01:53:41.576+0000] {taskinstance.py:3901} INFO - 1 downstream tasks scheduled from follow-on schedule check
[2025-04-14T01:53:41.577+0000] {local_task_job_runner.py:245} INFO - ::endgroup::
