[2025-04-17T01:58:37.670+0000] {local_task_job_runner.py:123} INFO - ::group::Pre task execution logs
[2025-04-17T01:58:37.684+0000] {taskinstance.py:2614} INFO - Dependencies all met for dep_context=non-requeueable deps ti=<TaskInstance: data_ingestion_gcs_dag.create_temp_table_task manual__2025-04-17T01:57:54.722967+00:00 [queued]>
[2025-04-17T01:58:37.691+0000] {taskinstance.py:2614} INFO - Dependencies all met for dep_context=requeueable deps ti=<TaskInstance: data_ingestion_gcs_dag.create_temp_table_task manual__2025-04-17T01:57:54.722967+00:00 [queued]>
[2025-04-17T01:58:37.691+0000] {taskinstance.py:2867} INFO - Starting attempt 1 of 2
[2025-04-17T01:58:37.698+0000] {taskinstance.py:2890} INFO - Executing <Task(BigQueryInsertJobOperator): create_temp_table_task> on 2025-04-17 01:57:54.722967+00:00
[2025-04-17T01:58:37.702+0000] {warnings.py:112} WARNING - /home/***/.local/lib/python3.12/site-packages/***/task/task_runner/standard_task_runner.py:70: DeprecationWarning: This process (pid=134) is multi-threaded, use of fork() may lead to deadlocks in the child.
  pid = os.fork()

[2025-04-17T01:58:37.703+0000] {standard_task_runner.py:72} INFO - Started process 136 to run task
[2025-04-17T01:58:37.703+0000] {standard_task_runner.py:104} INFO - Running: ['***', 'tasks', 'run', 'data_ingestion_gcs_dag', 'create_temp_table_task', 'manual__2025-04-17T01:57:54.722967+00:00', '--job-id', '15', '--raw', '--subdir', 'DAGS_FOLDER/data_ingestion_gcs_dag.py', '--cfg-path', '/tmp/tmpfrc9m_e1']
[2025-04-17T01:58:37.704+0000] {standard_task_runner.py:105} INFO - Job 15: Subtask create_temp_table_task
[2025-04-17T01:58:37.730+0000] {task_command.py:467} INFO - Running <TaskInstance: data_ingestion_gcs_dag.create_temp_table_task manual__2025-04-17T01:57:54.722967+00:00 [running]> on host a4de9eb4cb15
[2025-04-17T01:58:37.773+0000] {taskinstance.py:3134} INFO - Exporting env vars: AIRFLOW_CTX_DAG_OWNER='***' AIRFLOW_CTX_DAG_ID='data_ingestion_gcs_dag' AIRFLOW_CTX_TASK_ID='create_temp_table_task' AIRFLOW_CTX_EXECUTION_DATE='2025-04-17T01:57:54.722967+00:00' AIRFLOW_CTX_TRY_NUMBER='1' AIRFLOW_CTX_DAG_RUN_ID='manual__2025-04-17T01:57:54.722967+00:00'
[2025-04-17T01:58:37.774+0000] {logging_mixin.py:190} INFO - Task instance is in running state
[2025-04-17T01:58:37.774+0000] {logging_mixin.py:190} INFO -  Previous state of the Task instance: queued
[2025-04-17T01:58:37.775+0000] {logging_mixin.py:190} INFO - Current task name:create_temp_table_task state:running start_date:2025-04-17 01:58:37.684616+00:00
[2025-04-17T01:58:37.775+0000] {logging_mixin.py:190} INFO - Dag name:data_ingestion_gcs_dag and current dag run status:running
[2025-04-17T01:58:37.775+0000] {taskinstance.py:732} INFO - ::endgroup::
[2025-04-17T01:58:37.776+0000] {crypto.py:82} WARNING - empty cryptography key - values will not be stored encrypted.
[2025-04-17T01:58:37.776+0000] {connection.py:277} WARNING - Connection schemes (type: google_cloud_platform) shall not contain '_' according to RFC3986.
[2025-04-17T01:58:37.777+0000] {base.py:84} INFO - Retrieving connection 'google_cloud_default'
[2025-04-17T01:58:37.805+0000] {bigquery.py:2665} INFO - Executing: {'query': {'query': "\n          CREATE OR REPLACE TABLE `nyc-projects-455321.building_permits.temp_table`\n          AS\n          SELECT\n            borough,\n            job_type,\n            block,\n            lot,\n            PARSE_TIMESTAMP('%m/%d/%Y', issuance_date) AS issuance_date,\n            CAST(permit_si_no AS INT64) AS permit_si_no,\n            CONCAT(gis_latitude,',',gis_longitude) AS location_coordinates,\n            gis_nta_name\n          FROM `nyc-projects-455321.building_permits.external_table`;\n        ", 'useLegacySql': False}}'
[2025-04-17T01:58:37.806+0000] {bigquery.py:1241} INFO - Inserting job ***_data_ingestion_gcs_dag_create_temp_table_task_2025_04_17T01_57_54_722967_00_00_81dd9433f2c14c3912ec0ae69a2b4cc4
[2025-04-17T01:58:40.272+0000] {bigquery.py:2636} INFO - Job ***_data_ingestion_gcs_dag_create_temp_table_task_2025_04_17T01_57_54_722967_00_00_81dd9433f2c14c3912ec0ae69a2b4cc4 is completed. Checking the job status
[2025-04-17T01:58:40.284+0000] {taskinstance.py:341} INFO - ::group::Post task execution logs
[2025-04-17T01:58:40.285+0000] {taskinstance.py:353} INFO - Marking task as SUCCESS. dag_id=data_ingestion_gcs_dag, task_id=create_temp_table_task, run_id=manual__2025-04-17T01:57:54.722967+00:00, execution_date=20250417T015754, start_date=20250417T015837, end_date=20250417T015840
[2025-04-17T01:58:40.296+0000] {logging_mixin.py:190} INFO - Task instance in success state
[2025-04-17T01:58:40.296+0000] {logging_mixin.py:190} INFO -  Previous state of the Task instance: running
[2025-04-17T01:58:40.296+0000] {logging_mixin.py:190} INFO - Dag name:data_ingestion_gcs_dag queued_at:2025-04-17 01:57:54.735212+00:00
[2025-04-17T01:58:40.297+0000] {logging_mixin.py:190} INFO - Task hostname:a4de9eb4cb15 operator:BigQueryInsertJobOperator
[2025-04-17T01:58:40.302+0000] {local_task_job_runner.py:266} INFO - Task exited with return code 0
[2025-04-17T01:58:40.316+0000] {taskinstance.py:3901} INFO - 1 downstream tasks scheduled from follow-on schedule check
[2025-04-17T01:58:40.317+0000] {local_task_job_runner.py:245} INFO - ::endgroup::
