[2025-04-06T23:26:50.566+0000] {local_task_job_runner.py:123} INFO - ::group::Pre task execution logs
[2025-04-06T23:26:50.578+0000] {taskinstance.py:2614} INFO - Dependencies all met for dep_context=non-requeueable deps ti=<TaskInstance: data_ingestion_gcs_dag.format_to_parquet_task scheduled__2025-04-05T00:00:00+00:00 [queued]>
[2025-04-06T23:26:50.582+0000] {taskinstance.py:2614} INFO - Dependencies all met for dep_context=requeueable deps ti=<TaskInstance: data_ingestion_gcs_dag.format_to_parquet_task scheduled__2025-04-05T00:00:00+00:00 [queued]>
[2025-04-06T23:26:50.583+0000] {taskinstance.py:2867} INFO - Starting attempt 1 of 2
[2025-04-06T23:26:50.588+0000] {taskinstance.py:2890} INFO - Executing <Task(PythonOperator): format_to_parquet_task> on 2025-04-05 00:00:00+00:00
[2025-04-06T23:26:50.592+0000] {warnings.py:112} WARNING - /home/***/.local/lib/python3.12/site-packages/***/task/task_runner/standard_task_runner.py:70: DeprecationWarning: This process (pid=121) is multi-threaded, use of fork() may lead to deadlocks in the child.
  pid = os.fork()

[2025-04-06T23:26:50.593+0000] {standard_task_runner.py:72} INFO - Started process 123 to run task
[2025-04-06T23:26:50.594+0000] {standard_task_runner.py:104} INFO - Running: ['***', 'tasks', 'run', 'data_ingestion_gcs_dag', 'format_to_parquet_task', 'scheduled__2025-04-05T00:00:00+00:00', '--job-id', '4', '--raw', '--subdir', 'DAGS_FOLDER/data_ingestion_gcs_dag.py', '--cfg-path', '/tmp/tmpg_ncrz5k']
[2025-04-06T23:26:50.594+0000] {standard_task_runner.py:105} INFO - Job 4: Subtask format_to_parquet_task
[2025-04-06T23:26:50.623+0000] {task_command.py:467} INFO - Running <TaskInstance: data_ingestion_gcs_dag.format_to_parquet_task scheduled__2025-04-05T00:00:00+00:00 [running]> on host c89aca681029
[2025-04-06T23:26:50.661+0000] {taskinstance.py:3134} INFO - Exporting env vars: AIRFLOW_CTX_DAG_OWNER='***' AIRFLOW_CTX_DAG_ID='data_ingestion_gcs_dag' AIRFLOW_CTX_TASK_ID='format_to_parquet_task' AIRFLOW_CTX_EXECUTION_DATE='2025-04-05T00:00:00+00:00' AIRFLOW_CTX_TRY_NUMBER='1' AIRFLOW_CTX_DAG_RUN_ID='scheduled__2025-04-05T00:00:00+00:00'
[2025-04-06T23:26:50.662+0000] {logging_mixin.py:190} INFO - Task instance is in running state
[2025-04-06T23:26:50.663+0000] {logging_mixin.py:190} INFO -  Previous state of the Task instance: queued
[2025-04-06T23:26:50.663+0000] {logging_mixin.py:190} INFO - Current task name:format_to_parquet_task state:running start_date:2025-04-06 23:26:50.578683+00:00
[2025-04-06T23:26:50.663+0000] {logging_mixin.py:190} INFO - Dag name:data_ingestion_gcs_dag and current dag run status:running
[2025-04-06T23:26:50.663+0000] {taskinstance.py:732} INFO - ::endgroup::
[2025-04-06T23:26:50.677+0000] {python.py:240} INFO - Done. Returned value was: None
[2025-04-06T23:26:50.684+0000] {taskinstance.py:341} INFO - ::group::Post task execution logs
[2025-04-06T23:26:50.684+0000] {taskinstance.py:353} INFO - Marking task as SUCCESS. dag_id=data_ingestion_gcs_dag, task_id=format_to_parquet_task, run_id=scheduled__2025-04-05T00:00:00+00:00, execution_date=20250405T000000, start_date=20250406T232650, end_date=20250406T232650
[2025-04-06T23:26:50.710+0000] {logging_mixin.py:190} INFO - Task instance in success state
[2025-04-06T23:26:50.711+0000] {logging_mixin.py:190} INFO -  Previous state of the Task instance: running
[2025-04-06T23:26:50.711+0000] {logging_mixin.py:190} INFO - Dag name:data_ingestion_gcs_dag queued_at:2025-04-06 23:26:45.683378+00:00
[2025-04-06T23:26:50.712+0000] {logging_mixin.py:190} INFO - Task hostname:c89aca681029 operator:PythonOperator
[2025-04-06T23:26:50.733+0000] {local_task_job_runner.py:266} INFO - Task exited with return code 0
[2025-04-06T23:26:50.764+0000] {taskinstance.py:3901} INFO - 1 downstream tasks scheduled from follow-on schedule check
[2025-04-06T23:26:50.765+0000] {local_task_job_runner.py:245} INFO - ::endgroup::
[2025-04-06T23:47:48.018+0000] {local_task_job_runner.py:123} INFO - ::group::Pre task execution logs
[2025-04-06T23:47:48.031+0000] {taskinstance.py:2614} INFO - Dependencies all met for dep_context=non-requeueable deps ti=<TaskInstance: data_ingestion_gcs_dag.format_to_parquet_task scheduled__2025-04-05T00:00:00+00:00 [queued]>
[2025-04-06T23:47:48.036+0000] {taskinstance.py:2614} INFO - Dependencies all met for dep_context=requeueable deps ti=<TaskInstance: data_ingestion_gcs_dag.format_to_parquet_task scheduled__2025-04-05T00:00:00+00:00 [queued]>
[2025-04-06T23:47:48.036+0000] {taskinstance.py:2867} INFO - Starting attempt 1 of 2
[2025-04-06T23:47:48.042+0000] {taskinstance.py:2890} INFO - Executing <Task(PythonOperator): format_to_parquet_task> on 2025-04-05 00:00:00+00:00
[2025-04-06T23:47:48.046+0000] {warnings.py:112} WARNING - /home/***/.local/lib/python3.12/site-packages/***/task/task_runner/standard_task_runner.py:70: DeprecationWarning: This process (pid=93) is multi-threaded, use of fork() may lead to deadlocks in the child.
  pid = os.fork()

[2025-04-06T23:47:48.047+0000] {standard_task_runner.py:72} INFO - Started process 95 to run task
[2025-04-06T23:47:48.048+0000] {standard_task_runner.py:104} INFO - Running: ['***', 'tasks', 'run', 'data_ingestion_gcs_dag', 'format_to_parquet_task', 'scheduled__2025-04-05T00:00:00+00:00', '--job-id', '4', '--raw', '--subdir', 'DAGS_FOLDER/data_ingestion_gcs_dag.py', '--cfg-path', '/tmp/tmp4zg6hooj']
[2025-04-06T23:47:48.048+0000] {standard_task_runner.py:105} INFO - Job 4: Subtask format_to_parquet_task
[2025-04-06T23:47:48.074+0000] {task_command.py:467} INFO - Running <TaskInstance: data_ingestion_gcs_dag.format_to_parquet_task scheduled__2025-04-05T00:00:00+00:00 [running]> on host ea69fc89020b
[2025-04-06T23:47:48.116+0000] {taskinstance.py:3134} INFO - Exporting env vars: AIRFLOW_CTX_DAG_OWNER='***' AIRFLOW_CTX_DAG_ID='data_ingestion_gcs_dag' AIRFLOW_CTX_TASK_ID='format_to_parquet_task' AIRFLOW_CTX_EXECUTION_DATE='2025-04-05T00:00:00+00:00' AIRFLOW_CTX_TRY_NUMBER='1' AIRFLOW_CTX_DAG_RUN_ID='scheduled__2025-04-05T00:00:00+00:00'
[2025-04-06T23:47:48.117+0000] {logging_mixin.py:190} INFO - Task instance is in running state
[2025-04-06T23:47:48.117+0000] {logging_mixin.py:190} INFO -  Previous state of the Task instance: queued
[2025-04-06T23:47:48.118+0000] {logging_mixin.py:190} INFO - Current task name:format_to_parquet_task state:running start_date:2025-04-06 23:47:48.032254+00:00
[2025-04-06T23:47:48.118+0000] {logging_mixin.py:190} INFO - Dag name:data_ingestion_gcs_dag and current dag run status:running
[2025-04-06T23:47:48.118+0000] {taskinstance.py:732} INFO - ::endgroup::
[2025-04-06T23:47:48.132+0000] {python.py:240} INFO - Done. Returned value was: None
[2025-04-06T23:47:48.138+0000] {taskinstance.py:341} INFO - ::group::Post task execution logs
[2025-04-06T23:47:48.138+0000] {taskinstance.py:353} INFO - Marking task as SUCCESS. dag_id=data_ingestion_gcs_dag, task_id=format_to_parquet_task, run_id=scheduled__2025-04-05T00:00:00+00:00, execution_date=20250405T000000, start_date=20250406T234748, end_date=20250406T234748
[2025-04-06T23:47:48.152+0000] {logging_mixin.py:190} INFO - Task instance in success state
[2025-04-06T23:47:48.152+0000] {logging_mixin.py:190} INFO -  Previous state of the Task instance: running
[2025-04-06T23:47:48.153+0000] {logging_mixin.py:190} INFO - Dag name:data_ingestion_gcs_dag queued_at:2025-04-06 23:47:43.531835+00:00
[2025-04-06T23:47:48.153+0000] {logging_mixin.py:190} INFO - Task hostname:ea69fc89020b operator:PythonOperator
[2025-04-06T23:47:48.186+0000] {local_task_job_runner.py:266} INFO - Task exited with return code 0
[2025-04-06T23:47:48.200+0000] {taskinstance.py:3901} INFO - 1 downstream tasks scheduled from follow-on schedule check
[2025-04-06T23:47:48.201+0000] {local_task_job_runner.py:245} INFO - ::endgroup::
