[2025-04-13T23:36:03.247+0000] {local_task_job_runner.py:123} INFO - ::group::Pre task execution logs
[2025-04-13T23:36:03.258+0000] {taskinstance.py:2614} INFO - Dependencies all met for dep_context=non-requeueable deps ti=<TaskInstance: data_ingestion_gcs_dag.fetch_permits_task manual__2025-04-13T23:30:43.025655+00:00 [queued]>
[2025-04-13T23:36:03.262+0000] {taskinstance.py:2614} INFO - Dependencies all met for dep_context=requeueable deps ti=<TaskInstance: data_ingestion_gcs_dag.fetch_permits_task manual__2025-04-13T23:30:43.025655+00:00 [queued]>
[2025-04-13T23:36:03.262+0000] {taskinstance.py:2867} INFO - Starting attempt 1 of 2
[2025-04-13T23:36:03.269+0000] {taskinstance.py:2890} INFO - Executing <Task(PythonOperator): fetch_permits_task> on 2025-04-13 23:30:43.025655+00:00
[2025-04-13T23:36:03.273+0000] {warnings.py:112} WARNING - /home/***/.local/lib/python3.12/site-packages/***/task/task_runner/standard_task_runner.py:70: DeprecationWarning: This process (pid=195) is multi-threaded, use of fork() may lead to deadlocks in the child.
  pid = os.fork()

[2025-04-13T23:36:03.274+0000] {standard_task_runner.py:72} INFO - Started process 197 to run task
[2025-04-13T23:36:03.275+0000] {standard_task_runner.py:104} INFO - Running: ['***', 'tasks', 'run', 'data_ingestion_gcs_dag', 'fetch_permits_task', 'manual__2025-04-13T23:30:43.025655+00:00', '--job-id', '9', '--raw', '--subdir', 'DAGS_FOLDER/data_ingestion_gcs_dag.py', '--cfg-path', '/tmp/tmpe6d7lv32']
[2025-04-13T23:36:03.276+0000] {standard_task_runner.py:105} INFO - Job 9: Subtask fetch_permits_task
[2025-04-13T23:36:03.300+0000] {task_command.py:467} INFO - Running <TaskInstance: data_ingestion_gcs_dag.fetch_permits_task manual__2025-04-13T23:30:43.025655+00:00 [running]> on host 15a7108b06f8
[2025-04-13T23:36:03.339+0000] {taskinstance.py:3134} INFO - Exporting env vars: AIRFLOW_CTX_DAG_OWNER='***' AIRFLOW_CTX_DAG_ID='data_ingestion_gcs_dag' AIRFLOW_CTX_TASK_ID='fetch_permits_task' AIRFLOW_CTX_EXECUTION_DATE='2025-04-13T23:30:43.025655+00:00' AIRFLOW_CTX_TRY_NUMBER='1' AIRFLOW_CTX_DAG_RUN_ID='manual__2025-04-13T23:30:43.025655+00:00'
[2025-04-13T23:36:03.340+0000] {logging_mixin.py:190} INFO - Task instance is in running state
[2025-04-13T23:36:03.340+0000] {logging_mixin.py:190} INFO -  Previous state of the Task instance: queued
[2025-04-13T23:36:03.340+0000] {logging_mixin.py:190} INFO - Current task name:fetch_permits_task state:running start_date:2025-04-13 23:36:03.258347+00:00
[2025-04-13T23:36:03.340+0000] {logging_mixin.py:190} INFO - Dag name:data_ingestion_gcs_dag and current dag run status:running
[2025-04-13T23:36:03.340+0000] {taskinstance.py:732} INFO - ::endgroup::
[2025-04-13T23:36:03.346+0000] {logging_mixin.py:190} INFO - Fetching records for 2020-04-14 (offset=0)
[2025-04-13T23:36:04.300+0000] {logging_mixin.py:190} INFO - Fetching records for 2020-04-15 (offset=0)
[2025-04-13T23:36:04.665+0000] {logging_mixin.py:190} INFO - Fetching records for 2020-04-16 (offset=0)
[2025-04-13T23:36:05.015+0000] {logging_mixin.py:190} INFO - Fetching records for 2020-04-17 (offset=0)
[2025-04-13T23:36:05.383+0000] {logging_mixin.py:190} INFO - Fetching records for 2020-04-18 (offset=0)
[2025-04-13T23:36:05.696+0000] {logging_mixin.py:190} INFO - Fetching records for 2020-04-19 (offset=0)
[2025-04-13T23:36:06.009+0000] {logging_mixin.py:190} INFO - Fetching records for 2020-04-20 (offset=0)
[2025-04-13T23:36:06.346+0000] {logging_mixin.py:190} INFO - Fetching records for 2020-04-21 (offset=0)
[2025-04-13T23:36:06.672+0000] {logging_mixin.py:190} INFO - Fetching records for 2020-04-22 (offset=0)
[2025-04-13T23:36:06.996+0000] {logging_mixin.py:190} INFO - Fetching records for 2020-04-23 (offset=0)
[2025-04-13T23:36:07.372+0000] {python.py:240} INFO - Done. Returned value was: None
[2025-04-13T23:36:07.379+0000] {taskinstance.py:341} INFO - ::group::Post task execution logs
[2025-04-13T23:36:07.380+0000] {taskinstance.py:353} INFO - Marking task as SUCCESS. dag_id=data_ingestion_gcs_dag, task_id=fetch_permits_task, run_id=manual__2025-04-13T23:30:43.025655+00:00, execution_date=20250413T233043, start_date=20250413T233603, end_date=20250413T233607
[2025-04-13T23:36:07.391+0000] {logging_mixin.py:190} INFO - Task instance in success state
[2025-04-13T23:36:07.391+0000] {logging_mixin.py:190} INFO -  Previous state of the Task instance: running
[2025-04-13T23:36:07.392+0000] {logging_mixin.py:190} INFO - Dag name:data_ingestion_gcs_dag queued_at:2025-04-13 23:30:43.055392+00:00
[2025-04-13T23:36:07.392+0000] {logging_mixin.py:190} INFO - Task hostname:15a7108b06f8 operator:PythonOperator
[2025-04-13T23:36:07.434+0000] {local_task_job_runner.py:266} INFO - Task exited with return code 0
[2025-04-13T23:36:07.449+0000] {taskinstance.py:3901} INFO - 0 downstream tasks scheduled from follow-on schedule check
[2025-04-13T23:36:07.450+0000] {local_task_job_runner.py:245} INFO - ::endgroup::
