[2025-04-16T02:07:24.436+0000] {local_task_job_runner.py:123} INFO - ::group::Pre task execution logs
[2025-04-16T02:07:24.449+0000] {taskinstance.py:2614} INFO - Dependencies all met for dep_context=non-requeueable deps ti=<TaskInstance: data_ingestion_gcs_dag.merge_tables_task scheduled__2025-04-15T00:00:00+00:00 [queued]>
[2025-04-16T02:07:24.455+0000] {taskinstance.py:2614} INFO - Dependencies all met for dep_context=requeueable deps ti=<TaskInstance: data_ingestion_gcs_dag.merge_tables_task scheduled__2025-04-15T00:00:00+00:00 [queued]>
[2025-04-16T02:07:24.455+0000] {taskinstance.py:2867} INFO - Starting attempt 1 of 2
[2025-04-16T02:07:24.461+0000] {taskinstance.py:2890} INFO - Executing <Task(BigQueryInsertJobOperator): merge_tables_task> on 2025-04-15 00:00:00+00:00
[2025-04-16T02:07:24.465+0000] {warnings.py:112} WARNING - /home/***/.local/lib/python3.12/site-packages/***/task/task_runner/standard_task_runner.py:70: DeprecationWarning: This process (pid=318) is multi-threaded, use of fork() may lead to deadlocks in the child.
  pid = os.fork()

[2025-04-16T02:07:24.466+0000] {standard_task_runner.py:72} INFO - Started process 320 to run task
[2025-04-16T02:07:24.468+0000] {standard_task_runner.py:104} INFO - Running: ['***', 'tasks', 'run', 'data_ingestion_gcs_dag', 'merge_tables_task', 'scheduled__2025-04-15T00:00:00+00:00', '--job-id', '9', '--raw', '--subdir', 'DAGS_FOLDER/data_ingestion_gcs_dag.py', '--cfg-path', '/tmp/tmpap59uef5']
[2025-04-16T02:07:24.469+0000] {standard_task_runner.py:105} INFO - Job 9: Subtask merge_tables_task
[2025-04-16T02:07:24.502+0000] {task_command.py:467} INFO - Running <TaskInstance: data_ingestion_gcs_dag.merge_tables_task scheduled__2025-04-15T00:00:00+00:00 [running]> on host ab7d67370b15
[2025-04-16T02:07:24.542+0000] {taskinstance.py:3134} INFO - Exporting env vars: AIRFLOW_CTX_DAG_OWNER='***' AIRFLOW_CTX_DAG_ID='data_ingestion_gcs_dag' AIRFLOW_CTX_TASK_ID='merge_tables_task' AIRFLOW_CTX_EXECUTION_DATE='2025-04-15T00:00:00+00:00' AIRFLOW_CTX_TRY_NUMBER='1' AIRFLOW_CTX_DAG_RUN_ID='scheduled__2025-04-15T00:00:00+00:00'
[2025-04-16T02:07:24.543+0000] {logging_mixin.py:190} INFO - Task instance is in running state
[2025-04-16T02:07:24.543+0000] {logging_mixin.py:190} INFO -  Previous state of the Task instance: queued
[2025-04-16T02:07:24.543+0000] {logging_mixin.py:190} INFO - Current task name:merge_tables_task state:running start_date:2025-04-16 02:07:24.449975+00:00
[2025-04-16T02:07:24.543+0000] {logging_mixin.py:190} INFO - Dag name:data_ingestion_gcs_dag and current dag run status:running
[2025-04-16T02:07:24.543+0000] {taskinstance.py:732} INFO - ::endgroup::
[2025-04-16T02:07:24.544+0000] {crypto.py:82} WARNING - empty cryptography key - values will not be stored encrypted.
[2025-04-16T02:07:24.544+0000] {connection.py:277} WARNING - Connection schemes (type: google_cloud_platform) shall not contain '_' according to RFC3986.
[2025-04-16T02:07:24.545+0000] {base.py:84} INFO - Retrieving connection 'google_cloud_default'
[2025-04-16T02:07:24.573+0000] {bigquery.py:2665} INFO - Executing: {'query': {'query': '\n          MERGE INTO `nyc-projects-455321.building_permits.permits` T\n          USING `nyc-projects-455321.building_permits.temp_table` S\n          ON T.job_type = S.job_type\n          WHEN NOT MATCHED THEN\n            INSERT (borough, job_type, block, lot, issuance_date, permit_si_no, location_coordinates, gis_nta_name)\n            VALUES (S.borough, S.job_type, S.block, S.lot, S.issuance_date, S.permit_si_no, S.location_coordinates, S.gis_nta_name);\n        ', 'useLegacySql': False}}'
[2025-04-16T02:07:24.574+0000] {bigquery.py:1241} INFO - Inserting job ***_data_ingestion_gcs_dag_merge_tables_task_2025_04_15T00_00_00_00_00_abc6981252a0c0a6015adfa7cfaa1404
[2025-04-16T02:07:32.165+0000] {bigquery.py:2636} INFO - Job ***_data_ingestion_gcs_dag_merge_tables_task_2025_04_15T00_00_00_00_00_abc6981252a0c0a6015adfa7cfaa1404 is completed. Checking the job status
[2025-04-16T02:07:32.207+0000] {taskinstance.py:341} INFO - ::group::Post task execution logs
[2025-04-16T02:07:32.208+0000] {taskinstance.py:353} INFO - Marking task as SUCCESS. dag_id=data_ingestion_gcs_dag, task_id=merge_tables_task, run_id=scheduled__2025-04-15T00:00:00+00:00, execution_date=20250415T000000, start_date=20250416T020724, end_date=20250416T020732
[2025-04-16T02:07:32.232+0000] {logging_mixin.py:190} INFO - Task instance in success state
[2025-04-16T02:07:32.232+0000] {logging_mixin.py:190} INFO -  Previous state of the Task instance: running
[2025-04-16T02:07:32.233+0000] {logging_mixin.py:190} INFO - Dag name:data_ingestion_gcs_dag queued_at:2025-04-16 01:52:39.054477+00:00
[2025-04-16T02:07:32.233+0000] {logging_mixin.py:190} INFO - Task hostname:ab7d67370b15 operator:BigQueryInsertJobOperator
[2025-04-16T02:07:32.264+0000] {local_task_job_runner.py:266} INFO - Task exited with return code 0
[2025-04-16T02:07:32.311+0000] {taskinstance.py:3901} INFO - 0 downstream tasks scheduled from follow-on schedule check
[2025-04-16T02:07:32.314+0000] {local_task_job_runner.py:245} INFO - ::endgroup::
[2025-04-16T02:34:36.970+0000] {local_task_job_runner.py:123} INFO - ::group::Pre task execution logs
[2025-04-16T02:34:36.983+0000] {taskinstance.py:2614} INFO - Dependencies all met for dep_context=non-requeueable deps ti=<TaskInstance: data_ingestion_gcs_dag.merge_tables_task scheduled__2025-04-15T00:00:00+00:00 [queued]>
[2025-04-16T02:34:36.990+0000] {taskinstance.py:2614} INFO - Dependencies all met for dep_context=requeueable deps ti=<TaskInstance: data_ingestion_gcs_dag.merge_tables_task scheduled__2025-04-15T00:00:00+00:00 [queued]>
[2025-04-16T02:34:36.990+0000] {taskinstance.py:2867} INFO - Starting attempt 1 of 2
[2025-04-16T02:34:36.997+0000] {taskinstance.py:2890} INFO - Executing <Task(BigQueryInsertJobOperator): merge_tables_task> on 2025-04-15 00:00:00+00:00
[2025-04-16T02:34:37.002+0000] {warnings.py:112} WARNING - /home/***/.local/lib/python3.12/site-packages/***/task/task_runner/standard_task_runner.py:70: DeprecationWarning: This process (pid=349) is multi-threaded, use of fork() may lead to deadlocks in the child.
  pid = os.fork()

[2025-04-16T02:34:37.002+0000] {standard_task_runner.py:72} INFO - Started process 351 to run task
[2025-04-16T02:34:37.003+0000] {standard_task_runner.py:104} INFO - Running: ['***', 'tasks', 'run', 'data_ingestion_gcs_dag', 'merge_tables_task', 'scheduled__2025-04-15T00:00:00+00:00', '--job-id', '9', '--raw', '--subdir', 'DAGS_FOLDER/data_ingestion_gcs_dag.py', '--cfg-path', '/tmp/tmp7s7y0fvv']
[2025-04-16T02:34:37.004+0000] {standard_task_runner.py:105} INFO - Job 9: Subtask merge_tables_task
[2025-04-16T02:34:37.030+0000] {task_command.py:467} INFO - Running <TaskInstance: data_ingestion_gcs_dag.merge_tables_task scheduled__2025-04-15T00:00:00+00:00 [running]> on host 56564d8bf902
[2025-04-16T02:34:37.074+0000] {taskinstance.py:3134} INFO - Exporting env vars: AIRFLOW_CTX_DAG_OWNER='***' AIRFLOW_CTX_DAG_ID='data_ingestion_gcs_dag' AIRFLOW_CTX_TASK_ID='merge_tables_task' AIRFLOW_CTX_EXECUTION_DATE='2025-04-15T00:00:00+00:00' AIRFLOW_CTX_TRY_NUMBER='1' AIRFLOW_CTX_DAG_RUN_ID='scheduled__2025-04-15T00:00:00+00:00'
[2025-04-16T02:34:37.075+0000] {logging_mixin.py:190} INFO - Task instance is in running state
[2025-04-16T02:34:37.075+0000] {logging_mixin.py:190} INFO -  Previous state of the Task instance: queued
[2025-04-16T02:34:37.075+0000] {logging_mixin.py:190} INFO - Current task name:merge_tables_task state:running start_date:2025-04-16 02:34:36.984153+00:00
[2025-04-16T02:34:37.075+0000] {logging_mixin.py:190} INFO - Dag name:data_ingestion_gcs_dag and current dag run status:running
[2025-04-16T02:34:37.076+0000] {taskinstance.py:732} INFO - ::endgroup::
[2025-04-16T02:34:37.076+0000] {crypto.py:82} WARNING - empty cryptography key - values will not be stored encrypted.
[2025-04-16T02:34:37.077+0000] {connection.py:277} WARNING - Connection schemes (type: google_cloud_platform) shall not contain '_' according to RFC3986.
[2025-04-16T02:34:37.077+0000] {base.py:84} INFO - Retrieving connection 'google_cloud_default'
[2025-04-16T02:34:37.106+0000] {bigquery.py:2665} INFO - Executing: {'query': {'query': '\n          MERGE INTO `nyc-projects-455321.building_permits.permits` T\n          USING `nyc-projects-455321.building_permits.temp_table` S\n          ON T.permit_si_no = S.permit_si_no\n          WHEN NOT MATCHED THEN\n            INSERT (borough, job_type, block, lot, issuance_date, permit_si_no, location_coordinates, gis_nta_name)\n            VALUES (S.borough, S.job_type, S.block, S.lot, S.issuance_date, S.permit_si_no, S.location_coordinates, S.gis_nta_name);\n        ', 'useLegacySql': False}}'
[2025-04-16T02:34:37.107+0000] {bigquery.py:1241} INFO - Inserting job ***_data_ingestion_gcs_dag_merge_tables_task_2025_04_15T00_00_00_00_00_3beec635b11228b3f02992cd998ec48f
[2025-04-16T02:35:08.223+0000] {bigquery.py:2636} INFO - Job ***_data_ingestion_gcs_dag_merge_tables_task_2025_04_15T00_00_00_00_00_3beec635b11228b3f02992cd998ec48f is completed. Checking the job status
[2025-04-16T02:35:08.250+0000] {taskinstance.py:341} INFO - ::group::Post task execution logs
[2025-04-16T02:35:08.250+0000] {taskinstance.py:353} INFO - Marking task as SUCCESS. dag_id=data_ingestion_gcs_dag, task_id=merge_tables_task, run_id=scheduled__2025-04-15T00:00:00+00:00, execution_date=20250415T000000, start_date=20250416T023436, end_date=20250416T023508
[2025-04-16T02:35:08.266+0000] {logging_mixin.py:190} INFO - Task instance in success state
[2025-04-16T02:35:08.267+0000] {logging_mixin.py:190} INFO -  Previous state of the Task instance: running
[2025-04-16T02:35:08.267+0000] {logging_mixin.py:190} INFO - Dag name:data_ingestion_gcs_dag queued_at:2025-04-16 02:20:01.549770+00:00
[2025-04-16T02:35:08.267+0000] {logging_mixin.py:190} INFO - Task hostname:56564d8bf902 operator:BigQueryInsertJobOperator
[2025-04-16T02:35:08.273+0000] {local_task_job_runner.py:266} INFO - Task exited with return code 0
[2025-04-16T02:35:08.282+0000] {taskinstance.py:3901} INFO - 0 downstream tasks scheduled from follow-on schedule check
[2025-04-16T02:35:08.283+0000] {local_task_job_runner.py:245} INFO - ::endgroup::
