[2025-04-14T02:16:27.545+0000] {local_task_job_runner.py:123} INFO - ::group::Pre task execution logs
[2025-04-14T02:16:27.557+0000] {taskinstance.py:2614} INFO - Dependencies all met for dep_context=non-requeueable deps ti=<TaskInstance: data_ingestion_gcs_dag.fetch_permits_task manual__2025-04-14T02:16:03.606965+00:00 [queued]>
[2025-04-14T02:16:27.562+0000] {taskinstance.py:2614} INFO - Dependencies all met for dep_context=requeueable deps ti=<TaskInstance: data_ingestion_gcs_dag.fetch_permits_task manual__2025-04-14T02:16:03.606965+00:00 [queued]>
[2025-04-14T02:16:27.563+0000] {taskinstance.py:2867} INFO - Starting attempt 1 of 2
[2025-04-14T02:16:27.569+0000] {taskinstance.py:2890} INFO - Executing <Task(BranchPythonOperator): fetch_permits_task> on 2025-04-14 02:16:03.606965+00:00
[2025-04-14T02:16:27.573+0000] {warnings.py:112} WARNING - /home/***/.local/lib/python3.12/site-packages/***/task/task_runner/standard_task_runner.py:70: DeprecationWarning: This process (pid=110) is multi-threaded, use of fork() may lead to deadlocks in the child.
  pid = os.fork()

[2025-04-14T02:16:27.574+0000] {standard_task_runner.py:72} INFO - Started process 112 to run task
[2025-04-14T02:16:27.575+0000] {standard_task_runner.py:104} INFO - Running: ['***', 'tasks', 'run', 'data_ingestion_gcs_dag', 'fetch_permits_task', 'manual__2025-04-14T02:16:03.606965+00:00', '--job-id', '9', '--raw', '--subdir', 'DAGS_FOLDER/data_ingestion_gcs_dag.py', '--cfg-path', '/tmp/tmpt0bbtk8l']
[2025-04-14T02:16:27.575+0000] {standard_task_runner.py:105} INFO - Job 9: Subtask fetch_permits_task
[2025-04-14T02:16:27.600+0000] {task_command.py:467} INFO - Running <TaskInstance: data_ingestion_gcs_dag.fetch_permits_task manual__2025-04-14T02:16:03.606965+00:00 [running]> on host f2d268f0f33a
[2025-04-14T02:16:27.650+0000] {taskinstance.py:3134} INFO - Exporting env vars: AIRFLOW_CTX_DAG_OWNER='***' AIRFLOW_CTX_DAG_ID='data_ingestion_gcs_dag' AIRFLOW_CTX_TASK_ID='fetch_permits_task' AIRFLOW_CTX_EXECUTION_DATE='2025-04-14T02:16:03.606965+00:00' AIRFLOW_CTX_TRY_NUMBER='1' AIRFLOW_CTX_DAG_RUN_ID='manual__2025-04-14T02:16:03.606965+00:00'
[2025-04-14T02:16:27.652+0000] {logging_mixin.py:190} INFO - Task instance is in running state
[2025-04-14T02:16:27.652+0000] {logging_mixin.py:190} INFO -  Previous state of the Task instance: queued
[2025-04-14T02:16:27.652+0000] {logging_mixin.py:190} INFO - Current task name:fetch_permits_task state:running start_date:2025-04-14 02:16:27.557442+00:00
[2025-04-14T02:16:27.652+0000] {logging_mixin.py:190} INFO - Dag name:data_ingestion_gcs_dag and current dag run status:running
[2025-04-14T02:16:27.652+0000] {taskinstance.py:732} INFO - ::endgroup::
[2025-04-14T02:16:27.652+0000] {baseoperator.py:423} WARNING - BranchPythonOperator.execute cannot be called outside TaskInstance!
[2025-04-14T02:16:27.661+0000] {logging_mixin.py:190} INFO - Fetching records for 2020-04-24 (offset=0)
[2025-04-14T02:16:28.360+0000] {logging_mixin.py:190} INFO - Fetching records for 2020-04-25 (offset=0)
[2025-04-14T02:16:28.713+0000] {logging_mixin.py:190} INFO - Fetching records for 2020-04-26 (offset=0)
[2025-04-14T02:16:29.007+0000] {logging_mixin.py:190} INFO - Fetching records for 2020-04-27 (offset=0)
[2025-04-14T02:16:29.379+0000] {logging_mixin.py:190} INFO - Fetching records for 2020-04-28 (offset=0)
[2025-04-14T02:16:29.698+0000] {logging_mixin.py:190} INFO - Fetching records for 2020-04-29 (offset=0)
[2025-04-14T02:16:30.061+0000] {logging_mixin.py:190} INFO - Fetching records for 2020-04-30 (offset=0)
[2025-04-14T02:16:30.420+0000] {logging_mixin.py:190} INFO - Fetching records for 2020-05-01 (offset=0)
[2025-04-14T02:16:30.768+0000] {logging_mixin.py:190} INFO - Fetching records for 2020-05-02 (offset=0)
[2025-04-14T02:16:31.092+0000] {logging_mixin.py:190} INFO - Fetching records for 2020-05-03 (offset=0)
[2025-04-14T02:16:31.423+0000] {python.py:240} INFO - Done. Returned value was: local_to_gcs_task
[2025-04-14T02:16:31.423+0000] {branch.py:38} INFO - Branch into local_to_gcs_task
[2025-04-14T02:16:31.424+0000] {skipmixin.py:233} INFO - Following branch ('local_to_gcs_task',)
[2025-04-14T02:16:31.430+0000] {skipmixin.py:281} INFO - Skipping tasks [('skip_tasks', -1)]
[2025-04-14T02:16:31.454+0000] {taskinstance.py:341} INFO - ::group::Post task execution logs
[2025-04-14T02:16:31.454+0000] {taskinstance.py:353} INFO - Marking task as SUCCESS. dag_id=data_ingestion_gcs_dag, task_id=fetch_permits_task, run_id=manual__2025-04-14T02:16:03.606965+00:00, execution_date=20250414T021603, start_date=20250414T021627, end_date=20250414T021631
[2025-04-14T02:16:31.483+0000] {logging_mixin.py:190} INFO - Task instance in success state
[2025-04-14T02:16:31.483+0000] {logging_mixin.py:190} INFO -  Previous state of the Task instance: running
[2025-04-14T02:16:31.484+0000] {logging_mixin.py:190} INFO - Dag name:data_ingestion_gcs_dag queued_at:2025-04-14 02:16:03.742779+00:00
[2025-04-14T02:16:31.484+0000] {logging_mixin.py:190} INFO - Task hostname:f2d268f0f33a operator:BranchPythonOperator
[2025-04-14T02:16:31.527+0000] {local_task_job_runner.py:266} INFO - Task exited with return code 0
[2025-04-14T02:16:31.559+0000] {taskinstance.py:3901} INFO - 1 downstream tasks scheduled from follow-on schedule check
[2025-04-14T02:16:31.561+0000] {local_task_job_runner.py:245} INFO - ::endgroup::
