[2025-04-17T01:58:27.531+0000] {local_task_job_runner.py:123} INFO - ::group::Pre task execution logs
[2025-04-17T01:58:27.542+0000] {taskinstance.py:2614} INFO - Dependencies all met for dep_context=non-requeueable deps ti=<TaskInstance: data_ingestion_gcs_dag.fetch_permits_task manual__2025-04-17T01:57:54.722967+00:00 [queued]>
[2025-04-17T01:58:27.549+0000] {taskinstance.py:2614} INFO - Dependencies all met for dep_context=requeueable deps ti=<TaskInstance: data_ingestion_gcs_dag.fetch_permits_task manual__2025-04-17T01:57:54.722967+00:00 [queued]>
[2025-04-17T01:58:27.549+0000] {taskinstance.py:2867} INFO - Starting attempt 1 of 2
[2025-04-17T01:58:27.555+0000] {taskinstance.py:2890} INFO - Executing <Task(BranchPythonOperator): fetch_permits_task> on 2025-04-17 01:57:54.722967+00:00
[2025-04-17T01:58:27.559+0000] {warnings.py:112} WARNING - /home/***/.local/lib/python3.12/site-packages/***/task/task_runner/standard_task_runner.py:70: DeprecationWarning: This process (pid=118) is multi-threaded, use of fork() may lead to deadlocks in the child.
  pid = os.fork()

[2025-04-17T01:58:27.560+0000] {standard_task_runner.py:72} INFO - Started process 120 to run task
[2025-04-17T01:58:27.562+0000] {standard_task_runner.py:104} INFO - Running: ['***', 'tasks', 'run', 'data_ingestion_gcs_dag', 'fetch_permits_task', 'manual__2025-04-17T01:57:54.722967+00:00', '--job-id', '11', '--raw', '--subdir', 'DAGS_FOLDER/data_ingestion_gcs_dag.py', '--cfg-path', '/tmp/tmpg5xkk_qg']
[2025-04-17T01:58:27.563+0000] {standard_task_runner.py:105} INFO - Job 11: Subtask fetch_permits_task
[2025-04-17T01:58:27.589+0000] {task_command.py:467} INFO - Running <TaskInstance: data_ingestion_gcs_dag.fetch_permits_task manual__2025-04-17T01:57:54.722967+00:00 [running]> on host a4de9eb4cb15
[2025-04-17T01:58:27.627+0000] {taskinstance.py:3134} INFO - Exporting env vars: AIRFLOW_CTX_DAG_OWNER='***' AIRFLOW_CTX_DAG_ID='data_ingestion_gcs_dag' AIRFLOW_CTX_TASK_ID='fetch_permits_task' AIRFLOW_CTX_EXECUTION_DATE='2025-04-17T01:57:54.722967+00:00' AIRFLOW_CTX_TRY_NUMBER='1' AIRFLOW_CTX_DAG_RUN_ID='manual__2025-04-17T01:57:54.722967+00:00'
[2025-04-17T01:58:27.628+0000] {logging_mixin.py:190} INFO - Task instance is in running state
[2025-04-17T01:58:27.628+0000] {logging_mixin.py:190} INFO -  Previous state of the Task instance: queued
[2025-04-17T01:58:27.629+0000] {logging_mixin.py:190} INFO - Current task name:fetch_permits_task state:running start_date:2025-04-17 01:58:27.542846+00:00
[2025-04-17T01:58:27.629+0000] {logging_mixin.py:190} INFO - Dag name:data_ingestion_gcs_dag and current dag run status:running
[2025-04-17T01:58:27.629+0000] {taskinstance.py:732} INFO - ::endgroup::
[2025-04-17T01:58:27.629+0000] {baseoperator.py:423} WARNING - BranchPythonOperator.execute cannot be called outside TaskInstance!
[2025-04-17T01:58:27.635+0000] {logging_mixin.py:190} INFO - Fetching records for 2025-04-15 (offset=0)
[2025-04-17T01:58:28.364+0000] {logging_mixin.py:190} INFO - results
[2025-04-17T01:58:28.367+0000] {logging_mixin.py:190} INFO - df length: 30
[2025-04-17T01:58:28.514+0000] {logging_mixin.py:190} INFO - no results
[2025-04-17T01:58:28.515+0000] {logging_mixin.py:190} INFO - Fetching records for 2025-04-16 (offset=0)
[2025-04-17T01:58:28.672+0000] {logging_mixin.py:190} INFO - no results
[2025-04-17T01:58:28.673+0000] {logging_mixin.py:190} INFO - Fetching records for 2025-04-17 (offset=0)
[2025-04-17T01:58:28.843+0000] {logging_mixin.py:190} INFO - no results
[2025-04-17T01:58:28.844+0000] {logging_mixin.py:190} INFO - Create file with df of length 30
[2025-04-17T01:58:28.872+0000] {python.py:240} INFO - Done. Returned value was: local_to_gcs_task
[2025-04-17T01:58:28.872+0000] {branch.py:38} INFO - Branch into local_to_gcs_task
[2025-04-17T01:58:28.872+0000] {skipmixin.py:233} INFO - Following branch ('local_to_gcs_task',)
[2025-04-17T01:58:28.878+0000] {skipmixin.py:281} INFO - Skipping tasks [('skip_tasks', -1)]
[2025-04-17T01:58:28.893+0000] {taskinstance.py:341} INFO - ::group::Post task execution logs
[2025-04-17T01:58:28.893+0000] {taskinstance.py:353} INFO - Marking task as SUCCESS. dag_id=data_ingestion_gcs_dag, task_id=fetch_permits_task, run_id=manual__2025-04-17T01:57:54.722967+00:00, execution_date=20250417T015754, start_date=20250417T015827, end_date=20250417T015828
[2025-04-17T01:58:28.906+0000] {logging_mixin.py:190} INFO - Task instance in success state
[2025-04-17T01:58:28.907+0000] {logging_mixin.py:190} INFO -  Previous state of the Task instance: running
[2025-04-17T01:58:28.907+0000] {logging_mixin.py:190} INFO - Dag name:data_ingestion_gcs_dag queued_at:2025-04-17 01:57:54.735212+00:00
[2025-04-17T01:58:28.907+0000] {logging_mixin.py:190} INFO - Task hostname:a4de9eb4cb15 operator:BranchPythonOperator
[2025-04-17T01:58:28.929+0000] {local_task_job_runner.py:266} INFO - Task exited with return code 0
[2025-04-17T01:58:28.958+0000] {taskinstance.py:3901} INFO - 1 downstream tasks scheduled from follow-on schedule check
[2025-04-17T01:58:28.959+0000] {local_task_job_runner.py:245} INFO - ::endgroup::
