[2025-04-14T00:31:49.427+0000] {local_task_job_runner.py:123} INFO - ::group::Pre task execution logs
[2025-04-14T00:31:49.437+0000] {taskinstance.py:2614} INFO - Dependencies all met for dep_context=non-requeueable deps ti=<TaskInstance: data_ingestion_gcs_dag.fetch_permits_task manual__2025-04-14T00:26:33.689984+00:00 [queued]>
[2025-04-14T00:31:49.442+0000] {taskinstance.py:2614} INFO - Dependencies all met for dep_context=requeueable deps ti=<TaskInstance: data_ingestion_gcs_dag.fetch_permits_task manual__2025-04-14T00:26:33.689984+00:00 [queued]>
[2025-04-14T00:31:49.442+0000] {taskinstance.py:2867} INFO - Starting attempt 1 of 2
[2025-04-14T00:31:49.448+0000] {taskinstance.py:2890} INFO - Executing <Task(PythonOperator): fetch_permits_task> on 2025-04-14 00:26:33.689984+00:00
[2025-04-14T00:31:49.452+0000] {warnings.py:112} WARNING - /home/***/.local/lib/python3.12/site-packages/***/task/task_runner/standard_task_runner.py:70: DeprecationWarning: This process (pid=176) is multi-threaded, use of fork() may lead to deadlocks in the child.
  pid = os.fork()

[2025-04-14T00:31:49.453+0000] {standard_task_runner.py:72} INFO - Started process 178 to run task
[2025-04-14T00:31:49.453+0000] {standard_task_runner.py:104} INFO - Running: ['***', 'tasks', 'run', 'data_ingestion_gcs_dag', 'fetch_permits_task', 'manual__2025-04-14T00:26:33.689984+00:00', '--job-id', '8', '--raw', '--subdir', 'DAGS_FOLDER/data_ingestion_gcs_dag.py', '--cfg-path', '/tmp/tmpy00u2dcd']
[2025-04-14T00:31:49.454+0000] {standard_task_runner.py:105} INFO - Job 8: Subtask fetch_permits_task
[2025-04-14T00:31:49.477+0000] {task_command.py:467} INFO - Running <TaskInstance: data_ingestion_gcs_dag.fetch_permits_task manual__2025-04-14T00:26:33.689984+00:00 [running]> on host 2bee46db6337
[2025-04-14T00:31:49.516+0000] {taskinstance.py:3134} INFO - Exporting env vars: AIRFLOW_CTX_DAG_OWNER='***' AIRFLOW_CTX_DAG_ID='data_ingestion_gcs_dag' AIRFLOW_CTX_TASK_ID='fetch_permits_task' AIRFLOW_CTX_EXECUTION_DATE='2025-04-14T00:26:33.689984+00:00' AIRFLOW_CTX_TRY_NUMBER='1' AIRFLOW_CTX_DAG_RUN_ID='manual__2025-04-14T00:26:33.689984+00:00'
[2025-04-14T00:31:49.517+0000] {logging_mixin.py:190} INFO - Task instance is in running state
[2025-04-14T00:31:49.517+0000] {logging_mixin.py:190} INFO -  Previous state of the Task instance: queued
[2025-04-14T00:31:49.517+0000] {logging_mixin.py:190} INFO - Current task name:fetch_permits_task state:running start_date:2025-04-14 00:31:49.437572+00:00
[2025-04-14T00:31:49.517+0000] {logging_mixin.py:190} INFO - Dag name:data_ingestion_gcs_dag and current dag run status:running
[2025-04-14T00:31:49.517+0000] {taskinstance.py:732} INFO - ::endgroup::
[2025-04-14T00:31:49.524+0000] {logging_mixin.py:190} INFO - Fetching records for 2020-04-15 (offset=0)
[2025-04-14T00:31:50.256+0000] {logging_mixin.py:190} INFO - Fetching records for 2020-04-16 (offset=0)
[2025-04-14T00:31:50.432+0000] {logging_mixin.py:190} INFO - Fetching records for 2020-04-17 (offset=0)
[2025-04-14T00:31:50.669+0000] {logging_mixin.py:190} INFO - Fetching records for 2020-04-18 (offset=0)
[2025-04-14T00:31:50.917+0000] {logging_mixin.py:190} INFO - Fetching records for 2020-04-19 (offset=0)
[2025-04-14T00:31:51.104+0000] {logging_mixin.py:190} INFO - Fetching records for 2020-04-20 (offset=0)
[2025-04-14T00:31:51.242+0000] {logging_mixin.py:190} INFO - Fetching records for 2020-04-21 (offset=0)
[2025-04-14T00:31:51.385+0000] {logging_mixin.py:190} INFO - Fetching records for 2020-04-22 (offset=0)
[2025-04-14T00:31:51.561+0000] {logging_mixin.py:190} INFO - Fetching records for 2020-04-23 (offset=0)
[2025-04-14T00:31:51.737+0000] {logging_mixin.py:190} INFO - Fetching records for 2020-04-24 (offset=0)
[2025-04-14T00:31:51.878+0000] {python.py:240} INFO - Done. Returned value was: skip_tasks
[2025-04-14T00:31:51.930+0000] {taskinstance.py:341} INFO - ::group::Post task execution logs
[2025-04-14T00:31:51.931+0000] {taskinstance.py:353} INFO - Marking task as SUCCESS. dag_id=data_ingestion_gcs_dag, task_id=fetch_permits_task, run_id=manual__2025-04-14T00:26:33.689984+00:00, execution_date=20250414T002633, start_date=20250414T003149, end_date=20250414T003151
[2025-04-14T00:31:51.976+0000] {logging_mixin.py:190} INFO - Task instance in success state
[2025-04-14T00:31:51.977+0000] {logging_mixin.py:190} INFO -  Previous state of the Task instance: running
[2025-04-14T00:31:51.977+0000] {logging_mixin.py:190} INFO - Dag name:data_ingestion_gcs_dag queued_at:2025-04-14 00:26:33.704186+00:00
[2025-04-14T00:31:51.978+0000] {logging_mixin.py:190} INFO - Task hostname:2bee46db6337 operator:PythonOperator
[2025-04-14T00:31:52.010+0000] {local_task_job_runner.py:266} INFO - Task exited with return code 0
[2025-04-14T00:31:52.071+0000] {taskinstance.py:3901} INFO - 1 downstream tasks scheduled from follow-on schedule check
[2025-04-14T00:31:52.072+0000] {local_task_job_runner.py:245} INFO - ::endgroup::
