[2025-04-13T22:52:17.751+0000] {local_task_job_runner.py:123} INFO - ::group::Pre task execution logs
[2025-04-13T22:52:17.761+0000] {taskinstance.py:2614} INFO - Dependencies all met for dep_context=non-requeueable deps ti=<TaskInstance: data_ingestion_gcs_dag.local_to_gcs_task manual__2025-04-13T22:51:55.440736+00:00 [queued]>
[2025-04-13T22:52:17.766+0000] {taskinstance.py:2614} INFO - Dependencies all met for dep_context=requeueable deps ti=<TaskInstance: data_ingestion_gcs_dag.local_to_gcs_task manual__2025-04-13T22:51:55.440736+00:00 [queued]>
[2025-04-13T22:52:17.767+0000] {taskinstance.py:2867} INFO - Starting attempt 1 of 2
[2025-04-13T22:52:17.773+0000] {taskinstance.py:2890} INFO - Executing <Task(PythonOperator): local_to_gcs_task> on 2025-04-13 22:51:55.440736+00:00
[2025-04-13T22:52:17.777+0000] {warnings.py:112} WARNING - /home/***/.local/lib/python3.12/site-packages/***/task/task_runner/standard_task_runner.py:70: DeprecationWarning: This process (pid=117) is multi-threaded, use of fork() may lead to deadlocks in the child.
  pid = os.fork()

[2025-04-13T22:52:17.778+0000] {standard_task_runner.py:72} INFO - Started process 119 to run task
[2025-04-13T22:52:17.780+0000] {standard_task_runner.py:104} INFO - Running: ['***', 'tasks', 'run', 'data_ingestion_gcs_dag', 'local_to_gcs_task', 'manual__2025-04-13T22:51:55.440736+00:00', '--job-id', '9', '--raw', '--subdir', 'DAGS_FOLDER/data_ingestion_gcs_dag.py', '--cfg-path', '/tmp/tmp7my9yqkw']
[2025-04-13T22:52:17.781+0000] {standard_task_runner.py:105} INFO - Job 9: Subtask local_to_gcs_task
[2025-04-13T22:52:17.806+0000] {task_command.py:467} INFO - Running <TaskInstance: data_ingestion_gcs_dag.local_to_gcs_task manual__2025-04-13T22:51:55.440736+00:00 [running]> on host f545404fc07f
[2025-04-13T22:52:17.846+0000] {taskinstance.py:3134} INFO - Exporting env vars: AIRFLOW_CTX_DAG_OWNER='***' AIRFLOW_CTX_DAG_ID='data_ingestion_gcs_dag' AIRFLOW_CTX_TASK_ID='local_to_gcs_task' AIRFLOW_CTX_EXECUTION_DATE='2025-04-13T22:51:55.440736+00:00' AIRFLOW_CTX_TRY_NUMBER='1' AIRFLOW_CTX_DAG_RUN_ID='manual__2025-04-13T22:51:55.440736+00:00'
[2025-04-13T22:52:17.847+0000] {logging_mixin.py:190} INFO - Task instance is in running state
[2025-04-13T22:52:17.847+0000] {logging_mixin.py:190} INFO -  Previous state of the Task instance: queued
[2025-04-13T22:52:17.848+0000] {logging_mixin.py:190} INFO - Current task name:local_to_gcs_task state:running start_date:2025-04-13 22:52:17.761857+00:00
[2025-04-13T22:52:17.848+0000] {logging_mixin.py:190} INFO - Dag name:data_ingestion_gcs_dag and current dag run status:running
[2025-04-13T22:52:17.848+0000] {taskinstance.py:732} INFO - ::endgroup::
[2025-04-13T22:52:18.364+0000] {python.py:240} INFO - Done. Returned value was: None
[2025-04-13T22:52:18.380+0000] {taskinstance.py:341} INFO - ::group::Post task execution logs
[2025-04-13T22:52:18.381+0000] {taskinstance.py:353} INFO - Marking task as SUCCESS. dag_id=data_ingestion_gcs_dag, task_id=local_to_gcs_task, run_id=manual__2025-04-13T22:51:55.440736+00:00, execution_date=20250413T225155, start_date=20250413T225217, end_date=20250413T225218
[2025-04-13T22:52:18.409+0000] {logging_mixin.py:190} INFO - Task instance in success state
[2025-04-13T22:52:18.410+0000] {logging_mixin.py:190} INFO -  Previous state of the Task instance: running
[2025-04-13T22:52:18.410+0000] {logging_mixin.py:190} INFO - Dag name:data_ingestion_gcs_dag queued_at:2025-04-13 22:51:55.569332+00:00
[2025-04-13T22:52:18.411+0000] {logging_mixin.py:190} INFO - Task hostname:f545404fc07f operator:PythonOperator
[2025-04-13T22:52:18.450+0000] {local_task_job_runner.py:266} INFO - Task exited with return code 0
[2025-04-13T22:52:18.491+0000] {taskinstance.py:3901} INFO - 1 downstream tasks scheduled from follow-on schedule check
[2025-04-13T22:52:18.492+0000] {local_task_job_runner.py:245} INFO - ::endgroup::
