[2025-04-16T02:07:12.290+0000] {local_task_job_runner.py:123} INFO - ::group::Pre task execution logs
[2025-04-16T02:07:12.302+0000] {taskinstance.py:2614} INFO - Dependencies all met for dep_context=non-requeueable deps ti=<TaskInstance: data_ingestion_gcs_dag.create_table_task scheduled__2025-04-15T00:00:00+00:00 [queued]>
[2025-04-16T02:07:12.308+0000] {taskinstance.py:2614} INFO - Dependencies all met for dep_context=requeueable deps ti=<TaskInstance: data_ingestion_gcs_dag.create_table_task scheduled__2025-04-15T00:00:00+00:00 [queued]>
[2025-04-16T02:07:12.308+0000] {taskinstance.py:2867} INFO - Starting attempt 1 of 2
[2025-04-16T02:07:12.314+0000] {taskinstance.py:2890} INFO - Executing <Task(BigQueryInsertJobOperator): create_table_task> on 2025-04-15 00:00:00+00:00
[2025-04-16T02:07:12.318+0000] {warnings.py:112} WARNING - /home/***/.local/lib/python3.12/site-packages/***/task/task_runner/standard_task_runner.py:70: DeprecationWarning: This process (pid=306) is multi-threaded, use of fork() may lead to deadlocks in the child.
  pid = os.fork()

[2025-04-16T02:07:12.319+0000] {standard_task_runner.py:72} INFO - Started process 308 to run task
[2025-04-16T02:07:12.320+0000] {standard_task_runner.py:104} INFO - Running: ['***', 'tasks', 'run', 'data_ingestion_gcs_dag', 'create_table_task', 'scheduled__2025-04-15T00:00:00+00:00', '--job-id', '6', '--raw', '--subdir', 'DAGS_FOLDER/data_ingestion_gcs_dag.py', '--cfg-path', '/tmp/tmp5uxfe2i4']
[2025-04-16T02:07:12.320+0000] {standard_task_runner.py:105} INFO - Job 6: Subtask create_table_task
[2025-04-16T02:07:12.347+0000] {task_command.py:467} INFO - Running <TaskInstance: data_ingestion_gcs_dag.create_table_task scheduled__2025-04-15T00:00:00+00:00 [running]> on host ab7d67370b15
[2025-04-16T02:07:12.389+0000] {taskinstance.py:3134} INFO - Exporting env vars: AIRFLOW_CTX_DAG_OWNER='***' AIRFLOW_CTX_DAG_ID='data_ingestion_gcs_dag' AIRFLOW_CTX_TASK_ID='create_table_task' AIRFLOW_CTX_EXECUTION_DATE='2025-04-15T00:00:00+00:00' AIRFLOW_CTX_TRY_NUMBER='1' AIRFLOW_CTX_DAG_RUN_ID='scheduled__2025-04-15T00:00:00+00:00'
[2025-04-16T02:07:12.390+0000] {logging_mixin.py:190} INFO - Task instance is in running state
[2025-04-16T02:07:12.391+0000] {logging_mixin.py:190} INFO -  Previous state of the Task instance: queued
[2025-04-16T02:07:12.391+0000] {logging_mixin.py:190} INFO - Current task name:create_table_task state:running start_date:2025-04-16 02:07:12.303118+00:00
[2025-04-16T02:07:12.391+0000] {logging_mixin.py:190} INFO - Dag name:data_ingestion_gcs_dag and current dag run status:running
[2025-04-16T02:07:12.391+0000] {taskinstance.py:732} INFO - ::endgroup::
[2025-04-16T02:07:12.392+0000] {crypto.py:82} WARNING - empty cryptography key - values will not be stored encrypted.
[2025-04-16T02:07:12.392+0000] {connection.py:277} WARNING - Connection schemes (type: google_cloud_platform) shall not contain '_' according to RFC3986.
[2025-04-16T02:07:12.393+0000] {base.py:84} INFO - Retrieving connection 'google_cloud_default'
[2025-04-16T02:07:12.421+0000] {bigquery.py:2665} INFO - Executing: {'query': {'query': '\n          CREATE TABLE IF NOT EXISTS `nyc-projects-455321.building_permits.permits`\n          (\n            borough STRING,\n            job_type STRING,\n            block STRING,\n            lot STRING,\n            issuance_date TIMESTAMP,\n            permit_si_no INT64,\n            location_coordinates STRING,\n            gis_nta_name STRING\n          )\n          PARTITION BY DATE(issuance_date)\n          CLUSTER BY gis_nta_name, job_type, borough, block;\n        ', 'useLegacySql': False}}'
[2025-04-16T02:07:12.422+0000] {bigquery.py:1241} INFO - Inserting job ***_data_ingestion_gcs_dag_create_table_task_2025_04_15T00_00_00_00_00_7f212d0dc1c48c4f0ab08eb19cd4a602
[2025-04-16T02:07:13.346+0000] {bigquery.py:2636} INFO - Job ***_data_ingestion_gcs_dag_create_table_task_2025_04_15T00_00_00_00_00_7f212d0dc1c48c4f0ab08eb19cd4a602 is completed. Checking the job status
[2025-04-16T02:07:13.385+0000] {taskinstance.py:341} INFO - ::group::Post task execution logs
[2025-04-16T02:07:13.386+0000] {taskinstance.py:353} INFO - Marking task as SUCCESS. dag_id=data_ingestion_gcs_dag, task_id=create_table_task, run_id=scheduled__2025-04-15T00:00:00+00:00, execution_date=20250415T000000, start_date=20250416T020712, end_date=20250416T020713
[2025-04-16T02:07:13.424+0000] {logging_mixin.py:190} INFO - Task instance in success state
[2025-04-16T02:07:13.425+0000] {logging_mixin.py:190} INFO -  Previous state of the Task instance: running
[2025-04-16T02:07:13.425+0000] {logging_mixin.py:190} INFO - Dag name:data_ingestion_gcs_dag queued_at:2025-04-16 01:52:39.054477+00:00
[2025-04-16T02:07:13.426+0000] {logging_mixin.py:190} INFO - Task hostname:ab7d67370b15 operator:BigQueryInsertJobOperator
[2025-04-16T02:07:13.444+0000] {local_task_job_runner.py:266} INFO - Task exited with return code 0
[2025-04-16T02:07:13.467+0000] {taskinstance.py:3901} INFO - 1 downstream tasks scheduled from follow-on schedule check
[2025-04-16T02:07:13.468+0000] {local_task_job_runner.py:245} INFO - ::endgroup::
[2025-04-16T02:34:24.703+0000] {local_task_job_runner.py:123} INFO - ::group::Pre task execution logs
[2025-04-16T02:34:24.717+0000] {taskinstance.py:2614} INFO - Dependencies all met for dep_context=non-requeueable deps ti=<TaskInstance: data_ingestion_gcs_dag.create_table_task scheduled__2025-04-15T00:00:00+00:00 [queued]>
[2025-04-16T02:34:24.726+0000] {taskinstance.py:2614} INFO - Dependencies all met for dep_context=requeueable deps ti=<TaskInstance: data_ingestion_gcs_dag.create_table_task scheduled__2025-04-15T00:00:00+00:00 [queued]>
[2025-04-16T02:34:24.727+0000] {taskinstance.py:2867} INFO - Starting attempt 1 of 2
[2025-04-16T02:34:24.734+0000] {taskinstance.py:2890} INFO - Executing <Task(BigQueryInsertJobOperator): create_table_task> on 2025-04-15 00:00:00+00:00
[2025-04-16T02:34:24.738+0000] {warnings.py:112} WARNING - /home/***/.local/lib/python3.12/site-packages/***/task/task_runner/standard_task_runner.py:70: DeprecationWarning: This process (pid=330) is multi-threaded, use of fork() may lead to deadlocks in the child.
  pid = os.fork()

[2025-04-16T02:34:24.739+0000] {standard_task_runner.py:72} INFO - Started process 332 to run task
[2025-04-16T02:34:24.739+0000] {standard_task_runner.py:104} INFO - Running: ['***', 'tasks', 'run', 'data_ingestion_gcs_dag', 'create_table_task', 'scheduled__2025-04-15T00:00:00+00:00', '--job-id', '6', '--raw', '--subdir', 'DAGS_FOLDER/data_ingestion_gcs_dag.py', '--cfg-path', '/tmp/tmp6wikthb7']
[2025-04-16T02:34:24.740+0000] {standard_task_runner.py:105} INFO - Job 6: Subtask create_table_task
[2025-04-16T02:34:24.765+0000] {task_command.py:467} INFO - Running <TaskInstance: data_ingestion_gcs_dag.create_table_task scheduled__2025-04-15T00:00:00+00:00 [running]> on host 56564d8bf902
[2025-04-16T02:34:24.805+0000] {taskinstance.py:3134} INFO - Exporting env vars: AIRFLOW_CTX_DAG_OWNER='***' AIRFLOW_CTX_DAG_ID='data_ingestion_gcs_dag' AIRFLOW_CTX_TASK_ID='create_table_task' AIRFLOW_CTX_EXECUTION_DATE='2025-04-15T00:00:00+00:00' AIRFLOW_CTX_TRY_NUMBER='1' AIRFLOW_CTX_DAG_RUN_ID='scheduled__2025-04-15T00:00:00+00:00'
[2025-04-16T02:34:24.806+0000] {logging_mixin.py:190} INFO - Task instance is in running state
[2025-04-16T02:34:24.806+0000] {logging_mixin.py:190} INFO -  Previous state of the Task instance: queued
[2025-04-16T02:34:24.806+0000] {logging_mixin.py:190} INFO - Current task name:create_table_task state:running start_date:2025-04-16 02:34:24.717649+00:00
[2025-04-16T02:34:24.807+0000] {logging_mixin.py:190} INFO - Dag name:data_ingestion_gcs_dag and current dag run status:running
[2025-04-16T02:34:24.807+0000] {taskinstance.py:732} INFO - ::endgroup::
[2025-04-16T02:34:24.807+0000] {crypto.py:82} WARNING - empty cryptography key - values will not be stored encrypted.
[2025-04-16T02:34:24.808+0000] {connection.py:277} WARNING - Connection schemes (type: google_cloud_platform) shall not contain '_' according to RFC3986.
[2025-04-16T02:34:24.808+0000] {base.py:84} INFO - Retrieving connection 'google_cloud_default'
[2025-04-16T02:34:24.836+0000] {bigquery.py:2665} INFO - Executing: {'query': {'query': '\n          CREATE TABLE IF NOT EXISTS `nyc-projects-455321.building_permits.permits`\n          (\n            borough STRING,\n            job_type STRING,\n            block STRING,\n            lot STRING,\n            issuance_date TIMESTAMP,\n            permit_si_no INT64,\n            location_coordinates STRING,\n            gis_nta_name STRING\n          )\n          PARTITION BY DATE(issuance_date)\n          CLUSTER BY gis_nta_name, job_type, borough, block;\n        ', 'useLegacySql': False}}'
[2025-04-16T02:34:24.837+0000] {bigquery.py:1241} INFO - Inserting job ***_data_ingestion_gcs_dag_create_table_task_2025_04_15T00_00_00_00_00_eb406d52a0d4560a5a68fa1047ddfba3
[2025-04-16T02:34:25.673+0000] {bigquery.py:2636} INFO - Job ***_data_ingestion_gcs_dag_create_table_task_2025_04_15T00_00_00_00_00_eb406d52a0d4560a5a68fa1047ddfba3 is completed. Checking the job status
[2025-04-16T02:34:25.684+0000] {taskinstance.py:341} INFO - ::group::Post task execution logs
[2025-04-16T02:34:25.685+0000] {taskinstance.py:353} INFO - Marking task as SUCCESS. dag_id=data_ingestion_gcs_dag, task_id=create_table_task, run_id=scheduled__2025-04-15T00:00:00+00:00, execution_date=20250415T000000, start_date=20250416T023424, end_date=20250416T023425
[2025-04-16T02:34:25.699+0000] {logging_mixin.py:190} INFO - Task instance in success state
[2025-04-16T02:34:25.699+0000] {logging_mixin.py:190} INFO -  Previous state of the Task instance: running
[2025-04-16T02:34:25.700+0000] {logging_mixin.py:190} INFO - Dag name:data_ingestion_gcs_dag queued_at:2025-04-16 02:20:01.549770+00:00
[2025-04-16T02:34:25.700+0000] {logging_mixin.py:190} INFO - Task hostname:56564d8bf902 operator:BigQueryInsertJobOperator
[2025-04-16T02:34:25.741+0000] {local_task_job_runner.py:266} INFO - Task exited with return code 0
[2025-04-16T02:34:25.758+0000] {taskinstance.py:3901} INFO - 1 downstream tasks scheduled from follow-on schedule check
[2025-04-16T02:34:25.759+0000] {local_task_job_runner.py:245} INFO - ::endgroup::
