[2025-04-14T05:28:36.442+0000] {local_task_job_runner.py:123} INFO - ::group::Pre task execution logs
[2025-04-14T05:28:36.453+0000] {taskinstance.py:2614} INFO - Dependencies all met for dep_context=non-requeueable deps ti=<TaskInstance: data_ingestion_gcs_dag.fetch_permits_task manual__2025-04-14T05:27:27.985901+00:00 [queued]>
[2025-04-14T05:28:36.458+0000] {taskinstance.py:2614} INFO - Dependencies all met for dep_context=requeueable deps ti=<TaskInstance: data_ingestion_gcs_dag.fetch_permits_task manual__2025-04-14T05:27:27.985901+00:00 [queued]>
[2025-04-14T05:28:36.458+0000] {taskinstance.py:2867} INFO - Starting attempt 1 of 2
[2025-04-14T05:28:36.464+0000] {taskinstance.py:2890} INFO - Executing <Task(BranchPythonOperator): fetch_permits_task> on 2025-04-14 05:27:27.985901+00:00
[2025-04-14T05:28:36.468+0000] {warnings.py:112} WARNING - /home/***/.local/lib/python3.12/site-packages/***/task/task_runner/standard_task_runner.py:70: DeprecationWarning: This process (pid=152) is multi-threaded, use of fork() may lead to deadlocks in the child.
  pid = os.fork()

[2025-04-14T05:28:36.468+0000] {standard_task_runner.py:72} INFO - Started process 154 to run task
[2025-04-14T05:28:36.470+0000] {standard_task_runner.py:104} INFO - Running: ['***', 'tasks', 'run', 'data_ingestion_gcs_dag', 'fetch_permits_task', 'manual__2025-04-14T05:27:27.985901+00:00', '--job-id', '11', '--raw', '--subdir', 'DAGS_FOLDER/data_ingestion_gcs_dag.py', '--cfg-path', '/tmp/tmpb3ysk0gb']
[2025-04-14T05:28:36.471+0000] {standard_task_runner.py:105} INFO - Job 11: Subtask fetch_permits_task
[2025-04-14T05:28:36.494+0000] {task_command.py:467} INFO - Running <TaskInstance: data_ingestion_gcs_dag.fetch_permits_task manual__2025-04-14T05:27:27.985901+00:00 [running]> on host 26629b401d8b
[2025-04-14T05:28:36.537+0000] {taskinstance.py:3134} INFO - Exporting env vars: AIRFLOW_CTX_DAG_OWNER='***' AIRFLOW_CTX_DAG_ID='data_ingestion_gcs_dag' AIRFLOW_CTX_TASK_ID='fetch_permits_task' AIRFLOW_CTX_EXECUTION_DATE='2025-04-14T05:27:27.985901+00:00' AIRFLOW_CTX_TRY_NUMBER='1' AIRFLOW_CTX_DAG_RUN_ID='manual__2025-04-14T05:27:27.985901+00:00'
[2025-04-14T05:28:36.539+0000] {logging_mixin.py:190} INFO - Task instance is in running state
[2025-04-14T05:28:36.539+0000] {logging_mixin.py:190} INFO -  Previous state of the Task instance: queued
[2025-04-14T05:28:36.539+0000] {logging_mixin.py:190} INFO - Current task name:fetch_permits_task state:running start_date:2025-04-14 05:28:36.453473+00:00
[2025-04-14T05:28:36.539+0000] {logging_mixin.py:190} INFO - Dag name:data_ingestion_gcs_dag and current dag run status:running
[2025-04-14T05:28:36.540+0000] {taskinstance.py:732} INFO - ::endgroup::
[2025-04-14T05:28:36.540+0000] {baseoperator.py:423} WARNING - BranchPythonOperator.execute cannot be called outside TaskInstance!
[2025-04-14T05:28:36.549+0000] {logging_mixin.py:190} INFO - Fetching records for 2020-04-29 (offset=0)
[2025-04-14T05:28:38.824+0000] {logging_mixin.py:190} INFO - Fetching records for 2020-04-30 (offset=0)
[2025-04-14T05:28:39.166+0000] {logging_mixin.py:190} INFO - Fetching records for 2020-05-01 (offset=0)
[2025-04-14T05:28:39.498+0000] {logging_mixin.py:190} INFO - Fetching records for 2020-05-02 (offset=0)
[2025-04-14T05:28:39.818+0000] {logging_mixin.py:190} INFO - Fetching records for 2020-05-03 (offset=0)
[2025-04-14T05:28:40.119+0000] {logging_mixin.py:190} INFO - Fetching records for 2020-05-04 (offset=0)
[2025-04-14T05:28:40.505+0000] {logging_mixin.py:190} INFO - Fetching records for 2020-05-05 (offset=0)
[2025-04-14T05:28:40.860+0000] {logging_mixin.py:190} INFO - Fetching records for 2020-05-06 (offset=0)
[2025-04-14T05:28:41.222+0000] {logging_mixin.py:190} INFO - Fetching records for 2020-05-07 (offset=0)
[2025-04-14T05:28:41.557+0000] {logging_mixin.py:190} INFO - Fetching records for 2020-05-08 (offset=0)
[2025-04-14T05:28:41.914+0000] {logging_mixin.py:190} INFO - Fetching records for 2020-05-09 (offset=0)
[2025-04-14T05:28:42.232+0000] {logging_mixin.py:190} INFO - Fetching records for 2020-05-10 (offset=0)
[2025-04-14T05:28:42.532+0000] {logging_mixin.py:190} INFO - Fetching records for 2020-05-11 (offset=0)
[2025-04-14T05:28:42.854+0000] {logging_mixin.py:190} INFO - Fetching records for 2020-05-12 (offset=0)
[2025-04-14T05:28:43.190+0000] {logging_mixin.py:190} INFO - Fetching records for 2020-05-13 (offset=0)
[2025-04-14T05:28:45.439+0000] {logging_mixin.py:190} INFO - Fetching records for 2020-05-14 (offset=0)
[2025-04-14T05:28:45.848+0000] {logging_mixin.py:190} INFO - Fetching records for 2020-05-15 (offset=0)
[2025-04-14T05:28:46.235+0000] {logging_mixin.py:190} INFO - Fetching records for 2020-05-16 (offset=0)
[2025-04-14T05:28:46.557+0000] {logging_mixin.py:190} INFO - Fetching records for 2020-05-17 (offset=0)
[2025-04-14T05:28:46.699+0000] {logging_mixin.py:190} INFO - Fetching records for 2020-05-18 (offset=0)
[2025-04-14T05:28:47.061+0000] {logging_mixin.py:190} INFO - Fetching records for 2020-05-19 (offset=0)
[2025-04-14T05:28:47.389+0000] {logging_mixin.py:190} INFO - Fetching records for 2020-05-20 (offset=0)
[2025-04-14T05:28:47.716+0000] {logging_mixin.py:190} INFO - Fetching records for 2020-05-21 (offset=0)
[2025-04-14T05:28:48.082+0000] {logging_mixin.py:190} INFO - Fetching records for 2020-05-22 (offset=0)
[2025-04-14T05:28:48.451+0000] {logging_mixin.py:190} INFO - Fetching records for 2020-05-23 (offset=0)
[2025-04-14T05:28:48.762+0000] {logging_mixin.py:190} INFO - Fetching records for 2020-05-24 (offset=0)
[2025-04-14T05:28:51.778+0000] {logging_mixin.py:190} INFO - Fetching records for 2020-05-25 (offset=0)
[2025-04-14T05:28:52.084+0000] {logging_mixin.py:190} INFO - Fetching records for 2020-05-26 (offset=0)
[2025-04-14T05:28:52.502+0000] {logging_mixin.py:190} INFO - Fetching records for 2020-05-27 (offset=0)
[2025-04-14T05:28:52.866+0000] {logging_mixin.py:190} INFO - Fetching records for 2020-05-28 (offset=0)
[2025-04-14T05:28:53.231+0000] {logging_mixin.py:190} INFO - Fetching records for 2020-05-29 (offset=0)
[2025-04-14T05:28:53.589+0000] {logging_mixin.py:190} INFO - Fetching records for 2020-05-30 (offset=0)
[2025-04-14T05:28:53.923+0000] {logging_mixin.py:190} INFO - Fetching records for 2020-05-31 (offset=0)
[2025-04-14T05:28:54.226+0000] {logging_mixin.py:190} INFO - Fetching records for 2020-06-01 (offset=0)
[2025-04-14T05:28:54.566+0000] {logging_mixin.py:190} INFO - Fetching records for 2020-06-02 (offset=0)
[2025-04-14T05:28:54.954+0000] {logging_mixin.py:190} INFO - Fetching records for 2020-06-03 (offset=0)
[2025-04-14T05:28:55.354+0000] {logging_mixin.py:190} INFO - Fetching records for 2020-06-04 (offset=0)
[2025-04-14T05:28:55.743+0000] {logging_mixin.py:190} INFO - Fetching records for 2020-06-05 (offset=0)
[2025-04-14T05:29:01.185+0000] {logging_mixin.py:190} INFO - Fetching records for 2020-06-06 (offset=0)
[2025-04-14T05:29:01.506+0000] {logging_mixin.py:190} INFO - Fetching records for 2020-06-07 (offset=0)
[2025-04-14T05:29:01.819+0000] {logging_mixin.py:190} INFO - Fetching records for 2020-06-08 (offset=0)
[2025-04-14T05:29:02.270+0000] {logging_mixin.py:190} INFO - Fetching records for 2020-06-09 (offset=0)
[2025-04-14T05:29:02.646+0000] {logging_mixin.py:190} INFO - Fetching records for 2020-06-10 (offset=0)
[2025-04-14T05:29:03.015+0000] {logging_mixin.py:190} INFO - Fetching records for 2020-06-11 (offset=0)
[2025-04-14T05:29:03.417+0000] {logging_mixin.py:190} INFO - Fetching records for 2020-06-12 (offset=0)
[2025-04-14T05:29:03.819+0000] {logging_mixin.py:190} INFO - Fetching records for 2020-06-13 (offset=0)
[2025-04-14T05:29:04.145+0000] {logging_mixin.py:190} INFO - Fetching records for 2020-06-14 (offset=0)
[2025-04-14T05:29:04.451+0000] {logging_mixin.py:190} INFO - Fetching records for 2020-06-15 (offset=0)
[2025-04-14T05:29:04.835+0000] {logging_mixin.py:190} INFO - Fetching records for 2020-06-16 (offset=0)
[2025-04-14T05:29:05.202+0000] {logging_mixin.py:190} INFO - Fetching records for 2020-06-17 (offset=0)
[2025-04-14T05:29:05.568+0000] {logging_mixin.py:190} INFO - Fetching records for 2020-06-18 (offset=0)
[2025-04-14T05:29:05.947+0000] {logging_mixin.py:190} INFO - Fetching records for 2020-06-19 (offset=0)
[2025-04-14T05:29:06.339+0000] {logging_mixin.py:190} INFO - Fetching records for 2020-06-20 (offset=0)
[2025-04-14T05:29:06.638+0000] {logging_mixin.py:190} INFO - Fetching records for 2020-06-21 (offset=0)
[2025-04-14T05:29:06.942+0000] {logging_mixin.py:190} INFO - Fetching records for 2020-06-22 (offset=0)
[2025-04-14T05:29:07.363+0000] {logging_mixin.py:190} INFO - Fetching records for 2020-06-23 (offset=0)
[2025-04-14T05:29:07.754+0000] {logging_mixin.py:190} INFO - Fetching records for 2020-06-24 (offset=0)
[2025-04-14T05:29:08.154+0000] {logging_mixin.py:190} INFO - Fetching records for 2020-06-25 (offset=0)
[2025-04-14T05:29:08.533+0000] {logging_mixin.py:190} INFO - Fetching records for 2020-06-26 (offset=0)
[2025-04-14T05:29:08.930+0000] {logging_mixin.py:190} INFO - Fetching records for 2020-06-27 (offset=0)
[2025-04-14T05:29:09.244+0000] {logging_mixin.py:190} INFO - Fetching records for 2020-06-28 (offset=0)
[2025-04-14T05:29:09.553+0000] {logging_mixin.py:190} INFO - Fetching records for 2020-06-29 (offset=0)
[2025-04-14T05:29:12.020+0000] {logging_mixin.py:190} INFO - Fetching records for 2020-06-30 (offset=0)
[2025-04-14T05:29:12.542+0000] {logging_mixin.py:190} INFO - Fetching records for 2020-07-01 (offset=0)
[2025-04-14T05:29:13.033+0000] {logging_mixin.py:190} INFO - Fetching records for 2020-07-02 (offset=0)
[2025-04-14T05:29:13.425+0000] {logging_mixin.py:190} INFO - Fetching records for 2020-07-03 (offset=0)
[2025-04-14T05:29:13.767+0000] {logging_mixin.py:190} INFO - Fetching records for 2020-07-04 (offset=0)
[2025-04-14T05:29:14.091+0000] {logging_mixin.py:190} INFO - Fetching records for 2020-07-05 (offset=0)
[2025-04-14T05:29:14.432+0000] {logging_mixin.py:190} INFO - Fetching records for 2020-07-06 (offset=0)
[2025-04-14T05:29:14.848+0000] {logging_mixin.py:190} INFO - Fetching records for 2020-07-07 (offset=0)
[2025-04-14T05:29:15.279+0000] {logging_mixin.py:190} INFO - Fetching records for 2020-07-08 (offset=0)
[2025-04-14T05:29:15.752+0000] {logging_mixin.py:190} INFO - Fetching records for 2020-07-09 (offset=0)
[2025-04-14T05:29:16.136+0000] {logging_mixin.py:190} INFO - Fetching records for 2020-07-10 (offset=0)
[2025-04-14T05:29:16.578+0000] {logging_mixin.py:190} INFO - Fetching records for 2020-07-11 (offset=0)
[2025-04-14T05:29:16.930+0000] {logging_mixin.py:190} INFO - Fetching records for 2020-07-12 (offset=0)
[2025-04-14T05:29:17.073+0000] {logging_mixin.py:190} INFO - Fetching records for 2020-07-13 (offset=0)
[2025-04-14T05:29:17.445+0000] {logging_mixin.py:190} INFO - Fetching records for 2020-07-14 (offset=0)
[2025-04-14T05:29:17.818+0000] {logging_mixin.py:190} INFO - Fetching records for 2020-07-15 (offset=0)
[2025-04-14T05:29:18.210+0000] {logging_mixin.py:190} INFO - Fetching records for 2020-07-16 (offset=0)
[2025-04-14T05:29:18.577+0000] {logging_mixin.py:190} INFO - Fetching records for 2020-07-17 (offset=0)
[2025-04-14T05:29:18.962+0000] {logging_mixin.py:190} INFO - Fetching records for 2020-07-18 (offset=0)
[2025-04-14T05:29:19.300+0000] {logging_mixin.py:190} INFO - Fetching records for 2020-07-19 (offset=0)
[2025-04-14T05:29:19.646+0000] {logging_mixin.py:190} INFO - Fetching records for 2020-07-20 (offset=0)
[2025-04-14T05:29:20.043+0000] {logging_mixin.py:190} INFO - Fetching records for 2020-07-21 (offset=0)
[2025-04-14T05:29:20.457+0000] {logging_mixin.py:190} INFO - Fetching records for 2020-07-22 (offset=0)
[2025-04-14T05:29:20.843+0000] {logging_mixin.py:190} INFO - Fetching records for 2020-07-23 (offset=0)
[2025-04-14T05:29:21.232+0000] {logging_mixin.py:190} INFO - Fetching records for 2020-07-24 (offset=0)
[2025-04-14T05:29:21.613+0000] {logging_mixin.py:190} INFO - Fetching records for 2020-07-25 (offset=0)
[2025-04-14T05:29:21.920+0000] {logging_mixin.py:190} INFO - Fetching records for 2020-07-26 (offset=0)
[2025-04-14T05:29:22.225+0000] {logging_mixin.py:190} INFO - Fetching records for 2020-07-27 (offset=0)
[2025-04-14T05:29:22.778+0000] {logging_mixin.py:190} INFO - Fetching records for 2020-07-28 (offset=0)
[2025-04-14T05:29:23.173+0000] {logging_mixin.py:190} INFO - Fetching records for 2020-07-29 (offset=0)
[2025-04-14T05:29:28.523+0000] {logging_mixin.py:190} INFO - Fetching records for 2020-07-30 (offset=0)
[2025-04-14T05:29:28.877+0000] {logging_mixin.py:190} INFO - Fetching records for 2020-07-31 (offset=0)
[2025-04-14T05:29:29.261+0000] {logging_mixin.py:190} INFO - Fetching records for 2020-08-01 (offset=0)
[2025-04-14T05:29:29.561+0000] {logging_mixin.py:190} INFO - Fetching records for 2020-08-02 (offset=0)
[2025-04-14T05:29:29.869+0000] {logging_mixin.py:190} INFO - Fetching records for 2020-08-03 (offset=0)
[2025-04-14T05:29:30.279+0000] {logging_mixin.py:190} INFO - Fetching records for 2020-08-04 (offset=0)
[2025-04-14T05:29:30.644+0000] {logging_mixin.py:190} INFO - Fetching records for 2020-08-05 (offset=0)
[2025-04-14T05:29:31.024+0000] {logging_mixin.py:190} INFO - Fetching records for 2020-08-06 (offset=0)
[2025-04-14T05:29:31.408+0000] {logging_mixin.py:190} INFO - Fetching records for 2020-08-07 (offset=0)
[2025-04-14T05:29:31.758+0000] {logging_mixin.py:190} INFO - Fetching records for 2020-08-08 (offset=0)
[2025-04-14T05:29:32.063+0000] {logging_mixin.py:190} INFO - Fetching records for 2020-08-09 (offset=0)
[2025-04-14T05:29:32.390+0000] {logging_mixin.py:190} INFO - Fetching records for 2020-08-10 (offset=0)
[2025-04-14T05:29:32.757+0000] {logging_mixin.py:190} INFO - Fetching records for 2020-08-11 (offset=0)
[2025-04-14T05:29:33.118+0000] {logging_mixin.py:190} INFO - Fetching records for 2020-08-12 (offset=0)
[2025-04-14T05:29:43.126+0000] {logging_mixin.py:190} INFO - Read Timeout: Add data in df so far to permits table.
[2025-04-14T05:29:48.332+0000] {python.py:240} INFO - Done. Returned value was: local_to_gcs_task
[2025-04-14T05:29:48.333+0000] {branch.py:38} INFO - Branch into local_to_gcs_task
[2025-04-14T05:29:48.333+0000] {skipmixin.py:233} INFO - Following branch ('local_to_gcs_task',)
[2025-04-14T05:29:48.339+0000] {skipmixin.py:281} INFO - Skipping tasks [('skip_tasks', -1)]
[2025-04-14T05:29:48.355+0000] {taskinstance.py:341} INFO - ::group::Post task execution logs
[2025-04-14T05:29:48.356+0000] {taskinstance.py:353} INFO - Marking task as SUCCESS. dag_id=data_ingestion_gcs_dag, task_id=fetch_permits_task, run_id=manual__2025-04-14T05:27:27.985901+00:00, execution_date=20250414T052727, start_date=20250414T052836, end_date=20250414T052948
[2025-04-14T05:29:48.369+0000] {logging_mixin.py:190} INFO - Task instance in success state
[2025-04-14T05:29:48.369+0000] {logging_mixin.py:190} INFO -  Previous state of the Task instance: running
[2025-04-14T05:29:48.370+0000] {logging_mixin.py:190} INFO - Dag name:data_ingestion_gcs_dag queued_at:2025-04-14 05:27:27.996587+00:00
[2025-04-14T05:29:48.370+0000] {logging_mixin.py:190} INFO - Task hostname:26629b401d8b operator:BranchPythonOperator
[2025-04-14T05:29:48.408+0000] {local_task_job_runner.py:266} INFO - Task exited with return code 0
[2025-04-14T05:29:48.444+0000] {taskinstance.py:3901} INFO - 1 downstream tasks scheduled from follow-on schedule check
[2025-04-14T05:29:48.445+0000] {local_task_job_runner.py:245} INFO - ::endgroup::
