[2025-04-14T03:49:56.894+0000] {local_task_job_runner.py:123} INFO - ::group::Pre task execution logs
[2025-04-14T03:49:56.909+0000] {taskinstance.py:2614} INFO - Dependencies all met for dep_context=non-requeueable deps ti=<TaskInstance: data_ingestion_gcs_dag.create_table_task scheduled__2025-04-13T00:00:00+00:00 [queued]>
[2025-04-14T03:49:56.916+0000] {taskinstance.py:2614} INFO - Dependencies all met for dep_context=requeueable deps ti=<TaskInstance: data_ingestion_gcs_dag.create_table_task scheduled__2025-04-13T00:00:00+00:00 [queued]>
[2025-04-14T03:49:56.916+0000] {taskinstance.py:2867} INFO - Starting attempt 1 of 2
[2025-04-14T03:49:56.923+0000] {taskinstance.py:2890} INFO - Executing <Task(BigQueryInsertJobOperator): create_table_task> on 2025-04-13 00:00:00+00:00
[2025-04-14T03:49:56.927+0000] {warnings.py:112} WARNING - /home/***/.local/lib/python3.12/site-packages/***/task/task_runner/standard_task_runner.py:70: DeprecationWarning: This process (pid=126) is multi-threaded, use of fork() may lead to deadlocks in the child.
  pid = os.fork()

[2025-04-14T03:49:56.928+0000] {standard_task_runner.py:72} INFO - Started process 128 to run task
[2025-04-14T03:49:56.932+0000] {standard_task_runner.py:104} INFO - Running: ['***', 'tasks', 'run', 'data_ingestion_gcs_dag', 'create_table_task', 'scheduled__2025-04-13T00:00:00+00:00', '--job-id', '6', '--raw', '--subdir', 'DAGS_FOLDER/data_ingestion_gcs_dag.py', '--cfg-path', '/tmp/tmpbbktotqu']
[2025-04-14T03:49:56.934+0000] {standard_task_runner.py:105} INFO - Job 6: Subtask create_table_task
[2025-04-14T03:49:56.963+0000] {task_command.py:467} INFO - Running <TaskInstance: data_ingestion_gcs_dag.create_table_task scheduled__2025-04-13T00:00:00+00:00 [running]> on host f7261677844c
[2025-04-14T03:49:57.015+0000] {taskinstance.py:3134} INFO - Exporting env vars: AIRFLOW_CTX_DAG_OWNER='***' AIRFLOW_CTX_DAG_ID='data_ingestion_gcs_dag' AIRFLOW_CTX_TASK_ID='create_table_task' AIRFLOW_CTX_EXECUTION_DATE='2025-04-13T00:00:00+00:00' AIRFLOW_CTX_TRY_NUMBER='1' AIRFLOW_CTX_DAG_RUN_ID='scheduled__2025-04-13T00:00:00+00:00'
[2025-04-14T03:49:57.017+0000] {logging_mixin.py:190} INFO - Task instance is in running state
[2025-04-14T03:49:57.017+0000] {logging_mixin.py:190} INFO -  Previous state of the Task instance: queued
[2025-04-14T03:49:57.018+0000] {logging_mixin.py:190} INFO - Current task name:create_table_task state:running start_date:2025-04-14 03:49:56.910052+00:00
[2025-04-14T03:49:57.018+0000] {logging_mixin.py:190} INFO - Dag name:data_ingestion_gcs_dag and current dag run status:running
[2025-04-14T03:49:57.018+0000] {taskinstance.py:732} INFO - ::endgroup::
[2025-04-14T03:49:57.020+0000] {crypto.py:82} WARNING - empty cryptography key - values will not be stored encrypted.
[2025-04-14T03:49:57.020+0000] {connection.py:277} WARNING - Connection schemes (type: google_cloud_platform) shall not contain '_' according to RFC3986.
[2025-04-14T03:49:57.021+0000] {base.py:84} INFO - Retrieving connection 'google_cloud_default'
[2025-04-14T03:49:57.056+0000] {bigquery.py:2665} INFO - Executing: {'query': {'query': '\n          CREATE TABLE IF NOT EXISTS `nyc-projects-455321.building_permits.permits`\n          (\n            borough STRING,\n            job_type STRING,\n            block STRING,\n            lot STRING,\n            issuance_date TIMESTAMP,\n            permit_si_no INT64,\n            gis_latitude FLOAT64,\n            gis_longitude FLOAT64,\n            gis_nta_name STRING\n          )\n          PARTITION BY DATE(issuance_date)\n          CLUSTER BY gis_nta_name, job_type, borough, block;\n        ', 'useLegacySql': False}}'
[2025-04-14T03:49:57.057+0000] {bigquery.py:1241} INFO - Inserting job ***_data_ingestion_gcs_dag_create_table_task_2025_04_13T00_00_00_00_00_5bbd73c03f641256bb512fdf43f860a1
[2025-04-14T03:49:57.849+0000] {bigquery.py:2636} INFO - Job ***_data_ingestion_gcs_dag_create_table_task_2025_04_13T00_00_00_00_00_5bbd73c03f641256bb512fdf43f860a1 is completed. Checking the job status
[2025-04-14T03:49:57.908+0000] {taskinstance.py:341} INFO - ::group::Post task execution logs
[2025-04-14T03:49:57.910+0000] {taskinstance.py:353} INFO - Marking task as SUCCESS. dag_id=data_ingestion_gcs_dag, task_id=create_table_task, run_id=scheduled__2025-04-13T00:00:00+00:00, execution_date=20250413T000000, start_date=20250414T034956, end_date=20250414T034957
[2025-04-14T03:49:57.940+0000] {logging_mixin.py:190} INFO - Task instance in success state
[2025-04-14T03:49:57.941+0000] {logging_mixin.py:190} INFO -  Previous state of the Task instance: running
[2025-04-14T03:49:57.941+0000] {logging_mixin.py:190} INFO - Dag name:data_ingestion_gcs_dag queued_at:2025-04-14 03:49:43.644379+00:00
[2025-04-14T03:49:57.941+0000] {logging_mixin.py:190} INFO - Task hostname:f7261677844c operator:BigQueryInsertJobOperator
[2025-04-14T03:49:57.971+0000] {local_task_job_runner.py:266} INFO - Task exited with return code 0
[2025-04-14T03:49:57.995+0000] {taskinstance.py:3901} INFO - 1 downstream tasks scheduled from follow-on schedule check
[2025-04-14T03:49:57.996+0000] {local_task_job_runner.py:245} INFO - ::endgroup::
[2025-04-14T03:57:45.545+0000] {local_task_job_runner.py:123} INFO - ::group::Pre task execution logs
[2025-04-14T03:57:45.556+0000] {taskinstance.py:2614} INFO - Dependencies all met for dep_context=non-requeueable deps ti=<TaskInstance: data_ingestion_gcs_dag.create_table_task scheduled__2025-04-13T00:00:00+00:00 [queued]>
[2025-04-14T03:57:45.561+0000] {taskinstance.py:2614} INFO - Dependencies all met for dep_context=requeueable deps ti=<TaskInstance: data_ingestion_gcs_dag.create_table_task scheduled__2025-04-13T00:00:00+00:00 [queued]>
[2025-04-14T03:57:45.561+0000] {taskinstance.py:2867} INFO - Starting attempt 1 of 2
[2025-04-14T03:57:45.567+0000] {taskinstance.py:2890} INFO - Executing <Task(BigQueryInsertJobOperator): create_table_task> on 2025-04-13 00:00:00+00:00
[2025-04-14T03:57:45.571+0000] {warnings.py:112} WARNING - /home/***/.local/lib/python3.12/site-packages/***/task/task_runner/standard_task_runner.py:70: DeprecationWarning: This process (pid=139) is multi-threaded, use of fork() may lead to deadlocks in the child.
  pid = os.fork()

[2025-04-14T03:57:45.572+0000] {standard_task_runner.py:72} INFO - Started process 141 to run task
[2025-04-14T03:57:45.573+0000] {standard_task_runner.py:104} INFO - Running: ['***', 'tasks', 'run', 'data_ingestion_gcs_dag', 'create_table_task', 'scheduled__2025-04-13T00:00:00+00:00', '--job-id', '6', '--raw', '--subdir', 'DAGS_FOLDER/data_ingestion_gcs_dag.py', '--cfg-path', '/tmp/tmpsupnmfhl']
[2025-04-14T03:57:45.574+0000] {standard_task_runner.py:105} INFO - Job 6: Subtask create_table_task
[2025-04-14T03:57:45.602+0000] {task_command.py:467} INFO - Running <TaskInstance: data_ingestion_gcs_dag.create_table_task scheduled__2025-04-13T00:00:00+00:00 [running]> on host 3029200567a0
[2025-04-14T03:57:45.640+0000] {taskinstance.py:3134} INFO - Exporting env vars: AIRFLOW_CTX_DAG_OWNER='***' AIRFLOW_CTX_DAG_ID='data_ingestion_gcs_dag' AIRFLOW_CTX_TASK_ID='create_table_task' AIRFLOW_CTX_EXECUTION_DATE='2025-04-13T00:00:00+00:00' AIRFLOW_CTX_TRY_NUMBER='1' AIRFLOW_CTX_DAG_RUN_ID='scheduled__2025-04-13T00:00:00+00:00'
[2025-04-14T03:57:45.641+0000] {logging_mixin.py:190} INFO - Task instance is in running state
[2025-04-14T03:57:45.641+0000] {logging_mixin.py:190} INFO -  Previous state of the Task instance: queued
[2025-04-14T03:57:45.641+0000] {logging_mixin.py:190} INFO - Current task name:create_table_task state:running start_date:2025-04-14 03:57:45.556640+00:00
[2025-04-14T03:57:45.641+0000] {logging_mixin.py:190} INFO - Dag name:data_ingestion_gcs_dag and current dag run status:running
[2025-04-14T03:57:45.642+0000] {taskinstance.py:732} INFO - ::endgroup::
[2025-04-14T03:57:45.642+0000] {crypto.py:82} WARNING - empty cryptography key - values will not be stored encrypted.
[2025-04-14T03:57:45.642+0000] {connection.py:277} WARNING - Connection schemes (type: google_cloud_platform) shall not contain '_' according to RFC3986.
[2025-04-14T03:57:45.643+0000] {base.py:84} INFO - Retrieving connection 'google_cloud_default'
[2025-04-14T03:57:45.671+0000] {bigquery.py:2665} INFO - Executing: {'query': {'query': '\n          CREATE TABLE IF NOT EXISTS `nyc-projects-455321.building_permits.permits`\n          (\n            borough STRING,\n            job_type STRING,\n            block STRING,\n            lot STRING,\n            issuance_date TIMESTAMP,\n            permit_si_no INT64,\n            gis_latitude FLOAT64,\n            gis_longitude FLOAT64,\n            gis_nta_name STRING\n          )\n          PARTITION BY DATE(issuance_date)\n          CLUSTER BY gis_nta_name, job_type, borough, block;\n        ', 'useLegacySql': False}}'
[2025-04-14T03:57:45.671+0000] {bigquery.py:1241} INFO - Inserting job ***_data_ingestion_gcs_dag_create_table_task_2025_04_13T00_00_00_00_00_8e89cdeade79872309dc6b8a8fce460a
[2025-04-14T03:57:46.440+0000] {bigquery.py:2636} INFO - Job ***_data_ingestion_gcs_dag_create_table_task_2025_04_13T00_00_00_00_00_8e89cdeade79872309dc6b8a8fce460a is completed. Checking the job status
[2025-04-14T03:57:46.470+0000] {taskinstance.py:341} INFO - ::group::Post task execution logs
[2025-04-14T03:57:46.471+0000] {taskinstance.py:353} INFO - Marking task as SUCCESS. dag_id=data_ingestion_gcs_dag, task_id=create_table_task, run_id=scheduled__2025-04-13T00:00:00+00:00, execution_date=20250413T000000, start_date=20250414T035745, end_date=20250414T035746
[2025-04-14T03:57:46.497+0000] {logging_mixin.py:190} INFO - Task instance in success state
[2025-04-14T03:57:46.497+0000] {logging_mixin.py:190} INFO -  Previous state of the Task instance: running
[2025-04-14T03:57:46.497+0000] {logging_mixin.py:190} INFO - Dag name:data_ingestion_gcs_dag queued_at:2025-04-14 03:57:32.901326+00:00
[2025-04-14T03:57:46.498+0000] {logging_mixin.py:190} INFO - Task hostname:3029200567a0 operator:BigQueryInsertJobOperator
[2025-04-14T03:57:46.533+0000] {local_task_job_runner.py:266} INFO - Task exited with return code 0
[2025-04-14T03:57:46.574+0000] {taskinstance.py:3901} INFO - 1 downstream tasks scheduled from follow-on schedule check
[2025-04-14T03:57:46.575+0000] {local_task_job_runner.py:245} INFO - ::endgroup::
[2025-04-14T04:14:41.833+0000] {local_task_job_runner.py:123} INFO - ::group::Pre task execution logs
[2025-04-14T04:14:41.844+0000] {taskinstance.py:2614} INFO - Dependencies all met for dep_context=non-requeueable deps ti=<TaskInstance: data_ingestion_gcs_dag.create_table_task scheduled__2025-04-13T00:00:00+00:00 [queued]>
[2025-04-14T04:14:41.849+0000] {taskinstance.py:2614} INFO - Dependencies all met for dep_context=requeueable deps ti=<TaskInstance: data_ingestion_gcs_dag.create_table_task scheduled__2025-04-13T00:00:00+00:00 [queued]>
[2025-04-14T04:14:41.849+0000] {taskinstance.py:2867} INFO - Starting attempt 1 of 2
[2025-04-14T04:14:41.855+0000] {taskinstance.py:2890} INFO - Executing <Task(BigQueryInsertJobOperator): create_table_task> on 2025-04-13 00:00:00+00:00
[2025-04-14T04:14:41.861+0000] {standard_task_runner.py:104} INFO - Running: ['***', 'tasks', 'run', 'data_ingestion_gcs_dag', 'create_table_task', 'scheduled__2025-04-13T00:00:00+00:00', '--job-id', '6', '--raw', '--subdir', 'DAGS_FOLDER/data_ingestion_gcs_dag.py', '--cfg-path', '/tmp/tmpdky98eg6']
[2025-04-14T04:14:41.862+0000] {standard_task_runner.py:105} INFO - Job 6: Subtask create_table_task
[2025-04-14T04:14:41.862+0000] {warnings.py:112} WARNING - /home/***/.local/lib/python3.12/site-packages/***/task/task_runner/standard_task_runner.py:70: DeprecationWarning: This process (pid=98) is multi-threaded, use of fork() may lead to deadlocks in the child.
  pid = os.fork()

[2025-04-14T04:14:41.863+0000] {standard_task_runner.py:72} INFO - Started process 100 to run task
[2025-04-14T04:14:41.886+0000] {task_command.py:467} INFO - Running <TaskInstance: data_ingestion_gcs_dag.create_table_task scheduled__2025-04-13T00:00:00+00:00 [running]> on host e86210162b75
[2025-04-14T04:14:41.926+0000] {taskinstance.py:3134} INFO - Exporting env vars: AIRFLOW_CTX_DAG_OWNER='***' AIRFLOW_CTX_DAG_ID='data_ingestion_gcs_dag' AIRFLOW_CTX_TASK_ID='create_table_task' AIRFLOW_CTX_EXECUTION_DATE='2025-04-13T00:00:00+00:00' AIRFLOW_CTX_TRY_NUMBER='1' AIRFLOW_CTX_DAG_RUN_ID='scheduled__2025-04-13T00:00:00+00:00'
[2025-04-14T04:14:41.928+0000] {logging_mixin.py:190} INFO - Task instance is in running state
[2025-04-14T04:14:41.928+0000] {logging_mixin.py:190} INFO -  Previous state of the Task instance: queued
[2025-04-14T04:14:41.928+0000] {logging_mixin.py:190} INFO - Current task name:create_table_task state:running start_date:2025-04-14 04:14:41.844694+00:00
[2025-04-14T04:14:41.928+0000] {logging_mixin.py:190} INFO - Dag name:data_ingestion_gcs_dag and current dag run status:running
[2025-04-14T04:14:41.928+0000] {taskinstance.py:732} INFO - ::endgroup::
[2025-04-14T04:14:41.929+0000] {crypto.py:82} WARNING - empty cryptography key - values will not be stored encrypted.
[2025-04-14T04:14:41.929+0000] {connection.py:277} WARNING - Connection schemes (type: google_cloud_platform) shall not contain '_' according to RFC3986.
[2025-04-14T04:14:41.930+0000] {base.py:84} INFO - Retrieving connection 'google_cloud_default'
[2025-04-14T04:14:41.957+0000] {bigquery.py:2665} INFO - Executing: {'query': {'query': '\n          CREATE TABLE IF NOT EXISTS `nyc-projects-455321.building_permits.permits`\n          (\n            borough STRING,\n            job_type STRING,\n            block STRING,\n            lot STRING,\n            issuance_date TIMESTAMP,\n            permit_si_no INT64,\n            location_coordinates STRING,\n            gis_nta_name STRING\n          )\n          PARTITION BY DATE(issuance_date)\n          CLUSTER BY gis_nta_name, job_type, borough, block;\n        ', 'useLegacySql': False}}'
[2025-04-14T04:14:41.958+0000] {bigquery.py:1241} INFO - Inserting job ***_data_ingestion_gcs_dag_create_table_task_2025_04_13T00_00_00_00_00_fbd691ddcad1d1b561df243f4e435afc
[2025-04-14T04:14:42.785+0000] {bigquery.py:2636} INFO - Job ***_data_ingestion_gcs_dag_create_table_task_2025_04_13T00_00_00_00_00_fbd691ddcad1d1b561df243f4e435afc is completed. Checking the job status
[2025-04-14T04:14:42.810+0000] {taskinstance.py:341} INFO - ::group::Post task execution logs
[2025-04-14T04:14:42.811+0000] {taskinstance.py:353} INFO - Marking task as SUCCESS. dag_id=data_ingestion_gcs_dag, task_id=create_table_task, run_id=scheduled__2025-04-13T00:00:00+00:00, execution_date=20250413T000000, start_date=20250414T041441, end_date=20250414T041442
[2025-04-14T04:14:42.826+0000] {logging_mixin.py:190} INFO - Task instance in success state
[2025-04-14T04:14:42.827+0000] {logging_mixin.py:190} INFO -  Previous state of the Task instance: running
[2025-04-14T04:14:42.827+0000] {logging_mixin.py:190} INFO - Dag name:data_ingestion_gcs_dag queued_at:2025-04-14 04:14:28.657183+00:00
[2025-04-14T04:14:42.827+0000] {logging_mixin.py:190} INFO - Task hostname:e86210162b75 operator:BigQueryInsertJobOperator
[2025-04-14T04:14:42.865+0000] {local_task_job_runner.py:266} INFO - Task exited with return code 0
[2025-04-14T04:14:42.902+0000] {taskinstance.py:3901} INFO - 1 downstream tasks scheduled from follow-on schedule check
[2025-04-14T04:14:42.903+0000] {local_task_job_runner.py:245} INFO - ::endgroup::
[2025-04-14T04:16:53.385+0000] {local_task_job_runner.py:123} INFO - ::group::Pre task execution logs
[2025-04-14T04:16:53.396+0000] {taskinstance.py:2614} INFO - Dependencies all met for dep_context=non-requeueable deps ti=<TaskInstance: data_ingestion_gcs_dag.create_table_task scheduled__2025-04-13T00:00:00+00:00 [queued]>
[2025-04-14T04:16:53.402+0000] {taskinstance.py:2614} INFO - Dependencies all met for dep_context=requeueable deps ti=<TaskInstance: data_ingestion_gcs_dag.create_table_task scheduled__2025-04-13T00:00:00+00:00 [queued]>
[2025-04-14T04:16:53.402+0000] {taskinstance.py:2867} INFO - Starting attempt 1 of 2
[2025-04-14T04:16:53.408+0000] {taskinstance.py:2890} INFO - Executing <Task(BigQueryInsertJobOperator): create_table_task> on 2025-04-13 00:00:00+00:00
[2025-04-14T04:16:53.412+0000] {warnings.py:112} WARNING - /home/***/.local/lib/python3.12/site-packages/***/task/task_runner/standard_task_runner.py:70: DeprecationWarning: This process (pid=98) is multi-threaded, use of fork() may lead to deadlocks in the child.
  pid = os.fork()

[2025-04-14T04:16:53.413+0000] {standard_task_runner.py:72} INFO - Started process 100 to run task
[2025-04-14T04:16:53.413+0000] {standard_task_runner.py:104} INFO - Running: ['***', 'tasks', 'run', 'data_ingestion_gcs_dag', 'create_table_task', 'scheduled__2025-04-13T00:00:00+00:00', '--job-id', '6', '--raw', '--subdir', 'DAGS_FOLDER/data_ingestion_gcs_dag.py', '--cfg-path', '/tmp/tmpb543mgmi']
[2025-04-14T04:16:53.414+0000] {standard_task_runner.py:105} INFO - Job 6: Subtask create_table_task
[2025-04-14T04:16:53.438+0000] {task_command.py:467} INFO - Running <TaskInstance: data_ingestion_gcs_dag.create_table_task scheduled__2025-04-13T00:00:00+00:00 [running]> on host d054e5caec0f
[2025-04-14T04:16:53.475+0000] {taskinstance.py:3134} INFO - Exporting env vars: AIRFLOW_CTX_DAG_OWNER='***' AIRFLOW_CTX_DAG_ID='data_ingestion_gcs_dag' AIRFLOW_CTX_TASK_ID='create_table_task' AIRFLOW_CTX_EXECUTION_DATE='2025-04-13T00:00:00+00:00' AIRFLOW_CTX_TRY_NUMBER='1' AIRFLOW_CTX_DAG_RUN_ID='scheduled__2025-04-13T00:00:00+00:00'
[2025-04-14T04:16:53.476+0000] {logging_mixin.py:190} INFO - Task instance is in running state
[2025-04-14T04:16:53.476+0000] {logging_mixin.py:190} INFO -  Previous state of the Task instance: queued
[2025-04-14T04:16:53.476+0000] {logging_mixin.py:190} INFO - Current task name:create_table_task state:running start_date:2025-04-14 04:16:53.396969+00:00
[2025-04-14T04:16:53.476+0000] {logging_mixin.py:190} INFO - Dag name:data_ingestion_gcs_dag and current dag run status:running
[2025-04-14T04:16:53.476+0000] {taskinstance.py:732} INFO - ::endgroup::
[2025-04-14T04:16:53.477+0000] {crypto.py:82} WARNING - empty cryptography key - values will not be stored encrypted.
[2025-04-14T04:16:53.477+0000] {connection.py:277} WARNING - Connection schemes (type: google_cloud_platform) shall not contain '_' according to RFC3986.
[2025-04-14T04:16:53.478+0000] {base.py:84} INFO - Retrieving connection 'google_cloud_default'
[2025-04-14T04:16:53.506+0000] {bigquery.py:2665} INFO - Executing: {'query': {'query': '\n          CREATE TABLE IF NOT EXISTS `nyc-projects-455321.building_permits.permits`\n          (\n            borough STRING,\n            job_type STRING,\n            block STRING,\n            lot STRING,\n            issuance_date TIMESTAMP,\n            permit_si_no INT64,\n            location_coordinates STRING,\n            gis_nta_name STRING\n          )\n          PARTITION BY DATE(issuance_date)\n          CLUSTER BY gis_nta_name, job_type, borough, block;\n        ', 'useLegacySql': False}}'
[2025-04-14T04:16:53.506+0000] {bigquery.py:1241} INFO - Inserting job ***_data_ingestion_gcs_dag_create_table_task_2025_04_13T00_00_00_00_00_07204e3e6e5325f333afa3ecea70ab0a
[2025-04-14T04:16:54.311+0000] {bigquery.py:2636} INFO - Job ***_data_ingestion_gcs_dag_create_table_task_2025_04_13T00_00_00_00_00_07204e3e6e5325f333afa3ecea70ab0a is completed. Checking the job status
[2025-04-14T04:16:54.326+0000] {taskinstance.py:341} INFO - ::group::Post task execution logs
[2025-04-14T04:16:54.326+0000] {taskinstance.py:353} INFO - Marking task as SUCCESS. dag_id=data_ingestion_gcs_dag, task_id=create_table_task, run_id=scheduled__2025-04-13T00:00:00+00:00, execution_date=20250413T000000, start_date=20250414T041653, end_date=20250414T041654
[2025-04-14T04:16:54.340+0000] {logging_mixin.py:190} INFO - Task instance in success state
[2025-04-14T04:16:54.340+0000] {logging_mixin.py:190} INFO -  Previous state of the Task instance: running
[2025-04-14T04:16:54.340+0000] {logging_mixin.py:190} INFO - Dag name:data_ingestion_gcs_dag queued_at:2025-04-14 04:16:38.268960+00:00
[2025-04-14T04:16:54.340+0000] {logging_mixin.py:190} INFO - Task hostname:d054e5caec0f operator:BigQueryInsertJobOperator
[2025-04-14T04:16:54.372+0000] {local_task_job_runner.py:266} INFO - Task exited with return code 0
[2025-04-14T04:16:54.407+0000] {taskinstance.py:3901} INFO - 1 downstream tasks scheduled from follow-on schedule check
[2025-04-14T04:16:54.409+0000] {local_task_job_runner.py:245} INFO - ::endgroup::
[2025-04-14T05:28:17.340+0000] {local_task_job_runner.py:123} INFO - ::group::Pre task execution logs
[2025-04-14T05:28:17.351+0000] {taskinstance.py:2614} INFO - Dependencies all met for dep_context=non-requeueable deps ti=<TaskInstance: data_ingestion_gcs_dag.create_table_task scheduled__2025-04-13T00:00:00+00:00 [queued]>
[2025-04-14T05:28:17.356+0000] {taskinstance.py:2614} INFO - Dependencies all met for dep_context=requeueable deps ti=<TaskInstance: data_ingestion_gcs_dag.create_table_task scheduled__2025-04-13T00:00:00+00:00 [queued]>
[2025-04-14T05:28:17.357+0000] {taskinstance.py:2867} INFO - Starting attempt 1 of 2
[2025-04-14T05:28:17.363+0000] {taskinstance.py:2890} INFO - Executing <Task(BigQueryInsertJobOperator): create_table_task> on 2025-04-13 00:00:00+00:00
[2025-04-14T05:28:17.367+0000] {warnings.py:112} WARNING - /home/***/.local/lib/python3.12/site-packages/***/task/task_runner/standard_task_runner.py:70: DeprecationWarning: This process (pid=125) is multi-threaded, use of fork() may lead to deadlocks in the child.
  pid = os.fork()

[2025-04-14T05:28:17.368+0000] {standard_task_runner.py:72} INFO - Started process 127 to run task
[2025-04-14T05:28:17.369+0000] {standard_task_runner.py:104} INFO - Running: ['***', 'tasks', 'run', 'data_ingestion_gcs_dag', 'create_table_task', 'scheduled__2025-04-13T00:00:00+00:00', '--job-id', '6', '--raw', '--subdir', 'DAGS_FOLDER/data_ingestion_gcs_dag.py', '--cfg-path', '/tmp/tmp5ax3o7i5']
[2025-04-14T05:28:17.370+0000] {standard_task_runner.py:105} INFO - Job 6: Subtask create_table_task
[2025-04-14T05:28:17.394+0000] {task_command.py:467} INFO - Running <TaskInstance: data_ingestion_gcs_dag.create_table_task scheduled__2025-04-13T00:00:00+00:00 [running]> on host 26629b401d8b
[2025-04-14T05:28:17.434+0000] {taskinstance.py:3134} INFO - Exporting env vars: AIRFLOW_CTX_DAG_OWNER='***' AIRFLOW_CTX_DAG_ID='data_ingestion_gcs_dag' AIRFLOW_CTX_TASK_ID='create_table_task' AIRFLOW_CTX_EXECUTION_DATE='2025-04-13T00:00:00+00:00' AIRFLOW_CTX_TRY_NUMBER='1' AIRFLOW_CTX_DAG_RUN_ID='scheduled__2025-04-13T00:00:00+00:00'
[2025-04-14T05:28:17.435+0000] {logging_mixin.py:190} INFO - Task instance is in running state
[2025-04-14T05:28:17.435+0000] {logging_mixin.py:190} INFO -  Previous state of the Task instance: queued
[2025-04-14T05:28:17.435+0000] {logging_mixin.py:190} INFO - Current task name:create_table_task state:running start_date:2025-04-14 05:28:17.352166+00:00
[2025-04-14T05:28:17.435+0000] {logging_mixin.py:190} INFO - Dag name:data_ingestion_gcs_dag and current dag run status:running
[2025-04-14T05:28:17.436+0000] {taskinstance.py:732} INFO - ::endgroup::
[2025-04-14T05:28:17.436+0000] {crypto.py:82} WARNING - empty cryptography key - values will not be stored encrypted.
[2025-04-14T05:28:17.437+0000] {connection.py:277} WARNING - Connection schemes (type: google_cloud_platform) shall not contain '_' according to RFC3986.
[2025-04-14T05:28:17.438+0000] {base.py:84} INFO - Retrieving connection 'google_cloud_default'
[2025-04-14T05:28:17.467+0000] {bigquery.py:2665} INFO - Executing: {'query': {'query': '\n          CREATE TABLE IF NOT EXISTS `nyc-projects-455321.building_permits.permits`\n          (\n            borough STRING,\n            job_type STRING,\n            block STRING,\n            lot STRING,\n            issuance_date TIMESTAMP,\n            permit_si_no INT64,\n            location_coordinates STRING,\n            gis_nta_name STRING\n          )\n          PARTITION BY DATE(issuance_date)\n          CLUSTER BY gis_nta_name, job_type, borough, block;\n        ', 'useLegacySql': False}}'
[2025-04-14T05:28:17.468+0000] {bigquery.py:1241} INFO - Inserting job ***_data_ingestion_gcs_dag_create_table_task_2025_04_13T00_00_00_00_00_7c16063152fb6060dfaa7829139153ce
[2025-04-14T05:28:18.271+0000] {bigquery.py:2636} INFO - Job ***_data_ingestion_gcs_dag_create_table_task_2025_04_13T00_00_00_00_00_7c16063152fb6060dfaa7829139153ce is completed. Checking the job status
[2025-04-14T05:28:18.306+0000] {taskinstance.py:341} INFO - ::group::Post task execution logs
[2025-04-14T05:28:18.307+0000] {taskinstance.py:353} INFO - Marking task as SUCCESS. dag_id=data_ingestion_gcs_dag, task_id=create_table_task, run_id=scheduled__2025-04-13T00:00:00+00:00, execution_date=20250413T000000, start_date=20250414T052817, end_date=20250414T052818
[2025-04-14T05:28:18.332+0000] {logging_mixin.py:190} INFO - Task instance in success state
[2025-04-14T05:28:18.332+0000] {logging_mixin.py:190} INFO -  Previous state of the Task instance: running
[2025-04-14T05:28:18.333+0000] {logging_mixin.py:190} INFO - Dag name:data_ingestion_gcs_dag queued_at:2025-04-14 05:27:28.560179+00:00
[2025-04-14T05:28:18.333+0000] {logging_mixin.py:190} INFO - Task hostname:26629b401d8b operator:BigQueryInsertJobOperator
[2025-04-14T05:28:18.374+0000] {local_task_job_runner.py:266} INFO - Task exited with return code 0
[2025-04-14T05:28:18.416+0000] {taskinstance.py:3901} INFO - 1 downstream tasks scheduled from follow-on schedule check
[2025-04-14T05:28:18.418+0000] {local_task_job_runner.py:245} INFO - ::endgroup::
[2025-04-14T05:49:23.833+0000] {local_task_job_runner.py:123} INFO - ::group::Pre task execution logs
[2025-04-14T05:49:23.844+0000] {taskinstance.py:2614} INFO - Dependencies all met for dep_context=non-requeueable deps ti=<TaskInstance: data_ingestion_gcs_dag.create_table_task scheduled__2025-04-13T00:00:00+00:00 [queued]>
[2025-04-14T05:49:23.850+0000] {taskinstance.py:2614} INFO - Dependencies all met for dep_context=requeueable deps ti=<TaskInstance: data_ingestion_gcs_dag.create_table_task scheduled__2025-04-13T00:00:00+00:00 [queued]>
[2025-04-14T05:49:23.850+0000] {taskinstance.py:2867} INFO - Starting attempt 1 of 2
[2025-04-14T05:49:23.856+0000] {taskinstance.py:2890} INFO - Executing <Task(BigQueryInsertJobOperator): create_table_task> on 2025-04-13 00:00:00+00:00
[2025-04-14T05:49:23.861+0000] {warnings.py:112} WARNING - /home/***/.local/lib/python3.12/site-packages/***/task/task_runner/standard_task_runner.py:70: DeprecationWarning: This process (pid=350) is multi-threaded, use of fork() may lead to deadlocks in the child.
  pid = os.fork()

[2025-04-14T05:49:23.861+0000] {standard_task_runner.py:72} INFO - Started process 352 to run task
[2025-04-14T05:49:23.862+0000] {standard_task_runner.py:104} INFO - Running: ['***', 'tasks', 'run', 'data_ingestion_gcs_dag', 'create_table_task', 'scheduled__2025-04-13T00:00:00+00:00', '--job-id', '6', '--raw', '--subdir', 'DAGS_FOLDER/data_ingestion_gcs_dag.py', '--cfg-path', '/tmp/tmppqzscoxi']
[2025-04-14T05:49:23.863+0000] {standard_task_runner.py:105} INFO - Job 6: Subtask create_table_task
[2025-04-14T05:49:23.892+0000] {task_command.py:467} INFO - Running <TaskInstance: data_ingestion_gcs_dag.create_table_task scheduled__2025-04-13T00:00:00+00:00 [running]> on host 51652b031d9f
[2025-04-14T05:49:23.948+0000] {taskinstance.py:3134} INFO - Exporting env vars: AIRFLOW_CTX_DAG_OWNER='***' AIRFLOW_CTX_DAG_ID='data_ingestion_gcs_dag' AIRFLOW_CTX_TASK_ID='create_table_task' AIRFLOW_CTX_EXECUTION_DATE='2025-04-13T00:00:00+00:00' AIRFLOW_CTX_TRY_NUMBER='1' AIRFLOW_CTX_DAG_RUN_ID='scheduled__2025-04-13T00:00:00+00:00'
[2025-04-14T05:49:23.949+0000] {logging_mixin.py:190} INFO - Task instance is in running state
[2025-04-14T05:49:23.949+0000] {logging_mixin.py:190} INFO -  Previous state of the Task instance: queued
[2025-04-14T05:49:23.950+0000] {logging_mixin.py:190} INFO - Current task name:create_table_task state:running start_date:2025-04-14 05:49:23.844624+00:00
[2025-04-14T05:49:23.950+0000] {logging_mixin.py:190} INFO - Dag name:data_ingestion_gcs_dag and current dag run status:running
[2025-04-14T05:49:23.950+0000] {taskinstance.py:732} INFO - ::endgroup::
[2025-04-14T05:49:23.951+0000] {crypto.py:82} WARNING - empty cryptography key - values will not be stored encrypted.
[2025-04-14T05:49:23.952+0000] {connection.py:277} WARNING - Connection schemes (type: google_cloud_platform) shall not contain '_' according to RFC3986.
[2025-04-14T05:49:23.953+0000] {base.py:84} INFO - Retrieving connection 'google_cloud_default'
[2025-04-14T05:49:23.983+0000] {bigquery.py:2665} INFO - Executing: {'query': {'query': '\n          CREATE TABLE IF NOT EXISTS `nyc-projects-455321.building_permits.permits`\n          (\n            borough STRING,\n            job_type STRING,\n            block STRING,\n            lot STRING,\n            issuance_date TIMESTAMP,\n            permit_si_no INT64,\n            location_coordinates STRING,\n            gis_nta_name STRING\n          )\n          PARTITION BY DATE(issuance_date)\n          CLUSTER BY gis_nta_name, job_type, borough, block;\n        ', 'useLegacySql': False}}'
[2025-04-14T05:49:23.984+0000] {bigquery.py:1241} INFO - Inserting job ***_data_ingestion_gcs_dag_create_table_task_2025_04_13T00_00_00_00_00_2aa22d66f2f410e8e70b04a7a485ca00
[2025-04-14T05:49:24.784+0000] {bigquery.py:2636} INFO - Job ***_data_ingestion_gcs_dag_create_table_task_2025_04_13T00_00_00_00_00_2aa22d66f2f410e8e70b04a7a485ca00 is completed. Checking the job status
[2025-04-14T05:49:24.813+0000] {taskinstance.py:341} INFO - ::group::Post task execution logs
[2025-04-14T05:49:24.814+0000] {taskinstance.py:353} INFO - Marking task as SUCCESS. dag_id=data_ingestion_gcs_dag, task_id=create_table_task, run_id=scheduled__2025-04-13T00:00:00+00:00, execution_date=20250413T000000, start_date=20250414T054923, end_date=20250414T054924
[2025-04-14T05:49:24.846+0000] {logging_mixin.py:190} INFO - Task instance in success state
[2025-04-14T05:49:24.847+0000] {logging_mixin.py:190} INFO -  Previous state of the Task instance: running
[2025-04-14T05:49:24.848+0000] {logging_mixin.py:190} INFO - Dag name:data_ingestion_gcs_dag queued_at:2025-04-14 05:31:46.685490+00:00
[2025-04-14T05:49:24.848+0000] {logging_mixin.py:190} INFO - Task hostname:51652b031d9f operator:BigQueryInsertJobOperator
[2025-04-14T05:49:24.861+0000] {local_task_job_runner.py:266} INFO - Task exited with return code 0
[2025-04-14T05:49:24.890+0000] {taskinstance.py:3901} INFO - 1 downstream tasks scheduled from follow-on schedule check
[2025-04-14T05:49:24.891+0000] {local_task_job_runner.py:245} INFO - ::endgroup::
