[2025-04-06T23:31:56.323+0000] {local_task_job_runner.py:123} INFO - ::group::Pre task execution logs
[2025-04-06T23:31:56.333+0000] {taskinstance.py:2614} INFO - Dependencies all met for dep_context=non-requeueable deps ti=<TaskInstance: data_ingestion_gcs_dag.download_dataset_task manual__2025-04-06T23:26:44.747258+00:00 [queued]>
[2025-04-06T23:31:56.337+0000] {taskinstance.py:2614} INFO - Dependencies all met for dep_context=requeueable deps ti=<TaskInstance: data_ingestion_gcs_dag.download_dataset_task manual__2025-04-06T23:26:44.747258+00:00 [queued]>
[2025-04-06T23:31:56.337+0000] {taskinstance.py:2867} INFO - Starting attempt 1 of 2
[2025-04-06T23:31:56.343+0000] {taskinstance.py:2890} INFO - Executing <Task(BashOperator): download_dataset_task> on 2025-04-06 23:26:44.747258+00:00
[2025-04-06T23:31:56.348+0000] {warnings.py:112} WARNING - /home/***/.local/lib/python3.12/site-packages/***/task/task_runner/standard_task_runner.py:70: DeprecationWarning: This process (pid=208) is multi-threaded, use of fork() may lead to deadlocks in the child.
  pid = os.fork()

[2025-04-06T23:31:56.348+0000] {standard_task_runner.py:72} INFO - Started process 210 to run task
[2025-04-06T23:31:56.349+0000] {standard_task_runner.py:104} INFO - Running: ['***', 'tasks', 'run', 'data_ingestion_gcs_dag', 'download_dataset_task', 'manual__2025-04-06T23:26:44.747258+00:00', '--job-id', '7', '--raw', '--subdir', 'DAGS_FOLDER/data_ingestion_gcs_dag.py', '--cfg-path', '/tmp/tmp7kq9c2oq']
[2025-04-06T23:31:56.350+0000] {standard_task_runner.py:105} INFO - Job 7: Subtask download_dataset_task
[2025-04-06T23:31:56.375+0000] {task_command.py:467} INFO - Running <TaskInstance: data_ingestion_gcs_dag.download_dataset_task manual__2025-04-06T23:26:44.747258+00:00 [running]> on host c89aca681029
[2025-04-06T23:31:56.412+0000] {taskinstance.py:3134} INFO - Exporting env vars: AIRFLOW_CTX_DAG_OWNER='***' AIRFLOW_CTX_DAG_ID='data_ingestion_gcs_dag' AIRFLOW_CTX_TASK_ID='download_dataset_task' AIRFLOW_CTX_EXECUTION_DATE='2025-04-06T23:26:44.747258+00:00' AIRFLOW_CTX_TRY_NUMBER='1' AIRFLOW_CTX_DAG_RUN_ID='manual__2025-04-06T23:26:44.747258+00:00'
[2025-04-06T23:31:56.413+0000] {logging_mixin.py:190} INFO - Task instance is in running state
[2025-04-06T23:31:56.413+0000] {logging_mixin.py:190} INFO -  Previous state of the Task instance: queued
[2025-04-06T23:31:56.413+0000] {logging_mixin.py:190} INFO - Current task name:download_dataset_task state:running start_date:2025-04-06 23:31:56.333707+00:00
[2025-04-06T23:31:56.413+0000] {logging_mixin.py:190} INFO - Dag name:data_ingestion_gcs_dag and current dag run status:running
[2025-04-06T23:31:56.413+0000] {taskinstance.py:732} INFO - ::endgroup::
[2025-04-06T23:31:56.414+0000] {subprocess.py:78} INFO - Tmp dir root location: /tmp
[2025-04-06T23:31:56.414+0000] {subprocess.py:88} INFO - Running command: ['/usr/bin/bash', '-c', 'curl -sSL https://s3.amazonaws.com/nyc-tlc/trip+data/yellow_tripdata_2021-01.csv > /opt/***/yellow_tripdata_2021-01.csv']
[2025-04-06T23:31:56.421+0000] {subprocess.py:99} INFO - Output:
[2025-04-06T23:31:56.710+0000] {subprocess.py:110} INFO - Command exited with return code 0
[2025-04-06T23:31:56.724+0000] {taskinstance.py:341} INFO - ::group::Post task execution logs
[2025-04-06T23:31:56.724+0000] {taskinstance.py:353} INFO - Marking task as SUCCESS. dag_id=data_ingestion_gcs_dag, task_id=download_dataset_task, run_id=manual__2025-04-06T23:26:44.747258+00:00, execution_date=20250406T232644, start_date=20250406T233156, end_date=20250406T233156
[2025-04-06T23:31:56.741+0000] {logging_mixin.py:190} INFO - Task instance in success state
[2025-04-06T23:31:56.742+0000] {logging_mixin.py:190} INFO -  Previous state of the Task instance: running
[2025-04-06T23:31:56.742+0000] {logging_mixin.py:190} INFO - Dag name:data_ingestion_gcs_dag queued_at:2025-04-06 23:26:44.766767+00:00
[2025-04-06T23:31:56.742+0000] {logging_mixin.py:190} INFO - Task hostname:c89aca681029 operator:BashOperator
[2025-04-06T23:31:56.775+0000] {local_task_job_runner.py:266} INFO - Task exited with return code 0
[2025-04-06T23:31:56.800+0000] {taskinstance.py:3901} INFO - 1 downstream tasks scheduled from follow-on schedule check
[2025-04-06T23:31:56.801+0000] {local_task_job_runner.py:245} INFO - ::endgroup::
